../../../combos/combos average.input  
 COMBOS version  3.33 (Jan 21, 2010) run on  on 19/03/10 at 18.42.43


 ==============================================================================

 M_PIMPIZETANU combination: combined analysis BELLE+PDG ALL_METHODS
 --------------------------

 List of  3 analyses to combine:

 Analysis  Experiment      Method          Quality         Measurement     Steps
       1>  BELLE           PIMPIZETANU     PUBLISHED       M_PIMPIZETANU          1
       2>  ALEPH           PIMPIZETANU     PUBLISHED       M_PIMPIZETANU          1
       3>  CLEO            PIMPIZETANU     PUBLISHED       M_PIMPIZETANU          1
 Combined  BELLE+PDG       ALL_METHODS                     M_PIMPIZETANU          1

 CORrelated and UNCorrelated systematic uncertainties:

                    Analysis number
 Uncertainty           1   2   3
 BELLEOTHER          UNC
 ALEPHOTHER              UNC
 CLEOOTHER                   UNC

 "Extra" parameters:
 SIGMATAUPMY4S   0.9190E+00 +.3000E-02 -.3000E-02 0.3000E-02
 PIMPIZNU        0.2540E+00 +.9643E-03 -.9643E-03 0.9643E-03
 KMKZSNU         0.7900E-03 +.8500E-04 -.8500E-04 0.8500E-04
 PIMPIZKZSNU     0.1725E-02 +.7500E-04 -.7500E-04 0.7500E-04
 KMPIZKZSNU      0.7200E-03 +.1150E-03 -.1150E-03 0.1150E-03
 PIMKZSKZSNU     0.2400E-03 +.5000E-04 -.5000E-04 0.5000E-04
 PIMPIMPIPNU     0.8951E-01 +.7026E-03 -.7026E-03 0.7026E-03
 PIMPIMPIPPIZNU  0.4550E-01 +.1300E-02 -.1300E-02 0.1300E-02
 PIMKMPIPNU      0.2925E-02 +.7090E-04 -.7090E-04 0.7090E-04
 PIMKMKPNU       0.1430E-02 +.2790E-04 -.2790E-04 0.2790E-04
 PIMKZSKZLNU     0.9300E-03 +.1100E-03 -.1100E-03 0.1100E-03

 Results of combination:

 CHI2_SYM: CHI2, NMEFF, CHI2/NDOF =   4.21109386 3  2.10554693

 ===============================================================================
 Dump of master.inc:

 CHROUT = DUMP_MASTER_INC 
 CHCOMB = BELLE+PDG ALL_METHODS
 CHMEAS = M_PIMPIZETANU   
 CHSTEP =                 
  ISTEP =        1
  VSTEP = 0.0000E+00
  LUNIT =        6
  NMEAS =        3
  NQUAN =        1
  NMEFF =        3
  NCSYS =        0
  NPARA =       11
 CHANAL = BELLE PIMPIZETANU PUBLISHED
          ALEPH PIMPIZETANU PUBLISHED
          CLEO PIMPIZETANU PUBLISHED

   MEAS = 0.1350000E-02  0.1800000E-02  0.1700000E-02

   QUAN               1              1              1

  STATP = 0.3000000E-04  0.4000000E-03  0.2000000E-03

  STATN = 0.3000000E-04  0.4000000E-03  0.2000000E-03

  STAT  = 0.3000000E-04  0.4000000E-03  0.2000000E-03

  USYSP = 0.7000000E-04  0.2000000E-03  0.2000000E-03

  USYSN = 0.7000000E-04  0.2000000E-03  0.2000000E-03

  USYS  = 0.7000000E-04  0.2000000E-03  0.2000000E-03

STACOR
      1 | 0.1000000E+01  0.0000000E+00  0.0000000E+00
      2 | 0.0000000E+00  0.1000000E+01  0.0000000E+00
      3 | 0.0000000E+00  0.0000000E+00  0.1000000E+01

CSYSP

CSYSN

CSYS

CSYS percentage error

 CHPARA                  PARA     EXCUP     EXCUN      EXCU

 SIGMATAUPMY4S     0.9190E+00 0.3000E-02 0.3000E-02 0.3000E-02
 PIMPIZNU          0.2540E+00 0.9643E-03 0.9643E-03 0.9643E-03
 KMKZSNU           0.7900E-03 0.8500E-04 0.8500E-04 0.8500E-04
 PIMPIZKZSNU       0.1725E-02 0.7500E-04 0.7500E-04 0.7500E-04
 KMPIZKZSNU        0.7200E-03 0.1150E-03 0.1150E-03 0.1150E-03
 PIMKZSKZSNU       0.2400E-03 0.5000E-04 0.5000E-04 0.5000E-04
 PIMPIMPIPNU       0.8951E-01 0.7026E-03 0.7026E-03 0.7026E-03
 PIMPIMPIPPIZNU    0.4550E-01 0.1300E-02 0.1300E-02 0.1300E-02
 PIMKMPIPNU        0.2925E-02 0.7090E-04 0.7090E-04 0.7090E-04
 PIMKMKPNU         0.1430E-02 0.2790E-04 0.2790E-04 0.2790E-04
 PIMKZSKZLNU       0.9300E-03 0.1100E-03 0.1100E-03 0.1100E-03
  
 Corrected measurements:
 BELLE PIMPIZETANU  0.1350000E-02 +/-  0.3000000E-04 +/-  0.7000000E-04 Tot:  0.7615773E-04
 ALEPH PIMPIZETANU  0.1800000E-02 +/-  0.4000000E-03 +/-  0.2000000E-03 Tot:  0.4472136E-03
 CLEO PIMPIZETANU P 0.1700000E-02 +/-  0.2000000E-03 +/-  0.2000000E-03 Tot:  0.2828427E-03
  

SYSCOR
      1 | 0.0000000E+00  0.0000000E+00  0.0000000E+00
      2 | 0.0000000E+00  0.0000000E+00  0.0000000E+00
      3 | 0.0000000E+00  0.0000000E+00  0.0000000E+00

TOTCOR
      1 | 0.0000000E+00  0.0000000E+00  0.0000000E+00
      2 | 0.0000000E+00  0.0000000E+00  0.0000000E+00
      3 | 0.0000000E+00  0.0000000E+00  0.0000000E+00
 CHI2_SYM: CHI2, NMEFF, CHI2/NDOF =   2.31264158 3  1.15632079
 CHI2_SYM        :   M_PIMPIZETANU=0.13849E-02  +- 0.72564E-04         CL =  0.3146
                   stat. only -->  0.13601E-02  +- 0.29587E-04         CL =  0.1218
                   syst. only -->               +- 0.66258E-04                     


