 COMBOS version  3.33 (Mar 20, 2010) run on  on 29/03/10 at 20.12.43


 ==============================================================================

 M_PIMPIZNU combination: combined analysis PDG ALL_METHODS
 -----------------------

 List of  2 analyses to combine:

 Analysis  Experiment      Method          Quality         Measurement     Steps
       1>  ALEPH           PIMPIZNU        PUBLISHED       M_PIMPIZNU             1
       2>  CLEO            PIMPIZNU        PUBLISHED       M_PIMPIZNU             1
 Combined  PDG             ALL_METHODS                     M_PIMPIZNU             1

 CORrelated and UNCorrelated systematic uncertainties:

                    Analysis number
 Uncertainty           1   2
 ALEPHOTHER          UNC
 CLEOOTHER               UNC

 "Extra" parameters:
 SIGMATAUPMY4S   0.9190E+00 +.3000E-02 -.3000E-02 0.3000E-02
 PIMPIZNU        0.2540E+00 +.9643E-03 -.9643E-03 0.9643E-03
 KMKZSNU         0.7900E-03 +.8500E-04 -.8500E-04 0.8500E-04
 PIMPIZKZSNU     0.1725E-02 +.7500E-04 -.7500E-04 0.7500E-04
 KMPIZKZSNU      0.7200E-03 +.1150E-03 -.1150E-03 0.1150E-03
 PIMKZSKZSNU     0.2400E-03 +.5000E-04 -.5000E-04 0.5000E-04
 PIMPIMPIPNU     0.8951E-01 +.7026E-03 -.7026E-03 0.7026E-03
 PIMPIMPIPPIZNU  0.4550E-01 +.1300E-02 -.1300E-02 0.1300E-02
 PIMKMPIPNU      0.2925E-02 +.7090E-04 -.7090E-04 0.7090E-04
 PIMKMKPNU       0.1430E-02 +.2790E-04 -.2790E-04 0.2790E-04
 PIMKZSKZLNU     0.9300E-03 +.1100E-03 -.1100E-03 0.1100E-03

 Results of combination:

 CHI2_SYM: CHI2, NMEFF, NQUAN, NDOF =   0.060690524 2 1 1
 CHI2_SYM: CHI2/NDOF, SCALE FAC, CL =   0.060690524  0.246354468  0.805407882

 ===============================================================================
 Dump of master.inc:

 CHROUT = DUMP_MASTER_INC 
 CHCOMB = PDG ALL_METHODS
 CHMEAS = M_PIMPIZNU      
 CHSTEP =                 
  ISTEP =        1
  VSTEP = 0.0000E+00
  LUNIT =        6
  NMEAS =        2
  NQUAN =        1
  NMEFF =        2
  NCSYS =        0
  NPARA =       11
 CHANAL = ALEPH PIMPIZNU PUBLISHED
          CLEO PIMPIZNU PUBLISHED

   MEAS = 0.2547100E+00  0.2536000E+00

   QUAN               1              1

  STATP = 0.9700000E-03  0.4400000E-02

  STATN = 0.9700000E-03  0.4400000E-02

  STAT  = 0.9700000E-03  0.4400000E-02

  USYSP = 0.8500000E-03  0.0000000E+00

  USYSN = 0.8500000E-03  0.0000000E+00

  USYS  = 0.8500000E-03  0.0000000E+00

STACOR
      1 | 0.1000000E+01  0.0000000E+00
      2 | 0.0000000E+00  0.1000000E+01

CSYSP

CSYSN

CSYS

CSYS percentage error

 CHPARA                  PARA     EXCUP     EXCUN      EXCU

 SIGMATAUPMY4S     0.9190E+00 0.3000E-02 0.3000E-02 0.3000E-02
 PIMPIZNU          0.2540E+00 0.9643E-03 0.9643E-03 0.9643E-03
 KMKZSNU           0.7900E-03 0.8500E-04 0.8500E-04 0.8500E-04
 PIMPIZKZSNU       0.1725E-02 0.7500E-04 0.7500E-04 0.7500E-04
 KMPIZKZSNU        0.7200E-03 0.1150E-03 0.1150E-03 0.1150E-03
 PIMKZSKZSNU       0.2400E-03 0.5000E-04 0.5000E-04 0.5000E-04
 PIMPIMPIPNU       0.8951E-01 0.7026E-03 0.7026E-03 0.7026E-03
 PIMPIMPIPPIZNU    0.4550E-01 0.1300E-02 0.1300E-02 0.1300E-02
 PIMKMPIPNU        0.2925E-02 0.7090E-04 0.7090E-04 0.7090E-04
 PIMKMKPNU         0.1430E-02 0.2790E-04 0.2790E-04 0.2790E-04
 PIMKZSKZLNU       0.9300E-03 0.1100E-03 0.1100E-03 0.1100E-03
  
 Corrected measurements:
 ALEPH PIMPIZNU PUB 0.2547100E+00 +/-  0.9700000E-03 +/-  0.8500000E-03 Tot:  0.1289729E-02
 CLEO PIMPIZNU PUBL 0.2536000E+00 +/-  0.4400000E-02 +/-  0.0000000E+00 Tot:  0.4400000E-02
  

SYSCOR
      1 | 0.0000000E+00  0.0000000E+00
      2 | 0.0000000E+00  0.0000000E+00

TOTCOR
      1 | 0.0000000E+00  0.0000000E+00
      2 | 0.0000000E+00  0.0000000E+00
 CHI2_SYM: CHI2, NMEFF, NQUAN, NDOF =   0.0586048049 2 1 1
 CHI2_SYM: CHI2/NDOF, SCALE FAC, CL =   0.0586048049  0.242084293  0.808714867
 CHI2_SYM        :      M_PIMPIZNU= 0.2546222E+00  +-  0.1237655E-02            CL =  0.8087
                   stat. only -->   0.2546585E+00  +-  0.9472547E-03            CL =  0.8054
                   syst. only -->                  +-  0.7965539E-03                        


