 COMBOS version  3.33 (Jan 21, 2010) run on  on 16/03/10 at 16.23.55


 ==============================================================================

 OBSERVABLE1 combination: combined analysis ALL COMBINED
 ------------------------

 List of  2 analyses to combine:

 Analysis  Experiment      Method          Quality         Measurement     Steps
       1>  EXPERIMENT1     METHOD          PRELIMINARY     OBSERVABLE1            1
       2>  EXPERIMENT2     METHOD          PRELIMINARY     OBSERVABLE1            1
 Combined  ALL             COMBINED                        OBSERVABLE1            1

 Adjustments performed to express the individual measurements
 at the desired values of the parameters:

 Analysis  Parameter           Value used   Desired value      Adjustment
       1>  PARAMETER1              1.0000          1.0000         +0.0000
               neg. excurs.       +1.0000         +0.5000          0.5000
               pos. excurs.       -1.0000         -0.5000          0.5000
       2>  PARAMETER1              1.0000          1.0000         +0.0000
               neg. excurs.       +1.0000         +0.5000          0.5000
               pos. excurs.       -1.0000         -0.5000          0.5000

 CORrelated and UNCorrelated systematic uncertainties:

                    Analysis number
 Uncertainty           1   2
 PARAMETER1          COR COR
 UNCOR1              UNC
 UNCOR2                  UNC

 "Correlated" parameters:
 PARAMETER1      0.1000E+01 +.5000E+00 -.5000E+00 0.5000E+00

 Results of combination:

 CHI2_SYM: CHI2, NMEFF, CHI2/NDOF =   8.00000119 2  8.00000119

 ===============================================================================
 Dump of master.inc:

 CHROUT = DUMP_MASTER_INC 
 CHCOMB = ALL COMBINED
 CHMEAS = OBSERVABLE1     
 CHSTEP =                 
  ISTEP =        1
  VSTEP = 0.0000E+00
  LUNIT =        6
  NMEAS =        2
  NQUAN =        1
  NMEFF =        2
  NCSYS =        1
  NPARA =        1
 CHANAL = EXPERIMENT1 METHOD PRELIMINARY
          EXPERIMENT2 METHOD PRELIMINARY

   MEAS = 0.1200000E+01  0.8000000E+00

   QUAN               1              1

  STATP = 0.1000000E+00  0.1000000E+00

  STATN = 0.1000000E+00  0.1000000E+00

  STAT  = 0.1000000E+00  0.1000000E+00

  USYSP = 0.1732050E+00  0.4330130E+00

  USYSN = 0.1732050E+00  0.4330130E+00

  USYS  = 0.1732050E+00  0.4330130E+00

STACOR
      1 | 0.1000000E+01  0.0000000E+00
      2 | 0.0000000E+00  0.1000000E+01

CSYSP
 PARAME | 0.5000000E-01  0.1250000E+00

CSYSN
 PARAME |-0.5000000E-01 -0.1250000E+00

CSYS
 PARAME | 0.5000000E-01  0.1250000E+00

CSYS percentage error
 PARAME | 0.4166667E+01  0.1562500E+02

 CHPARA                  PARA     EXCUP     EXCUN      EXCU

 PARAMETER1        0.1000E+01 0.5000E+00 0.5000E+00 0.5000E+00
  
 Corrected measurements:
 EXPERIMENT1 METHOD 0.1200000E+01 +/-  0.1000000E+00 +/-  0.1802775E+00 Tot:  0.2061552E+00
 EXPERIMENT2 METHOD 0.8000000E+00 +/-  0.1000000E+00 +/-  0.4506942E+00 Tot:  0.4616549E+00
  

SYSCOR
      1 | 0.0000000E+00  0.0000000E+00
      2 | 0.0000000E+00  0.0000000E+00

TOTCOR
      1 | 0.0000000E+00  0.0000000E+00
      2 | 0.0000000E+00  0.0000000E+00
 CHI2_SYM: CHI2, NMEFF, CHI2/NDOF =   0.658097195 2  0.658097195
 CHI2_SYM        :     OBSERVABLE1=0.11404E+01  +- 0.19260E+00         CL =  0.4172
                   stat. only -->  0.10000E+01  +- 0.70711E-01         CL =  0.0047
                   syst. only -->               +- 0.17915E+00                     


