read file average.input 
read file ./../TauFit/babar.input 
read file ./babar/gamma3.input 
read file ./babar/gamma9.input 
read file ./babar/gamma10.input 
read file ./babar/gamma16.input 
read file ./babar/gamma35.input 
read file ./babar/gamma40.input 
read file ./babar/gamma60.input 
read file ./babar/gamma85.input 
read file ./babar/gamma93.input 
read file ./babar/gamma103.input 
read file ./../TauFit/belle.input 
read file ./belle/gamma13.input 
read file ./belle/gamma35.input 
read file ./belle/gamma60.input 
read file ./belle/gamma85.input 
read file ./belle/gamma93.input 
read file ./belle/gamma126.input 
read file ./belle/gamma128.input 
read file ./belle/gamma130.input 
read file ./belle/gamma132.input 
read file ./../TauFit/pdgfit.input 
read file ./../TauFit/cleo.input 
read file ./cleo/gamma130.input 
read file ./cleo/gamma132.input 
read file ./unitarity.input 
read file ./../Common/Parameters.input 
The following measurements are included as linear combinations:
   BaBar.Gamma60.published
   Belle.Gamma13.published
   Belle.Gamma60.submitted 
The following measurements are discarded:
   PDG.Gamma999.published
   Unitarity.GammaAll.constraint 
warning: syst. terms slightly larger than syst. error
    0.001267241 vs. 0.0012672
    measurement BaBar.Gamma60.published

##
## exact solution, chisq/d.o.f. = 53.4982/19, CL = 3.935716e-05
##
            Gamma3       Gamma5       Gamma9      Gamma10     Gamma14      Gamma16      Gamma20      Gamma23      Gamma27      Gamma28      Gamma30      Gamma35      Gamma37      Gamma40      Gamma42      Gamma47      Gamma48      Gamma62      Gamma70      Gamma77      Gamma78      Gamma85      Gamma89      Gamma93      Gamma94     Gamma103     Gamma104     Gamma126     Gamma128     Gamma150     Gamma152     Gamma130     Gamma132
value 0.1738590845 0.1782541809 0.1080968657 0.0069767951 0.254830868 0.0043065871 0.0924654495 0.0006043352 0.0104063050 0.0004385660 0.0011171835 0.0082625667 0.0015714111 0.0034940424 0.0015844691 2.420462e-04 0.0011340548 0.0897804265 0.0271247054 0.0010109089 2.225196e-04 2.930080e-03 0.0007533600 1.434775e-03 6.022149e-05 8.260009e-04 1.793745e-04 0.0013889683 1.613101e-04 0.0198787276 0.0040656142 4.832282e-05 9.373595e-05
error 0.0004072637 0.0004808258 0.0005282905 0.0000982477 0.000900546 0.0001490496 0.0009883572 0.0002227264 0.0007084371 0.0002161436 0.0003903924 0.0001831599 0.0001595133 0.0001479371 0.0001956770 5.198715e-05 0.0002462339 0.0005183849 0.0007055538 0.0003521454 4.999808e-05 6.913499e-05 0.0001160973 2.749040e-05 1.799956e-05 3.069295e-05 2.568275e-05 0.0000725263 1.015869e-05 0.0006385443 0.0004178982 1.160769e-05 1.491316e-05
correlation
                Gamma3        Gamma5        Gamma9       Gamma10       Gamma14       Gamma16       Gamma20       Gamma23       Gamma27       Gamma28       Gamma30       Gamma35       Gamma37       Gamma40       Gamma42       Gamma47       Gamma48       Gamma62       Gamma70       Gamma77       Gamma78       Gamma85       Gamma89       Gamma93       Gamma94      Gamma103      Gamma104      Gamma126      Gamma128      Gamma150      Gamma152      Gamma130      Gamma132
Gamma3    1.000000e+00  1.764215e-01  0.0817724596  5.058659e-02 -1.051369e-01  0.0065588846 -3.741827e-02  1.405698e-02 -4.060139e-02  1.467776e-02 -0.0357087198 -0.0023903889 -0.0046732098 -0.0019626772 -6.264712e-03 -7.217485e-05  1.426710e-03 -0.0164180338 -4.348457e-02 -5.710670e-03  7.724989e-03  4.340047e-03  1.934371e-02 -0.0024016072  1.980441e-03  7.705040e-04 -8.621805e-03  2.886436e-03  3.740219e-04 -1.097863e-02 -6.447521e-03  7.540368e-05  1.094681e-04
Gamma5   -9.038019e-02  1.000000e+00 -0.0132204316  9.974496e-03 -1.325795e-01  0.0148114970 -4.596261e-02  1.834247e-02 -2.401607e-02  1.619052e-02 -0.0239985577  0.0002304410 -0.0057263413  0.0003031408 -7.876660e-03  6.325657e-05  1.255288e-03 -0.0264519370 -5.168426e-02 -2.235956e-03  8.488040e-03  2.291551e-03  2.362324e-02 -0.0008574036  3.179325e-03  2.706041e-03 -3.896033e-03  2.837191e-03  1.846125e-04 -1.308208e-02 -2.535870e-03  1.874044e-05  2.720663e-05
Gamma9    8.191365e-02  3.863089e-02  1.0000000000  6.735419e-02 -1.269327e-01  0.0206464479 -7.550938e-02  5.198646e-03 -8.395562e-02  1.369677e-02 -0.1019469552  0.0144196514 -0.0082682966  0.0179019498 -6.608329e-03 -2.022697e-03 -2.614620e-04  0.0851333954 -7.243528e-02 -2.621100e-02  6.976496e-03  6.044846e-03  1.302338e-02  0.0255946006  1.543711e-03  1.624507e-02 -6.696434e-03  2.507984e-03 -6.761700e-04 -2.174779e-02 -3.272534e-02 -1.847851e-04 -2.682638e-04
Gamma10   5.062970e-02  5.947532e-02  0.0666243063  1.000000e+00 -2.532356e-02 -0.0100645120 -9.433499e-03 -1.473547e-02 -6.801234e-03 -1.310551e-02 -0.0088112396 -0.0005149181 -0.0086203123  0.0005928223 -1.027060e-02 -2.512130e-04  1.002289e-03  0.0045545505 -7.739723e-03 -1.710329e-03  4.766664e-04 -5.343214e-03  5.967353e-04 -0.0023795040 -1.320665e-04 -3.395051e-05 -3.817527e-04  9.910444e-05 -5.129754e-04 -2.253618e-03 -2.267030e-03 -3.414038e-05 -4.956367e-05
Gamma14  -1.051384e-01 -1.639759e-01 -0.1268943152 -2.532010e-02  1.000000e+00 -0.0766153862 -4.159216e-01  2.495996e-03  7.981180e-03  9.508225e-03 -0.0867540351 -0.0027096895  0.0063754437 -0.0031324613  8.928570e-03  1.312365e-04  1.207312e-03 -0.0322658282 -1.003237e-01 -1.876988e-02  9.095037e-03 -5.873378e-04  2.099194e-02 -0.0057365941  2.996955e-03  6.187725e-04 -1.023123e-02  1.525238e-03  2.579612e-04 -2.886749e-02 -2.333794e-02  2.623666e-07  3.808935e-07
Gamma16   6.728011e-03  1.143576e-02  0.0208719136 -9.121412e-03 -7.666385e-02  1.0000000000  7.249449e-03 -1.120510e-01  7.586486e-03 -1.051593e-01 -0.0027231368  0.0219596267 -0.0618114545  0.0238734667 -8.235818e-02  6.333093e-04  4.997467e-03  0.0432712369 -5.347715e-03  7.369089e-04 -1.551252e-03 -6.608769e-03 -4.502756e-03  0.0177971382 -8.366812e-04  1.097044e-02 -5.619598e-04  1.370831e-03 -1.315274e-03 -2.047687e-03  6.785208e-04  3.800287e-04  5.517108e-04
Gamma20  -3.736221e-02 -5.739850e-02 -0.0754280091 -9.118850e-03 -4.159377e-01  0.0072573965  1.000000e+00 -7.447250e-02 -3.650253e-01 -1.495238e-02  0.0642212696 -0.0052326390  0.0106578908 -0.0030972478  1.821805e-02 -8.993475e-06  5.053061e-05 -0.0738709849 -9.920972e-03 -5.463242e-03  2.724828e-04 -1.601457e-02  1.481047e-03 -0.0131343272  4.867949e-05 -1.023426e-02  5.062368e-03 -7.127207e-03 -4.786628e-04 -2.314133e-03 -6.614691e-03 -1.432054e-04 -2.079000e-04
Gamma23   1.403679e-02  2.216034e-02  0.0051823911 -1.484480e-02  2.501661e-03 -0.1120381968 -7.446732e-02  1.000000e+00  1.078731e-02 -1.832768e-01 -0.0149762885  0.0060951469 -0.0993070556  0.0093985720 -1.327070e-01  1.798003e-03  1.077000e-02 -0.0014818054  2.105001e-03 -6.901542e-04 -1.383349e-03  2.456274e-05 -2.947421e-03 -0.0016672528 -1.639060e-04 -6.664526e-04  6.293384e-04 -1.462599e-03 -5.185840e-03 -1.965894e-04 -1.865295e-04 -1.061190e-04 -1.540594e-04
Gamma27  -4.055846e-02 -3.659358e-02 -0.0838898641 -6.559194e-03  7.968779e-03  0.0075966889 -3.650239e-01  1.078285e-02  1.000000e+00 -9.987955e-02 -0.4371344502 -0.0040712402  0.0132300130 -0.0115278623  5.611945e-03 -3.203827e-04  3.659072e-04 -0.0600538969 -1.378197e-02  1.758228e-02 -8.004966e-04 -1.112319e-02  2.525766e-03 -0.0101594476  3.592471e-05 -5.361764e-03  1.162443e-03  4.798159e-03 -8.983324e-04 -3.337779e-03  2.298499e-02  1.696550e-05  2.462985e-05
Gamma28   1.465403e-02  2.036449e-02  0.0136745419 -1.323498e-02  9.514920e-03 -0.1051480802 -1.494753e-02 -1.832763e-01 -9.987526e-02  1.000000e+00  0.0208250603  0.0063387005 -0.0953081034  0.0077938887 -1.302445e-01  1.706758e-03  1.022421e-02  0.0053293706  1.420913e-03 -3.102725e-03 -1.375993e-03  1.553322e-03 -2.007591e-03 -0.0006238306 -1.582334e-04  1.966434e-04  7.360448e-04 -2.376150e-03 -5.329180e-03 -8.915214e-05 -5.179514e-03 -1.148309e-04 -1.667071e-04
Gamma30  -3.568611e-02 -3.603031e-02 -0.1019014139 -8.680451e-03 -8.676069e-02 -0.0027046932  6.422632e-02 -1.498020e-02 -4.371311e-01  2.082097e-02  1.0000000000 -0.0031537082 -0.0012061225 -0.0001796211  3.541486e-03  1.056713e-04 -1.742777e-04 -0.0493429040  3.045714e-02  1.929697e-02 -3.835969e-03 -1.152815e-02 -8.676401e-03 -0.0101938726 -9.666933e-04 -9.308245e-03 -9.825952e-03 -1.951229e-02 -8.942553e-04  9.518328e-03  2.252320e-02 -2.780049e-04 -4.035966e-04
Gamma35  -2.248727e-03 -4.055687e-03  0.0146017512  2.729653e-04 -2.750210e-03  0.0219515398 -5.241977e-03  6.085417e-03 -4.081839e-03  6.330398e-03 -0.0031702378  1.0000000000 -0.0564860124  0.0037028906 -8.700209e-03 -9.194681e-03 -4.802313e-02  0.0391335477 -9.802294e-03 -4.636027e-04 -2.633849e-04 -4.200991e-03 -1.653469e-03  0.0157630067 -1.912470e-04  1.077439e-02 -1.501791e-03  2.821638e-03  2.750577e-03 -2.805717e-03 -5.098410e-04  6.685239e-04  9.705369e-04
Gamma37  -4.690308e-03 -6.917688e-03 -0.0082827485 -8.713112e-03  6.380250e-03 -0.0618014616  1.066201e-02 -9.930696e-02  1.323358e-02 -9.530837e-02 -0.0012029219 -0.0564784599  1.0000000000  0.0001084848 -1.746695e-01 -6.474280e-03 -3.154795e-02 -0.0075391575  7.484240e-04  7.542564e-04  8.695136e-04 -4.799327e-04 -1.223322e-04 -0.0021601236 -5.983596e-05 -1.496426e-03  3.329930e-04  1.114170e-04 -3.015871e-03  5.092535e-04  1.524332e-03 -8.816398e-05 -1.279930e-04
Gamma40  -1.822172e-03 -3.715760e-03  0.0180813474  1.373903e-03 -3.172638e-03  0.0238639897 -3.106992e-03  9.389095e-03 -1.153874e-02  7.785858e-03 -0.0001962104  0.0037016709  0.0001011412  1.0000000000 -7.350461e-02 -6.739243e-03 -3.754052e-02  0.0398957349 -9.592539e-03 -5.255954e-04 -2.591493e-04 -3.934274e-03 -1.473701e-03  0.0158634780 -1.874251e-04  1.074709e-02 -1.499167e-03  2.829935e-03  2.826174e-03 -2.769437e-03 -5.772753e-04  6.642967e-04  9.644000e-04
Gamma42  -6.288857e-03 -9.295734e-03 -0.0066306430 -1.040222e-02  8.935378e-03 -0.0823463532  1.822311e-02 -1.327066e-01  5.616405e-03 -1.302445e-01  0.0035457007 -0.0086914562 -0.1746692553 -0.0734961399  1.000000e+00 -7.673435e-03 -4.285393e-02 -0.0087721512  3.887543e-04  1.000874e-03  8.334891e-04 -2.303776e-04 -8.409868e-04 -0.0028740784 -8.134945e-05 -1.996859e-03 -5.863970e-04 -8.645312e-05 -4.019782e-03  7.252114e-04  7.875875e-04 -1.245136e-04 -1.807640e-04
Gamma47  -7.454386e-05  3.690306e-05 -0.0020253018 -2.642544e-04  1.319092e-04  0.0006339718 -8.662520e-06  1.798103e-03 -3.200716e-04  1.706823e-03  0.0001060183 -0.0091942391 -0.0064742071 -0.0067388249 -7.673363e-03  1.000000e+00 -2.683972e-02 -0.0006931310  7.706032e-05  1.903138e-05  1.012976e-05  5.381188e-05  1.333517e-05 -0.0002788035  5.139847e-06 -1.711508e-04  2.070775e-05 -4.813701e-05 -1.690323e-05  3.242951e-05  2.040539e-05 -9.502668e-06 -1.379560e-05
Gamma48   1.419120e-03  2.014546e-03 -0.0002727152  9.596151e-04  1.209500e-03  0.0049961088  5.043707e-05  1.077073e-02  3.660202e-04  1.022490e-02 -0.0001736315 -0.0480246318 -0.0315473686 -0.0375420731 -4.285321e-02 -2.683967e-02  1.000000e+00 -0.0070188019 -1.832637e-03  1.186209e-03  2.143003e-05 -1.089536e-03 -9.190978e-04 -0.0022184357  1.221054e-05 -9.237294e-04  1.054450e-04 -2.847745e-04  5.849158e-05 -8.976126e-04  2.205791e-03 -5.505400e-05 -7.992525e-05
Gamma62  -1.737544e-02 -4.104993e-02  0.0840483251 -7.258065e-04 -3.199362e-02  0.0435003299 -7.375005e-02 -1.436869e-03 -5.993798e-02  5.361007e-03 -0.0492078691  0.0392796582 -0.0075057505  0.0400324098 -8.737901e-03 -6.925893e-04 -7.036773e-03  1.0000000000 -2.030796e-01 -1.046137e-02 -8.576147e-03  2.055651e-01 -3.532403e-02  0.1617595483 -4.689167e-03  2.782094e-02 -9.825726e-03  4.569688e-03  3.576596e-03 -8.384377e-02 -1.417156e-02  9.589590e-04  1.392179e-03
Gamma70  -4.331707e-02 -6.276702e-02 -0.0722312166 -6.811558e-03 -1.003714e-01 -0.0053707578 -9.936481e-03  2.095105e-03 -1.379793e-02  1.412988e-03  0.0304357927 -0.0098135852  0.0007408567 -0.0096022964  3.803297e-04  7.672689e-05 -1.830257e-03 -0.2031760021  1.000000e+00 -7.500504e-02 -2.054188e-02 -6.533364e-02 -9.244547e-02 -0.0437330735 -1.141469e-02 -1.053874e-02  1.892627e-05 -1.973695e-03 -8.855450e-04 -6.611779e-01 -1.133574e-01 -2.057594e-04 -2.987135e-04
Gamma77  -5.707185e-03 -4.449080e-03 -0.0262025751 -1.689743e-03 -1.877092e-02  0.0007414349 -5.461905e-03 -6.909576e-04  1.758322e-02 -3.103592e-03  0.0192971937 -0.0004596450  0.0007535929 -0.0005216400  9.999841e-04  1.895434e-05  1.186034e-03 -0.0104917113 -7.500008e-02  1.000000e+00 -8.168270e-03 -2.769264e-03 -7.136819e-03 -0.0025858011 -1.001153e-03  1.552819e-04  4.377904e-03 -4.710232e-02 -2.447951e-03 -2.590101e-02 -6.317880e-01 -6.337877e-04 -9.201083e-04
Gamma78   7.732200e-03  1.084762e-02  0.0069826643  5.158270e-04  9.093009e-03 -0.0015553789  2.707759e-04 -1.383401e-03 -8.019794e-04 -1.375895e-03 -0.0038373070 -0.0002664968  0.0008695047 -0.0002621736  8.335739e-04  1.015932e-05  2.167316e-05 -0.0085625541 -2.054498e-02 -8.168548e-03  1.000000e+00 -3.544808e-03 -6.291169e-03 -0.0019923891 -1.035645e-03  3.558349e-04  1.181716e-03 -3.666536e-04 -6.505146e-05 -7.137068e-03 -9.939022e-03 -1.449861e-05 -2.104852e-05
Gamma85   5.189791e-03  5.066645e-03  0.0070406258 -6.466360e-04 -8.293085e-04 -0.0067729025 -1.610891e-02 -2.000013e-05 -1.121612e-02  1.519742e-03 -0.0116427628 -0.0042978392 -0.0005135461 -0.0040230153 -2.663724e-04  5.278203e-05 -1.075345e-03  0.2053432288 -6.538042e-02 -2.795386e-03 -3.531072e-03  1.000000e+00 -1.538926e-02  0.0102758125 -1.598658e-03 -3.418012e-03 -1.349730e-03 -6.523696e-04 -4.090667e-04 -2.061161e-02 -3.915725e-03 -1.030443e-04 -1.495957e-04
Gamma89   1.936813e-02  2.953468e-02  0.0130466430  7.300558e-04  2.098504e-02 -0.0045138863  1.476210e-03 -2.947936e-03  2.521467e-03 -2.007656e-03 -0.0086805519 -0.0016616240 -0.0001226497 -0.0014815795 -8.411055e-04  1.339541e-05 -9.184022e-04 -0.0352941035 -9.245316e-02 -7.137702e-03 -6.291047e-03 -1.542149e-02  1.000000e+00 -0.0079017370 -3.136023e-02 -9.825652e-04  1.145256e-03 -1.554287e-03 -2.000696e-02  2.153603e-02 -9.113268e-03 -2.797273e-04 -4.060972e-04
Gamma93  -1.942574e-03 -5.589486e-03  0.0261530206  1.638566e-04 -5.867539e-03  0.0177330249 -1.317715e-02 -1.694257e-03 -1.020342e-02 -6.454156e-04 -0.0102525025  0.0157312541 -0.0021807638  0.0158359366 -2.897028e-03 -2.797037e-04 -2.211872e-03  0.1615006947 -4.373403e-02 -2.599406e-03 -1.983922e-03  1.039917e-02 -7.880785e-03  1.0000000000 -3.339000e-03  1.051426e-02 -2.530698e-03  1.604651e-03  1.435545e-03 -1.331889e-02 -3.072378e-03  3.830730e-04  5.561304e-04
Gamma94   1.982674e-03  3.806879e-03  0.0015458113 -1.198813e-04  2.996325e-03 -0.0008377317  4.822630e-05 -1.639492e-04  3.552326e-05 -1.582348e-04 -0.0009670773 -0.0001920202 -0.0000598617 -0.0001881727 -8.135565e-05  5.145813e-06  1.227562e-05 -0.0046862453 -1.141543e-02 -1.001234e-03 -1.035636e-03 -1.601769e-03 -3.136024e-02 -0.0033410051  1.000000e+00 -1.441135e-04  1.382993e-05 -3.178915e-05 -2.621644e-05  2.897773e-03 -9.878170e-04 -5.718180e-06 -8.301431e-06
Gamma103  8.627480e-04  8.674592e-04  0.0163618965  4.785535e-04  5.924067e-04  0.0109630837 -1.024103e-02 -6.725391e-04 -5.369196e-03  1.915301e-04 -0.0093192877  0.0107726368 -0.0015011326  0.0107461524 -2.002260e-03 -1.714092e-04 -9.226585e-04  0.0277376304 -1.053345e-02  1.526618e-04  3.577721e-04 -3.365447e-03 -9.775568e-04  0.0105292632 -1.436376e-04  1.000000e+00 -1.121471e-01  2.671964e-03  2.189950e-03 -3.517233e-03  4.428056e-05  5.714716e-04  8.296401e-04
Gamma104 -8.626581e-03 -6.004551e-03 -0.0067016859 -4.080411e-04 -1.022988e-02 -0.0005606253  5.063034e-03  6.295396e-04  1.163070e-03  7.361757e-04 -0.0098252529 -0.0015009016  0.0003331402 -0.0014983261 -5.862535e-04  2.070777e-05  1.053467e-04 -0.0098268115  1.959733e-05  4.378060e-03  1.181657e-03 -1.347659e-03  1.145135e-03 -0.0025288859  1.381789e-05 -1.121466e-01  1.000000e+00  5.711768e-05 -2.376620e-04 -3.647005e-04  5.175251e-03 -6.409269e-05 -9.304727e-05
Gamma126  2.901251e-03  3.990281e-03  0.0025234915  1.804196e-04  1.521040e-03  0.0013657496 -7.129588e-03 -1.463111e-03  4.795975e-03 -2.376424e-03 -0.0195145810  0.0028180904  0.0001110554  0.0028265434 -8.676374e-05 -4.812387e-05 -2.844275e-04  0.0045783859 -1.976709e-03 -4.710282e-02 -3.665088e-04 -6.635228e-04 -1.554046e-03  0.0015964749 -3.176422e-05  2.669837e-03  5.714426e-05  1.000000e+00  5.229644e-02 -8.361956e-04 -8.902255e-04  1.344122e-02  1.951343e-02
Gamma128  3.870974e-04  5.468248e-04 -0.0006615789 -4.409295e-04  2.542461e-04 -0.0013186762 -4.804049e-04 -5.186421e-03 -8.999849e-04 -5.329573e-03 -0.0008961360  0.0027483525 -0.0030162997  0.0028240803 -4.020210e-03 -1.690680e-05  5.874928e-05  0.0035781428 -8.871328e-04 -2.448371e-03 -6.487746e-05 -4.134696e-04 -2.000659e-02  0.0014312680 -2.618014e-05  2.188663e-03 -2.376691e-04  5.229653e-02  1.000000e+00 -2.333578e-04 -1.956444e-04  1.200142e-02  1.742319e-02
Gamma150 -1.092937e-02 -1.586031e-02 -0.0216879933 -1.980741e-03 -2.888154e-02 -0.0020547128 -2.318777e-03 -1.994695e-04 -3.342534e-03 -9.144776e-05  0.0095120175 -0.0028092468  0.0005070535 -0.0027725140  7.227697e-04  3.233496e-05 -8.969017e-04 -0.0838707219 -6.611781e-01 -2.590247e-02 -7.136166e-03 -2.059911e-02  2.153825e-02 -0.0133192896  2.897986e-03 -3.518923e-03 -3.648907e-04 -8.353311e-04 -2.329102e-04  1.000000e+00 -3.348006e-02 -6.455543e-05 -9.371906e-05
Gamma152 -6.441023e-03 -5.087218e-03 -0.0327124117 -2.229491e-03 -2.333985e-02  0.0006836328 -6.613301e-03 -1.876304e-04  2.298589e-02 -5.180664e-03  0.0225231734 -0.0005052484  0.0015234310 -0.0005726643  7.864032e-04  2.030833e-05  2.205614e-03 -0.0142092964 -1.133514e-01 -6.317881e-01 -9.938646e-03 -3.883735e-03 -9.112103e-03 -0.0030560400 -9.877091e-04  4.735132e-05  5.175055e-03 -8.895825e-04 -1.951185e-04 -3.347830e-02  1.000000e+00 -1.601258e-05 -2.324644e-05
Gamma130  7.885800e-05  1.059158e-04 -0.0001809824 -1.512311e-05 -7.185045e-07  0.0003790676 -1.436863e-04 -1.062651e-04  1.651310e-05 -1.149262e-04 -0.0002785101  0.0006678840 -0.0000882709  0.0006636918 -1.246179e-04 -9.502738e-06 -5.498313e-05  0.0009597205 -2.062407e-04 -6.339000e-04 -1.445530e-05 -1.045208e-04 -2.796388e-04  0.0003817739 -5.709414e-06  5.710976e-04 -6.409281e-05  1.344124e-02  1.200142e-02 -6.469184e-05 -1.615392e-05  1.000000e+00  4.477857e-03
Gamma132  1.144830e-04  1.537644e-04 -0.0002627432 -2.195514e-05 -1.043097e-06  0.0005503155 -2.085982e-04 -1.542715e-04  2.397308e-05 -1.668454e-04 -0.0004043300  0.0009696080 -0.0001281483  0.0009635218 -1.809155e-04 -1.379570e-05 -7.982236e-05  0.0013932848 -2.994122e-04 -9.202712e-04 -2.098564e-05 -1.517392e-04 -4.059686e-04  0.0005542445 -8.288704e-06  8.290972e-04 -9.304744e-05  1.951346e-02  1.742319e-02 -9.391709e-05 -2.345163e-05  4.477857e-03  1.000000e+00
## end

S-factor calculation, exclude because error > 3*sqrt(N)*av_err= 4.311e-05 
PDG.Gamma128.published error= 6.3e-05 nsigma= 4.384

S-factor calculation, exclude because error > 3*sqrt(N)*av_err= 4.925e-05 
CLEO.Gamma130.Published error= 9.043e-05 nsigma= 5.508

S-factor calculation, exclude because error > 3*sqrt(N)*av_err= 6.327e-05 
CLEO.Gamma132.Published error= 7.338e-05 nsigma= 3.479

##
## S-factors accounting for larger than expected chi-square
##
                               chisq dof chisq/dof           CL
original                    53.49820  19  2.815695 3.935716e-05
  after S-factor, 2nd stage 19.57433  19  1.030228 4.205886e-01
no-large-error              10.41353  10  1.041353 4.049916e-01
  after S-factor, 1st stage 10.41353  10  1.041353 4.049916e-01
  after S-factor, 2nd stage 10.00000  10  1.000000 4.404933e-01
Averaged quantities: value, error, error with S-factor, S-factor
                 Gamma3       Gamma5       Gamma9      Gamma10      Gamma14      Gamma16      Gamma20      Gamma23      Gamma27      Gamma28      Gamma30      Gamma35      Gamma37      Gamma40      Gamma42      Gamma47      Gamma48      Gamma62      Gamma70      Gamma77      Gamma78      Gamma85      Gamma89      Gamma93      Gamma94     Gamma103     Gamma104     Gamma126     Gamma128     Gamma150     Gamma152     Gamma130     Gamma132
value      0.1738590845 0.1782541809 0.1080968657 0.0069767951 0.2548308682 0.0043065871 9.246545e-02 6.043352e-04 0.0104063050 0.0004385660 0.0011171835 0.0082625667 0.0015714111 0.0034940424 0.0015844691 2.420462e-04 0.0011340548 0.0897804265 0.0271247054 0.0010109089 2.225196e-04 2.930080e-03 0.0007533600 1.434775e-03 6.022149e-05 8.260009e-04 1.793745e-04 0.0013889683 1.613101e-04 0.0198787276 0.0040656142 4.832282e-05 9.373595e-05
error      0.0004072637 0.0004808258 0.0005282905 0.0000982477 0.0009005460 0.0001490496 9.883572e-04 2.227264e-04 0.0007084371 0.0002161436 0.0003903924 0.0001831599 0.0001595133 0.0001479371 0.0001956770 5.198715e-05 0.0002462339 0.0005183849 0.0007055538 0.0003521454 4.999808e-05 6.913499e-05 0.0001160973 2.749040e-05 1.799956e-05 3.069295e-05 2.568275e-05 0.0000725263 1.015869e-05 0.0006385443 0.0004178982 1.160769e-05 1.491316e-05
upd.error  0.0005008719 0.0004808863 0.0012549374 0.0000982478 0.0009006203 0.0001723283 9.889308e-04 2.227259e-04 0.0007086884 0.0002161490 0.0003904440 0.0002694962 0.0001595105 0.0001478395 0.0001956716 5.198714e-05 0.0002462317 0.0005861198 0.0007090335 0.0003521467 4.999851e-05 1.788131e-04 0.0001161100 6.903930e-05 1.799958e-05 3.068351e-05 2.568252e-05 0.0001202137 1.015864e-05 0.0006388216 0.0004179029 1.160768e-05 1.491315e-05
S-factor   1.2298467570 1.0001258067 2.3754683628 1.0000009107 1.0000825829 1.1561809626 1.000580e+00 9.999977e-01 1.0003546158 1.0000247196 1.0001320204 1.4713717649 0.9999822090 0.9993403599 0.9999723365 9.999998e-01 0.9999912129 1.1306652256 1.0049318900 1.0000037360 1.000009e+00 2.586435e+00 1.0001097061 2.511396e+00 1.000001e+00 9.996924e-01 9.999909e-01 1.6575185255 9.999946e-01 1.0004343224 1.0000111611 9.999996e-01 9.999992e-01
S-factor_2 1.2298675851 2.3794991718 1.0000000000 1.1572968036 1.4723210031 1.0000000000 2.638589e+00 2.536026e+00 1.0000000000 1.6575320526 1.0000000000 1.0000000000 1.0000000000 1.0000000000 1.0000000000 1.000000e+00 1.0000000000 1.0000000000 1.0000000000 1.0000000000 1.000000e+00 1.000000e+00 1.0000000000 1.000000e+00 1.000000e+00 1.000000e+00 1.000000e+00 1.0000000000 1.000000e+00 1.0000000000 1.0000000000 1.000000e+00 1.000000e+00
S-factor_1 1.1642516172 2.2525479919 0.6456309669 1.0955526363 1.3937696462 0.6666944151 2.497814e+00 2.400724e+00 0.3255843371 1.5690993049 0.3215081164 0.1984517012 0.3765837350 0.1471703573 0.0323302937 1.572356e-01 0.1651998321 0.0567676669 0.1532692111 0.2300599614 2.820564e-01 2.423453e-01 0.0393491382 1.937692e-01 2.350070e-03 2.035238e-01 2.665981e-01 0.0103917305 2.594872e-01 0.0123048415 0.0625195696 6.999620e-02 5.649336e-02
chisq      1.3554818282 5.0739724556 0.4168393454 1.2002355790 3.8851876536 0.4444814431 1.247815e+01 1.152695e+01 0.1060051606 2.4620726287 0.1033674689 0.0393830777 0.1418153095 0.0216591141 0.0010452479 2.472305e-02 0.0272909845 0.0032225680 0.0234914511 0.0529275858 7.955579e-02 5.873125e-02 0.0015483547 3.754652e-02 5.522830e-06 4.142193e-02 7.107455e-02 0.0001079881 6.733359e-02 0.0001514091 0.0039086966 4.899468e-03 3.191500e-03
dof        1.0000000000 1.0000000000 1.0000000000 1.0000000000 2.0000000000 1.0000000000 2.000000e+00 2.000000e+00 1.0000000000 1.0000000000 1.0000000000 1.0000000000 1.0000000000 1.0000000000 1.0000000000 1.000000e+00 1.0000000000 1.0000000000 1.0000000000 1.0000000000 1.000000e+00 1.000000e+00 1.0000000000 1.000000e+00 1.000000e+00 1.000000e+00 1.000000e+00 1.0000000000 1.000000e+00 1.0000000000 1.0000000000 1.000000e+00 1.000000e+00
correlation
                Gamma3        Gamma5        Gamma9       Gamma10       Gamma14       Gamma16       Gamma20       Gamma23       Gamma27       Gamma28       Gamma30       Gamma35       Gamma37       Gamma40       Gamma42       Gamma47       Gamma48       Gamma62       Gamma70       Gamma77       Gamma78       Gamma85       Gamma89       Gamma93       Gamma94      Gamma103      Gamma104      Gamma126      Gamma128      Gamma150      Gamma152      Gamma130      Gamma132
Gamma3    1.000000e+00  1.764215e-01  0.0817724596  5.058659e-02 -1.051369e-01  0.0065588846 -3.741827e-02  1.405698e-02 -4.060139e-02  1.467776e-02 -0.0357087198 -0.0023903889 -0.0046732098 -0.0019626772 -6.264712e-03 -7.217485e-05  1.426710e-03 -0.0164180338 -4.348457e-02 -5.710670e-03  7.724989e-03  4.340047e-03  1.934371e-02 -0.0024016072  1.980441e-03  7.705040e-04 -8.621805e-03  2.886436e-03  3.740219e-04 -1.097863e-02 -6.447521e-03  7.540368e-05  1.094681e-04
Gamma5   -9.038019e-02  1.000000e+00 -0.0132204316  9.974496e-03 -1.325795e-01  0.0148114970 -4.596261e-02  1.834247e-02 -2.401607e-02  1.619052e-02 -0.0239985577  0.0002304410 -0.0057263413  0.0003031408 -7.876660e-03  6.325657e-05  1.255288e-03 -0.0264519370 -5.168426e-02 -2.235956e-03  8.488040e-03  2.291551e-03  2.362324e-02 -0.0008574036  3.179325e-03  2.706041e-03 -3.896033e-03  2.837191e-03  1.846125e-04 -1.308208e-02 -2.535870e-03  1.874044e-05  2.720663e-05
Gamma9    8.191365e-02  3.863089e-02  1.0000000000  6.735419e-02 -1.269327e-01  0.0206464479 -7.550938e-02  5.198646e-03 -8.395562e-02  1.369677e-02 -0.1019469552  0.0144196514 -0.0082682966  0.0179019498 -6.608329e-03 -2.022697e-03 -2.614620e-04  0.0851333954 -7.243528e-02 -2.621100e-02  6.976496e-03  6.044846e-03  1.302338e-02  0.0255946006  1.543711e-03  1.624507e-02 -6.696434e-03  2.507984e-03 -6.761700e-04 -2.174779e-02 -3.272534e-02 -1.847851e-04 -2.682638e-04
Gamma10   5.062970e-02  5.947532e-02  0.0666243063  1.000000e+00 -2.532356e-02 -0.0100645120 -9.433499e-03 -1.473547e-02 -6.801234e-03 -1.310551e-02 -0.0088112396 -0.0005149181 -0.0086203123  0.0005928223 -1.027060e-02 -2.512130e-04  1.002289e-03  0.0045545505 -7.739723e-03 -1.710329e-03  4.766664e-04 -5.343214e-03  5.967353e-04 -0.0023795040 -1.320665e-04 -3.395051e-05 -3.817527e-04  9.910444e-05 -5.129754e-04 -2.253618e-03 -2.267030e-03 -3.414038e-05 -4.956367e-05
Gamma14  -1.051384e-01 -1.639759e-01 -0.1268943152 -2.532010e-02  1.000000e+00 -0.0766153862 -4.159216e-01  2.495996e-03  7.981180e-03  9.508225e-03 -0.0867540351 -0.0027096895  0.0063754437 -0.0031324613  8.928570e-03  1.312365e-04  1.207312e-03 -0.0322658282 -1.003237e-01 -1.876988e-02  9.095037e-03 -5.873378e-04  2.099194e-02 -0.0057365941  2.996955e-03  6.187725e-04 -1.023123e-02  1.525238e-03  2.579612e-04 -2.886749e-02 -2.333794e-02  2.623666e-07  3.808935e-07
Gamma16   6.728011e-03  1.143576e-02  0.0208719136 -9.121412e-03 -7.666385e-02  1.0000000000  7.249449e-03 -1.120510e-01  7.586486e-03 -1.051593e-01 -0.0027231368  0.0219596267 -0.0618114545  0.0238734667 -8.235818e-02  6.333093e-04  4.997467e-03  0.0432712369 -5.347715e-03  7.369089e-04 -1.551252e-03 -6.608769e-03 -4.502756e-03  0.0177971382 -8.366812e-04  1.097044e-02 -5.619598e-04  1.370831e-03 -1.315274e-03 -2.047687e-03  6.785208e-04  3.800287e-04  5.517108e-04
Gamma20  -3.736221e-02 -5.739850e-02 -0.0754280091 -9.118850e-03 -4.159377e-01  0.0072573965  1.000000e+00 -7.447250e-02 -3.650253e-01 -1.495238e-02  0.0642212696 -0.0052326390  0.0106578908 -0.0030972478  1.821805e-02 -8.993475e-06  5.053061e-05 -0.0738709849 -9.920972e-03 -5.463242e-03  2.724828e-04 -1.601457e-02  1.481047e-03 -0.0131343272  4.867949e-05 -1.023426e-02  5.062368e-03 -7.127207e-03 -4.786628e-04 -2.314133e-03 -6.614691e-03 -1.432054e-04 -2.079000e-04
Gamma23   1.403679e-02  2.216034e-02  0.0051823911 -1.484480e-02  2.501661e-03 -0.1120381968 -7.446732e-02  1.000000e+00  1.078731e-02 -1.832768e-01 -0.0149762885  0.0060951469 -0.0993070556  0.0093985720 -1.327070e-01  1.798003e-03  1.077000e-02 -0.0014818054  2.105001e-03 -6.901542e-04 -1.383349e-03  2.456274e-05 -2.947421e-03 -0.0016672528 -1.639060e-04 -6.664526e-04  6.293384e-04 -1.462599e-03 -5.185840e-03 -1.965894e-04 -1.865295e-04 -1.061190e-04 -1.540594e-04
Gamma27  -4.055846e-02 -3.659358e-02 -0.0838898641 -6.559194e-03  7.968779e-03  0.0075966889 -3.650239e-01  1.078285e-02  1.000000e+00 -9.987955e-02 -0.4371344502 -0.0040712402  0.0132300130 -0.0115278623  5.611945e-03 -3.203827e-04  3.659072e-04 -0.0600538969 -1.378197e-02  1.758228e-02 -8.004966e-04 -1.112319e-02  2.525766e-03 -0.0101594476  3.592471e-05 -5.361764e-03  1.162443e-03  4.798159e-03 -8.983324e-04 -3.337779e-03  2.298499e-02  1.696550e-05  2.462985e-05
Gamma28   1.465403e-02  2.036449e-02  0.0136745419 -1.323498e-02  9.514920e-03 -0.1051480802 -1.494753e-02 -1.832763e-01 -9.987526e-02  1.000000e+00  0.0208250603  0.0063387005 -0.0953081034  0.0077938887 -1.302445e-01  1.706758e-03  1.022421e-02  0.0053293706  1.420913e-03 -3.102725e-03 -1.375993e-03  1.553322e-03 -2.007591e-03 -0.0006238306 -1.582334e-04  1.966434e-04  7.360448e-04 -2.376150e-03 -5.329180e-03 -8.915214e-05 -5.179514e-03 -1.148309e-04 -1.667071e-04
Gamma30  -3.568611e-02 -3.603031e-02 -0.1019014139 -8.680451e-03 -8.676069e-02 -0.0027046932  6.422632e-02 -1.498020e-02 -4.371311e-01  2.082097e-02  1.0000000000 -0.0031537082 -0.0012061225 -0.0001796211  3.541486e-03  1.056713e-04 -1.742777e-04 -0.0493429040  3.045714e-02  1.929697e-02 -3.835969e-03 -1.152815e-02 -8.676401e-03 -0.0101938726 -9.666933e-04 -9.308245e-03 -9.825952e-03 -1.951229e-02 -8.942553e-04  9.518328e-03  2.252320e-02 -2.780049e-04 -4.035966e-04
Gamma35  -2.248727e-03 -4.055687e-03  0.0146017512  2.729653e-04 -2.750210e-03  0.0219515398 -5.241977e-03  6.085417e-03 -4.081839e-03  6.330398e-03 -0.0031702378  1.0000000000 -0.0564860124  0.0037028906 -8.700209e-03 -9.194681e-03 -4.802313e-02  0.0391335477 -9.802294e-03 -4.636027e-04 -2.633849e-04 -4.200991e-03 -1.653469e-03  0.0157630067 -1.912470e-04  1.077439e-02 -1.501791e-03  2.821638e-03  2.750577e-03 -2.805717e-03 -5.098410e-04  6.685239e-04  9.705369e-04
Gamma37  -4.690308e-03 -6.917688e-03 -0.0082827485 -8.713112e-03  6.380250e-03 -0.0618014616  1.066201e-02 -9.930696e-02  1.323358e-02 -9.530837e-02 -0.0012029219 -0.0564784599  1.0000000000  0.0001084848 -1.746695e-01 -6.474280e-03 -3.154795e-02 -0.0075391575  7.484240e-04  7.542564e-04  8.695136e-04 -4.799327e-04 -1.223322e-04 -0.0021601236 -5.983596e-05 -1.496426e-03  3.329930e-04  1.114170e-04 -3.015871e-03  5.092535e-04  1.524332e-03 -8.816398e-05 -1.279930e-04
Gamma40  -1.822172e-03 -3.715760e-03  0.0180813474  1.373903e-03 -3.172638e-03  0.0238639897 -3.106992e-03  9.389095e-03 -1.153874e-02  7.785858e-03 -0.0001962104  0.0037016709  0.0001011412  1.0000000000 -7.350461e-02 -6.739243e-03 -3.754052e-02  0.0398957349 -9.592539e-03 -5.255954e-04 -2.591493e-04 -3.934274e-03 -1.473701e-03  0.0158634780 -1.874251e-04  1.074709e-02 -1.499167e-03  2.829935e-03  2.826174e-03 -2.769437e-03 -5.772753e-04  6.642967e-04  9.644000e-04
Gamma42  -6.288857e-03 -9.295734e-03 -0.0066306430 -1.040222e-02  8.935378e-03 -0.0823463532  1.822311e-02 -1.327066e-01  5.616405e-03 -1.302445e-01  0.0035457007 -0.0086914562 -0.1746692553 -0.0734961399  1.000000e+00 -7.673435e-03 -4.285393e-02 -0.0087721512  3.887543e-04  1.000874e-03  8.334891e-04 -2.303776e-04 -8.409868e-04 -0.0028740784 -8.134945e-05 -1.996859e-03 -5.863970e-04 -8.645312e-05 -4.019782e-03  7.252114e-04  7.875875e-04 -1.245136e-04 -1.807640e-04
Gamma47  -7.454386e-05  3.690306e-05 -0.0020253018 -2.642544e-04  1.319092e-04  0.0006339718 -8.662520e-06  1.798103e-03 -3.200716e-04  1.706823e-03  0.0001060183 -0.0091942391 -0.0064742071 -0.0067388249 -7.673363e-03  1.000000e+00 -2.683972e-02 -0.0006931310  7.706032e-05  1.903138e-05  1.012976e-05  5.381188e-05  1.333517e-05 -0.0002788035  5.139847e-06 -1.711508e-04  2.070775e-05 -4.813701e-05 -1.690323e-05  3.242951e-05  2.040539e-05 -9.502668e-06 -1.379560e-05
Gamma48   1.419120e-03  2.014546e-03 -0.0002727152  9.596151e-04  1.209500e-03  0.0049961088  5.043707e-05  1.077073e-02  3.660202e-04  1.022490e-02 -0.0001736315 -0.0480246318 -0.0315473686 -0.0375420731 -4.285321e-02 -2.683967e-02  1.000000e+00 -0.0070188019 -1.832637e-03  1.186209e-03  2.143003e-05 -1.089536e-03 -9.190978e-04 -0.0022184357  1.221054e-05 -9.237294e-04  1.054450e-04 -2.847745e-04  5.849158e-05 -8.976126e-04  2.205791e-03 -5.505400e-05 -7.992525e-05
Gamma62  -1.737544e-02 -4.104993e-02  0.0840483251 -7.258065e-04 -3.199362e-02  0.0435003299 -7.375005e-02 -1.436869e-03 -5.993798e-02  5.361007e-03 -0.0492078691  0.0392796582 -0.0075057505  0.0400324098 -8.737901e-03 -6.925893e-04 -7.036773e-03  1.0000000000 -2.030796e-01 -1.046137e-02 -8.576147e-03  2.055651e-01 -3.532403e-02  0.1617595483 -4.689167e-03  2.782094e-02 -9.825726e-03  4.569688e-03  3.576596e-03 -8.384377e-02 -1.417156e-02  9.589590e-04  1.392179e-03
Gamma70  -4.331707e-02 -6.276702e-02 -0.0722312166 -6.811558e-03 -1.003714e-01 -0.0053707578 -9.936481e-03  2.095105e-03 -1.379793e-02  1.412988e-03  0.0304357927 -0.0098135852  0.0007408567 -0.0096022964  3.803297e-04  7.672689e-05 -1.830257e-03 -0.2031760021  1.000000e+00 -7.500504e-02 -2.054188e-02 -6.533364e-02 -9.244547e-02 -0.0437330735 -1.141469e-02 -1.053874e-02  1.892627e-05 -1.973695e-03 -8.855450e-04 -6.611779e-01 -1.133574e-01 -2.057594e-04 -2.987135e-04
Gamma77  -5.707185e-03 -4.449080e-03 -0.0262025751 -1.689743e-03 -1.877092e-02  0.0007414349 -5.461905e-03 -6.909576e-04  1.758322e-02 -3.103592e-03  0.0192971937 -0.0004596450  0.0007535929 -0.0005216400  9.999841e-04  1.895434e-05  1.186034e-03 -0.0104917113 -7.500008e-02  1.000000e+00 -8.168270e-03 -2.769264e-03 -7.136819e-03 -0.0025858011 -1.001153e-03  1.552819e-04  4.377904e-03 -4.710232e-02 -2.447951e-03 -2.590101e-02 -6.317880e-01 -6.337877e-04 -9.201083e-04
Gamma78   7.732200e-03  1.084762e-02  0.0069826643  5.158270e-04  9.093009e-03 -0.0015553789  2.707759e-04 -1.383401e-03 -8.019794e-04 -1.375895e-03 -0.0038373070 -0.0002664968  0.0008695047 -0.0002621736  8.335739e-04  1.015932e-05  2.167316e-05 -0.0085625541 -2.054498e-02 -8.168548e-03  1.000000e+00 -3.544808e-03 -6.291169e-03 -0.0019923891 -1.035645e-03  3.558349e-04  1.181716e-03 -3.666536e-04 -6.505146e-05 -7.137068e-03 -9.939022e-03 -1.449861e-05 -2.104852e-05
Gamma85   5.189791e-03  5.066645e-03  0.0070406258 -6.466360e-04 -8.293085e-04 -0.0067729025 -1.610891e-02 -2.000013e-05 -1.121612e-02  1.519742e-03 -0.0116427628 -0.0042978392 -0.0005135461 -0.0040230153 -2.663724e-04  5.278203e-05 -1.075345e-03  0.2053432288 -6.538042e-02 -2.795386e-03 -3.531072e-03  1.000000e+00 -1.538926e-02  0.0102758125 -1.598658e-03 -3.418012e-03 -1.349730e-03 -6.523696e-04 -4.090667e-04 -2.061161e-02 -3.915725e-03 -1.030443e-04 -1.495957e-04
Gamma89   1.936813e-02  2.953468e-02  0.0130466430  7.300558e-04  2.098504e-02 -0.0045138863  1.476210e-03 -2.947936e-03  2.521467e-03 -2.007656e-03 -0.0086805519 -0.0016616240 -0.0001226497 -0.0014815795 -8.411055e-04  1.339541e-05 -9.184022e-04 -0.0352941035 -9.245316e-02 -7.137702e-03 -6.291047e-03 -1.542149e-02  1.000000e+00 -0.0079017370 -3.136023e-02 -9.825652e-04  1.145256e-03 -1.554287e-03 -2.000696e-02  2.153603e-02 -9.113268e-03 -2.797273e-04 -4.060972e-04
Gamma93  -1.942574e-03 -5.589486e-03  0.0261530206  1.638566e-04 -5.867539e-03  0.0177330249 -1.317715e-02 -1.694257e-03 -1.020342e-02 -6.454156e-04 -0.0102525025  0.0157312541 -0.0021807638  0.0158359366 -2.897028e-03 -2.797037e-04 -2.211872e-03  0.1615006947 -4.373403e-02 -2.599406e-03 -1.983922e-03  1.039917e-02 -7.880785e-03  1.0000000000 -3.339000e-03  1.051426e-02 -2.530698e-03  1.604651e-03  1.435545e-03 -1.331889e-02 -3.072378e-03  3.830730e-04  5.561304e-04
Gamma94   1.982674e-03  3.806879e-03  0.0015458113 -1.198813e-04  2.996325e-03 -0.0008377317  4.822630e-05 -1.639492e-04  3.552326e-05 -1.582348e-04 -0.0009670773 -0.0001920202 -0.0000598617 -0.0001881727 -8.135565e-05  5.145813e-06  1.227562e-05 -0.0046862453 -1.141543e-02 -1.001234e-03 -1.035636e-03 -1.601769e-03 -3.136024e-02 -0.0033410051  1.000000e+00 -1.441135e-04  1.382993e-05 -3.178915e-05 -2.621644e-05  2.897773e-03 -9.878170e-04 -5.718180e-06 -8.301431e-06
Gamma103  8.627480e-04  8.674592e-04  0.0163618965  4.785535e-04  5.924067e-04  0.0109630837 -1.024103e-02 -6.725391e-04 -5.369196e-03  1.915301e-04 -0.0093192877  0.0107726368 -0.0015011326  0.0107461524 -2.002260e-03 -1.714092e-04 -9.226585e-04  0.0277376304 -1.053345e-02  1.526618e-04  3.577721e-04 -3.365447e-03 -9.775568e-04  0.0105292632 -1.436376e-04  1.000000e+00 -1.121471e-01  2.671964e-03  2.189950e-03 -3.517233e-03  4.428056e-05  5.714716e-04  8.296401e-04
Gamma104 -8.626581e-03 -6.004551e-03 -0.0067016859 -4.080411e-04 -1.022988e-02 -0.0005606253  5.063034e-03  6.295396e-04  1.163070e-03  7.361757e-04 -0.0098252529 -0.0015009016  0.0003331402 -0.0014983261 -5.862535e-04  2.070777e-05  1.053467e-04 -0.0098268115  1.959733e-05  4.378060e-03  1.181657e-03 -1.347659e-03  1.145135e-03 -0.0025288859  1.381789e-05 -1.121466e-01  1.000000e+00  5.711768e-05 -2.376620e-04 -3.647005e-04  5.175251e-03 -6.409269e-05 -9.304727e-05
Gamma126  2.901251e-03  3.990281e-03  0.0025234915  1.804196e-04  1.521040e-03  0.0013657496 -7.129588e-03 -1.463111e-03  4.795975e-03 -2.376424e-03 -0.0195145810  0.0028180904  0.0001110554  0.0028265434 -8.676374e-05 -4.812387e-05 -2.844275e-04  0.0045783859 -1.976709e-03 -4.710282e-02 -3.665088e-04 -6.635228e-04 -1.554046e-03  0.0015964749 -3.176422e-05  2.669837e-03  5.714426e-05  1.000000e+00  5.229644e-02 -8.361956e-04 -8.902255e-04  1.344122e-02  1.951343e-02
Gamma128  3.870974e-04  5.468248e-04 -0.0006615789 -4.409295e-04  2.542461e-04 -0.0013186762 -4.804049e-04 -5.186421e-03 -8.999849e-04 -5.329573e-03 -0.0008961360  0.0027483525 -0.0030162997  0.0028240803 -4.020210e-03 -1.690680e-05  5.874928e-05  0.0035781428 -8.871328e-04 -2.448371e-03 -6.487746e-05 -4.134696e-04 -2.000659e-02  0.0014312680 -2.618014e-05  2.188663e-03 -2.376691e-04  5.229653e-02  1.000000e+00 -2.333578e-04 -1.956444e-04  1.200142e-02  1.742319e-02
Gamma150 -1.092937e-02 -1.586031e-02 -0.0216879933 -1.980741e-03 -2.888154e-02 -0.0020547128 -2.318777e-03 -1.994695e-04 -3.342534e-03 -9.144776e-05  0.0095120175 -0.0028092468  0.0005070535 -0.0027725140  7.227697e-04  3.233496e-05 -8.969017e-04 -0.0838707219 -6.611781e-01 -2.590247e-02 -7.136166e-03 -2.059911e-02  2.153825e-02 -0.0133192896  2.897986e-03 -3.518923e-03 -3.648907e-04 -8.353311e-04 -2.329102e-04  1.000000e+00 -3.348006e-02 -6.455543e-05 -9.371906e-05
Gamma152 -6.441023e-03 -5.087218e-03 -0.0327124117 -2.229491e-03 -2.333985e-02  0.0006836328 -6.613301e-03 -1.876304e-04  2.298589e-02 -5.180664e-03  0.0225231734 -0.0005052484  0.0015234310 -0.0005726643  7.864032e-04  2.030833e-05  2.205614e-03 -0.0142092964 -1.133514e-01 -6.317881e-01 -9.938646e-03 -3.883735e-03 -9.112103e-03 -0.0030560400 -9.877091e-04  4.735132e-05  5.175055e-03 -8.895825e-04 -1.951185e-04 -3.347830e-02  1.000000e+00 -1.601258e-05 -2.324644e-05
Gamma130  7.885800e-05  1.059158e-04 -0.0001809824 -1.512311e-05 -7.185045e-07  0.0003790676 -1.436863e-04 -1.062651e-04  1.651310e-05 -1.149262e-04 -0.0002785101  0.0006678840 -0.0000882709  0.0006636918 -1.246179e-04 -9.502738e-06 -5.498313e-05  0.0009597205 -2.062407e-04 -6.339000e-04 -1.445530e-05 -1.045208e-04 -2.796388e-04  0.0003817739 -5.709414e-06  5.710976e-04 -6.409281e-05  1.344124e-02  1.200142e-02 -6.469184e-05 -1.615392e-05  1.000000e+00  4.477857e-03
Gamma132  1.144830e-04  1.537644e-04 -0.0002627432 -2.195514e-05 -1.043097e-06  0.0005503155 -2.085982e-04 -1.542715e-04  2.397308e-05 -1.668454e-04 -0.0004043300  0.0009696080 -0.0001281483  0.0009635218 -1.809155e-04 -1.379570e-05 -7.982236e-05  0.0013932848 -2.994122e-04 -9.202712e-04 -2.098564e-05 -1.517392e-04 -4.059686e-04  0.0005542445 -8.288704e-06  8.290972e-04 -9.304744e-05  1.951346e-02  1.742319e-02 -9.391709e-05 -2.345163e-05  4.477857e-03  1.000000e+00
correlation, S-factor inflated
                Gamma3        Gamma5        Gamma9       Gamma10       Gamma14       Gamma16       Gamma20       Gamma23       Gamma27       Gamma28       Gamma30       Gamma35       Gamma37       Gamma40       Gamma42       Gamma47       Gamma48       Gamma62       Gamma70       Gamma77       Gamma78       Gamma85       Gamma89       Gamma93       Gamma94      Gamma103      Gamma104      Gamma126      Gamma128      Gamma150      Gamma152      Gamma130      Gamma132
Gamma3    1.000000e+00  1.763632e-01  8.234988e-02  5.059982e-02 -1.051866e-01  0.0071879164 -3.733384e-02  0.0139894515 -4.054538e-02  0.0146094541 -3.570163e-02 -1.984869e-03 -4.733311e-03 -1.558820e-03 -6.347005e-03 -7.882874e-05  1.399844e-03 -0.0156324404 -4.310090e-02 -5.713887e-03  7.732320e-03  7.025175e-03  1.936034e-02 -0.0010227372  1.980337e-03  1.037412e-03 -8.645318e-03  2.928943e-03  4.107760e-04 -1.092569e-02 -6.447424e-03  8.522706e-05  1.237294e-04
Gamma5   -9.029959e-02  1.000000e+00 -1.300727e-02  1.000652e-02 -1.323985e-01  0.0156520541 -4.520115e-02  0.0182237031 -2.343144e-02  0.0160148708 -2.358890e-02  7.616169e-04 -5.782879e-03  8.240112e-04 -7.966770e-03  5.485855e-05  1.255363e-03 -0.0328698266 -4.932950e-02 -2.153673e-03  8.572793e-03  6.076789e-03  2.393938e-02  0.0007452056  3.216257e-03  3.038181e-03 -3.864613e-03  2.888579e-03  2.326889e-04 -1.244740e-02 -2.415478e-03  3.148225e-05  4.570472e-05
Gamma9    8.255914e-02  3.971410e-02  1.000000e+00  6.743116e-02 -1.263662e-01  0.0181179415 -7.428661e-02  0.0054190455 -8.299042e-02  0.0137970601 -1.011037e-01  1.208458e-02 -7.940697e-03  1.556856e-02 -6.182096e-03 -1.985670e-03 -8.851460e-06  0.0615473525 -6.843917e-02 -2.601574e-02  7.138054e-03 -8.195794e-03  1.368804e-02  0.0171125210  1.641613e-03  1.468108e-02 -6.414756e-03  2.255029e-03 -8.941402e-04 -2.062251e-02 -3.247386e-02 -2.425845e-04 -3.521749e-04
Gamma10   5.069994e-02  5.963059e-02  6.639058e-02  1.000000e+00 -2.518068e-02 -0.0102236398 -9.144513e-03 -0.0147324491 -6.563069e-03 -0.0131285568 -8.617983e-03 -6.833784e-04 -8.591475e-03  4.222528e-04 -1.023716e-02 -2.482201e-04  1.031316e-03  0.0005824049 -6.862636e-03 -1.667216e-03  5.108498e-04 -6.367699e-03  7.339385e-04 -0.0030945978 -1.137633e-04 -1.523102e-04 -3.423003e-04  7.973807e-05 -5.284101e-04 -1.998348e-03 -2.208869e-03 -3.824491e-05 -5.552249e-05
Gamma14  -1.052098e-01 -1.640258e-01 -1.263331e-01 -2.528043e-02  1.000000e+00 -0.0771060660 -4.155201e-01  0.0025433319  8.102594e-03  0.0095378205 -8.669467e-02 -1.954854e-03  6.361822e-03 -2.385622e-03  8.905110e-03  1.172938e-04  1.150561e-03 -0.0315989945 -9.929960e-02 -1.876900e-02  9.119977e-03  4.504314e-03  2.106471e-02 -0.0031151798  3.002085e-03  1.118515e-03 -1.026982e-02  1.605311e-03  3.316540e-04 -2.870010e-02 -2.332710e-02  1.875611e-05  2.722939e-05
Gamma16   7.390181e-03  1.283224e-02  1.839770e-02 -9.084001e-03 -7.716913e-02  1.0000000000  9.771428e-03 -0.1120296555  9.165560e-03 -0.1053242989 -1.275367e-03  2.052999e-02 -6.160365e-02  2.242876e-02 -8.211494e-02  6.588654e-04  5.217216e-03  0.0154438281  4.714449e-04  1.064033e-03 -1.335599e-03 -1.496585e-02 -3.604660e-03  0.0121946662 -7.154783e-04  9.966572e-03 -2.583444e-04  1.204604e-03 -1.449461e-03 -2.909517e-04  1.113401e-03  3.447042e-04  5.004282e-04
Gamma20  -3.731728e-02 -5.708994e-02 -7.424121e-02 -9.040463e-03 -4.155277e-01  0.0097931791  1.000000e+00 -0.0747431065 -3.637758e-01 -0.0153382764  6.475367e-02 -3.598654e-03  1.044066e-02 -1.482037e-03  1.790092e-02 -3.526743e-05 -7.031074e-06 -0.0812012865 -6.516355e-03 -5.350667e-03  4.107411e-04 -5.401385e-03  1.979030e-03 -0.0079374459  1.016832e-04 -9.184014e-03  5.053035e-03 -6.957898e-03 -3.306631e-04 -1.314500e-03 -6.440274e-03 -1.037886e-04 -1.506763e-04
Gamma23   1.396670e-02  2.200025e-02  5.403037e-03 -1.485323e-02  2.548708e-03 -0.1120147168 -7.473944e-02  1.0000000000  1.058168e-02 -0.1832530338 -1.515082e-02  6.185787e-03 -9.933054e-02  9.494267e-03 -1.327351e-01  1.796503e-03  1.075019e-02  0.0017381738  1.348807e-03 -7.289705e-04 -1.411730e-03  4.344323e-04 -3.061994e-03 -0.0012958581 -1.788579e-04 -6.029271e-04  5.976663e-04 -1.451827e-03 -5.178102e-03 -4.218756e-04 -2.391912e-04 -1.039921e-04 -1.509717e-04
Gamma27  -4.053500e-02 -3.637973e-02 -8.295317e-02 -6.493627e-03  8.096816e-03  0.0091876778 -3.637751e-01  0.0105784267  1.000000e+00 -0.1001088509 -4.364710e-01 -2.746548e-03  1.308147e-02 -1.022140e-02  5.397884e-03 -3.420831e-04  3.142405e-04 -0.0656492821 -1.107676e-02  1.766007e-02 -6.907619e-04 -2.425301e-03  2.917340e-03 -0.0059024127  7.747832e-05 -4.509295e-03  1.153469e-03  4.931167e-03 -7.765879e-04 -2.551637e-03  2.310871e-02  4.894560e-05  7.105734e-05
Gamma28   1.458694e-02  2.019212e-02  1.377839e-02 -1.324946e-02  9.543455e-03 -0.1053122396 -1.533487e-02 -0.1832527270 -1.001058e-01  1.0000000000  2.060621e-02  6.275355e-03 -9.531076e-02  7.735918e-03 -1.302428e-01  1.707739e-03  1.021108e-02  0.0089720327  4.211200e-04 -3.148387e-03 -1.414764e-03  9.710965e-04 -2.158805e-03 -0.0007536099 -1.768736e-04  1.609909e-04  7.073353e-04 -2.381080e-03 -5.335353e-03 -3.877463e-04 -5.243413e-03 -1.164160e-04 -1.690083e-04
Gamma30  -3.570682e-02 -3.594249e-02 -1.010800e-01 -8.632406e-03 -8.669648e-02 -0.0012455034  6.475668e-02 -0.0151538002 -4.364689e-01  0.0206031898  1.000000e+00 -2.036446e-03 -1.341337e-03  9.282781e-04  3.347144e-03  8.729823e-05 -2.270698e-04 -0.0519016012  3.198276e-02  1.934042e-02 -3.765274e-03 -4.353673e-03 -8.429229e-03 -0.0065636229 -9.423845e-04 -8.586467e-03 -9.849679e-03 -1.939528e-02 -7.921481e-04  1.001051e-02  2.259676e-02 -2.509753e-04 -3.643563e-04
Gamma35  -1.813385e-03 -3.074627e-03  1.231131e-02  2.778288e-04 -2.007159e-03  0.0205198764 -3.617922e-03  0.0061742585 -2.765819e-03  0.0062662563 -2.061506e-03  1.000000e+00 -5.630262e-02  2.402120e-03 -8.438317e-03 -9.178248e-03 -4.786740e-02  0.0157436330 -5.069284e-03 -2.119509e-04 -7.403704e-05 -1.161243e-02 -8.832646e-04  0.0108423115 -8.649037e-05  9.892193e-03 -1.256596e-03  2.678276e-03  2.634741e-03 -1.381991e-03 -1.740361e-04  6.375498e-04  9.255702e-04
Gamma37  -4.756093e-03 -7.051834e-03 -7.959259e-03 -8.713643e-03  6.367487e-03 -0.0615911337  1.044414e-02 -0.0993302636  1.308461e-02 -0.0953107941 -1.338294e-03 -5.629315e-02  1.000000e+00  3.326513e-04 -1.747221e-01 -6.478182e-03 -3.157527e-02 -0.0046800074  2.231296e-04  7.229005e-04  8.496205e-04  8.280826e-04 -2.066534e-04 -0.0013392542 -7.177043e-05 -1.345333e-03  2.993955e-04  1.360324e-04 -2.995646e-03  3.501485e-04  1.483420e-03 -8.275423e-05 -1.201394e-04
Gamma40  -1.388036e-03 -2.740717e-03  1.579243e-02  1.378602e-03 -2.437498e-03  0.0224168223 -1.501380e-03  0.0094829965 -1.024069e-02  0.0077270649  9.033685e-04  2.400534e-03  3.234278e-04  1.000000e+00 -7.328518e-02 -6.721080e-03 -3.737841e-02  0.0166786024 -4.917466e-03 -2.761417e-04 -7.218543e-05 -1.144796e-02 -7.122776e-04  0.0108970814 -8.369419e-05  9.855443e-03 -1.254744e-03  2.685116e-03  2.709029e-03 -1.362784e-03 -2.446972e-04  6.329621e-04  9.189100e-04
Gamma42  -6.377986e-03 -9.481766e-03 -6.209785e-03 -1.040446e-02  8.913085e-03 -0.0821002796  1.790546e-02 -0.1327344573  5.402024e-03 -0.1302425834  3.351343e-03 -8.427440e-03 -1.747218e-01 -7.327463e-02  1.000000e+00 -7.678253e-03 -4.289012e-02 -0.0047683648 -3.817692e-04  9.564744e-04  8.039415e-04  1.335884e-03 -9.644684e-04 -0.0018663512 -9.850036e-05 -1.812697e-03 -6.316801e-04 -5.635860e-05 -3.995339e-03  4.912253e-04  7.291066e-04 -1.179559e-04 -1.712438e-04
Gamma47  -8.174616e-05  2.069341e-05 -1.988865e-03 -2.642560e-04  1.181101e-04  0.0006596774 -3.488724e-05  0.0017966275 -3.417224e-04  0.0017078222  8.770816e-05 -9.177705e-03 -6.478093e-03 -6.720566e-03 -7.678166e-03  1.000000e+00 -2.684314e-02 -0.0003024999 -5.708909e-07  1.486719e-05  6.993202e-06  1.832489e-04  5.629737e-07 -0.0001934816  3.395930e-06 -1.557066e-04  1.657639e-05 -4.562006e-05 -1.485418e-05  8.949369e-06  1.485910e-05 -8.956153e-06 -1.300220e-05
Gamma48   1.387951e-03  1.955380e-03 -2.628003e-05  9.638389e-04  1.154377e-03  0.0052162698 -5.829615e-06  0.0107511731  3.154924e-04  0.0102118956 -2.252896e-04 -4.786880e-02 -3.157443e-02 -3.737992e-02 -4.288911e-02 -2.684308e-02  1.000000e+00 -0.0056493643 -1.994568e-03  1.173232e-03  1.462992e-05  4.657567e-05 -9.501332e-04 -0.0015617457  7.166756e-06 -7.989689e-04  8.649951e-05 -2.647159e-04  7.560501e-05 -9.502129e-04  2.189814e-03 -5.051733e-05 -7.333911e-05
Gamma62  -1.603139e-02 -4.051358e-02  6.109236e-02 -1.619115e-03 -3.148536e-02  0.0155374014 -8.115073e-02  0.0017571150 -6.560085e-02  0.0089854013 -5.184510e-02  1.580302e-02 -4.665859e-03  1.673406e-02 -4.753790e-03 -3.022480e-04 -5.656733e-03  1.0000000000 -2.252699e-01 -1.086077e-02 -9.516014e-03  5.630592e-02 -3.827729e-02  0.0832762666 -4.920983e-03  1.250433e-02 -8.857736e-03  2.132974e-03  1.426730e-03 -8.800773e-02 -1.498887e-02  3.910898e-04  5.677692e-04
Gamma70  -4.304653e-02 -6.168697e-02 -6.835599e-02 -6.552468e-03 -9.931744e-02  0.0004791539 -6.521570e-03  0.0013439241 -1.108231e-02  0.0004170200  3.197453e-02 -5.060031e-03  2.188967e-04 -4.907747e-03 -3.868897e-04 -9.003575e-07 -1.994767e-03 -0.2253102265  1.000000e+00 -7.431816e-02 -2.003383e-02 -3.457714e-02 -9.051565e-02 -0.0285390571 -1.120209e-02 -7.466160e-03  2.544047e-06 -1.486413e-03 -4.502702e-04 -6.547318e-01 -1.123029e-01 -9.112516e-05 -1.322920e-04
Gamma77  -5.716712e-03 -4.440972e-03 -2.601230e-02 -1.679618e-03 -1.876894e-02  0.0010711399 -5.349781e-03 -0.0007295611  1.766074e-02 -0.0031490098  1.934065e-02 -2.060666e-04  7.222749e-04 -2.703076e-04  9.555905e-04  1.477602e-05  1.172801e-03 -0.0108734804 -7.431615e-02  1.000000e+00 -8.154948e-03 -1.156826e-03 -7.090877e-03 -0.0017572831 -9.969817e-04  3.200419e-04  4.370139e-03 -4.707640e-02 -2.424812e-03 -2.579649e-02 -6.317653e-01 -6.276583e-04 -9.112102e-04
Gamma78   7.735172e-03  1.087875e-02  7.138339e-03  5.251674e-04  9.119494e-03 -0.0013391359  4.101449e-04 -0.0014115426 -6.912554e-04 -0.0014145400 -3.765604e-03 -7.689341e-05  8.498425e-04 -7.500374e-05  8.042767e-04  7.032773e-06  1.485125e-05 -0.0095103565 -2.003489e-02 -8.154999e-03  1.000000e+00 -2.332223e-03 -6.228908e-03 -0.0013920857 -1.029015e-03  4.776804e-04  1.181509e-03 -3.474255e-04 -4.763423e-05 -7.012031e-03 -9.917930e-03 -9.919799e-06 -1.440118e-05
Gamma85   8.067773e-03  1.154255e-02 -6.962080e-03 -5.929761e-04  4.202389e-03 -0.0151672233 -5.529986e-03  0.0003800776 -2.549647e-03  0.0009313545 -4.502449e-03 -1.173105e-02  7.862472e-04 -1.155646e-02  1.291185e-03  1.819680e-04  6.329437e-05  0.0562207848 -3.467101e-02 -1.190647e-03 -2.316830e-03  1.000000e+00 -1.050657e-02 -0.0189404947 -9.327798e-04 -8.609185e-03  1.865097e-04 -1.501169e-03 -1.086260e-03 -1.140377e-02 -1.764756e-03 -2.839938e-04 -4.122913e-04
Gamma89   1.936674e-02  2.962979e-02  1.368883e-02  7.661464e-04  2.106361e-02 -0.0036124473  1.977704e-03 -0.0030615912  2.916240e-03 -0.0021583195 -8.429975e-03 -8.895469e-04 -2.061724e-04 -7.184749e-04 -9.637394e-04  6.496003e-07 -9.496454e-04 -0.0382648871 -9.051798e-02 -7.090993e-03 -6.228906e-03 -1.054034e-02  1.000000e+00 -0.0054321681 -3.133372e-02 -4.852941e-04  1.137954e-03 -1.475458e-03 -1.993402e-02  2.196197e-02 -9.039442e-03 -2.610434e-04 -3.789728e-04
Gamma93  -4.389232e-04 -2.284557e-03  1.783269e-02  1.530545e-04 -3.287505e-03  0.0121102585 -8.007136e-03 -0.0013294838 -5.970586e-03 -0.0007790206 -6.647658e-03  1.079993e-02 -1.365874e-03  1.086027e-02 -1.895724e-03 -1.946078e-04 -1.554051e-03  0.0831726653 -2.858400e-02 -1.776618e-03 -1.383066e-03 -1.879433e-02 -5.412362e-03  1.0000000000 -3.020586e-03  7.124496e-03 -1.687710e-03  1.053362e-03  9.849564e-04 -8.772680e-03 -1.979096e-03  2.629546e-04  3.817474e-04
Gamma94   1.980104e-03  3.813302e-03  1.640718e-03 -1.153521e-04  3.002221e-03 -0.0007160315  1.016630e-04 -0.0001787784  7.747544e-05 -0.0001767981 -9.423359e-04 -8.697110e-05 -7.169367e-05 -8.417510e-05 -9.839871e-05  3.404847e-06  7.198194e-06 -0.0049197836 -1.120223e-02 -9.969658e-04 -1.029027e-03 -9.358639e-04 -3.133375e-02 -0.0030222802  1.000000e+00 -7.609684e-05  1.144030e-05 -2.100105e-05 -1.657850e-05  2.943085e-03 -9.806685e-04 -3.178502e-06 -4.614428e-06
Gamma103  1.150412e-03  1.509308e-03  1.482763e-02  4.797168e-04  1.084365e-03  0.0099571584 -9.196936e-03 -0.0006102143 -4.522135e-03  0.0001553017 -8.602910e-03  9.889860e-03 -1.351265e-03  9.854165e-03 -1.819443e-03 -1.560244e-04 -7.978867e-04  0.0124706213 -7.472997e-03  3.162028e-04  4.795238e-04 -8.545202e-03 -4.812415e-04  0.0071444821 -7.577690e-05  1.000000e+00 -1.120200e-01  2.572803e-03  2.109240e-03 -2.601801e-03  2.617978e-04  5.499270e-04  7.983628e-04
Gamma104 -8.655987e-03 -6.048985e-03 -6.426622e-03 -4.010335e-04 -1.026681e-02 -0.0002555494  5.054411e-03  0.0005981400  1.154779e-03  0.0007076602 -9.848175e-03 -1.254759e-03  2.997410e-04 -1.253014e-03 -6.313351e-04  1.657891e-05  8.628525e-05 -0.0088583128  3.702050e-06  4.370475e-03  1.181361e-03  1.902942e-04  1.137632e-03 -0.0016840947  1.140790e-05 -1.120190e-01  1.000000e+00  8.318913e-05 -2.151255e-04 -3.712205e-04  5.167444e-03 -5.811520e-05 -8.436942e-05
Gamma126  2.947368e-03  4.092322e-03  2.274053e-03  1.804617e-04  1.600284e-03  0.0011983599 -6.960390e-03 -0.0014524854  4.928832e-03 -0.0023814834 -1.939784e-02  2.673903e-03  1.355955e-04  2.680932e-03 -5.673723e-05 -4.560396e-05 -2.642626e-04  0.0021367664 -1.488794e-03 -4.707696e-02 -3.471913e-04 -1.515011e-03 -1.474946e-03  0.0010430278 -2.094344e-05  2.570172e-03  8.326390e-05  1.000000e+00  5.228384e-02 -6.905278e-04 -8.555838e-04  1.343778e-02  1.950845e-02
Gamma128  4.267224e-04  6.363007e-04 -8.763665e-04 -4.406106e-04  3.271578e-04 -0.0014536004 -3.327168e-04 -0.0051788143 -7.785441e-04 -0.0053358428 -7.943965e-04  2.632029e-03 -2.996167e-03  2.706475e-03 -3.995860e-03 -1.485849e-05  7.592300e-05  0.0014275166 -4.519907e-04 -2.425315e-03 -4.741372e-05 -1.091720e-03 -1.993354e-02  0.0009796637 -1.653010e-05  2.107669e-03 -2.151275e-04  5.228396e-02  1.000000e+00 -1.024602e-04 -1.648652e-04  1.199862e-02  1.741913e-02
Gamma150 -1.091053e-02 -1.562869e-02 -2.059927e-02 -1.911876e-03 -2.870508e-02 -0.0002887542 -1.315950e-03 -0.0004232420 -2.553182e-03 -0.0003888944  1.000822e-02 -1.379370e-03  3.489632e-04 -1.360034e-03  4.897907e-04  8.856837e-06 -9.502712e-04 -0.0880190746 -6.547317e-01 -2.579705e-02 -7.011735e-03 -1.137735e-02  2.196263e-02 -0.0087600131  2.943124e-03 -2.599868e-03 -3.715458e-04 -6.898598e-04 -1.019769e-04  1.000000e+00 -3.331792e-02 -3.002863e-05 -4.359441e-05
Gamma152 -6.449310e-03 -5.064902e-03 -3.246772e-02 -2.215309e-03 -2.332748e-02  0.0011218545 -6.439380e-03 -0.0002400027  2.310935e-02 -0.0052442417  2.259683e-02 -1.669632e-04  1.482584e-03 -2.376707e-04  7.279484e-04  1.474473e-05  2.189308e-03 -0.0150046715 -1.123005e-01 -6.317654e-01 -9.917843e-03 -1.723058e-03 -9.039247e-03 -0.0019554822 -9.806834e-04  2.664329e-04  5.167024e-03 -8.548720e-04 -1.642373e-04 -3.331727e-02  1.000000e+00 -7.842402e-06 -1.138530e-05
Gamma130  8.945139e-05  1.297337e-04 -2.379532e-04 -1.502299e-05  1.757359e-05  0.0003435332 -1.043387e-04 -0.0001041724  4.842356e-05 -0.0001165375 -2.515690e-04  6.367681e-04 -8.288375e-05  6.322227e-04 -1.180826e-04 -8.956221e-06 -5.042871e-05  0.0003914452 -9.160093e-05 -6.277904e-04 -9.862434e-06 -2.858239e-04 -2.609178e-04  0.0002613376 -3.165597e-06  5.494694e-04 -5.811181e-05  1.343780e-02  1.199861e-02 -3.016225e-05 -8.008041e-06  1.000000e+00  4.476748e-03
Gamma132  1.298621e-04  1.883424e-04 -3.454512e-04 -2.180980e-05  2.551266e-05  0.0004987283 -1.514750e-04 -0.0001512335  7.029946e-05 -0.0001691847 -3.652182e-04  9.244355e-04 -1.203274e-04  9.178366e-04 -1.714278e-04 -1.300230e-05 -7.321046e-05  0.0005682851 -1.329827e-04 -9.114019e-04 -1.431790e-05 -4.149482e-04 -3.787904e-04  0.0003793999 -4.595692e-06  7.976985e-04 -8.436449e-05  1.950849e-02  1.741912e-02 -4.378840e-05 -1.162577e-05  4.476748e-03  1.000000e+00
Non-averaged measurement types
                Gamma60      Gamma13
value      0.0900845710 0.2591374553
error      0.0005176572 0.0009014570
upd.error  0.0005853406 0.0009038087
S-factor   1.1307493215 1.0026087508
S-factor_2 2.8078237653 1.0000000000
S-factor_1 2.6580205864 0.6247831775
chisq      7.0650734379 0.3903540189
dof        1.0000000000 1.0000000000
## end
