 COMBOS version  3.33 (Mar 20, 2010) run on  on 20/04/10 at 07.33.44

 ERROR   at (or before) word   1 of line  13 in file ../TauToPimPizEtaNu/belle.input 
         concerning analysis BELLE PIMPIZETANU PUBLISHED:
         " name too long"
         --->  name truncated to BELLEPIMPIZETAN
 ERROR   at (or before) word   2 of line   5 in file ../TauToPimPizEtaNu/pdg.input 
         concerning analysis ALEPH PIMPIZETANU PUBLISHED:
         " name too long"
         --->  name truncated to ALEPHPIMPIZETAN
 ERROR   at (or before) word   1 of line  14 in file ../TauToPimKzbEtaNu/belle.input 
         concerning analysis BELLE PIMKZBETANU PUBLISHED:
         " name too long"
         --->  name truncated to BELLEPIMKZBETAN
 ERROR   at (or before) word   1 of line  13 in file ../TauToKstarmEtaNu/belle.input 
         concerning analysis BELLE KSTARMETANU PUBLISHED:
         " name too long"
         --->  name truncated to BELLEKSTARMETAN

 ==============================================================================

 M_PIMPIZETANU M_ combination: combined analysis BELLE+PDG ALL_METHODS
 -----------------------------

 List of 12 analyses to combine:

 Analysis  Experiment      Method          Quality         Measurement     Steps
       1>  BELLE           PIMPIZETANU     PUBLISHED       M_PIMPIZETANU          1
       2>  ALEPH           PIMPIZETANU     PUBLISHED       M_PIMPIZETANU          1
       3>  CLEO            PIMPIZETANU     PUBLISHED       M_PIMPIZETANU          1
       4>  BELLE           KMETANU         PUBLISHED       M_KMETANU              1
       5>  ALEPH           KMETANU         PUBLISHED       M_KMETANU              1
       6>  CLEO            KMETANU         PUBLISHED       M_KMETANU              1
       7>  BELLE           KMPIZETANU      PUBLISHED       M_KMPIZETANU           1
       8>  CLEO            KMPIZETANU      PUBLISHED       M_KMPIZETANU           1
       9>  BELLE           PIMKZBETANU     PUBLISHED       M_PIMKZBETANU          1
      10>  CLEO            PIMKZBETANU     PUBLISHED       M_PIMKZBETANU          1
      11>  BELLE           KSTARMETANU     PUBLISHED       M_KSTARMETANU          1
      12>  CLEO            KSTARMETANU     PUBLISHED       M_KSTARMETANU          1
 Combined  BELLE+PDG       ALL_METHODS                     M_PIMPIZETANU M_       1

 CORrelated and UNCorrelated systematic uncertainties:

                    Analysis number
 Uncertainty           1   2   3   4   5   6   7   8   9  10  11  12
 SIGMATAUPMY4S       COR         COR         COR     COR     COR
 BELLELUMI           COR         COR         COR     COR     COR
 BELLEPIMPIZETAN     UNC
 ALEPHPIMPIZETAN         UNC
 CLEOPIMPIZETANU             UNC
 BELLEKMETANU                    UNC
 ALEPHKMETANU                        UNC
 CLEOKMETANU                             UNC
 BELLEKMPIZETANU                             UNC
 CLEOKMPIZETANU                                  UNC
 BELLEPIMKZBETAN                                     UNC
 CLEOPIMKZBETANU                                         UNC
 BELLEKSTARMETAN                                             UNC
 CLEOKSTARMETANU                                                 UNC

 "Correlated" parameters:
 SIGMATAUPMY4S   0.9190E+00 +.3000E-02 -.3000E-02 0.3000E-02
 BELLELUMI       0.0000E+00 +.1000E+01 -.1000E+01 0.1000E+01

 "Extra" parameters:
 PIMPIZNU        0.2540E+00 +.9643E-03 -.9643E-03 0.9643E-03
 KMKZSNU         0.7900E-03 +.8500E-04 -.8500E-04 0.8500E-04
 PIMPIZKZSNU     0.1725E-02 +.7500E-04 -.7500E-04 0.7500E-04
 KMPIZKZSNU      0.7200E-03 +.1150E-03 -.1150E-03 0.1150E-03
 PIMKZSKZSNU     0.2400E-03 +.5000E-04 -.5000E-04 0.5000E-04
 PIMPIMPIPNU     0.8951E-01 +.7026E-03 -.7026E-03 0.7026E-03
 PIMPIMPIPPIZNU  0.4550E-01 +.1300E-02 -.1300E-02 0.1300E-02
 PIMKMPIPNU      0.2925E-02 +.7090E-04 -.7090E-04 0.7090E-04
 PIMKMKPNU       0.1430E-02 +.2790E-04 -.2790E-04 0.2790E-04
 PIMKZSKZLNU     0.9300E-03 +.1100E-03 -.1100E-03 0.1100E-03

 Results of combination:

 CHI2_N_SYM: CHI2, NMEFF, NQUAN, NDOF =   21.8348285 12 5 7
 CHI2_N_SYM: CHI2/NDOF, SCALE FAC, CL =   3.11926122  1.76614304  0.00271239877
  
  DUMP FIT RESULTS: diag=toterror off-diag=corr. coeff=corr_sys/toterror
                         M_PIMPIZETANU     M_KMETANU  M_KMPIZETANU M_PIMKZBETANU M_KSTARMETANU
 M_PIMPIZ     0.0013601      0.0000296     0.0000000     0.0000000     0.0000000     0.0000000
 M_KMETAN     0.0001592      0.0000000     0.0000050     0.0000000     0.0000000     0.0000000
 M_KMPIZE     0.0000509      0.0000000     0.0000000     0.0000108     0.0000000     0.0000000
 M_PIMKZB     0.0000931      0.0000000     0.0000000     0.0000000     0.0000137     0.0000000
 M_KSTARM     0.0001374      0.0000000     0.0000000     0.0000000     0.0000000     0.0000119
                         M_PIMPIZETANU     M_KMETANU  M_KMPIZETANU M_PIMKZBETANU M_KSTARMETANU
  
 --Averaged parameters, using only stat---
 --breakdown of errors: syst then stat-----
                         M_PIMPIZETANU     M_KMETANU  M_KMPIZETANU M_PIMKZBETANU M_KSTARMETANU
 M_PIMPIZ     0.0013601      0.0000296     0.0000000     0.0000000     0.0000000     0.0000000
 M_KMETAN     0.0001592      0.0000000     0.0000050     0.0000000     0.0000000     0.0000000
 M_KMPIZE     0.0000509      0.0000000     0.0000000     0.0000108     0.0000000     0.0000000
 M_PIMKZB     0.0000931      0.0000000     0.0000000     0.0000000     0.0000137     0.0000000
 M_KSTARM     0.0001374      0.0000000     0.0000000     0.0000000     0.0000000     0.0000119
                         M_PIMPIZETANU     M_KMETANU  M_KMPIZETANU M_PIMKZBETANU M_KSTARMETANU
  
        M_PIMPIZETANU      0.0013601 +/-      0.0000296 +/-      0.0000000 Tot Err:     0.0000296 Check Sys:     0.0000000
            M_KMETANU      0.0001592 +/-      0.0000050 +/-      0.0000000 Tot Err:     0.0000050 Check Sys:     0.0000000
         M_KMPIZETANU      0.0000509 +/-      0.0000108 +/-      0.0000000 Tot Err:     0.0000108 Check Sys:     0.0000000
        M_PIMKZBETANU      0.0000931 +/-      0.0000137 +/-      0.0000000 Tot Err:     0.0000137 Check Sys:     0.0000000
        M_KSTARMETANU      0.0001374 +/-      0.0000119 +/-      0.0000000 Tot Err:     0.0000119 Check Sys:     0.0000000
 Correlation between M_PIMPIZETANU and M_KMETANU =      0.0000000
 Correlation between M_PIMPIZETANU and M_KMPIZETANU =      0.0000000
 Correlation between M_PIMPIZETANU and M_PIMKZBETANU =      0.0000000
 Correlation between M_PIMPIZETANU and M_KSTARMETANU =      0.0000000
 Correlation between M_KMETANU and M_KMPIZETANU =      0.0000000
 Correlation between M_KMETANU and M_PIMKZBETANU =      0.0000000
 Correlation between M_KMETANU and M_KSTARMETANU =      0.0000000
 Correlation between M_KMPIZETANU and M_PIMKZBETANU =      0.0000000
 Correlation between M_KMPIZETANU and M_KSTARMETANU =      0.0000000
 Correlation between M_PIMKZBETANU and M_KSTARMETANU =      0.0000000
  

 ===============================================================================
 Dump of master.inc:

 CHROUT = DUMP_MASTER_INC 
 CHCOMB = BELLE+PDG ALL_METHODS
 CHMEAS = M_PIMPIZETANU M_
 CHSTEP =                 
  ISTEP =        1
  VSTEP = 0.0000E+00
  LUNIT =        6
  NMEAS =       12
  NQUAN =        5
  NMEFF =       12
  NCSYS =        2
  NPARA =       12
 CHANAL = BELLE PIMPIZETANU PUBLISHED
          ALEPH PIMPIZETANU PUBLISHED
          CLEO PIMPIZETANU PUBLISHED
          BELLE KMETANU PUBLISHED
          ALEPH KMETANU PUBLISHED
          CLEO KMETANU PUBLISHED
          BELLE KMPIZETANU PUBLISHED
          CLEO KMPIZETANU PUBLISHED
          BELLE PIMKZBETANU PUBLISHED
          CLEO PIMKZBETANU PUBLISHED
          BELLE KSTARMETANU PUBLISHED
          CLEO KSTARMETANU PUBLISHED

   MEAS = 0.1350000E-02  0.1800000E-02  0.1700000E-02  0.1580000E-03  0.2900000E-03  0.2600000E-03  0.4600000E-04  0.1770000E-03  0.8800000E-04  0.2200000E-03  0.1340000E-03  0.2900000E-03

   QUAN               1              1              1              2              2              2              3              3              4              4              5              5

  STATP = 0.3000000E-04  0.4000000E-03  0.2000000E-03  0.5000000E-05  0.1250000E-03  0.5000000E-04  0.1100000E-04  0.5600000E-04  0.1400000E-04  0.7000000E-04  0.1200000E-04  0.8000000E-04

  STATN = 0.3000000E-04  0.4000000E-03  0.2000000E-03  0.5000000E-05  0.1250000E-03  0.5000000E-04  0.1100000E-04  0.5600000E-04  0.1400000E-04  0.7000000E-04  0.1200000E-04  0.8000000E-04

  STAT  = 0.3000000E-04  0.4000000E-03  0.2000000E-03  0.5000000E-05  0.1250000E-03  0.5000000E-04  0.1100000E-04  0.5600000E-04  0.1400000E-04  0.7000000E-04  0.1200000E-04  0.8000000E-04

  USYSP = 0.6727840E-04  0.2000000E-03  0.2000000E-03  0.8711050E-05  0.7000000E-04  0.5000000E-04  0.3945400E-05  0.7100000E-04  0.5866220E-05  0.2200000E-04  0.8793120E-05  0.4200000E-04

  USYSN = 0.6727840E-04  0.2000000E-03  0.2000000E-03  0.8711050E-05  0.7000000E-04  0.5000000E-04  0.3945400E-05  0.7100000E-04  0.5866220E-05  0.2200000E-04  0.8793120E-05  0.4200000E-04

  USYS  = 0.6727840E-04  0.2000000E-03  0.2000000E-03  0.8711050E-05  0.7000000E-04  0.5000000E-04  0.3945400E-05  0.7100000E-04  0.5866220E-05  0.2200000E-04  0.8793120E-05  0.4200000E-04

STACOR
      1 | 0.1000000E+01  0.0000000E+00  0.0000000E+00  0.0000000E+00  0.0000000E+00  0.0000000E+00  0.0000000E+00  0.0000000E+00  0.0000000E+00  0.0000000E+00  0.0000000E+00  0.0000000E+00
      2 | 0.0000000E+00  0.1000000E+01  0.0000000E+00  0.0000000E+00  0.0000000E+00  0.0000000E+00  0.0000000E+00  0.0000000E+00  0.0000000E+00  0.0000000E+00  0.0000000E+00  0.0000000E+00
      3 | 0.0000000E+00  0.0000000E+00  0.1000000E+01  0.0000000E+00  0.0000000E+00  0.0000000E+00  0.0000000E+00  0.0000000E+00  0.0000000E+00  0.0000000E+00  0.0000000E+00  0.0000000E+00
      4 | 0.0000000E+00  0.0000000E+00  0.0000000E+00  0.1000000E+01  0.0000000E+00  0.0000000E+00  0.0000000E+00  0.0000000E+00  0.0000000E+00  0.0000000E+00  0.0000000E+00  0.0000000E+00
      5 | 0.0000000E+00  0.0000000E+00  0.0000000E+00  0.0000000E+00  0.1000000E+01  0.0000000E+00  0.0000000E+00  0.0000000E+00  0.0000000E+00  0.0000000E+00  0.0000000E+00  0.0000000E+00
      6 | 0.0000000E+00  0.0000000E+00  0.0000000E+00  0.0000000E+00  0.0000000E+00  0.1000000E+01  0.0000000E+00  0.0000000E+00  0.0000000E+00  0.0000000E+00  0.0000000E+00  0.0000000E+00
      7 | 0.0000000E+00  0.0000000E+00  0.0000000E+00  0.0000000E+00  0.0000000E+00  0.0000000E+00  0.1000000E+01  0.0000000E+00  0.0000000E+00  0.0000000E+00  0.0000000E+00  0.0000000E+00
      8 | 0.0000000E+00  0.0000000E+00  0.0000000E+00  0.0000000E+00  0.0000000E+00  0.0000000E+00  0.0000000E+00  0.1000000E+01  0.0000000E+00  0.0000000E+00  0.0000000E+00  0.0000000E+00
      9 | 0.0000000E+00  0.0000000E+00  0.0000000E+00  0.0000000E+00  0.0000000E+00  0.0000000E+00  0.0000000E+00  0.0000000E+00  0.1000000E+01  0.0000000E+00  0.0000000E+00  0.0000000E+00
     10 | 0.0000000E+00  0.0000000E+00  0.0000000E+00  0.0000000E+00  0.0000000E+00  0.0000000E+00  0.0000000E+00  0.0000000E+00  0.0000000E+00  0.1000000E+01  0.0000000E+00  0.0000000E+00
     11 | 0.0000000E+00  0.0000000E+00  0.0000000E+00  0.0000000E+00  0.0000000E+00  0.0000000E+00  0.0000000E+00  0.0000000E+00  0.0000000E+00  0.0000000E+00  0.1000000E+01  0.0000000E+00
     12 | 0.0000000E+00  0.0000000E+00  0.0000000E+00  0.0000000E+00  0.0000000E+00  0.0000000E+00  0.0000000E+00  0.0000000E+00  0.0000000E+00  0.0000000E+00  0.0000000E+00  0.1000000E+01

CSYSP
 SIGMAT |-0.4050000E-05  0.0000000E+00  0.0000000E+00 -0.4740000E-06  0.0000000E+00  0.0000000E+00 -0.1380000E-06  0.0000000E+00 -0.2640000E-06  0.0000000E+00 -0.4020000E-06  0.0000000E+00
 BELLEL |-0.1890000E-04  0.0000000E+00  0.0000000E+00 -0.2212000E-05  0.0000000E+00  0.0000000E+00 -0.6440000E-06  0.0000000E+00 -0.1232000E-05  0.0000000E+00 -0.1876000E-05  0.0000000E+00

CSYSN
 SIGMAT | 0.4050000E-05  0.0000000E+00  0.0000000E+00  0.4740000E-06  0.0000000E+00  0.0000000E+00  0.1380000E-06  0.0000000E+00  0.2640000E-06  0.0000000E+00  0.4020000E-06  0.0000000E+00
 BELLEL | 0.1890000E-04  0.0000000E+00  0.0000000E+00  0.2212000E-05  0.0000000E+00  0.0000000E+00  0.6440000E-06  0.0000000E+00  0.1232000E-05  0.0000000E+00  0.1876000E-05  0.0000000E+00

CSYS
 SIGMAT |-0.4050000E-05  0.0000000E+00  0.0000000E+00 -0.4740000E-06  0.0000000E+00  0.0000000E+00 -0.1380000E-06  0.0000000E+00 -0.2640000E-06  0.0000000E+00 -0.4020000E-06  0.0000000E+00
 BELLEL |-0.1890000E-04  0.0000000E+00  0.0000000E+00 -0.2212000E-05  0.0000000E+00  0.0000000E+00 -0.6440000E-06  0.0000000E+00 -0.1232000E-05  0.0000000E+00 -0.1876000E-05  0.0000000E+00

CSYS percentage error
 SIGMAT |-0.3000000E+00  0.0000000E+00  0.0000000E+00 -0.3000000E+00  0.0000000E+00  0.0000000E+00 -0.3000000E+00  0.0000000E+00 -0.3000000E+00  0.0000000E+00 -0.3000000E+00  0.0000000E+00
 BELLEL |-0.1400000E+01  0.0000000E+00  0.0000000E+00 -0.1400000E+01  0.0000000E+00  0.0000000E+00 -0.1400000E+01  0.0000000E+00 -0.1400000E+01  0.0000000E+00 -0.1400000E+01  0.0000000E+00

 CHPARA                  PARA     EXCUP     EXCUN      EXCU

 SIGMATAUPMY4S     0.9190E+00 0.3000E-02 0.3000E-02 0.3000E-02
 BELLELUMI         0.0000E+00 0.1000E+01 0.1000E+01 0.1000E+01
 PIMPIZNU          0.2540E+00 0.9643E-03 0.9643E-03 0.9643E-03
 KMKZSNU           0.7900E-03 0.8500E-04 0.8500E-04 0.8500E-04
 PIMPIZKZSNU       0.1725E-02 0.7500E-04 0.7500E-04 0.7500E-04
 KMPIZKZSNU        0.7200E-03 0.1150E-03 0.1150E-03 0.1150E-03
 PIMKZSKZSNU       0.2400E-03 0.5000E-04 0.5000E-04 0.5000E-04
 PIMPIMPIPNU       0.8951E-01 0.7026E-03 0.7026E-03 0.7026E-03
 PIMPIMPIPPIZNU    0.4550E-01 0.1300E-02 0.1300E-02 0.1300E-02
 PIMKMPIPNU        0.2925E-02 0.7090E-04 0.7090E-04 0.7090E-04
 PIMKMKPNU         0.1430E-02 0.2790E-04 0.2790E-04 0.2790E-04
 PIMKZSKZLNU       0.9300E-03 0.1100E-03 0.1100E-03 0.1100E-03
  
 Corrected measurements:
 BELLE PIMPIZETANU  0.1350000E-02 +/-  0.3000000E-04 +/-  0.6999997E-04 Tot:  0.7615770E-04
 ALEPH PIMPIZETANU  0.1800000E-02 +/-  0.4000000E-03 +/-  0.2000000E-03 Tot:  0.4472136E-03
 CLEO PIMPIZETANU P 0.1700000E-02 +/-  0.2000000E-03 +/-  0.2000000E-03 Tot:  0.2828427E-03
 BELLE KMETANU PUBL 0.1580000E-03 +/-  0.5000000E-05 +/-  0.9000001E-05 Tot:  0.1029563E-04
 ALEPH KMETANU PUBL 0.2900000E-03 +/-  0.1250000E-03 +/-  0.7000000E-04 Tot:  0.1432655E-03
 CLEO KMETANU PUBLI 0.2600000E-03 +/-  0.5000000E-04 +/-  0.5000000E-04 Tot:  0.7071068E-04
 BELLE KMPIZETANU P 0.4600000E-04 +/-  0.1100000E-04 +/-  0.3999995E-05 Tot:  0.1170470E-04
 CLEO KMPIZETANU PU 0.1770000E-03 +/-  0.5600000E-04 +/-  0.7100000E-04 Tot:  0.9042677E-04
 BELLE PIMKZBETANU  0.8800000E-04 +/-  0.1400000E-04 +/-  0.6000005E-05 Tot:  0.1523155E-04
 CLEO PIMKZBETANU P 0.2200000E-03 +/-  0.7000000E-04 +/-  0.2200000E-04 Tot:  0.7337575E-04
 BELLE KSTARMETANU  0.1340000E-03 +/-  0.1200000E-04 +/-  0.8999997E-05 Tot:  0.1500000E-04
 CLEO KSTARMETANU P 0.2900000E-03 +/-  0.8000000E-04 +/-  0.4200000E-04 Tot:  0.9035485E-04
  

SYSCOR
      1 | 0.0000000E+00  0.0000000E+00  0.0000000E+00  0.0000000E+00  0.0000000E+00  0.0000000E+00  0.0000000E+00  0.0000000E+00  0.0000000E+00  0.0000000E+00  0.0000000E+00  0.0000000E+00
      2 | 0.0000000E+00  0.0000000E+00  0.0000000E+00  0.0000000E+00  0.0000000E+00  0.0000000E+00  0.0000000E+00  0.0000000E+00  0.0000000E+00  0.0000000E+00  0.0000000E+00  0.0000000E+00
      3 | 0.0000000E+00  0.0000000E+00  0.0000000E+00  0.0000000E+00  0.0000000E+00  0.0000000E+00  0.0000000E+00  0.0000000E+00  0.0000000E+00  0.0000000E+00  0.0000000E+00  0.0000000E+00
      4 | 0.0000000E+00  0.0000000E+00  0.0000000E+00  0.0000000E+00  0.0000000E+00  0.0000000E+00  0.0000000E+00  0.0000000E+00  0.0000000E+00  0.0000000E+00  0.0000000E+00  0.0000000E+00
      5 | 0.0000000E+00  0.0000000E+00  0.0000000E+00  0.0000000E+00  0.0000000E+00  0.0000000E+00  0.0000000E+00  0.0000000E+00  0.0000000E+00  0.0000000E+00  0.0000000E+00  0.0000000E+00
      6 | 0.0000000E+00  0.0000000E+00  0.0000000E+00  0.0000000E+00  0.0000000E+00  0.0000000E+00  0.0000000E+00  0.0000000E+00  0.0000000E+00  0.0000000E+00  0.0000000E+00  0.0000000E+00
      7 | 0.0000000E+00  0.0000000E+00  0.0000000E+00  0.0000000E+00  0.0000000E+00  0.0000000E+00  0.0000000E+00  0.0000000E+00  0.0000000E+00  0.0000000E+00  0.0000000E+00  0.0000000E+00
      8 | 0.0000000E+00  0.0000000E+00  0.0000000E+00  0.0000000E+00  0.0000000E+00  0.0000000E+00  0.0000000E+00  0.0000000E+00  0.0000000E+00  0.0000000E+00  0.0000000E+00  0.0000000E+00
      9 | 0.0000000E+00  0.0000000E+00  0.0000000E+00  0.0000000E+00  0.0000000E+00  0.0000000E+00  0.0000000E+00  0.0000000E+00  0.0000000E+00  0.0000000E+00  0.0000000E+00  0.0000000E+00
     10 | 0.0000000E+00  0.0000000E+00  0.0000000E+00  0.0000000E+00  0.0000000E+00  0.0000000E+00  0.0000000E+00  0.0000000E+00  0.0000000E+00  0.0000000E+00  0.0000000E+00  0.0000000E+00
     11 | 0.0000000E+00  0.0000000E+00  0.0000000E+00  0.0000000E+00  0.0000000E+00  0.0000000E+00  0.0000000E+00  0.0000000E+00  0.0000000E+00  0.0000000E+00  0.0000000E+00  0.0000000E+00
     12 | 0.0000000E+00  0.0000000E+00  0.0000000E+00  0.0000000E+00  0.0000000E+00  0.0000000E+00  0.0000000E+00  0.0000000E+00  0.0000000E+00  0.0000000E+00  0.0000000E+00  0.0000000E+00

TOTCOR
      1 | 0.0000000E+00  0.0000000E+00  0.0000000E+00  0.0000000E+00  0.0000000E+00  0.0000000E+00  0.0000000E+00  0.0000000E+00  0.0000000E+00  0.0000000E+00  0.0000000E+00  0.0000000E+00
      2 | 0.0000000E+00  0.0000000E+00  0.0000000E+00  0.0000000E+00  0.0000000E+00  0.0000000E+00  0.0000000E+00  0.0000000E+00  0.0000000E+00  0.0000000E+00  0.0000000E+00  0.0000000E+00
      3 | 0.0000000E+00  0.0000000E+00  0.0000000E+00  0.0000000E+00  0.0000000E+00  0.0000000E+00  0.0000000E+00  0.0000000E+00  0.0000000E+00  0.0000000E+00  0.0000000E+00  0.0000000E+00
      4 | 0.0000000E+00  0.0000000E+00  0.0000000E+00  0.0000000E+00  0.0000000E+00  0.0000000E+00  0.0000000E+00  0.0000000E+00  0.0000000E+00  0.0000000E+00  0.0000000E+00  0.0000000E+00
      5 | 0.0000000E+00  0.0000000E+00  0.0000000E+00  0.0000000E+00  0.0000000E+00  0.0000000E+00  0.0000000E+00  0.0000000E+00  0.0000000E+00  0.0000000E+00  0.0000000E+00  0.0000000E+00
      6 | 0.0000000E+00  0.0000000E+00  0.0000000E+00  0.0000000E+00  0.0000000E+00  0.0000000E+00  0.0000000E+00  0.0000000E+00  0.0000000E+00  0.0000000E+00  0.0000000E+00  0.0000000E+00
      7 | 0.0000000E+00  0.0000000E+00  0.0000000E+00  0.0000000E+00  0.0000000E+00  0.0000000E+00  0.0000000E+00  0.0000000E+00  0.0000000E+00  0.0000000E+00  0.0000000E+00  0.0000000E+00
      8 | 0.0000000E+00  0.0000000E+00  0.0000000E+00  0.0000000E+00  0.0000000E+00  0.0000000E+00  0.0000000E+00  0.0000000E+00  0.0000000E+00  0.0000000E+00  0.0000000E+00  0.0000000E+00
      9 | 0.0000000E+00  0.0000000E+00  0.0000000E+00  0.0000000E+00  0.0000000E+00  0.0000000E+00  0.0000000E+00  0.0000000E+00  0.0000000E+00  0.0000000E+00  0.0000000E+00  0.0000000E+00
     10 | 0.0000000E+00  0.0000000E+00  0.0000000E+00  0.0000000E+00  0.0000000E+00  0.0000000E+00  0.0000000E+00  0.0000000E+00  0.0000000E+00  0.0000000E+00  0.0000000E+00  0.0000000E+00
     11 | 0.0000000E+00  0.0000000E+00  0.0000000E+00  0.0000000E+00  0.0000000E+00  0.0000000E+00  0.0000000E+00  0.0000000E+00  0.0000000E+00  0.0000000E+00  0.0000000E+00  0.0000000E+00
     12 | 0.0000000E+00  0.0000000E+00  0.0000000E+00  0.0000000E+00  0.0000000E+00  0.0000000E+00  0.0000000E+00  0.0000000E+00  0.0000000E+00  0.0000000E+00  0.0000000E+00  0.0000000E+00
 CHI2_N_SYM: CHI2, NMEFF, NQUAN, NDOF =   13.1920488 12 5 7
 CHI2_N_SYM: CHI2/NDOF, SCALE FAC, CL =   1.8845784  1.37279948  0.0675651282
  
  DUMP FIT RESULTS: diag=toterror off-diag=corr. coeff=corr_sys/toterror
                         SIGMATAUPMY4S     BELLELUMI M_PIMPIZETANU     M_KMETANU  M_KMPIZETANU M_PIMKZBETANU M_KSTARMETANU
 SIGMATAU    -0.0523530      0.9998261    -0.0016298    -0.0505802    -0.0451547    -0.0116027    -0.0168443    -0.0262463
 BELLELUM    -0.2443140     -0.0016298     0.9962050    -0.2368990    -0.2114877    -0.0543428    -0.0788925    -0.1229280
 M_PIMPIZ     0.0013872     -0.0505802    -0.2368990     0.0000726     0.0524202     0.0134696     0.0195546     0.0304694
 M_KMETAN     0.0001612     -0.0451547    -0.2114877     0.0524202     0.0000102     0.0120248     0.0174571     0.0272011
 M_KMPIZE     0.0000483     -0.0116027    -0.0543428     0.0134696     0.0120248     0.0000116     0.0044857     0.0069895
 M_PIMKZB     0.0000937     -0.0168443    -0.0788925     0.0195546     0.0174571     0.0044857     0.0000149     0.0101470
 M_KSTARM     0.0001386     -0.0262463    -0.1229280     0.0304694     0.0272011     0.0069895     0.0101470     0.0000148
                         SIGMATAUPMY4S     BELLELUMI M_PIMPIZETANU     M_KMETANU  M_KMPIZETANU M_PIMKZBETANU M_KSTARMETANU
  
 --Averaged parameters, using stat+syst---
 --breakdown of errors: syst then stat-----
                         SIGMATAUPMY4S     BELLELUMI M_PIMPIZETANU     M_KMETANU  M_KMPIZETANU M_PIMKZBETANU M_KSTARMETANU
 M_PIMPIZ     0.0013872     -0.0000037    -0.0000172     0.0000704     0.0000000     0.0000000     0.0000000     0.0000000
 M_KMETAN     0.0001612     -0.0000005    -0.0000021     0.0000000     0.0000099     0.0000000     0.0000000     0.0000000
 M_KMPIZE     0.0000483     -0.0000001    -0.0000006     0.0000000     0.0000000     0.0000116     0.0000000     0.0000000
 M_PIMKZB     0.0000937     -0.0000003    -0.0000012     0.0000000     0.0000000     0.0000000     0.0000149     0.0000000
 M_KSTARM     0.0001386     -0.0000004    -0.0000018     0.0000000     0.0000000     0.0000000     0.0000000     0.0000147
                         SIGMATAUPMY4S     BELLELUMI M_PIMPIZETANU     M_KMETANU  M_KMPIZETANU M_PIMKZBETANU M_KSTARMETANU
  
        M_PIMPIZETANU      0.0013872 +/-      0.0000704 +/-      0.0000176 Tot Err:     0.0000726 Check Sys:     0.0000176
            M_KMETANU      0.0001612 +/-      0.0000099 +/-      0.0000022 Tot Err:     0.0000102 Check Sys:     0.0000022
         M_KMPIZETANU      0.0000483 +/-      0.0000116 +/-      0.0000006 Tot Err:     0.0000116 Check Sys:     0.0000006
        M_PIMKZBETANU      0.0000937 +/-      0.0000149 +/-      0.0000012 Tot Err:     0.0000149 Check Sys:     0.0000012
        M_KSTARMETANU      0.0001386 +/-      0.0000147 +/-      0.0000019 Tot Err:     0.0000148 Check Sys:     0.0000019
 Correlation between M_PIMPIZETANU and M_KMETANU =      0.0524202
 Correlation between M_PIMPIZETANU and M_KMPIZETANU =      0.0134696
 Correlation between M_PIMPIZETANU and M_PIMKZBETANU =      0.0195546
 Correlation between M_PIMPIZETANU and M_KSTARMETANU =      0.0304694
 Correlation between M_KMETANU and M_KMPIZETANU =      0.0120248
 Correlation between M_KMETANU and M_PIMKZBETANU =      0.0174571
 Correlation between M_KMETANU and M_KSTARMETANU =      0.0272011
 Correlation between M_KMPIZETANU and M_PIMKZBETANU =      0.0044857
 Correlation between M_KMPIZETANU and M_KSTARMETANU =      0.0069895
 Correlation between M_PIMKZBETANU and M_KSTARMETANU =      0.0101470
  
 CHI2_N_SYM      :   M_PIMPIZETANU= 0.1387243E-02  +-  0.7255980E-04            CL =  0.0676
                         M_KMETANU= 0.1611919E-03  +-  0.1016094E-04            RHO= +0.0524
                      M_KMPIZETANU= 0.4831379E-04  +-  0.1160772E-04            RHO= +0.0135 +0.0120
                     M_PIMKZBETANU= 0.9371911E-04  +-  0.1491324E-04            RHO= +0.0196 +0.0175 +0.0045
                     M_KSTARMETANU= 0.1385841E-03  +-  0.1479659E-04            RHO= +0.0305 +0.0272 +0.0070 +0.0101
                   stat. only -->   0.1360122E-02  +-  0.2958682E-04            CL =  0.0027
                                    0.1592171E-03  +-  0.4971250E-05            RHO= +0.0000
                                    0.5086675E-04  +-  0.1079374E-04            RHO= +0.0000 +0.0000
                                    0.9307692E-04  +-  0.1372813E-04            RHO= +0.0000 +0.0000 +0.0000
                                    0.1374328E-03  +-  0.1186724E-04            RHO= +0.0000 +0.0000 +0.0000 +0.0000
                   syst. only -->                  +-  0.6625363E-04                        
                                                   +-  0.8861789E-05            RHO= +0.0658
                                                   +-  0.4270173E-05            RHO= +0.0401 +0.0375
                                                   +-  0.5826089E-05            RHO= +0.0548 +0.0512 +0.0312
                                                   +-  0.8837864E-05            RHO= +0.0559 +0.0522 +0.0318 +0.0435


 Total number of ERROR   messages generated by COMBOS:      4
