../../../combos/combos average.input  
 COMBOS version  3.33 (Jan 21, 2010) run on  on 14/02/10 at 11.07.24


 ==============================================================================

 M_KMPIZNU combination: combined analysis BABAR+PDG ALL_METHODS
 ----------------------

 List of  4 analyses to combine:

 Analysis  Experiment      Method          Quality         Measurement     Steps
       1>  BABAR           COUNT           PUBLISHED       M_KMPIZNU              1
       2>  OPAL            COUNT           PUBLISHED       M_KMPIZNU              1
       3>  ALEPH           COUNT           PUBLISHED       M_KMPIZNU              1
       4>  CLEO            COUNT           PUBLISHED       M_KMPIZNU              1
 Combined  BABAR+PDG       ALL_METHODS                     M_KMPIZNU              1

 CORrelated and UNCorrelated systematic uncertainties:

                    Analysis number
 Uncertainty           1   2   3   4
 BABAROTHER          UNC
 OPALOTHER               UNC
 ALEPHOTHER                  UNC
 CLEOOTHER                       UNC

 "Extra" parameters:
 SIGMATAUPMY4S       0.9190   +0.0030   -0.0030    0.0030
 PIMPIZKZSNU         0.0018   +0.0002   -0.0002    0.0002
 PIMKZSKZLNU         0.0009   +0.0001   -0.0001    0.0001
 KMKZSNU             0.0008   +0.0001   -0.0001    0.0001
 PIMKMKPNU           0.0014   +0.0001   -0.0001    0.0001

 Results of combination:

 CHI2_SYM: CHI2, NMEFF, CHI2/NDOF =   2.87308079 4  0.957693596

 ===============================================================================
 Dump of master.inc:

 CHROUT = DUMP_MASTER_INC 
 CHCOMB = BABAR+PDG ALL_METHODS
 CHMEAS = M_KMPIZNU       
 CHSTEP =                 
  ISTEP =        1
  VSTEP =     0.0000
  LUNIT =        6
  NMEAS =        4
  NQUAN =        1
  NMEFF =        4
  NCSYS =        0
  NPARA =        5
 CHANAL = BABAR COUNT PUBLISHED
          OPAL COUNT PUBLISHED
          ALEPH COUNT PUBLISHED
          CLEO COUNT PUBLISHED

   MEAS =     0.0041600     0.0047100     0.0044400     0.0051000

   QUAN =       1       1       1       1

  STATP =     0.0000300     0.0005900     0.0002600     0.0010000

  STATN =     0.0000300     0.0005900     0.0002600     0.0010000

  STAT  =     0.0000300     0.0005900     0.0002600     0.0010000

  USYSP =     0.0001800     0.0002300     0.0002400     0.0007000

  USYSN =     0.0001800     0.0002300     0.0002400     0.0007000

  USYS  =     0.0001800     0.0002300     0.0002400     0.0007000

STACOR
      1 |     1.0000000     0.0000000     0.0000000     0.0000000
      2 |     0.0000000     1.0000000     0.0000000     0.0000000
      3 |     0.0000000     0.0000000     1.0000000     0.0000000
      4 |     0.0000000     0.0000000     0.0000000     1.0000000

CSYSP

CSYSN

CSYS

CSYS percentage error

 CHPARA                  PARA     EXCUP     EXCUN      EXCU

 SIGMATAUPMY4S         0.9190    0.0030    0.0030    0.0030
 PIMPIZKZSNU           0.0018    0.0002    0.0002    0.0002
 PIMKZSKZLNU           0.0009    0.0001    0.0001    0.0001
 KMKZSNU               0.0008    0.0001    0.0001    0.0001
 PIMKMKPNU             0.0014    0.0001    0.0001    0.0001
  
 Corrected measurements:
 BABAR COUNT PUBLIS     0.0041600+/-     0.0000300+/-     0.0001800 Tot Err:     0.0001825
 OPAL COUNT PUBLISH     0.0047100+/-     0.0005900+/-     0.0002300 Tot Err:     0.0006332
 ALEPH COUNT PUBLIS     0.0044400+/-     0.0002600+/-     0.0002400 Tot Err:     0.0003538
 CLEO COUNT PUBLISH     0.0051000+/-     0.0010000+/-     0.0007000 Tot Err:     0.0012207
  

SYSCOR
      1 |     0.0000000     0.0000000     0.0000000     0.0000000
      2 |     0.0000000     0.0000000     0.0000000     0.0000000
      3 |     0.0000000     0.0000000     0.0000000     0.0000000
      4 |     0.0000000     0.0000000     0.0000000     0.0000000

TOTCOR
      1 |     0.0000000     0.0000000     0.0000000     0.0000000
      2 |     0.0000000     0.0000000     0.0000000     0.0000000
      3 |     0.0000000     0.0000000     0.0000000     0.0000000
      4 |     0.0000000     0.0000000     0.0000000     0.0000000
 CHI2_SYM: CHI2, NMEFF, CHI2/NDOF =   1.53727695 4  0.51242565
 CHI2_SYM        :       M_KMPIZNU=    0.00426  +-     0.00016         CL =  0.6737
                   stat. only -->      0.00417  +-     0.00003         CL =  0.4116
                   syst. only -->               +-     0.00015                     


