 COMBOS version  3.33 (Mar 20, 2010) run on  on 29/03/10 at 19.43.59


 ==============================================================================

 M_KMPIZNU combination: combined analysis BABAR+PDG ALL_METHODS
 ----------------------

 List of  4 analyses to combine:

 Analysis  Experiment      Method          Quality         Measurement     Steps
       1>  BABAR           COUNT           PUBLISHED       M_KMPIZNU              1
       2>  OPAL            COUNT           PUBLISHED       M_KMPIZNU              1
       3>  ALEPH           COUNT           PUBLISHED       M_KMPIZNU              1
       4>  CLEO            COUNT           PUBLISHED       M_KMPIZNU              1
 Combined  BABAR+PDG       ALL_METHODS                     M_KMPIZNU              1

 CORrelated and UNCorrelated systematic uncertainties:

                    Analysis number
 Uncertainty           1   2   3   4
 BABAROTHER          UNC
 OPALOTHER               UNC
 ALEPHOTHER                  UNC
 CLEOOTHER                       UNC

 "Extra" parameters:
 SIGMATAUPMY4S   0.9190E+00 +.3000E-02 -.3000E-02 0.3000E-02
 PIMPIZNU        0.2540E+00 +.9643E-03 -.9643E-03 0.9643E-03
 KMKZSNU         0.7900E-03 +.8500E-04 -.8500E-04 0.8500E-04
 PIMPIZKZSNU     0.1725E-02 +.7500E-04 -.7500E-04 0.7500E-04
 KMPIZKZSNU      0.7200E-03 +.1150E-03 -.1150E-03 0.1150E-03
 PIMKZSKZSNU     0.2400E-03 +.5000E-04 -.5000E-04 0.5000E-04
 PIMPIMPIPNU     0.8951E-01 +.7026E-03 -.7026E-03 0.7026E-03
 PIMPIMPIPPIZNU  0.4550E-01 +.1300E-02 -.1300E-02 0.1300E-02
 PIMKMPIPNU      0.2925E-02 +.7090E-04 -.7090E-04 0.7090E-04
 PIMKMKPNU       0.1430E-02 +.2790E-04 -.2790E-04 0.2790E-04
 PIMKZSKZLNU     0.9300E-03 +.1100E-03 -.1100E-03 0.1100E-03

 Results of combination:

 CHI2_SYM: CHI2, NMEFF, NQUAN, NDOF =   2.87308079 4 1 3
 CHI2_SYM: CHI2/NDOF, SCALE FAC, CL =   0.957693596  0.978618207  0.411610395

 ===============================================================================
 Dump of master.inc:

 CHROUT = DUMP_MASTER_INC 
 CHCOMB = BABAR+PDG ALL_METHODS
 CHMEAS = M_KMPIZNU       
 CHSTEP =                 
  ISTEP =        1
  VSTEP = 0.0000E+00
  LUNIT =        6
  NMEAS =        4
  NQUAN =        1
  NMEFF =        4
  NCSYS =        0
  NPARA =       11
 CHANAL = BABAR COUNT PUBLISHED
          OPAL COUNT PUBLISHED
          ALEPH COUNT PUBLISHED
          CLEO COUNT PUBLISHED

   MEAS = 0.4160000E-02  0.4710000E-02  0.4440000E-02  0.5100000E-02

   QUAN               1              1              1              1

  STATP = 0.3000000E-04  0.5900000E-03  0.2600000E-03  0.1000000E-02

  STATN = 0.3000000E-04  0.5900000E-03  0.2600000E-03  0.1000000E-02

  STAT  = 0.3000000E-04  0.5900000E-03  0.2600000E-03  0.1000000E-02

  USYSP = 0.1800000E-03  0.2300000E-03  0.2400000E-03  0.7000000E-03

  USYSN = 0.1800000E-03  0.2300000E-03  0.2400000E-03  0.7000000E-03

  USYS  = 0.1800000E-03  0.2300000E-03  0.2400000E-03  0.7000000E-03

STACOR
      1 | 0.1000000E+01  0.0000000E+00  0.0000000E+00  0.0000000E+00
      2 | 0.0000000E+00  0.1000000E+01  0.0000000E+00  0.0000000E+00
      3 | 0.0000000E+00  0.0000000E+00  0.1000000E+01  0.0000000E+00
      4 | 0.0000000E+00  0.0000000E+00  0.0000000E+00  0.1000000E+01

CSYSP

CSYSN

CSYS

CSYS percentage error

 CHPARA                  PARA     EXCUP     EXCUN      EXCU

 SIGMATAUPMY4S     0.9190E+00 0.3000E-02 0.3000E-02 0.3000E-02
 PIMPIZNU          0.2540E+00 0.9643E-03 0.9643E-03 0.9643E-03
 KMKZSNU           0.7900E-03 0.8500E-04 0.8500E-04 0.8500E-04
 PIMPIZKZSNU       0.1725E-02 0.7500E-04 0.7500E-04 0.7500E-04
 KMPIZKZSNU        0.7200E-03 0.1150E-03 0.1150E-03 0.1150E-03
 PIMKZSKZSNU       0.2400E-03 0.5000E-04 0.5000E-04 0.5000E-04
 PIMPIMPIPNU       0.8951E-01 0.7026E-03 0.7026E-03 0.7026E-03
 PIMPIMPIPPIZNU    0.4550E-01 0.1300E-02 0.1300E-02 0.1300E-02
 PIMKMPIPNU        0.2925E-02 0.7090E-04 0.7090E-04 0.7090E-04
 PIMKMKPNU         0.1430E-02 0.2790E-04 0.2790E-04 0.2790E-04
 PIMKZSKZLNU       0.9300E-03 0.1100E-03 0.1100E-03 0.1100E-03
  
 Corrected measurements:
 BABAR COUNT PUBLIS 0.4160000E-02 +/-  0.3000000E-04 +/-  0.1800000E-03 Tot:  0.1824829E-03
 OPAL COUNT PUBLISH 0.4710000E-02 +/-  0.5900000E-03 +/-  0.2300000E-03 Tot:  0.6332456E-03
 ALEPH COUNT PUBLIS 0.4440000E-02 +/-  0.2600000E-03 +/-  0.2400000E-03 Tot:  0.3538361E-03
 CLEO COUNT PUBLISH 0.5100000E-02 +/-  0.1000000E-02 +/-  0.7000000E-03 Tot:  0.1220656E-02
  

SYSCOR
      1 | 0.0000000E+00  0.0000000E+00  0.0000000E+00  0.0000000E+00
      2 | 0.0000000E+00  0.0000000E+00  0.0000000E+00  0.0000000E+00
      3 | 0.0000000E+00  0.0000000E+00  0.0000000E+00  0.0000000E+00
      4 | 0.0000000E+00  0.0000000E+00  0.0000000E+00  0.0000000E+00

TOTCOR
      1 | 0.0000000E+00  0.0000000E+00  0.0000000E+00  0.0000000E+00
      2 | 0.0000000E+00  0.0000000E+00  0.0000000E+00  0.0000000E+00
      3 | 0.0000000E+00  0.0000000E+00  0.0000000E+00  0.0000000E+00
      4 | 0.0000000E+00  0.0000000E+00  0.0000000E+00  0.0000000E+00
 CHI2_SYM: CHI2, NMEFF, NQUAN, NDOF =   1.53727695 4 1 3
 CHI2_SYM: CHI2/NDOF, SCALE FAC, CL =   0.51242565  0.715839123  0.673693955
 CHI2_SYM        :       M_KMPIZNU= 0.4262930E-02  +-  0.1558280E-03            CL =  0.6737
                   stat. only -->   0.4165897E-02  +-  0.2975114E-04            CL =  0.4116
                   syst. only -->                  +-  0.1529615E-03                        


