../../../combos/combos average.input  
 COMBOS version  3.33 (Jan 21, 2010) run on  on 15/03/10 at 16.44.54


 ==============================================================================

 M_PIMKZBNU combination: combined analysis BABAR+BELLE ALL_METHODS
 -----------------------

 List of  7 analyses to combine:

 Analysis  Experiment      Method          Quality         Measurement     Steps
       1>  BELLE           NORM_TO_BE      PUBLISHED       M_PIMKZBNU             1
       2>  BABAR           COUNT           PRELIMINARY     M_PIMKZBNU             1
       3>  OPAL            COUNT           PUB             M_PIMKZBNU             1
       4>  ALEPH           COUNT_KL        PUB             M_PIMKZBNU             1
       5>  ALEPH           COUNT           PUB             M_PIMKZBNU             1
       6>  CLEO            COUNT           PUB             M_PIMKZBNU             1
       7>  L3              COUNT           PUB             M_PIMKZBNU             1
 Combined  BABAR+BELLE     ALL_METHODS                     M_PIMKZBNU             1

 Adjustments performed to express the individual measurements
 at the desired values of the parameters:

 Analysis  Parameter           Value used   Desired value      Adjustment
       1>  PIMKZSKZLNU             0.0008          0.0009         +2.5000
               neg. excurs.       +0.0001         +0.0001          1.8333
               pos. excurs.       -0.0001         -0.0001          1.8333
       2>  PIMPIZNU                0.2538          0.2546         +0.8460
               neg. excurs.       +0.0010         +0.0012          1.2000
               pos. excurs.       -0.0010         -0.0012          1.2000
       2>  KMKZSNU                 0.0008          0.0008         -0.4437
               neg. excurs.       +0.0001         +0.0001          1.0625
               pos. excurs.       -0.0001         -0.0001          1.0625
       2>  PIMPIZKZSNU             0.0019          0.0018         -0.4175
               neg. excurs.       +0.0002         +0.0002          1.0000
               pos. excurs.       -0.0002         -0.0002          1.0000
       2>  KMPIZKZSNU              0.0008          0.0007         -0.3563
               neg. excurs.       +0.0001         +0.0001          0.8537
               pos. excurs.       -0.0001         -0.0001          0.8537
       2>  PIMPIMPIPNU             0.0918          0.0885         -4.1038
               neg. excurs.       +0.0008         +0.0013          1.6250
               pos. excurs.       -0.0008         -0.0013          1.6250
       2>  PIMPIMPIPPIZNU          0.0437          0.0455         +3.0767
               neg. excurs.       +0.0006         +0.0013          2.1667
               pos. excurs.       -0.0006         -0.0013          2.1667
       2>  PIMKMPIPNU              0.0030          0.0028         -0.5225
               neg. excurs.       +0.0004         +0.0002          0.4750
               pos. excurs.       -0.0004         -0.0002          0.4750
       2>  PIMKMKPNU               0.0013          0.0014         +0.6424
               neg. excurs.       +0.0000         +0.0001          1.6060
               pos. excurs.       +0.0000         -0.0001          1.6060
       2>  PIMKZSKZLNU             0.0007          0.0009         +3.6714
               neg. excurs.       +0.0001         +0.0001          1.5714
               pos. excurs.       -0.0001         -0.0001          1.5714

 CORrelated and UNCorrelated systematic uncertainties:

                    Analysis number
 Uncertainty           1   2   3   4   5   6   7
 PIMPIZKZSNU         COR COR
 PIMKZSKZLNU         COR COR
 KMKZSNU             COR COR
 PIMPIZNU                COR
 KMPIZKZSNU              COR
 PIMKZSKZSNU             COR
 PIMPIMPIPNU             COR
 PIMPIMPIPPIZNU          COR
 PIMKMPIPNU              COR
 PIMKMKPNU               COR
 SIGMATAUPMY4S           COR
 PIMPIMPIPNU_1       UNC
 BELLEOTHER          UNC
 BABARLUMI               UNC
 BABAROTHER              UNC
 OPALOTHER                   UNC
 ALEPHKLOTHER                    UNC
 ALEPHOTHER                          UNC
 CLEOOTHER                               UNC
 L3OTHER                                     UNC

 "Correlated" parameters:
 PIMPIZKZSNU         0.0018   +0.0002   -0.0002    0.0002
 PIMKZSKZLNU         0.0009   +0.0001   -0.0001    0.0001
 KMKZSNU             0.0008   +0.0001   -0.0001    0.0001
 PIMPIZNU            0.2546   +0.0012   -0.0012    0.0012
 KMPIZKZSNU          0.0007   +0.0001   -0.0001    0.0001
 PIMKZSKZSNU         0.0002   +0.0000   +0.0000    0.0000
 PIMPIMPIPNU         0.0885   +0.0013   -0.0013    0.0013
 PIMPIMPIPPIZNU      0.0455   +0.0013   -0.0013    0.0013
 PIMKMPIPNU          0.0028   +0.0002   -0.0002    0.0002
 PIMKMKPNU           0.0014   +0.0001   -0.0001    0.0001
 SIGMATAUPMY4S       0.9190   +0.0030   -0.0030    0.0030

 Results of combination:

 CHI2_SYM: CHI2, NMEFF, CHI2/NDOF =   27.1409068 7  4.52348447

 ===============================================================================
 Dump of master.inc:

 CHROUT = DUMP_MASTER_INC 
 CHCOMB = BABAR+BELLE ALL_METHODS
 CHMEAS = M_PIMKZBNU      
 CHSTEP =                 
  ISTEP =        1
  VSTEP =     0.0000
  LUNIT =        6
  NMEAS =        7
  NQUAN =        1
  NMEFF =        7
  NCSYS =       11
  NPARA =       11
 CHANAL = BELLE NORM_TO_BE PUBLISHED
          BABAR COUNT PRELIMINARY
          OPAL COUNT PUB
          ALEPH COUNT_KL PUB
          ALEPH COUNT PUB
          CLEO COUNT PUB
          L3 COUNT PUB

   MEAS =     0.0079184     0.0080838     0.0093300     0.0092800     0.0085500     0.0070400     0.0095000

   QUAN =       1       1       1       1       1       1       1

  STATP =     0.0000400     0.0000400     0.0006800     0.0004500     0.0011700     0.0004100     0.0015000

  STATN =     0.0000400     0.0000400     0.0006800     0.0004500     0.0011700     0.0004100     0.0015000

  STAT  =     0.0000400     0.0000400     0.0006800     0.0004500     0.0011700     0.0004100     0.0015000

  USYSP =     0.0002306     0.0001946     0.0004900     0.0003400     0.0006600     0.0007200     0.0006000

  USYSN =     0.0002306     0.0001946     0.0004900     0.0003400     0.0006600     0.0007200     0.0006000

  USYS  =     0.0002306     0.0001946     0.0004900     0.0003400     0.0006600     0.0007200     0.0006000

STACOR
      1 |     1.0000000     0.0000000     0.0000000     0.0000000     0.0000000     0.0000000     0.0000000
      2 |     0.0000000     1.0000000     0.0000000     0.0000000     0.0000000     0.0000000     0.0000000
      3 |     0.0000000     0.0000000     1.0000000     0.0000000     0.0000000     0.0000000     0.0000000
      4 |     0.0000000     0.0000000     0.0000000     1.0000000     0.0000000     0.0000000     0.0000000
      5 |     0.0000000     0.0000000     0.0000000     0.0000000     1.0000000     0.0000000     0.0000000
      6 |     0.0000000     0.0000000     0.0000000     0.0000000     0.0000000     1.0000000     0.0000000
      7 |     0.0000000     0.0000000     0.0000000     0.0000000     0.0000000     0.0000000     1.0000000

CSYSP
 PIMPIZ |    -0.0000889    -0.0000589     0.0000000     0.0000000     0.0000000     0.0000000     0.0000000
 PIMKZS |    -0.0001185    -0.0001548     0.0000000     0.0000000     0.0000000     0.0000000     0.0000000
 KMKZSN |    -0.0000485    -0.0000068     0.0000000     0.0000000     0.0000000     0.0000000     0.0000000
 PIMPIZ |     0.0000000    -0.0000001     0.0000000     0.0000000     0.0000000     0.0000000     0.0000000
 KMPIZK |     0.0000000    -0.0000020     0.0000000     0.0000000     0.0000000     0.0000000     0.0000000
 PIMKZS |     0.0000000    -0.0000009     0.0000000     0.0000000     0.0000000     0.0000000     0.0000000
 PIMPIM |     0.0000000    -0.0000079     0.0000000     0.0000000     0.0000000     0.0000000     0.0000000
 PIMPIM |     0.0000000    -0.0000023     0.0000000     0.0000000     0.0000000     0.0000000     0.0000000
 PIMKMP |     0.0000000    -0.0000009     0.0000000     0.0000000     0.0000000     0.0000000     0.0000000
 PIMKMK |     0.0000000    -0.0000006     0.0000000     0.0000000     0.0000000     0.0000000     0.0000000
 SIGMAT |     0.0000000    -0.0000332     0.0000000     0.0000000     0.0000000     0.0000000     0.0000000

CSYSN
 PIMPIZ |     0.0000889     0.0000589     0.0000000     0.0000000     0.0000000     0.0000000     0.0000000
 PIMKZS |     0.0001185     0.0001548     0.0000000     0.0000000     0.0000000     0.0000000     0.0000000
 KMKZSN |     0.0000485     0.0000068     0.0000000     0.0000000     0.0000000     0.0000000     0.0000000
 PIMPIZ |     0.0000000     0.0000001     0.0000000     0.0000000     0.0000000     0.0000000     0.0000000
 KMPIZK |     0.0000000     0.0000020     0.0000000     0.0000000     0.0000000     0.0000000     0.0000000
 PIMKZS |     0.0000000     0.0000009     0.0000000     0.0000000     0.0000000     0.0000000     0.0000000
 PIMPIM |     0.0000000     0.0000079     0.0000000     0.0000000     0.0000000     0.0000000     0.0000000
 PIMPIM |     0.0000000     0.0000023     0.0000000     0.0000000     0.0000000     0.0000000     0.0000000
 PIMKMP |     0.0000000     0.0000009     0.0000000     0.0000000     0.0000000     0.0000000     0.0000000
 PIMKMK |     0.0000000     0.0000006     0.0000000     0.0000000     0.0000000     0.0000000     0.0000000
 SIGMAT |     0.0000000     0.0000332     0.0000000     0.0000000     0.0000000     0.0000000     0.0000000

CSYS
 PIMPIZ |    -0.0000889    -0.0000589     0.0000000     0.0000000     0.0000000     0.0000000     0.0000000
 PIMKZS |    -0.0001185    -0.0001548     0.0000000     0.0000000     0.0000000     0.0000000     0.0000000
 KMKZSN |    -0.0000485    -0.0000068     0.0000000     0.0000000     0.0000000     0.0000000     0.0000000
 PIMPIZ |     0.0000000    -0.0000001     0.0000000     0.0000000     0.0000000     0.0000000     0.0000000
 KMPIZK |     0.0000000    -0.0000020     0.0000000     0.0000000     0.0000000     0.0000000     0.0000000
 PIMKZS |     0.0000000    -0.0000009     0.0000000     0.0000000     0.0000000     0.0000000     0.0000000
 PIMPIM |     0.0000000    -0.0000079     0.0000000     0.0000000     0.0000000     0.0000000     0.0000000
 PIMPIM |     0.0000000    -0.0000023     0.0000000     0.0000000     0.0000000     0.0000000     0.0000000
 PIMKMP |     0.0000000    -0.0000009     0.0000000     0.0000000     0.0000000     0.0000000     0.0000000
 PIMKMK |     0.0000000    -0.0000006     0.0000000     0.0000000     0.0000000     0.0000000     0.0000000
 SIGMAT |     0.0000000    -0.0000332     0.0000000     0.0000000     0.0000000     0.0000000     0.0000000

CSYS percentage error
 PIMPIZ |    -1.1224490    -0.7281927     0.0000000     0.0000000     0.0000000     0.0000000     0.0000000
 PIMKZS |    -1.4965987    -1.9153740     0.0000000     0.0000000     0.0000000     0.0000000     0.0000000
 KMKZSN |    -0.6122449    -0.0836990     0.0000000     0.0000000     0.0000000     0.0000000     0.0000000
 PIMPIZ |     0.0000000    -0.0009976     0.0000000     0.0000000     0.0000000     0.0000000     0.0000000
 KMPIZK |     0.0000000    -0.0243415     0.0000000     0.0000000     0.0000000     0.0000000     0.0000000
 PIMKZS |     0.0000000    -0.0106925     0.0000000     0.0000000     0.0000000     0.0000000     0.0000000
 PIMPIM |     0.0000000    -0.0975653     0.0000000     0.0000000     0.0000000     0.0000000     0.0000000
 PIMPIM |     0.0000000    -0.0284354     0.0000000     0.0000000     0.0000000     0.0000000     0.0000000
 PIMKMP |     0.0000000    -0.0108440     0.0000000     0.0000000     0.0000000     0.0000000     0.0000000
 PIMKMK |     0.0000000    -0.0077600     0.0000000     0.0000000     0.0000000     0.0000000     0.0000000
 SIGMAT |     0.0000000    -0.4112826     0.0000000     0.0000000     0.0000000     0.0000000     0.0000000

 CHPARA                  PARA     EXCUP     EXCUN      EXCU

 PIMPIZKZSNU           0.0018    0.0002    0.0002    0.0002
 PIMKZSKZLNU           0.0009    0.0001    0.0001    0.0001
 KMKZSNU               0.0008    0.0001    0.0001    0.0001
 PIMPIZNU              0.2546    0.0012    0.0012    0.0012
 KMPIZKZSNU            0.0007    0.0001    0.0001    0.0001
 PIMKZSKZSNU           0.0002    0.0000    0.0000    0.0000
 PIMPIMPIPNU           0.0885    0.0013    0.0013    0.0013
 PIMPIMPIPPIZNU        0.0455    0.0013    0.0013    0.0013
 PIMKMPIPNU            0.0028    0.0002    0.0002    0.0002
 PIMKMKPNU             0.0014    0.0001    0.0001    0.0001
 SIGMATAUPMY4S         0.9190    0.0030    0.0030    0.0030
  
 Corrected measurements:
 BELLE NORM_TO_BE P     0.0079184+/-     0.0000400+/-     0.0002783 Tot Err:     0.0002812
 BABAR COUNT PRELIM     0.0080838+/-     0.0000400+/-     0.0002579 Tot Err:     0.0002610
 OPAL COUNT PUB         0.0093300+/-     0.0006800+/-     0.0004900 Tot Err:     0.0008382
 ALEPH COUNT_KL PUB     0.0092800+/-     0.0004500+/-     0.0003400 Tot Err:     0.0005640
 ALEPH COUNT PUB        0.0085500+/-     0.0011700+/-     0.0006600 Tot Err:     0.0013433
 CLEO COUNT PUB         0.0070400+/-     0.0004100+/-     0.0007200 Tot Err:     0.0008286
 L3 COUNT PUB           0.0095000+/-     0.0015000+/-     0.0006000 Tot Err:     0.0016155
  

SYSCOR
      1 |     0.0000000     0.0000000     0.0000000     0.0000000     0.0000000     0.0000000     0.0000000
      2 |     0.0000000     0.0000000     0.0000000     0.0000000     0.0000000     0.0000000     0.0000000
      3 |     0.0000000     0.0000000     0.0000000     0.0000000     0.0000000     0.0000000     0.0000000
      4 |     0.0000000     0.0000000     0.0000000     0.0000000     0.0000000     0.0000000     0.0000000
      5 |     0.0000000     0.0000000     0.0000000     0.0000000     0.0000000     0.0000000     0.0000000
      6 |     0.0000000     0.0000000     0.0000000     0.0000000     0.0000000     0.0000000     0.0000000
      7 |     0.0000000     0.0000000     0.0000000     0.0000000     0.0000000     0.0000000     0.0000000

TOTCOR
      1 |     0.0000000     0.0000000     0.0000000     0.0000000     0.0000000     0.0000000     0.0000000
      2 |     0.0000000     0.0000000     0.0000000     0.0000000     0.0000000     0.0000000     0.0000000
      3 |     0.0000000     0.0000000     0.0000000     0.0000000     0.0000000     0.0000000     0.0000000
      4 |     0.0000000     0.0000000     0.0000000     0.0000000     0.0000000     0.0000000     0.0000000
      5 |     0.0000000     0.0000000     0.0000000     0.0000000     0.0000000     0.0000000     0.0000000
      6 |     0.0000000     0.0000000     0.0000000     0.0000000     0.0000000     0.0000000     0.0000000
      7 |     0.0000000     0.0000000     0.0000000     0.0000000     0.0000000     0.0000000     0.0000000
 CHI2_SYM: CHI2, NMEFF, CHI2/NDOF =   9.17841415 7  1.52973569
 CHI2_SYM        :      M_PIMKZBNU=    0.00820  +-     0.00019         CL =  0.1638
                   stat. only -->      0.00800  +-     0.00003         CL =  0.0001
                   syst. only -->               +-     0.00019                     


