 COMBOS version  3.33 (Mar 20, 2010) run on  on 29/03/10 at 18.44.35


 ==============================================================================

 M_HMPIZNU combination: combined analysis BELLE+PDG ALL_METHODS
 ----------------------

 List of  5 analyses to combine:

 Analysis  Experiment      Method          Quality         Measurement     Steps
       1>  BELLE           HMPIZNU         PUBLISHED       M_HMPIZNU              1
       2>  DELPHI          HMPIZNU         PUBLISHED       M_HMPIZNU              1
       3>  OPAL            HMPIZNU         PUBLISHED       M_HMPIZNU              1
       4>  L3              HMPIZNU         PUBLISHED       M_HMPIZNU              1
       5>  CLEO            HMPIZNU         PUBLISHED       M_HMPIZNU              1
 Combined  BELLE+PDG       ALL_METHODS                     M_HMPIZNU              1

 CORrelated and UNCorrelated systematic uncertainties:

                    Analysis number
 Uncertainty           1   2   3   4   5
 BELLEOTHER          UNC
 DELPHIOTHER             UNC
 OPALOTHER                   UNC
 L3OTHER                         UNC
 CLEOOTHER                           UNC

 "Extra" parameters:
 SIGMATAUPMY4S   0.9190E+00 +.3000E-02 -.3000E-02 0.3000E-02
 PIMPIZNU        0.2540E+00 +.9643E-03 -.9643E-03 0.9643E-03
 KMKZSNU         0.7900E-03 +.8500E-04 -.8500E-04 0.8500E-04
 PIMPIZKZSNU     0.1725E-02 +.7500E-04 -.7500E-04 0.7500E-04
 KMPIZKZSNU      0.7200E-03 +.1150E-03 -.1150E-03 0.1150E-03
 PIMKZSKZSNU     0.2400E-03 +.5000E-04 -.5000E-04 0.5000E-04
 PIMPIMPIPNU     0.8951E-01 +.7026E-03 -.7026E-03 0.7026E-03
 PIMPIMPIPPIZNU  0.4550E-01 +.1300E-02 -.1300E-02 0.1300E-02
 PIMKMPIPNU      0.2925E-02 +.7090E-04 -.7090E-04 0.7090E-04
 PIMKMKPNU       0.1430E-02 +.2790E-04 -.2790E-04 0.2790E-04
 PIMKZSKZLNU     0.9300E-03 +.1100E-03 -.1100E-03 0.1100E-03

 Results of combination:

 CHI2_SYM: CHI2, NMEFF, NQUAN, NDOF =   7.67917453 5 1 4
 CHI2_SYM: CHI2/NDOF, SCALE FAC, CL =   1.91979363  1.38556618  0.104063109

 ===============================================================================
 Dump of master.inc:

 CHROUT = DUMP_MASTER_INC 
 CHCOMB = BELLE+PDG ALL_METHODS
 CHMEAS = M_HMPIZNU       
 CHSTEP =                 
  ISTEP =        1
  VSTEP = 0.0000E+00
  LUNIT =        6
  NMEAS =        5
  NQUAN =        1
  NMEFF =        5
  NCSYS =        0
  NPARA =       11
 CHANAL = BELLE HMPIZNU PUBLISHED
          DELPHI HMPIZNU PUBLISHED
          OPAL HMPIZNU PUBLISHED
          L3 HMPIZNU PUBLISHED
          CLEO HMPIZNU PUBLISHED

   MEAS = 0.2567000E+00  0.2574000E+00  0.2589000E+00  0.2505000E+00  0.2587000E+00

   QUAN               1              1              1              1              1

  STATP = 0.1000000E-03  0.2010000E-02  0.1700000E-02  0.3500000E-02  0.1200000E-02

  STATN = 0.1000000E-03  0.2010000E-02  0.1700000E-02  0.3500000E-02  0.1200000E-02

  STAT  = 0.1000000E-03  0.2010000E-02  0.1700000E-02  0.3500000E-02  0.1200000E-02

  USYSP = 0.3900000E-02  0.1380000E-02  0.2900000E-02  0.5000000E-02  0.4200000E-02

  USYSN = 0.3900000E-02  0.1380000E-02  0.2900000E-02  0.5000000E-02  0.4200000E-02

  USYS  = 0.3900000E-02  0.1380000E-02  0.2900000E-02  0.5000000E-02  0.4200000E-02

STACOR
      1 | 0.1000000E+01  0.0000000E+00  0.0000000E+00  0.0000000E+00  0.0000000E+00
      2 | 0.0000000E+00  0.1000000E+01  0.0000000E+00  0.0000000E+00  0.0000000E+00
      3 | 0.0000000E+00  0.0000000E+00  0.1000000E+01  0.0000000E+00  0.0000000E+00
      4 | 0.0000000E+00  0.0000000E+00  0.0000000E+00  0.1000000E+01  0.0000000E+00
      5 | 0.0000000E+00  0.0000000E+00  0.0000000E+00  0.0000000E+00  0.1000000E+01

CSYSP

CSYSN

CSYS

CSYS percentage error

 CHPARA                  PARA     EXCUP     EXCUN      EXCU

 SIGMATAUPMY4S     0.9190E+00 0.3000E-02 0.3000E-02 0.3000E-02
 PIMPIZNU          0.2540E+00 0.9643E-03 0.9643E-03 0.9643E-03
 KMKZSNU           0.7900E-03 0.8500E-04 0.8500E-04 0.8500E-04
 PIMPIZKZSNU       0.1725E-02 0.7500E-04 0.7500E-04 0.7500E-04
 KMPIZKZSNU        0.7200E-03 0.1150E-03 0.1150E-03 0.1150E-03
 PIMKZSKZSNU       0.2400E-03 0.5000E-04 0.5000E-04 0.5000E-04
 PIMPIMPIPNU       0.8951E-01 0.7026E-03 0.7026E-03 0.7026E-03
 PIMPIMPIPPIZNU    0.4550E-01 0.1300E-02 0.1300E-02 0.1300E-02
 PIMKMPIPNU        0.2925E-02 0.7090E-04 0.7090E-04 0.7090E-04
 PIMKMKPNU         0.1430E-02 0.2790E-04 0.2790E-04 0.2790E-04
 PIMKZSKZLNU       0.9300E-03 0.1100E-03 0.1100E-03 0.1100E-03
  
 Corrected measurements:
 BELLE HMPIZNU PUBL 0.2567000E+00 +/-  0.1000000E-03 +/-  0.3900000E-02 Tot:  0.3901282E-02
 DELPHI HMPIZNU PUB 0.2574000E+00 +/-  0.2010000E-02 +/-  0.1380000E-02 Tot:  0.2438134E-02
 OPAL HMPIZNU PUBLI 0.2589000E+00 +/-  0.1700000E-02 +/-  0.2900000E-02 Tot:  0.3361547E-02
 L3 HMPIZNU PUBLISH 0.2505000E+00 +/-  0.3500000E-02 +/-  0.5000000E-02 Tot:  0.6103278E-02
 CLEO HMPIZNU PUBLI 0.2587000E+00 +/-  0.1200000E-02 +/-  0.4200000E-02 Tot:  0.4368066E-02
  

SYSCOR
      1 | 0.0000000E+00  0.0000000E+00  0.0000000E+00  0.0000000E+00  0.0000000E+00
      2 | 0.0000000E+00  0.0000000E+00  0.0000000E+00  0.0000000E+00  0.0000000E+00
      3 | 0.0000000E+00  0.0000000E+00  0.0000000E+00  0.0000000E+00  0.0000000E+00
      4 | 0.0000000E+00  0.0000000E+00  0.0000000E+00  0.0000000E+00  0.0000000E+00
      5 | 0.0000000E+00  0.0000000E+00  0.0000000E+00  0.0000000E+00  0.0000000E+00

TOTCOR
      1 | 0.0000000E+00  0.0000000E+00  0.0000000E+00  0.0000000E+00  0.0000000E+00
      2 | 0.0000000E+00  0.0000000E+00  0.0000000E+00  0.0000000E+00  0.0000000E+00
      3 | 0.0000000E+00  0.0000000E+00  0.0000000E+00  0.0000000E+00  0.0000000E+00
      4 | 0.0000000E+00  0.0000000E+00  0.0000000E+00  0.0000000E+00  0.0000000E+00
      5 | 0.0000000E+00  0.0000000E+00  0.0000000E+00  0.0000000E+00  0.0000000E+00
 CHI2_SYM: CHI2, NMEFF, NQUAN, NDOF =   1.59571163 5 1 4
 CHI2_SYM: CHI2/NDOF, SCALE FAC, CL =   0.398927908  0.631607401  0.809562683
 CHI2_SYM        :       M_HMPIZNU= 0.2573244E+00  +-  0.1577833E-02            CL =  0.8096
                   stat. only -->   0.2567179E+00  +-  0.9932214E-04            CL =  0.1041
                   syst. only -->                  +-  0.1574704E-02                        


