../../../combos/combos average.input  
 COMBOS version  3.33 (Jan 21, 2010) run on  on 19/03/10 at 18.42.42


 ==============================================================================

 M_PIMPIMPIPNU combination: combined analysis BABAR+BELLE+PDG ALL_METHODS
 --------------------------

 List of  3 analyses to combine:

 Analysis  Experiment      Method          Quality         Measurement     Steps
       1>  BABAR           PIMPIMPIPNU     PUBLISHED       M_PIMPIMPIPNU          1
       2>  BELLE           PIMPIMPIPNU     PUBLISHED       M_PIMPIMPIPNU          1
       3>  CLEO3           PIMPIMPIPNU     PUBLISHED       M_PIMPIMPIPNU          1
 Combined  BABAR+BELLE+PDG ALL_METHODS                     M_PIMPIMPIPNU          1

 CORrelated and UNCorrelated systematic uncertainties:

                    Analysis number
 Uncertainty           1   2   3
 BABAROTHER          UNC
 BELLEOTHER              UNC
 CLEO3OTHER                  UNC

 "Extra" parameters:
 SIGMATAUPMY4S   0.9190E+00 +.3000E-02 -.3000E-02 0.3000E-02
 PIMPIZNU        0.2540E+00 +.9643E-03 -.9643E-03 0.9643E-03
 KMKZSNU         0.7900E-03 +.8500E-04 -.8500E-04 0.8500E-04
 PIMPIZKZSNU     0.1725E-02 +.7500E-04 -.7500E-04 0.7500E-04
 KMPIZKZSNU      0.7200E-03 +.1150E-03 -.1150E-03 0.1150E-03
 PIMKZSKZSNU     0.2400E-03 +.5000E-04 -.5000E-04 0.5000E-04
 PIMPIMPIPNU     0.8951E-01 +.7026E-03 -.7026E-03 0.7026E-03
 PIMPIMPIPPIZNU  0.4550E-01 +.1300E-02 -.1300E-02 0.1300E-02
 PIMKMPIPNU      0.2925E-02 +.7090E-04 -.7090E-04 0.7090E-04
 PIMKMKPNU       0.1430E-02 +.2790E-04 -.2790E-04 0.2790E-04
 PIMKZSKZLNU     0.9300E-03 +.1100E-03 -.1100E-03 0.1100E-03

 Results of combination:

 CHI2_SYM: CHI2, NMEFF, CHI2/NDOF =   940.507885 3  470.253943

 ===============================================================================
 Dump of master.inc:

 CHROUT = DUMP_MASTER_INC 
 CHCOMB = BABAR+BELLE+PDG ALL_METHODS
 CHMEAS = M_PIMPIMPIPNU   
 CHSTEP =                 
  ISTEP =        1
  VSTEP = 0.0000E+00
  LUNIT =        6
  NMEAS =        3
  NQUAN =        1
  NMEFF =        3
  NCSYS =        0
  NPARA =       11
 CHANAL = BABAR PIMPIMPIPNU PUBLISHED
          BELLE PIMPIMPIPNU PUBLISHED
          CLEO3 PIMPIMPIPNU PUBLISHED

   MEAS = 0.8830000E-01  0.8420000E-01  0.9130000E-01

   QUAN               1              1              1

  STATP = 0.1000000E-03  0.1000000E-03  0.5000000E-03

  STATN = 0.1000000E-03  0.1000000E-03  0.5000000E-03

  STAT  = 0.1000000E-03  0.1000000E-03  0.5000000E-03

  USYSP = 0.1300000E-02  0.2550000E-02  0.4600000E-02

  USYSN = 0.1300000E-02  0.2550000E-02  0.4600000E-02

  USYS  = 0.1300000E-02  0.2550000E-02  0.4600000E-02

STACOR
      1 | 0.1000000E+01  0.0000000E+00  0.0000000E+00
      2 | 0.0000000E+00  0.1000000E+01  0.0000000E+00
      3 | 0.0000000E+00  0.0000000E+00  0.1000000E+01

CSYSP

CSYSN

CSYS

CSYS percentage error

 CHPARA                  PARA     EXCUP     EXCUN      EXCU

 SIGMATAUPMY4S     0.9190E+00 0.3000E-02 0.3000E-02 0.3000E-02
 PIMPIZNU          0.2540E+00 0.9643E-03 0.9643E-03 0.9643E-03
 KMKZSNU           0.7900E-03 0.8500E-04 0.8500E-04 0.8500E-04
 PIMPIZKZSNU       0.1725E-02 0.7500E-04 0.7500E-04 0.7500E-04
 KMPIZKZSNU        0.7200E-03 0.1150E-03 0.1150E-03 0.1150E-03
 PIMKZSKZSNU       0.2400E-03 0.5000E-04 0.5000E-04 0.5000E-04
 PIMPIMPIPNU       0.8951E-01 0.7026E-03 0.7026E-03 0.7026E-03
 PIMPIMPIPPIZNU    0.4550E-01 0.1300E-02 0.1300E-02 0.1300E-02
 PIMKMPIPNU        0.2925E-02 0.7090E-04 0.7090E-04 0.7090E-04
 PIMKMKPNU         0.1430E-02 0.2790E-04 0.2790E-04 0.2790E-04
 PIMKZSKZLNU       0.9300E-03 0.1100E-03 0.1100E-03 0.1100E-03
  
 Corrected measurements:
 BABAR PIMPIMPIPNU  0.8830000E-01 +/-  0.1000000E-03 +/-  0.1300000E-02 Tot:  0.1303840E-02
 BELLE PIMPIMPIPNU  0.8420000E-01 +/-  0.1000000E-03 +/-  0.2550000E-02 Tot:  0.2551960E-02
 CLEO3 PIMPIMPIPNU  0.9130000E-01 +/-  0.5000000E-03 +/-  0.4600000E-02 Tot:  0.4627094E-02
  

SYSCOR
      1 | 0.0000000E+00  0.0000000E+00  0.0000000E+00
      2 | 0.0000000E+00  0.0000000E+00  0.0000000E+00
      3 | 0.0000000E+00  0.0000000E+00  0.0000000E+00

TOTCOR
      1 | 0.0000000E+00  0.0000000E+00  0.0000000E+00
      2 | 0.0000000E+00  0.0000000E+00  0.0000000E+00
      3 | 0.0000000E+00  0.0000000E+00  0.0000000E+00
 CHI2_SYM: CHI2, NMEFF, CHI2/NDOF =   2.69774518 3  1.34887259
 CHI2_SYM        :   M_PIMPIMPIPNU=0.87679E-01  +- 0.11262E-02         CL =  0.2595
                   stat. only -->  0.86349E-01  +- 0.70014E-04         CL =  0.0000
                   syst. only -->               +- 0.11240E-02                     


