read file average.input 
read file ./../TauToKmPizNu/babar.input 
read file ./../TauToKmPizNu/pdg.input 
read file ./../TauToPimKzbNu/babar.input 
read file ./../TauToPimKzbNu/belle.input 
read file ./../TauToPimKzbNu/pdg.input 
read file ./kmpizpiz.input 
read file ./../TauTo3Prongs/belle.input 
read file ./../TauTo3Prongs/babar.input 
read file ./../TauTo3Prongs/pdg.input 
read file ./../TauToKmPhiNu/babar.input 
read file ./../TauToKmPhiNu/belle.input 
read file ./../TauToKmEtaNu/belle.input 
read file ./../TauToKmEtaNu/pdg.input 
read file ./../TauToKstarmEtaNu/belle.input 
read file ./../TauToKstarmEtaNu/pdg.input 
read file ./kmom.input 
read file ./k3pi.input 
read file ./k4pi.input 
read file ./../Common/Parameters.input 
The following measurements are discarded:
   Belle.PimPimPipNu.submitted
   Belle.PimKmKpNu.submitted
   Belle.KmKmKpNu.submitted
   BaBar.PimPimPipNu.published
   BaBar.PimKmKpNu.published
   BaBar.KmKmKpNu.published
   CLEO3.PimPimPipNu.published
   CLEO3.PimKmKpNu.published
   OPAL.PimKmKpNu.published
   CLEO.PimKmKpNu.published
   ALEPH.PimKmKpNu.published 

##
## exact solution, chisq/d.o.f. = 39.94277/19, CL = 0.003329388
##
           KmPizNu     PimKzbNu   KmPizPizNu   PimKmPipNu      KmPhiNu      KmEtaNu  KstarmEtaNu  KmOmNu  K3PiNu  K4PiNu
value 0.0042491341 0.0081944306 0.0005784382 2.904704e-03 3.706433e-05 1.604892e-04 1.379893e-04 0.00067 0.00074 0.00011
error 0.0001556091 0.0001836365 0.0002431268 7.787188e-05 2.476959e-06 1.015948e-05 1.479588e-05 0.00021 0.00030 0.00007
correlation
                 KmPizNu     PimKzbNu KmPizPizNu   PimKmPipNu      KmPhiNu      KmEtaNu  KstarmEtaNu KmOmNu K3PiNu K4PiNu
KmPizNu      1.000000000  0.028691947          0 -0.041664293  0.001232971  0.002484253  0.001443845      0      0      0
PimKzbNu     0.028691947  1.000000000          0 -0.034239917  0.001643345  0.003311096  0.001924404      0      0      0
KmPizPizNu   0.000000000  0.000000000          1  0.000000000  0.000000000  0.000000000  0.000000000      0      0      0
PimKmPipNu  -0.041664293 -0.034239917          0  1.000000000 -0.001486540 -0.002995159 -0.001740782      0      0      0
KmPhiNu      0.001232971  0.001643345          0 -0.001486540  1.000000000  0.024407716  0.014185731      0      0      0
KmEtaNu      0.002484253  0.003311096          0 -0.002995159  0.024407716  1.000000000  0.027040032      0      0      0
KstarmEtaNu  0.001443845  0.001924404          0 -0.001740782  0.014185731  0.027040032  1.000000000      0      0      0
KmOmNu       0.000000000  0.000000000          0  0.000000000  0.000000000  0.000000000  0.000000000      1      0      0
K3PiNu       0.000000000  0.000000000          0  0.000000000  0.000000000  0.000000000  0.000000000      0      1      0
K4PiNu       0.000000000  0.000000000          0  0.000000000  0.000000000  0.000000000  0.000000000      0      0      1

S-factor calculation, exclude because error > 3*sqrt(N)*av_err= 0.000935 
CLEO.KmPizNu.PUBLISHED error= 0.001221 nsigma= 3.917

S-factor calculation, exclude because error > 3*sqrt(N)*av_err= 0.001323 
ALEPH.PimKzbNu.PUBLISHED_KS error= 0.001343 nsigma= 3.046
L3.PimKzbNu.PUBLISHED error= 0.001616 nsigma= 3.664

S-factor calculation, exclude because error > 3*sqrt(N)*av_err= 0.001031 
CLEO.KmPizPizNu.PUBLISHED error= 0.001044 nsigma= 3.036

S-factor calculation, exclude because error > 3*sqrt(N)*av_err= 0.0005732 
OPAL.PimKmPipNu.published error= 0.0006640 nsigma= 3.475
CLEO.PimKmPipNu.published error= 0.0006054 nsigma= 3.168

S-factor calculation, exclude because error > 3*sqrt(N)*av_err= 5.281e-05 
ALEPH.KmEtaNu.Published error= 1.433e-04 nsigma= 8.139
CLEO.KmEtaNu.Published error= 7.071e-05 nsigma= 4.017

S-factor calculation, exclude because error > 3*sqrt(N)*av_err= 6.278e-05 
CLEO.KstarmEtaNu.Published error= 9.035e-05 nsigma= 4.318
