../../../combos/combos average.input  
 COMBOS version  3.33 (Jan 21, 2010) run on  on 19/03/10 at 18.42.36


 ==============================================================================

 M_PIMKZBETANU combination: combined analysis BELLE+PDG ALL_METHODS
 --------------------------

 List of  2 analyses to combine:

 Analysis  Experiment      Method          Quality         Measurement     Steps
       1>  BELLE           COUNT           PUBLISHED       M_PIMKZBETANU          1
       2>  CLEO            COUNT           PUBLISHED       M_PIMKZBETANU          1
 Combined  BELLE+PDG       ALL_METHODS                     M_PIMKZBETANU          1

 CORrelated and UNCorrelated systematic uncertainties:

                    Analysis number
 Uncertainty           1   2
 BELLEOTHER          UNC
 CLEOOTHER               UNC

 "Extra" parameters:
 SIGMATAUPMY4S   0.9190E+00 +.3000E-02 -.3000E-02 0.3000E-02
 PIMPIZNU        0.2540E+00 +.9643E-03 -.9643E-03 0.9643E-03
 KMKZSNU         0.7900E-03 +.8500E-04 -.8500E-04 0.8500E-04
 PIMPIZKZSNU     0.1725E-02 +.7500E-04 -.7500E-04 0.7500E-04
 KMPIZKZSNU      0.7200E-03 +.1150E-03 -.1150E-03 0.1150E-03
 PIMKZSKZSNU     0.2400E-03 +.5000E-04 -.5000E-04 0.5000E-04
 PIMPIMPIPNU     0.8951E-01 +.7026E-03 -.7026E-03 0.7026E-03
 PIMPIMPIPPIZNU  0.4550E-01 +.1300E-02 -.1300E-02 0.1300E-02
 PIMKMPIPNU      0.2925E-02 +.7090E-04 -.7090E-04 0.7090E-04
 PIMKMKPNU       0.1430E-02 +.2790E-04 -.2790E-04 0.2790E-04
 PIMKZSKZLNU     0.9300E-03 +.1100E-03 -.1100E-03 0.1100E-03

 Results of combination:

 CHI2_SYM: CHI2, NMEFF, CHI2/NDOF =   3.41915215 2  3.41915215

 ===============================================================================
 Dump of master.inc:

 CHROUT = DUMP_MASTER_INC 
 CHCOMB = BELLE+PDG ALL_METHODS
 CHMEAS = M_PIMKZBETANU   
 CHSTEP =                 
  ISTEP =        1
  VSTEP = 0.0000E+00
  LUNIT =        6
  NMEAS =        2
  NQUAN =        1
  NMEFF =        2
  NCSYS =        0
  NPARA =       11
 CHANAL = BELLE COUNT PUBLISHED
          CLEO COUNT PUBLISHED

   MEAS = 0.8800000E-04  0.2200000E-03

   QUAN               1              1

  STATP = 0.1400000E-04  0.7000000E-04

  STATN = 0.1400000E-04  0.7000000E-04

  STAT  = 0.1400000E-04  0.7000000E-04

  USYSP = 0.6000000E-05  0.2200000E-04

  USYSN = 0.6000000E-05  0.2200000E-04

  USYS  = 0.6000000E-05  0.2200000E-04

STACOR
      1 | 0.1000000E+01  0.0000000E+00
      2 | 0.0000000E+00  0.1000000E+01

CSYSP

CSYSN

CSYS

CSYS percentage error

 CHPARA                  PARA     EXCUP     EXCUN      EXCU

 SIGMATAUPMY4S     0.9190E+00 0.3000E-02 0.3000E-02 0.3000E-02
 PIMPIZNU          0.2540E+00 0.9643E-03 0.9643E-03 0.9643E-03
 KMKZSNU           0.7900E-03 0.8500E-04 0.8500E-04 0.8500E-04
 PIMPIZKZSNU       0.1725E-02 0.7500E-04 0.7500E-04 0.7500E-04
 KMPIZKZSNU        0.7200E-03 0.1150E-03 0.1150E-03 0.1150E-03
 PIMKZSKZSNU       0.2400E-03 0.5000E-04 0.5000E-04 0.5000E-04
 PIMPIMPIPNU       0.8951E-01 0.7026E-03 0.7026E-03 0.7026E-03
 PIMPIMPIPPIZNU    0.4550E-01 0.1300E-02 0.1300E-02 0.1300E-02
 PIMKMPIPNU        0.2925E-02 0.7090E-04 0.7090E-04 0.7090E-04
 PIMKMKPNU         0.1430E-02 0.2790E-04 0.2790E-04 0.2790E-04
 PIMKZSKZLNU       0.9300E-03 0.1100E-03 0.1100E-03 0.1100E-03
  
 Corrected measurements:
 BELLE COUNT PUBLIS 0.8800000E-04 +/-  0.1400000E-04 +/-  0.6000000E-05 Tot:  0.1523155E-04
 CLEO COUNT PUBLISH 0.2200000E-03 +/-  0.7000000E-04 +/-  0.2200000E-04 Tot:  0.7337575E-04
  

SYSCOR
      1 | 0.0000000E+00  0.0000000E+00
      2 | 0.0000000E+00  0.0000000E+00

TOTCOR
      1 | 0.0000000E+00  0.0000000E+00
      2 | 0.0000000E+00  0.0000000E+00
 CHI2_SYM: CHI2, NMEFF, CHI2/NDOF =   3.102564 2  3.102564
 CHI2_SYM        :   M_PIMKZBETANU=0.93453E-04  +- 0.14914E-04         CL =  0.0782
                   stat. only -->  0.93077E-04  +- 0.13728E-04         CL =  0.0644
                   syst. only -->               +- 0.58270E-05                     


