../../../combos/combos average.input  
 COMBOS version  3.33 (Jan 21, 2010) run on  on 10/03/10 at 22.00.52


 ==============================================================================

 M_KMETANU combination: combined analysis BELLE+PDG ALL_METHODS
 ----------------------

 List of  3 analyses to combine:

 Analysis  Experiment      Method          Quality         Measurement     Steps
       1>  BELLE           COUNT           PUBLISHED       M_KMETANU              1
       2>  ALEPH           COUNT           PUBLISHED       M_KMETANU              1
       3>  CLEO            COUNT           PUBLISHED       M_KMETANU              1
 Combined  BELLE+PDG       ALL_METHODS                     M_KMETANU              1

 CORrelated and UNCorrelated systematic uncertainties:

                    Analysis number
 Uncertainty           1   2   3
 BELLEOTHER          UNC
 ALEPHOTHER              UNC
 CLEOOTHER                   UNC

 "Extra" parameters:
 SIGMATAUPMY4S   0.9190E+00 +.3000E-02 -.3000E-02 0.3000E-02
 PIMPIZNU        0.2546E+00 +.1200E-02 -.1200E-02 0.1200E-02
 KMKZSNU         0.7900E-03 +.8500E-04 -.8500E-04 0.8500E-04
 PIMPIZKZSNU     0.1800E-02 +.2000E-03 -.2000E-03 0.2000E-03
 KMPIZKZSNU      0.7200E-03 +.1150E-03 -.1150E-03 0.1150E-03
 PIMKZSKZSNU     0.2400E-03 +.5000E-04 -.5000E-04 0.5000E-04
 PIMPIMPIPNU     0.8850E-01 +.1300E-02 -.1300E-02 0.1300E-02
 PIMPIMPIPPIZNU  0.4550E-01 +.1300E-02 -.1300E-02 0.1300E-02
 PIMKMPIPNU      0.2800E-02 +.1900E-03 -.1900E-03 0.1900E-03
 PIMKMKPNU       0.1370E-02 +.6000E-04 -.6000E-04 0.6000E-04
 PIMKZSKZLNU     0.9300E-03 +.1100E-03 -.1100E-03 0.1100E-03

 Results of combination:

 CHI2_SYM: CHI2, NMEFF, CHI2/NDOF =   5.21679771 3  2.60839886

 ===============================================================================
 Dump of master.inc:

 CHROUT = DUMP_MASTER_INC 
 CHCOMB = BELLE+PDG ALL_METHODS
 CHMEAS = M_KMETANU       
 CHSTEP =                 
  ISTEP =        1
  VSTEP = 0.0000E+00
  LUNIT =        6
  NMEAS =        3
  NQUAN =        1
  NMEFF =        3
  NCSYS =        0
  NPARA =       11
 CHANAL = BELLE COUNT PUBLISHED
          ALEPH COUNT PUBLISHED
          CLEO COUNT PUBLISHED

   MEAS = 0.1580000E-03  0.2900000E-03  0.2600000E-03

   QUAN               1              1              1

  STATP = 0.5000000E-05  0.1250000E-03  0.5000000E-04

  STATN = 0.5000000E-05  0.1250000E-03  0.5000000E-04

  STAT  = 0.5000000E-05  0.1250000E-03  0.5000000E-04

  USYSP = 0.9000000E-05  0.7000000E-04  0.5000000E-04

  USYSN = 0.9000000E-05  0.7000000E-04  0.5000000E-04

  USYS  = 0.9000000E-05  0.7000000E-04  0.5000000E-04

STACOR
      1 | 0.1000000E+01  0.0000000E+00  0.0000000E+00
      2 | 0.0000000E+00  0.1000000E+01  0.0000000E+00
      3 | 0.0000000E+00  0.0000000E+00  0.1000000E+01

CSYSP

CSYSN

CSYS

CSYS percentage error

 CHPARA                  PARA     EXCUP     EXCUN      EXCU

 SIGMATAUPMY4S     0.9190E+00 0.3000E-02 0.3000E-02 0.3000E-02
 PIMPIZNU          0.2546E+00 0.1200E-02 0.1200E-02 0.1200E-02
 KMKZSNU           0.7900E-03 0.8500E-04 0.8500E-04 0.8500E-04
 PIMPIZKZSNU       0.1800E-02 0.2000E-03 0.2000E-03 0.2000E-03
 KMPIZKZSNU        0.7200E-03 0.1150E-03 0.1150E-03 0.1150E-03
 PIMKZSKZSNU       0.2400E-03 0.5000E-04 0.5000E-04 0.5000E-04
 PIMPIMPIPNU       0.8850E-01 0.1300E-02 0.1300E-02 0.1300E-02
 PIMPIMPIPPIZNU    0.4550E-01 0.1300E-02 0.1300E-02 0.1300E-02
 PIMKMPIPNU        0.2800E-02 0.1900E-03 0.1900E-03 0.1900E-03
 PIMKMKPNU         0.1370E-02 0.6000E-04 0.6000E-04 0.6000E-04
 PIMKZSKZLNU       0.9300E-03 0.1100E-03 0.1100E-03 0.1100E-03
  
 Corrected measurements:
 BELLE COUNT PUBLIS 0.1580000E-03 +/-  0.5000000E-05 +/-  0.9000000E-05 Tot:  0.1029563E-04
 ALEPH COUNT PUBLIS 0.2900000E-03 +/-  0.1250000E-03 +/-  0.7000000E-04 Tot:  0.1432655E-03
 CLEO COUNT PUBLISH 0.2600000E-03 +/-  0.5000000E-04 +/-  0.5000000E-04 Tot:  0.7071068E-04
  

SYSCOR
      1 | 0.0000000E+00  0.0000000E+00  0.0000000E+00
      2 | 0.0000000E+00  0.0000000E+00  0.0000000E+00
      3 | 0.0000000E+00  0.0000000E+00  0.0000000E+00

TOTCOR
      1 | 0.0000000E+00  0.0000000E+00  0.0000000E+00
      2 | 0.0000000E+00  0.0000000E+00  0.0000000E+00
      3 | 0.0000000E+00  0.0000000E+00  0.0000000E+00
 CHI2_SYM: CHI2, NMEFF, CHI2/NDOF =   2.85536572 3  1.42768286
 CHI2_SYM        :       M_KMETANU=0.16077E-03  +- 0.10163E-04         CL =  0.2399
                   stat. only -->  0.15922E-03  +- 0.49712E-05         CL =  0.0737
                   syst. only -->               +- 0.88636E-05                     


