../../../combos/combos average.input  
 COMBOS version  3.33 (Jan 21, 2010) run on  on 19/03/10 at 18.42.30


 ==============================================================================

 M_KSTARMETANU combination: combined analysis BELLE+PDG ALL_METHODS
 --------------------------

 List of  2 analyses to combine:

 Analysis  Experiment      Method          Quality         Measurement     Steps
       1>  BELLE           COUNT           PUBLISHED       M_KSTARMETANU          1
       2>  CLEO            COUNT           PUBLISHED       M_KSTARMETANU          1
 Combined  BELLE+PDG       ALL_METHODS                     M_KSTARMETANU          1

 CORrelated and UNCorrelated systematic uncertainties:

                    Analysis number
 Uncertainty           1   2
 BELLEOTHER          UNC
 CLEOOTHER               UNC

 "Extra" parameters:
 SIGMATAUPMY4S   0.9190E+00 +.3000E-02 -.3000E-02 0.3000E-02
 PIMPIZNU        0.2540E+00 +.9643E-03 -.9643E-03 0.9643E-03
 KMKZSNU         0.7900E-03 +.8500E-04 -.8500E-04 0.8500E-04
 PIMPIZKZSNU     0.1725E-02 +.7500E-04 -.7500E-04 0.7500E-04
 KMPIZKZSNU      0.7200E-03 +.1150E-03 -.1150E-03 0.1150E-03
 PIMKZSKZSNU     0.2400E-03 +.5000E-04 -.5000E-04 0.5000E-04
 PIMPIMPIPNU     0.8951E-01 +.7026E-03 -.7026E-03 0.7026E-03
 PIMPIMPIPPIZNU  0.4550E-01 +.1300E-02 -.1300E-02 0.1300E-02
 PIMKMPIPNU      0.2925E-02 +.7090E-04 -.7090E-04 0.7090E-04
 PIMKMKPNU       0.1430E-02 +.2790E-04 -.2790E-04 0.2790E-04
 PIMKZSKZLNU     0.9300E-03 +.1100E-03 -.1100E-03 0.1100E-03

 Results of combination:

 CHI2_SYM: CHI2, NMEFF, CHI2/NDOF =   3.71882633 2  3.71882633

 ===============================================================================
 Dump of master.inc:

 CHROUT = DUMP_MASTER_INC 
 CHCOMB = BELLE+PDG ALL_METHODS
 CHMEAS = M_KSTARMETANU   
 CHSTEP =                 
  ISTEP =        1
  VSTEP = 0.0000E+00
  LUNIT =        6
  NMEAS =        2
  NQUAN =        1
  NMEFF =        2
  NCSYS =        0
  NPARA =       11
 CHANAL = BELLE COUNT PUBLISHED
          CLEO COUNT PUBLISHED

   MEAS = 0.1340000E-03  0.2900000E-03

   QUAN               1              1

  STATP = 0.1200000E-04  0.8000000E-04

  STATN = 0.1200000E-04  0.8000000E-04

  STAT  = 0.1200000E-04  0.8000000E-04

  USYSP = 0.9000000E-05  0.4200000E-04

  USYSN = 0.9000000E-05  0.4200000E-04

  USYS  = 0.9000000E-05  0.4200000E-04

STACOR
      1 | 0.1000000E+01  0.0000000E+00
      2 | 0.0000000E+00  0.1000000E+01

CSYSP

CSYSN

CSYS

CSYS percentage error

 CHPARA                  PARA     EXCUP     EXCUN      EXCU

 SIGMATAUPMY4S     0.9190E+00 0.3000E-02 0.3000E-02 0.3000E-02
 PIMPIZNU          0.2540E+00 0.9643E-03 0.9643E-03 0.9643E-03
 KMKZSNU           0.7900E-03 0.8500E-04 0.8500E-04 0.8500E-04
 PIMPIZKZSNU       0.1725E-02 0.7500E-04 0.7500E-04 0.7500E-04
 KMPIZKZSNU        0.7200E-03 0.1150E-03 0.1150E-03 0.1150E-03
 PIMKZSKZSNU       0.2400E-03 0.5000E-04 0.5000E-04 0.5000E-04
 PIMPIMPIPNU       0.8951E-01 0.7026E-03 0.7026E-03 0.7026E-03
 PIMPIMPIPPIZNU    0.4550E-01 0.1300E-02 0.1300E-02 0.1300E-02
 PIMKMPIPNU        0.2925E-02 0.7090E-04 0.7090E-04 0.7090E-04
 PIMKMKPNU         0.1430E-02 0.2790E-04 0.2790E-04 0.2790E-04
 PIMKZSKZLNU       0.9300E-03 0.1100E-03 0.1100E-03 0.1100E-03
  
 Corrected measurements:
 BELLE COUNT PUBLIS 0.1340000E-03 +/-  0.1200000E-04 +/-  0.9000000E-05 Tot:  0.1500000E-04
 CLEO COUNT PUBLISH 0.2900000E-03 +/-  0.8000000E-04 +/-  0.4200000E-04 Tot:  0.9035485E-04
  

SYSCOR
      1 | 0.0000000E+00  0.0000000E+00
      2 | 0.0000000E+00  0.0000000E+00

TOTCOR
      1 | 0.0000000E+00  0.0000000E+00
      2 | 0.0000000E+00  0.0000000E+00
 CHI2_SYM: CHI2, NMEFF, CHI2/NDOF =   2.90094162 2  2.90094162
 CHI2_SYM        :   M_KSTARMETANU=0.13818E-03  +- 0.14797E-04         CL =  0.0885
                   stat. only -->  0.13743E-03  +- 0.11867E-04         CL =  0.0538
                   syst. only -->               +- 0.88393E-05                     


