 COMBOS version  3.33 (Mar 20, 2010) run on  on 29/03/10 at 20.00.09


 ==============================================================================

 M_MMNUMBARNU combination: combined analysis BABAR+PDG ALL_METHODS
 -------------------------

 List of  6 analyses to combine:

 Analysis  Experiment      Method          Quality         Measurement     Steps
       1>  BABAR           MMNUMBARNU      SUBMITTED       M_MMNUMBARNU           1
       2>  ALEPH           MMNUMBARNU      PUBLISHED       M_MMNUMBARNU           1
       3>  OPAL            MMNUMBARNU      PUBLISHED       M_MMNUMBARNU           1
       4>  L3              MMNUMBARNU      PUBLISHED       M_MMNUMBARNU           1
       5>  DELPHI          MMNUMBARNU      PUBLISHED       M_MMNUMBARNU           1
       6>  CLEO            MMNUMBARNU      PUBLISHED       M_MMNUMBARNU           1
 Combined  BABAR+PDG       ALL_METHODS                     M_MMNUMBARNU           1

 CORrelated and UNCorrelated systematic uncertainties:

                    Analysis number
 Uncertainty           1   2   3   4   5   6
 BABAROTHER          UNC
 ALEPHOTHER              UNC
 OPALOTHER                   UNC
 L3OTHER                         UNC
 DELPHIOTHER                         UNC
 CLEOOTHER                               UNC

 "Extra" parameters:
 SIGMATAUPMY4S   0.9190E+00 +.3000E-02 -.3000E-02 0.3000E-02
 PIMPIZNU        0.2540E+00 +.9643E-03 -.9643E-03 0.9643E-03
 KMKZSNU         0.7900E-03 +.8500E-04 -.8500E-04 0.8500E-04
 PIMPIZKZSNU     0.1725E-02 +.7500E-04 -.7500E-04 0.7500E-04
 KMPIZKZSNU      0.7200E-03 +.1150E-03 -.1150E-03 0.1150E-03
 PIMKZSKZSNU     0.2400E-03 +.5000E-04 -.5000E-04 0.5000E-04
 PIMPIMPIPNU     0.8951E-01 +.7026E-03 -.7026E-03 0.7026E-03
 PIMPIMPIPPIZNU  0.4550E-01 +.1300E-02 -.1300E-02 0.1300E-02
 PIMKMPIPNU      0.2925E-02 +.7090E-04 -.7090E-04 0.7090E-04
 PIMKMKPNU       0.1430E-02 +.2790E-04 -.2790E-04 0.2790E-04
 PIMKZSKZLNU     0.9300E-03 +.1100E-03 -.1100E-03 0.1100E-03

 Results of combination:

 CHI2_SYM: CHI2, NMEFF, NQUAN, NDOF =   6.47764439 6 1 5
 CHI2_SYM: CHI2/NDOF, SCALE FAC, CL =   1.29552888  1.13821302  0.262474447

 ===============================================================================
 Dump of master.inc:

 CHROUT = DUMP_MASTER_INC 
 CHCOMB = BABAR+PDG ALL_METHODS
 CHMEAS = M_MMNUMBARNU    
 CHSTEP =                 
  ISTEP =        1
  VSTEP = 0.0000E+00
  LUNIT =        6
  NMEAS =        6
  NQUAN =        1
  NMEFF =        6
  NCSYS =        0
  NPARA =       11
 CHANAL = BABAR MMNUMBARNU SUBMITTED
          ALEPH MMNUMBARNU PUBLISHED
          OPAL MMNUMBARNU PUBLISHED
          L3 MMNUMBARNU PUBLISHED
          DELPHI MMNUMBARNU PUBLISHED
          CLEO MMNUMBARNU PUBLISHED

   MEAS = 0.1746000E+00  0.1731900E+00  0.1734000E+00  0.1734200E+00  0.1732500E+00  0.1737000E+00

   QUAN               1              1              1              1              1              1

  STATP = 0.3000000E-03  0.7000000E-03  0.9000000E-03  0.1100000E-02  0.9500000E-03  0.8000000E-03

  STATN = 0.3000000E-03  0.7000000E-03  0.9000000E-03  0.1100000E-02  0.9500000E-03  0.8000000E-03

  STAT  = 0.3000000E-03  0.7000000E-03  0.9000000E-03  0.1100000E-02  0.9500000E-03  0.8000000E-03

  USYSP = 0.8000000E-03  0.3200000E-03  0.6000000E-03  0.6700000E-03  0.7700000E-03  0.1800000E-02

  USYSN = 0.8000000E-03  0.3200000E-03  0.6000000E-03  0.6700000E-03  0.7700000E-03  0.1800000E-02

  USYS  = 0.8000000E-03  0.3200000E-03  0.6000000E-03  0.6700000E-03  0.7700000E-03  0.1800000E-02

STACOR
      1 | 0.1000000E+01  0.0000000E+00  0.0000000E+00  0.0000000E+00  0.0000000E+00  0.0000000E+00
      2 | 0.0000000E+00  0.1000000E+01  0.0000000E+00  0.0000000E+00  0.0000000E+00  0.0000000E+00
      3 | 0.0000000E+00  0.0000000E+00  0.1000000E+01  0.0000000E+00  0.0000000E+00  0.0000000E+00
      4 | 0.0000000E+00  0.0000000E+00  0.0000000E+00  0.1000000E+01  0.0000000E+00  0.0000000E+00
      5 | 0.0000000E+00  0.0000000E+00  0.0000000E+00  0.0000000E+00  0.1000000E+01  0.0000000E+00
      6 | 0.0000000E+00  0.0000000E+00  0.0000000E+00  0.0000000E+00  0.0000000E+00  0.1000000E+01

CSYSP

CSYSN

CSYS

CSYS percentage error

 CHPARA                  PARA     EXCUP     EXCUN      EXCU

 SIGMATAUPMY4S     0.9190E+00 0.3000E-02 0.3000E-02 0.3000E-02
 PIMPIZNU          0.2540E+00 0.9643E-03 0.9643E-03 0.9643E-03
 KMKZSNU           0.7900E-03 0.8500E-04 0.8500E-04 0.8500E-04
 PIMPIZKZSNU       0.1725E-02 0.7500E-04 0.7500E-04 0.7500E-04
 KMPIZKZSNU        0.7200E-03 0.1150E-03 0.1150E-03 0.1150E-03
 PIMKZSKZSNU       0.2400E-03 0.5000E-04 0.5000E-04 0.5000E-04
 PIMPIMPIPNU       0.8951E-01 0.7026E-03 0.7026E-03 0.7026E-03
 PIMPIMPIPPIZNU    0.4550E-01 0.1300E-02 0.1300E-02 0.1300E-02
 PIMKMPIPNU        0.2925E-02 0.7090E-04 0.7090E-04 0.7090E-04
 PIMKMKPNU         0.1430E-02 0.2790E-04 0.2790E-04 0.2790E-04
 PIMKZSKZLNU       0.9300E-03 0.1100E-03 0.1100E-03 0.1100E-03
  
 Corrected measurements:
 BABAR MMNUMBARNU S 0.1746000E+00 +/-  0.3000000E-03 +/-  0.8000000E-03 Tot:  0.8544004E-03
 ALEPH MMNUMBARNU P 0.1731900E+00 +/-  0.7000000E-03 +/-  0.3200000E-03 Tot:  0.7696752E-03
 OPAL MMNUMBARNU PU 0.1734000E+00 +/-  0.9000000E-03 +/-  0.6000000E-03 Tot:  0.1081665E-02
 L3 MMNUMBARNU PUBL 0.1734200E+00 +/-  0.1100000E-02 +/-  0.6700000E-03 Tot:  0.1287983E-02
 DELPHI MMNUMBARNU  0.1732500E+00 +/-  0.9500000E-03 +/-  0.7700000E-03 Tot:  0.1222865E-02
 CLEO MMNUMBARNU PU 0.1737000E+00 +/-  0.8000000E-03 +/-  0.1800000E-02 Tot:  0.1969772E-02
  

SYSCOR
      1 | 0.0000000E+00  0.0000000E+00  0.0000000E+00  0.0000000E+00  0.0000000E+00  0.0000000E+00
      2 | 0.0000000E+00  0.0000000E+00  0.0000000E+00  0.0000000E+00  0.0000000E+00  0.0000000E+00
      3 | 0.0000000E+00  0.0000000E+00  0.0000000E+00  0.0000000E+00  0.0000000E+00  0.0000000E+00
      4 | 0.0000000E+00  0.0000000E+00  0.0000000E+00  0.0000000E+00  0.0000000E+00  0.0000000E+00
      5 | 0.0000000E+00  0.0000000E+00  0.0000000E+00  0.0000000E+00  0.0000000E+00  0.0000000E+00
      6 | 0.0000000E+00  0.0000000E+00  0.0000000E+00  0.0000000E+00  0.0000000E+00  0.0000000E+00

TOTCOR
      1 | 0.0000000E+00  0.0000000E+00  0.0000000E+00  0.0000000E+00  0.0000000E+00  0.0000000E+00
      2 | 0.0000000E+00  0.0000000E+00  0.0000000E+00  0.0000000E+00  0.0000000E+00  0.0000000E+00
      3 | 0.0000000E+00  0.0000000E+00  0.0000000E+00  0.0000000E+00  0.0000000E+00  0.0000000E+00
      4 | 0.0000000E+00  0.0000000E+00  0.0000000E+00  0.0000000E+00  0.0000000E+00  0.0000000E+00
      5 | 0.0000000E+00  0.0000000E+00  0.0000000E+00  0.0000000E+00  0.0000000E+00  0.0000000E+00
      6 | 0.0000000E+00  0.0000000E+00  0.0000000E+00  0.0000000E+00  0.0000000E+00  0.0000000E+00
 CHI2_SYM: CHI2, NMEFF, NQUAN, NDOF =   1.78521754 6 1 5
 CHI2_SYM: CHI2/NDOF, SCALE FAC, CL =   0.357043508  0.597531177  0.877993703
 CHI2_SYM        :    M_MMNUMBARNU= 0.1736349E+00  +-  0.4286727E-03            CL =  0.8780
                   stat. only -->   0.1741394E+00  +-  0.2364689E-03            CL =  0.2625
                   syst. only -->                  +-  0.3575511E-03                        


