 COMBOS version  3.33 (Mar 20, 2010) run on  on 02/07/10 at 02.22.18


 ==============================================================================

 X Y combination: combined analysis ALL 2D_XY PUBLISHED
 ----------------

 List of   4 analyses to combine:

 Analysis  Experiment      Method          Quality         Measurement     Steps
       1>  A1              X               PUBLISHED       X                      1
       2>  A1              Y               PUBLISHED       Y                      1
       3>  A2              X+Y             PUBLISHED       X                      1
       4>  A3              X+Y             PUBLISHED       X                      1
 Combined  ALL             2D_XY           PUBLISHED       X Y                    1

 CORrelated and UNCorrelated systematic uncertainties:

                    Analysis number
 Uncertainty           1   2   3   4
 A1_SYST1            UNC
 A1_SYST2                UNC
 A2_SYST12                   UNC
 A3_SYST12                       UNC

 Results of combination:

IMEAS,CSYS =    1    -1.00   0.00
IMEAS,CSYS =    2     0.00  -1.00
IMEAS,CSYS =    3    -1.00  -1.00
IMEAS,CSYS =    4    -1.00  -1.00
 MINUIT_CHI2: DSINV: W->W: IERR =  0
 CHI2_N_SYM: DSINV: S->S: IERR =  0
CHI2_N_SYM: CHI2, NMEFF, NQUAN, NDOF          = 1.4371       4   2   2
CHI2_N_SYM: CHI2/NDOF, SCALE FAC, CL    =  .71855     .84767     .48746    
CHI2_N_SYM: CHI2, NMEFFNEW, NQUANNEW, NDOFNEW = 1.4371       4   2   2
CHI2_N_SYM: CHI2/NDOFNEW, SCALE FAC, CL =  .71855     .84767     .48746    
  
  DUMP FIT RESULTS: diag=toterror off-diag=corr. coeff=corr_sys/toterror
                                        X           Y
            X    0.159752 |      0.009791   -0.290007
            Y    0.876033 |     -0.290007    0.023284
                                        X           Y
  
 DUMP_FIT: DSINV: S->SINV: IERR =  0
 DUMP_FIT: DSINV: SQINV->SQ: IERR =  0
 --Averaged parameters, using only stat---
 --breakdown of errors: syst then stat-----
                                        X           Y
            X    0.159752 |      0.009791   -0.290007
            Y    0.876033 |     -0.290007    0.023284
                                        X           Y
  
                    X      0.1597521 +/-      0.0097912 +/-      0.0000000 Tot Err:     0.0097912 Check Sys:     0.0000000
                    Y      0.8760330 +/-      0.0232841 +/-      0.0000000 Tot Err:     0.0232841 Check Sys:     0.0000000
 Correlation between                    X and                    Y =     -0.2900074
All: Sum of Multi-Quantity Average =      1.0357851 +-      0.0224897
  
 P1: Sum of Multi-Quantity Average =      1.0357851 +-      0.0224897
  
 P2: Sum of Multi-Quantity Average =      0.2258810 +-      0.0052922
  

 ===============================================================================
 Dump of master.inc:

 CHROUT = DUMP_MASTER_INC 
 CHCOMB = ALL 2D_XY PUBLISHED
 CHMEAS = X Y             
 CHSTEP =                 
  ISTEP =        1
  VSTEP = 0.0000E+00
  LUNIT =        6
  NMEAS =        4
  NQUAN =        2
  NMEFF =        4
  NCSYS =        0
  NPARA =        0
 CHANAL = A1 X PUBLISHED
          A1 Y PUBLISHED
          A2 X+Y PUBLISHED
          A3 X+Y PUBLISHED

   MEAS = 0.1600000E+00  0.8800000E+00  0.9700000E+00  0.1050000E+01

   QUAN               1              2              1              1

  STATP = 0.1000000E-01  0.4000000E-01  0.6000000E-01  0.3000000E-01

  STATN = 0.1000000E-01  0.4000000E-01  0.6000000E-01  0.3000000E-01

  STAT  = 0.1000000E-01  0.4000000E-01  0.6000000E-01  0.3000000E-01

  USYSP = 0.2000000E-01  0.4000000E-01  0.6000000E-01  0.3000000E-01

  USYSN = 0.2000000E-01  0.4000000E-01  0.6000000E-01  0.3000000E-01

  USYS  = 0.2000000E-01  0.4000000E-01  0.6000000E-01  0.3000000E-01

STACOR
      1 | 0.1000000E+01  0.0000000E+00  0.0000000E+00  0.0000000E+00
      2 | 0.0000000E+00  0.1000000E+01  0.0000000E+00  0.0000000E+00
      3 | 0.0000000E+00  0.0000000E+00  0.1000000E+01  0.0000000E+00
      4 | 0.0000000E+00  0.0000000E+00  0.0000000E+00  0.1000000E+01

CSYSP

CSYSN

CSYS

CSYS percentage error

 CHPARA                  PARA     EXCUP     EXCUN      EXCU

  
 Corrected measurements:
 A1 X PUBLISHED     0.1600000E+00 +/-  0.1000000E-01 +/-  0.2000000E-01 Tot:  0.2236068E-01
 A1 Y PUBLISHED     0.8800000E+00 +/-  0.4000000E-01 +/-  0.4000000E-01 Tot:  0.5656854E-01
 A2 X+Y PUBLISHED   0.9700000E+00 +/-  0.6000000E-01 +/-  0.6000000E-01 Tot:  0.8485281E-01
 A3 X+Y PUBLISHED   0.1050000E+01 +/-  0.3000000E-01 +/-  0.3000000E-01 Tot:  0.4242641E-01
  
 WARNING at (or before) word   1 of line  39 in file average.input 
         concerning combined analysis ALL 2D_XY PUBLISHED:
         "Quantities are the same"
         ---> computing of correlation meaningless

SYSCOR
      1 | 0.0000000E+00  0.0000000E+00  0.0000000E+00  0.0000000E+00
      2 | 0.0000000E+00  0.0000000E+00  0.0000000E+00  0.0000000E+00
      3 | 0.0000000E+00  0.0000000E+00  0.0000000E+00  0.0000000E+00
      4 | 0.0000000E+00  0.0000000E+00  0.0000000E+00  0.0000000E+00

TOTCOR
      1 | 0.0000000E+00  0.0000000E+00  0.0000000E+00  0.0000000E+00
      2 | 0.0000000E+00  0.0000000E+00  0.0000000E+00  0.0000000E+00
      3 | 0.0000000E+00  0.0000000E+00  0.0000000E+00  0.0000000E+00
      4 | 0.0000000E+00  0.0000000E+00  0.0000000E+00  0.0000000E+00
IMEAS,CSYS =    1    -1.00   0.00
IMEAS,CSYS =    2     0.00  -1.00
IMEAS,CSYS =    3    -1.00  -1.00
IMEAS,CSYS =    4    -1.00  -1.00
 MINUIT_CHI2: DSINV: W->W: IERR =  0
 CHI2_N_SYM: DSINV: S->S: IERR =  0
CHI2_N_SYM: CHI2, NMEFF, NQUAN, NDOF          = .71811       4   2   2
CHI2_N_SYM: CHI2/NDOF, SCALE FAC, CL    =  .35906     .59921     .69833    
CHI2_N_SYM: CHI2, NMEFFNEW, NQUANNEW, NDOFNEW = .71811       4   2   2
CHI2_N_SYM: CHI2/NDOFNEW, SCALE FAC, CL =  .35906     .59921     .69833    
  
  DUMP FIT RESULTS: diag=toterror off-diag=corr. coeff=corr_sys/toterror
                                        X           Y
            X    0.159416 |      0.021245   -0.421600
            Y    0.876265 |     -0.421600    0.034753
                                        X           Y
  
 DUMP_FIT: DSINV: S->SINV: IERR =  0
 DUMP_FIT: DSINV: SQINV->SQ: IERR =  0
 --Averaged parameters, using only stat---
 --breakdown of errors: syst then stat-----
                                        X           Y
            X    0.159416 |      0.021245   -0.421600
            Y    0.876265 |     -0.421600    0.034753
                                        X           Y
  
                    X      0.1594163 +/-      0.0212453 +/-      0.0000000 Tot Err:     0.0212453 Check Sys:     0.0000000
                    Y      0.8762646 +/-      0.0347532 +/-      0.0000000 Tot Err:     0.0347532 Check Sys:     0.0000000
 Correlation between                    X and                    Y =     -0.4215995
All: Sum of Multi-Quantity Average =      1.0356809 +-      0.0321959
  
 P1: Sum of Multi-Quantity Average =      1.0356809 +-      0.0321959
  
 P2: Sum of Multi-Quantity Average =      0.2257517 +-      0.0097216
  


 Total number of WARNING messages generated by COMBOS:      1
