 COMBOS version  3.33 (Mar 20, 2010) run on  on 24/03/10 at 17.13.35


 ==============================================================================

 X Y combination: combined analysis ALL 2D_XY PUBLISHED
 ----------------

 List of  4 analyses to combine:

 Analysis  Experiment      Method          Quality         Measurement     Steps
       1>  A1              X               PUBLISHED       X                      1
       2>  A1              Y               PUBLISHED       Y                      1
       3>  A2              X+Y             PUBLISHED       X                      1
       4>  A3              X+Y             PUBLISHED       X                      1
 Combined  ALL             2D_XY           PUBLISHED       X Y                    1

 CORrelated and UNCorrelated systematic uncertainties:

                    Analysis number
 Uncertainty           1   2   3   4
 A1_SYST1            UNC
 A1_SYST2                UNC
 A2_SYST12                   UNC
 A3_SYST12                       UNC

 "Extra" parameters:
 CHI2_N_SYM_PRT  -.1000E+01 +.0000E+00 +.0000E+00 0.0000E+00
 CHI2_N_SYM_NSUM 0.2000E+01 +.0000E+00 +.0000E+00 0.0000E+00
 CHI2_N_SYM_01   0.3000E+01 +.1200E+02 -.1200E+02 0.1200E+02
 CHI2_N_SYM_02   0.4000E+01 +.1200E+02 -.1200E+02 0.1200E+02

 Results of combination:

 IMEAS,CSYS =   1   -1.0000000000000  0.
 IMEAS,CSYS =   2  0.   -1.0000000000000
 IMEAS,CSYS =   3   -1.0000000000000   -1.0000000000000
 IMEAS,CSYS =   4   -1.0000000000000   -1.0000000000000
 CHI2_N_SYM: CHI2, NMEFF, NQUAN, NDOF =     2.0000151992136  4  2  2
 CHI2_N_SYM: CHI2/NDOF, SCALE FAC, CL =     1.0000075996068    1.0000037997962
    0.36787664890289
  
  DUMP FIT RESULTS: diag=toterror off-diag=corr. coeff=corr_sys/toterror
                                     X             Y
 X            1.8000000      0.0951190    -0.7947194
 Y            8.2000000     -0.7947194     0.1133893
                                     X             Y
  
 --Averaged parameters, using only stat---
 --breakdown of errors: syst then stat-----
                                     X             Y
 X            1.8000000      0.0951190    -0.7947194
 Y            8.2000000     -0.7947194     0.1133893
                                     X             Y
  
                    X      1.8000000 +/-      0.0951190 +/-      0.0000000 Tot Err:     0.0951190 Check Sys:     0.0000000
                    Y      8.2000000 +/-      0.1133893 +/-      0.0000000 Tot Err:     0.1133893 Check Sys:     0.0000000
 Correlation between X and Y =     -0.7947194
  
 IMEAS,CSYS =   1   -1.0000000000000  0.
 IMEAS,CSYS =   2  0.   -1.0000000000000
 IMEAS,CSYS =   3   -1.0000000000000   -1.0000000000000
 IMEAS,CSYS =   4   -1.0000000000000   -1.0000000000000
 CHI2_N_SYM: CHI2, NMEFF, NQUAN, NDOF =     7.6923663712658D-02  4  2  2
 CHI2_N_SYM: CHI2/NDOF, SCALE FAC, CL =     3.8461831856329D-02   0.19611688314964
    0.96226841211319
  
  DUMP FIT RESULTS: diag=toterror off-diag=corr. coeff=corr_sys/toterror
                                     X             Y
 X            1.8000000      0.2102048    -0.4274910
 Y            8.1999999     -0.4274910     0.3234983
                                     X             Y
  
 --Averaged parameters, using only stat---
 --breakdown of errors: syst then stat-----
                                     X             Y
 X            1.8000000      0.2102048    -0.4274910
 Y            8.1999999     -0.4274910     0.3234983
                                     X             Y
  
                    X      1.8000000 +/-      0.2102048 +/-      0.0000000 Tot Err:     0.2102048 Check Sys:     0.0000000
                    Y      8.1999999 +/-      0.3234983 +/-      0.0000000 Tot Err:     0.3234983 Check Sys:     0.0000000
 Correlation between X and Y =     -0.4274910
  
 CHI2_N_SYM      :               X=0.18000E+01  +- 0.21020E+00         CL =  0.9623
                                 Y=0.82000E+01  +- 0.32350E+00         RHO= -0.4275
                   stat. only -->  0.18000E+01  +- 0.95119E-01         CL =  0.3679
                                   0.82000E+01  +- 0.11339E+00         RHO= -0.7947
                   syst. only -->               +- 0.18745E+00                     
                                                +- 0.30298E+00         RHO= -0.3609


