../../../combos/combos average.input  
 COMBOS version  3.33 (Jan 21, 2010) run on  on 10/03/10 at 07.26.05

 WARNING at (or before) word   5 of line   8 in file babar.input 
         concerning analysis BABAR PIMPIMPIPNU PUBLISHED:
         "Negative correlation coefficient specified for BABAR PIMKMPIPNU PUBLISHED"
         ---> probably OK if 2D fit is done
 WARNING at (or before) word   5 of line  10 in file babar.input 
         concerning analysis BABAR PIMPIMPIPNU PUBLISHED:
         "Negative correlation coefficient specified for BABAR KMKMKPNU PUBLISHED"
         ---> probably OK if 2D fit is done
 WARNING at (or before) word   5 of line  28 in file babar.input 
         concerning analysis BABAR PIMKMPIPNU PUBLISHED:
         "Negative correlation coefficient specified for BABAR PIMPIMPIPNU PUBLISHED"
         ---> probably OK if 2D fit is done
 WARNING at (or before) word   5 of line  29 in file babar.input 
         concerning analysis BABAR PIMKMPIPNU PUBLISHED:
         "Negative correlation coefficient specified for BABAR PIMKMKPNU PUBLISHED"
         ---> probably OK if 2D fit is done
 WARNING at (or before) word   5 of line  49 in file babar.input 
         concerning analysis BABAR PIMKMKPNU PUBLISHED:
         "Negative correlation coefficient specified for BABAR PIMKMPIPNU PUBLISHED"
         ---> probably OK if 2D fit is done
 WARNING at (or before) word   5 of line  50 in file babar.input 
         concerning analysis BABAR PIMKMKPNU PUBLISHED:
         "Negative correlation coefficient specified for BABAR KMKMKPNU PUBLISHED"
         ---> probably OK if 2D fit is done
 WARNING at (or before) word   5 of line  68 in file babar.input 
         concerning analysis BABAR KMKMKPNU PUBLISHED:
         "Negative correlation coefficient specified for BABAR PIMPIMPIPNU PUBLISHED"
         ---> probably OK if 2D fit is done
 WARNING at (or before) word   5 of line  70 in file babar.input 
         concerning analysis BABAR KMKMKPNU PUBLISHED:
         "Negative correlation coefficient specified for BABAR PIMKMKPNU PUBLISHED"
         ---> probably OK if 2D fit is done
 WARNING at (or before) word   5 of line   8 in file belle.input 
         concerning analysis BELLE PIMPIMPIPNU PUBLISHED:
         "Negative correlation coefficient specified for BELLE PIMKMPIPNU PUBLISHED"
         ---> probably OK if 2D fit is done
 WARNING at (or before) word   5 of line  28 in file belle.input 
         concerning analysis BELLE PIMKMPIPNU PUBLISHED:
         "Negative correlation coefficient specified for BELLE PIMPIMPIPNU PUBLISHED"
         ---> probably OK if 2D fit is done
 WARNING at (or before) word   5 of line  29 in file belle.input 
         concerning analysis BELLE PIMKMPIPNU PUBLISHED:
         "Negative correlation coefficient specified for BELLE PIMKMKPNU PUBLISHED"
         ---> probably OK if 2D fit is done
 WARNING at (or before) word   5 of line  49 in file belle.input 
         concerning analysis BELLE PIMKMKPNU SUBMITTED:
         "Negative correlation coefficient specified for BELLE PIMKMPIPNU PUBLISHED"
         ---> probably OK if 2D fit is done
 WARNING at (or before) word   5 of line  50 in file belle.input 
         concerning analysis BELLE PIMKMKPNU SUBMITTED:
         "Negative correlation coefficient specified for BELLE KMKMKPNU PUBLISHED"
         ---> probably OK if 2D fit is done
 WARNING at (or before) word   5 of line  70 in file belle.input 
         concerning analysis BELLE KMKMKPNU SUBMITTED:
         "Negative correlation coefficient specified for BELLE PIMKMKPNU PUBLISHED"
         ---> probably OK if 2D fit is done
 WARNING at (or before) word   1 of line  23 in file average.input 
         concerning combined analysis BABAR+BELLE+PDG ALL_METHODS:
         "More than two quantities to be fitted"
         ---> it should work but are you sure it is what you want to do?

 ==============================================================================

 M_PIMPIMPIPNU M_ combination: combined analysis BABAR+BELLE+PDG ALL_METHODS
 -----------------------------

 List of 17 analyses to combine:

 Analysis  Experiment      Method          Quality         Measurement     Steps
       1>  BABAR           PIMPIMPIPNU     PUBLISHED       M_PIMPIMPIPNU          1
       2>  BABAR           PIMKMPIPNU      PUBLISHED       M_PIMKMPIPNU           1
       3>  BABAR           PIMKMKPNU       PUBLISHED       M_PIMKMKPNU            1
       4>  BABAR           KMKMKPNU        PUBLISHED       M_KMKMKPNU             1
       5>  BELLE           PIMPIMPIPNU     PUBLISHED       M_PIMPIMPIPNU          1
       6>  BELLE           PIMKMPIPNU      PUBLISHED       M_PIMKMPIPNU           1
       7>  BELLE           PIMKMKPNU       SUBMITTED       M_PIMKMKPNU            1
       8>  BELLE           KMKMKPNU        SUBMITTED       M_KMKMKPNU             1
       9>  CLEO3           PIMPIMPIPNU     PUBLISHED       M_PIMPIMPIPNU          1
      10>  OPAL            PIMKMPIPNU      PUBLISHED       M_PIMKMPIPNU           1
      11>  CLEO3           PIMKMPIPNU      PUBLISHED       M_PIMKMPIPNU           1
      12>  CLEO            PIMKMPIPNU      PUBLISHED       M_PIMKMPIPNU           1
      13>  ALEPH           PIMKMPIPNU      PUBLISHED       M_PIMKMPIPNU           1
      14>  CLEO3           PIMKMKPNU       PUBLISHED       M_PIMKMKPNU            1
      15>  OPAL            PIMKMKPNU       PUBLISHED       M_PIMKMKPNU            1
      16>  CLEO            PIMKMKPNU       PUBLISHED       M_PIMKMKPNU            1
      17>  ALEPH           PIMKMKPNU       PUBLISHED       M_PIMKMKPNU            1
 Combined  BABAR+BELLE+PDG ALL_METHODS                     M_PIMPIMPIPNU M_       1

 Statistical correlations:

 Analysis number             1          2          3          4          5          6          7          8
               1    0.1000E+01 -.1300E+00 0.1365E-02 -.1867E-02 0.0000E+00 0.0000E+00 0.0000E+00 0.0000E+00
               2    -.1300E+00 0.1000E+01 -.1506E+00 0.6194E-02 0.0000E+00 0.0000E+00 0.0000E+00 0.0000E+00
               3    0.1365E-02 -.1506E+00 0.1000E+01 -.9489E-01 0.0000E+00 0.0000E+00 0.0000E+00 0.0000E+00
               4    -.1867E-02 0.6194E-02 -.9489E-01 0.1000E+01 0.0000E+00 0.0000E+00 0.0000E+00 0.0000E+00
               5    0.0000E+00 0.0000E+00 0.0000E+00 0.0000E+00 0.1000E+01 -.3009E+00 0.5005E-02 0.2547E-02
               6    0.0000E+00 0.0000E+00 0.0000E+00 0.0000E+00 -.3009E+00 0.1000E+01 -.2008E+00 0.1067E-01
               7    0.0000E+00 0.0000E+00 0.0000E+00 0.0000E+00 0.5005E-02 -.2008E+00 0.1000E+01 0.0000E+00
               8    0.0000E+00 0.0000E+00 0.0000E+00 0.0000E+00 0.2547E-02 0.1067E-01 0.0000E+00 0.1000E+01

 CORrelated and UNCorrelated systematic uncertainties:

                    Analysis number
 Uncertainty           1   2   3   4   5   6   7   8   9  10  11  12  13  14  15  16  17
 BABARSYST_00        COR COR COR COR
 BABARSYST_12        COR COR
 BABARSYST_13        COR     COR
 BABARSYST_14        COR         COR
 BABARSYST_23            COR COR
 BABARSYST_24            COR     COR
 BABARSYST_34                COR COR
 BELLESYST_00                        COR COR COR COR
 BELLESYST_12                        COR COR
 BELLESYST_13                        COR     COR
 BELLESYST_14                        COR         COR
 BELLESYST_23                            COR COR
 BELLESYST_24                            COR     COR
 BELLESYST_34                                COR COR
 CLEO3OTHER_00                                       COR     COR         COR
 BABARSYST_1U        UNC
 BABARSYST_2U            UNC
 BABARSYST_3U                UNC
 BABARSYST_4U                    UNC
 BELLESYST_1U                        UNC
 BELLESYST_2U                            UNC
 BELLESYST_3U                                UNC
 BELLESYST_4U                                    UNC
 CLEO3OTHER_1U                                       UNC
 OPALOTHER_2U                                            UNC
 CLEO3OTHER_2U                                               UNC
 CLEOOTHER_2U                                                    UNC
 ALEPHOTHER_2U                                                       UNC
 CLEO3OTHER_3U                                                           UNC
 OPALOTHER_3U                                                                UNC
 CLEOOTHER_3U                                                                    UNC
 ALEPHOTHER_3U                                                                       UNC

 "Correlated" parameters:
 BABARSYST_00    0.0000E+00 +.1000E+01 -.1000E+01 0.1000E+01
 BABARSYST_12    0.0000E+00 +.1000E+01 -.1000E+01 0.1000E+01
 BABARSYST_13    0.0000E+00 +.1000E+01 -.1000E+01 0.1000E+01
 BABARSYST_14    0.0000E+00 +.1000E+01 -.1000E+01 0.1000E+01
 BABARSYST_23    0.0000E+00 +.1000E+01 -.1000E+01 0.1000E+01
 BABARSYST_24    0.0000E+00 +.1000E+01 -.1000E+01 0.1000E+01
 BABARSYST_34    0.0000E+00 +.1000E+01 -.1000E+01 0.1000E+01
 BELLESYST_00    0.0000E+00 +.1000E+01 -.1000E+01 0.1000E+01
 BELLESYST_12    0.0000E+00 +.1000E+01 -.1000E+01 0.1000E+01
 BELLESYST_13    0.0000E+00 +.1000E+01 -.1000E+01 0.1000E+01
 BELLESYST_14    0.0000E+00 +.1000E+01 -.1000E+01 0.1000E+01
 BELLESYST_23    0.0000E+00 +.1000E+01 -.1000E+01 0.1000E+01
 BELLESYST_24    0.0000E+00 +.1000E+01 -.1000E+01 0.1000E+01
 BELLESYST_34    0.0000E+00 +.1000E+01 -.1000E+01 0.1000E+01
 CLEO3OTHER_00   0.0000E+00 +.1000E+01 -.1000E+01 0.1000E+01

 "Extra" parameters:
 SIGMATAUPMY4S   0.9190E+00 +.3000E-02 -.3000E-02 0.3000E-02
 PIMPIZKZSNU     0.1800E-02 +.2000E-03 -.2000E-03 0.2000E-03
 PIMKZSKZLNU     0.9300E-03 +.1100E-03 -.1100E-03 0.1100E-03
 KMKZSNU         0.7900E-03 +.8500E-04 -.8500E-04 0.8500E-04
 PIMKMKPNU       0.1370E-02 +.6000E-04 -.6000E-04 0.6000E-04
 PIMPIMPIPNU     0.8850E-01 +.1300E-02 -.1300E-02 0.1300E-02
 CHI2_N_SYM_PRT  0.1000E+01 +.0000E+00 +.0000E+00 0.0000E+00

 Results of combination:

 CHI2_N_SYM: CHI2, NMEFF, NQUAN, CHI2/NDOF  =   2129.45736 17 4  163.804412
 SwB: NCSYS,NQUAN,LCSYS,LUNIT=  0 4 4 -6
 SwB: I, J, SIJ =  1 1  3.48799561E-09
 SwB: I, J, SIJ =  1 2 -1.0544587E-10
 SwB: I, J, SIJ =  1 3  9.98351336E-13
 SwB: I, J, SIJ =  1 4 -2.22563244E-14
 SwB: I, J, SIJ =  2 1 -1.0544587E-10
 SwB: I, J, SIJ =  2 2  7.30339686E-11
 SwB: I, J, SIJ =  2 3 -1.05255837E-11
 SwB: I, J, SIJ =  2 4  1.11649578E-13
 SwB: I, J, SIJ =  3 1  9.98351336E-13
 SwB: I, J, SIJ =  3 2 -1.05255837E-11
 SwB: I, J, SIJ =  3 3  4.89888297E-11
 SwB: I, J, SIJ =  3 4 -3.84315608E-13
 SwB: I, J, SIJ =  4 1 -2.22563244E-14
 SwB: I, J, SIJ =  4 2  1.11649578E-13
 SwB: I, J, SIJ =  4 3 -3.84315608E-13
 SwB: I, J, SIJ =  4 4  1.06323351E-12
 SwB: I,J,SAUX(IJ) =  1 1  5.90592551E-05
 SwB: I,J,SAUX(IJ) =  1 2 -0.208919587
 SwB: I,J,SAUX(IJ) =  1 3  0.00241516556
 SwB: I,J,SAUX(IJ) =  1 4 -0.000365469509
 SwB: I,J,SAUX(IJ) =  2 1 -0.208919587
 SwB: I,J,SAUX(IJ) =  2 2  8.54599138E-06
 SwB: I,J,SAUX(IJ) =  2 3 -0.175968612
 SwB: I,J,SAUX(IJ) =  2 4  0.0126701077
 SwB: I,J,SAUX(IJ) =  3 1  0.00241516556
 SwB: I,J,SAUX(IJ) =  3 2 -0.175968612
 SwB: I,J,SAUX(IJ) =  3 3  6.99920207E-06
 SwB: I,J,SAUX(IJ) =  3 4 -0.0532506805
 SwB: I,J,SAUX(IJ) =  4 1 -0.000365469509
 SwB: I,J,SAUX(IJ) =  4 2  0.0126701077
 SwB: I,J,SAUX(IJ) =  4 3 -0.0532506805
 SwB: I,J,SAUX(IJ) =  4 4  1.03113215E-06
  
  DUMP FIT RESULTS: diag=toterror off-diag=corr. coeff=corr_sys/toterror
                         M_PIMPIMPIPNU  M_PIMKMPIPNU   M_PIMKMKPNU    M_KMKMKPNU
 M_PIMPIM     0.0869217      0.0000591    -0.2089196     0.0024152    -0.0003655
 M_PIMKMP     0.0031333     -0.2089196     0.0000085    -0.1759686     0.0126701
 M_PIMKMK     0.0014429      0.0024152    -0.1759686     0.0000070    -0.0532507
 M_KMKMKP     0.0000211     -0.0003655     0.0126701    -0.0532507     0.0000010
                         M_PIMPIMPIPNU  M_PIMKMPIPNU   M_PIMKMKPNU    M_KMKMKPNU
  
 --Averaged parameters, using only stat---
 --breakdown of errors: syst then stat-----
                         M_PIMPIMPIPNU  M_PIMKMPIPNU   M_PIMKMKPNU    M_KMKMKPNU
  
 SwB: SQ(IQUAN= 1,JQUAN= 1)=  3.48799561E-09 SSYS( 1)=  5.90592551E-05
 SwB: SQ(IQUAN= 1,JQUAN= 2)= -1.0544587E-10 SSYS( 2)= -0.208919587
 SwB: SQ(IQUAN= 1,JQUAN= 3)=  9.98351336E-13 SSYS( 3)=  0.00241516556
 SwB: SQ(IQUAN= 1,JQUAN= 4)= -2.22563244E-14 SSYS( 4)= -0.000365469509
 SYSSUMTOT(IQUAN) = sqrt()=  0.
  
 M_PIMPIM     0.0869217      0.0000591    -0.2089196     0.0024152    -0.0003655
  
 SwB: SQ(IQUAN= 2,JQUAN= 1)= -1.0544587E-10 SSYS( 1)= -0.208919587
 SwB: SQ(IQUAN= 2,JQUAN= 2)=  7.30339686E-11 SSYS( 2)=  8.54599138E-06
 SwB: SQ(IQUAN= 2,JQUAN= 3)= -1.05255837E-11 SSYS( 3)= -0.175968612
 SwB: SQ(IQUAN= 2,JQUAN= 4)=  1.11649578E-13 SSYS( 4)=  0.0126701077
 SYSSUMTOT(IQUAN) = sqrt()=  0.
  
 M_PIMKMP     0.0031333     -0.2089196     0.0000085    -0.1759686     0.0126701
  
 SwB: SQ(IQUAN= 3,JQUAN= 1)=  9.98351336E-13 SSYS( 1)=  0.00241516556
 SwB: SQ(IQUAN= 3,JQUAN= 2)= -1.05255837E-11 SSYS( 2)= -0.175968612
 SwB: SQ(IQUAN= 3,JQUAN= 3)=  4.89888297E-11 SSYS( 3)=  6.99920207E-06
 SwB: SQ(IQUAN= 3,JQUAN= 4)= -3.84315608E-13 SSYS( 4)= -0.0532506805
 SYSSUMTOT(IQUAN) = sqrt()=  0.
  
 M_PIMKMK     0.0014429      0.0024152    -0.1759686     0.0000070    -0.0532507
  
 SwB: SQ(IQUAN= 4,JQUAN= 1)= -2.22563244E-14 SSYS( 1)= -0.000365469509
 SwB: SQ(IQUAN= 4,JQUAN= 2)=  1.11649578E-13 SSYS( 2)=  0.0126701077
 SwB: SQ(IQUAN= 4,JQUAN= 3)= -3.84315608E-13 SSYS( 3)= -0.0532506805
 SwB: SQ(IQUAN= 4,JQUAN= 4)=  1.06323351E-12 SSYS( 4)=  1.03113215E-06
 SYSSUMTOT(IQUAN) = sqrt()=  0.
  
 M_KMKMKP     0.0000211     -0.0003655     0.0126701    -0.0532507     0.0000010
                         M_PIMPIMPIPNU  M_PIMKMPIPNU   M_PIMKMKPNU    M_KMKMKPNU
  
        M_PIMPIMPIPNU      0.0869217 +-      0.0000591 +-            nan Tot Err:     0.0000591 Check Sys:     0.0000000
         M_PIMKMPIPNU      0.0031333 +-      0.0000085 +-      0.0000000 Tot Err:     0.0000085 Check Sys:     0.0000000
          M_PIMKMKPNU      0.0014429 +-      0.0000070 +-      0.0000000 Tot Err:     0.0000070 Check Sys:     0.0000000
           M_KMKMKPNU      0.0000211 +-      0.0000010 +-      0.0000000 Tot Err:     0.0000010 Check Sys:     0.0000000
 Correlation between M_PIMPIMPIPNU and M_PIMKMPIPNU =     -0.2089196
 Correlation between M_PIMPIMPIPNU and M_PIMKMKPNU =      0.0024152
 Correlation between M_PIMPIMPIPNU and M_KMKMKPNU =     -0.0003655
 Correlation between M_PIMKMPIPNU and M_PIMKMKPNU =     -0.1759686
 Correlation between M_PIMKMPIPNU and M_KMKMKPNU =      0.0126701
 Correlation between M_PIMKMKPNU and M_KMKMKPNU =     -0.0532507
  

 ===============================================================================
 Dump of master.inc:

 CHROUT = DUMP_MASTER_INC 
 CHCOMB = BABAR+BELLE+PDG ALL_METHODS
 CHMEAS = M_PIMPIMPIPNU M_
 CHSTEP =                 
  ISTEP =        1
  VSTEP = 0.0000E+00
  LUNIT =        6
  NMEAS =       17
  NQUAN =        4
  NMEFF =       17
  NCSYS =       15
  NPARA =       22
 CHANAL = BABAR PIMPIMPIPNU PUBLISHED
          BABAR PIMKMPIPNU PUBLISHED
          BABAR PIMKMKPNU PUBLISHED
          BABAR KMKMKPNU PUBLISHED
          BELLE PIMPIMPIPNU PUBLISHED
          BELLE PIMKMPIPNU PUBLISHED
          BELLE PIMKMKPNU SUBMITTED
          BELLE KMKMKPNU SUBMITTED
          CLEO3 PIMPIMPIPNU PUBLISHED
          OPAL PIMKMPIPNU PUBLISHED
          CLEO3 PIMKMPIPNU PUBLISHED
          CLEO PIMKMPIPNU PUBLISHED
          ALEPH PIMKMPIPNU PUBLISHED
          CLEO3 PIMKMKPNU PUBLISHED
          OPAL PIMKMKPNU PUBLISHED
          CLEO PIMKMKPNU PUBLISHED
          ALEPH PIMKMKPNU PUBLISHED

   MEAS = 0.8833700E-01  0.2725700E-02  0.1346100E-02  0.1577700E-04  0.8420000E-01  0.3300000E-02  0.1550000E-02  0.3290000E-04  0.9130000E-01  0.4150000E-02  0.3840000E-02  0.3460000E-02  0.2140000E-02  0.1550000E-02  0.8700000E-03  0.1450000E-02  0.1630000E-02

   QUAN               1              2              3              4              1              2              3              4              1              2              2              2              2              3              3              3              3

  STATP = 0.7400000E-04  0.1800000E-04  0.1000000E-04  0.1300000E-05  0.1000000E-03  0.1000000E-04  0.1000000E-04  0.1700000E-05  0.5000000E-03  0.5300000E-03  0.1400000E-03  0.2300000E-03  0.3700000E-03  0.6000000E-04  0.5600000E-03  0.1300000E-03  0.2100000E-03

  STATN = 0.7400000E-04  0.1800000E-04  0.1000000E-04  0.1300000E-05  0.1000000E-03  0.1000000E-04  0.1000000E-04  0.1700000E-05  0.5000000E-03  0.5300000E-03  0.1400000E-03  0.2300000E-03  0.3700000E-03  0.6000000E-04  0.5600000E-03  0.1300000E-03  0.2100000E-03

  STAT  = 0.7400000E-04  0.1800000E-04  0.1000000E-04  0.1300000E-05  0.1000000E-03  0.1000000E-04  0.1000000E-04  0.1700000E-05  0.5000000E-03  0.5300000E-03  0.1400000E-03  0.2300000E-03  0.3700000E-03  0.6000000E-04  0.5600000E-03  0.1300000E-03  0.2100000E-03

  USYSP = 0.4133600E-03  0.4572400E-04  0.2444400E-04  0.1032200E-05  0.2139400E-02  0.1380400E-03  0.5104100E-04  0.1821500E-05  0.5663700E-03  0.4000000E-03  0.3279270E-03  0.5600000E-03  0.2900000E-03  0.4575750E-04  0.4000000E-03  0.2800000E-03  0.1700000E-03

  USYSN = 0.4133600E-03  0.4572400E-04  0.2444400E-04  0.1032200E-05  0.2139400E-02  0.1380400E-03  0.5104100E-04  0.1821500E-05  0.5663700E-03  0.4000000E-03  0.3279270E-03  0.5600000E-03  0.2900000E-03  0.4575750E-04  0.4000000E-03  0.2800000E-03  0.1700000E-03

  USYS  = 0.4133600E-03  0.4572400E-04  0.2444400E-04  0.1032200E-05  0.2139400E-02  0.1380400E-03  0.5104100E-04  0.1821500E-05  0.5663700E-03  0.4000000E-03  0.3279270E-03  0.5600000E-03  0.2900000E-03  0.4575750E-04  0.4000000E-03  0.2800000E-03  0.1700000E-03

STACOR
      1 | 0.1000000E+01 -0.1299800E+00  0.1365200E-02 -0.1866600E-02  0.0000000E+00  0.0000000E+00  0.0000000E+00  0.0000000E+00  0.0000000E+00  0.0000000E+00  0.0000000E+00  0.0000000E+00  0.0000000E+00  0.0000000E+00  0.0000000E+00  0.0000000E+00  0.0000000E+00
      2 |-0.1299800E+00  0.1000000E+01 -0.1505600E+00  0.6194000E-02  0.0000000E+00  0.0000000E+00  0.0000000E+00  0.0000000E+00  0.0000000E+00  0.0000000E+00  0.0000000E+00  0.0000000E+00  0.0000000E+00  0.0000000E+00  0.0000000E+00  0.0000000E+00  0.0000000E+00
      3 | 0.1365200E-02 -0.1505600E+00  0.1000000E+01 -0.9489100E-01  0.0000000E+00  0.0000000E+00  0.0000000E+00  0.0000000E+00  0.0000000E+00  0.0000000E+00  0.0000000E+00  0.0000000E+00  0.0000000E+00  0.0000000E+00  0.0000000E+00  0.0000000E+00  0.0000000E+00
      4 |-0.1866600E-02  0.6194000E-02 -0.9489100E-01  0.1000000E+01  0.0000000E+00  0.0000000E+00  0.0000000E+00  0.0000000E+00  0.0000000E+00  0.0000000E+00  0.0000000E+00  0.0000000E+00  0.0000000E+00  0.0000000E+00  0.0000000E+00  0.0000000E+00  0.0000000E+00
      5 | 0.0000000E+00  0.0000000E+00  0.0000000E+00  0.0000000E+00  0.1000000E+01 -0.3008700E+00  0.5005400E-02  0.2546900E-02  0.0000000E+00  0.0000000E+00  0.0000000E+00  0.0000000E+00  0.0000000E+00  0.0000000E+00  0.0000000E+00  0.0000000E+00  0.0000000E+00
      6 | 0.0000000E+00  0.0000000E+00  0.0000000E+00  0.0000000E+00 -0.3008700E+00  0.1000000E+01 -0.2008000E+00  0.1066600E-01  0.0000000E+00  0.0000000E+00  0.0000000E+00  0.0000000E+00  0.0000000E+00  0.0000000E+00  0.0000000E+00  0.0000000E+00  0.0000000E+00
      7 | 0.0000000E+00  0.0000000E+00  0.0000000E+00  0.0000000E+00  0.5005400E-02 -0.2008000E+00  0.1000000E+01  0.0000000E+00  0.0000000E+00  0.0000000E+00  0.0000000E+00  0.0000000E+00  0.0000000E+00  0.0000000E+00  0.0000000E+00  0.0000000E+00  0.0000000E+00
      8 | 0.0000000E+00  0.0000000E+00  0.0000000E+00  0.0000000E+00  0.2546900E-02  0.1066600E-01  0.0000000E+00  0.1000000E+01  0.0000000E+00  0.0000000E+00  0.0000000E+00  0.0000000E+00  0.0000000E+00  0.0000000E+00  0.0000000E+00  0.0000000E+00  0.0000000E+00
      9 | 0.0000000E+00  0.0000000E+00  0.0000000E+00  0.0000000E+00  0.0000000E+00  0.0000000E+00  0.0000000E+00  0.0000000E+00  0.1000000E+01  0.0000000E+00  0.0000000E+00  0.0000000E+00  0.0000000E+00  0.0000000E+00  0.0000000E+00  0.0000000E+00  0.0000000E+00
     10 | 0.0000000E+00  0.0000000E+00  0.0000000E+00  0.0000000E+00  0.0000000E+00  0.0000000E+00  0.0000000E+00  0.0000000E+00  0.0000000E+00  0.1000000E+01  0.0000000E+00  0.0000000E+00  0.0000000E+00  0.0000000E+00  0.0000000E+00  0.0000000E+00  0.0000000E+00
     11 | 0.0000000E+00  0.0000000E+00  0.0000000E+00  0.0000000E+00  0.0000000E+00  0.0000000E+00  0.0000000E+00  0.0000000E+00  0.0000000E+00  0.0000000E+00  0.1000000E+01  0.0000000E+00  0.0000000E+00  0.0000000E+00  0.0000000E+00  0.0000000E+00  0.0000000E+00
     12 | 0.0000000E+00  0.0000000E+00  0.0000000E+00  0.0000000E+00  0.0000000E+00  0.0000000E+00  0.0000000E+00  0.0000000E+00  0.0000000E+00  0.0000000E+00  0.0000000E+00  0.1000000E+01  0.0000000E+00  0.0000000E+00  0.0000000E+00  0.0000000E+00  0.0000000E+00
     13 | 0.0000000E+00  0.0000000E+00  0.0000000E+00  0.0000000E+00  0.0000000E+00  0.0000000E+00  0.0000000E+00  0.0000000E+00  0.0000000E+00  0.0000000E+00  0.0000000E+00  0.0000000E+00  0.1000000E+01  0.0000000E+00  0.0000000E+00  0.0000000E+00  0.0000000E+00
     14 | 0.0000000E+00  0.0000000E+00  0.0000000E+00  0.0000000E+00  0.0000000E+00  0.0000000E+00  0.0000000E+00  0.0000000E+00  0.0000000E+00  0.0000000E+00  0.0000000E+00  0.0000000E+00  0.0000000E+00  0.1000000E+01  0.0000000E+00  0.0000000E+00  0.0000000E+00
     15 | 0.0000000E+00  0.0000000E+00  0.0000000E+00  0.0000000E+00  0.0000000E+00  0.0000000E+00  0.0000000E+00  0.0000000E+00  0.0000000E+00  0.0000000E+00  0.0000000E+00  0.0000000E+00  0.0000000E+00  0.0000000E+00  0.1000000E+01  0.0000000E+00  0.0000000E+00
     16 | 0.0000000E+00  0.0000000E+00  0.0000000E+00  0.0000000E+00  0.0000000E+00  0.0000000E+00  0.0000000E+00  0.0000000E+00  0.0000000E+00  0.0000000E+00  0.0000000E+00  0.0000000E+00  0.0000000E+00  0.0000000E+00  0.0000000E+00  0.1000000E+01  0.0000000E+00
     17 | 0.0000000E+00  0.0000000E+00  0.0000000E+00  0.0000000E+00  0.0000000E+00  0.0000000E+00  0.0000000E+00  0.0000000E+00  0.0000000E+00  0.0000000E+00  0.0000000E+00  0.0000000E+00  0.0000000E+00  0.0000000E+00  0.0000000E+00  0.0000000E+00  0.1000000E+01

CSYSP
 BABARS | 0.8426800E-03  0.2600200E-04  0.1284100E-04  0.1505000E-06  0.0000000E+00  0.0000000E+00  0.0000000E+00  0.0000000E+00  0.0000000E+00  0.0000000E+00  0.0000000E+00  0.0000000E+00  0.0000000E+00  0.0000000E+00  0.0000000E+00  0.0000000E+00  0.0000000E+00
 BABARS | 0.6796500E-03  0.6370100E-04  0.0000000E+00  0.0000000E+00  0.0000000E+00  0.0000000E+00  0.0000000E+00  0.0000000E+00  0.0000000E+00  0.0000000E+00  0.0000000E+00  0.0000000E+00  0.0000000E+00  0.0000000E+00  0.0000000E+00  0.0000000E+00  0.0000000E+00
 BABARS | 0.4702000E-03  0.0000000E+00  0.1692800E-04  0.0000000E+00  0.0000000E+00  0.0000000E+00  0.0000000E+00  0.0000000E+00  0.0000000E+00  0.0000000E+00  0.0000000E+00  0.0000000E+00  0.0000000E+00  0.0000000E+00  0.0000000E+00  0.0000000E+00  0.0000000E+00
 BABARS | 0.2047200E-03  0.0000000E+00  0.0000000E+00 -0.2642300E-06  0.0000000E+00  0.0000000E+00  0.0000000E+00  0.0000000E+00  0.0000000E+00  0.0000000E+00  0.0000000E+00  0.0000000E+00  0.0000000E+00  0.0000000E+00  0.0000000E+00  0.0000000E+00  0.0000000E+00
 BABARS | 0.0000000E+00  0.2928200E-04  0.1124800E-04  0.0000000E+00  0.0000000E+00  0.0000000E+00  0.0000000E+00  0.0000000E+00  0.0000000E+00  0.0000000E+00  0.0000000E+00  0.0000000E+00  0.0000000E+00  0.0000000E+00  0.0000000E+00  0.0000000E+00  0.0000000E+00
 BABARS | 0.0000000E+00  0.2938000E-04  0.0000000E+00  0.4045800E-06  0.0000000E+00  0.0000000E+00  0.0000000E+00  0.0000000E+00  0.0000000E+00  0.0000000E+00  0.0000000E+00  0.0000000E+00  0.0000000E+00  0.0000000E+00  0.0000000E+00  0.0000000E+00  0.0000000E+00
 BABARS | 0.0000000E+00  0.0000000E+00  0.1226600E-04  0.4397300E-06  0.0000000E+00  0.0000000E+00  0.0000000E+00  0.0000000E+00  0.0000000E+00  0.0000000E+00  0.0000000E+00  0.0000000E+00  0.0000000E+00  0.0000000E+00  0.0000000E+00  0.0000000E+00  0.0000000E+00
 BELLES | 0.0000000E+00  0.0000000E+00  0.0000000E+00  0.0000000E+00  0.1684000E-03  0.6600000E-05  0.3100000E-05  0.6580000E-07  0.0000000E+00  0.0000000E+00  0.0000000E+00  0.0000000E+00  0.0000000E+00  0.0000000E+00  0.0000000E+00  0.0000000E+00  0.0000000E+00
 BELLES | 0.0000000E+00  0.0000000E+00  0.0000000E+00  0.0000000E+00  0.1060400E-02  0.6871000E-04  0.0000000E+00  0.0000000E+00  0.0000000E+00  0.0000000E+00  0.0000000E+00  0.0000000E+00  0.0000000E+00  0.0000000E+00  0.0000000E+00  0.0000000E+00  0.0000000E+00
 BELLES | 0.0000000E+00  0.0000000E+00  0.0000000E+00  0.0000000E+00  0.5473500E-03  0.0000000E+00  0.1181300E-04  0.0000000E+00  0.0000000E+00  0.0000000E+00  0.0000000E+00  0.0000000E+00  0.0000000E+00  0.0000000E+00  0.0000000E+00  0.0000000E+00  0.0000000E+00
 BELLES | 0.0000000E+00  0.0000000E+00  0.0000000E+00  0.0000000E+00  0.6879000E-03  0.0000000E+00  0.0000000E+00 -0.5268900E-06  0.0000000E+00  0.0000000E+00  0.0000000E+00  0.0000000E+00  0.0000000E+00  0.0000000E+00  0.0000000E+00  0.0000000E+00  0.0000000E+00
 BELLES | 0.0000000E+00  0.0000000E+00  0.0000000E+00  0.0000000E+00  0.0000000E+00  0.4686900E-04  0.1561100E-04  0.0000000E+00  0.0000000E+00  0.0000000E+00  0.0000000E+00  0.0000000E+00  0.0000000E+00  0.0000000E+00  0.0000000E+00  0.0000000E+00  0.0000000E+00
 BELLES | 0.0000000E+00  0.0000000E+00  0.0000000E+00  0.0000000E+00  0.0000000E+00  0.3475900E-04  0.0000000E+00  0.4108800E-06  0.0000000E+00  0.0000000E+00  0.0000000E+00  0.0000000E+00  0.0000000E+00  0.0000000E+00  0.0000000E+00  0.0000000E+00  0.0000000E+00
 BELLES | 0.0000000E+00  0.0000000E+00  0.0000000E+00  0.0000000E+00  0.0000000E+00  0.0000000E+00  0.5196800E-05  0.1844400E-06  0.0000000E+00  0.0000000E+00  0.0000000E+00  0.0000000E+00  0.0000000E+00  0.0000000E+00  0.0000000E+00  0.0000000E+00  0.0000000E+00
 CLEO3O | 0.0000000E+00  0.0000000E+00  0.0000000E+00  0.0000000E+00  0.0000000E+00  0.0000000E+00  0.0000000E+00  0.0000000E+00  0.4565000E-02  0.0000000E+00  0.1920000E-03  0.0000000E+00  0.0000000E+00  0.7750000E-04  0.0000000E+00  0.0000000E+00  0.0000000E+00

CSYSN
 BABARS |-0.8426800E-03 -0.2600200E-04 -0.1284100E-04 -0.1505000E-06  0.0000000E+00  0.0000000E+00  0.0000000E+00  0.0000000E+00  0.0000000E+00  0.0000000E+00  0.0000000E+00  0.0000000E+00  0.0000000E+00  0.0000000E+00  0.0000000E+00  0.0000000E+00  0.0000000E+00
 BABARS |-0.6796500E-03 -0.6370100E-04  0.0000000E+00  0.0000000E+00  0.0000000E+00  0.0000000E+00  0.0000000E+00  0.0000000E+00  0.0000000E+00  0.0000000E+00  0.0000000E+00  0.0000000E+00  0.0000000E+00  0.0000000E+00  0.0000000E+00  0.0000000E+00  0.0000000E+00
 BABARS |-0.4702000E-03  0.0000000E+00 -0.1692800E-04  0.0000000E+00  0.0000000E+00  0.0000000E+00  0.0000000E+00  0.0000000E+00  0.0000000E+00  0.0000000E+00  0.0000000E+00  0.0000000E+00  0.0000000E+00  0.0000000E+00  0.0000000E+00  0.0000000E+00  0.0000000E+00
 BABARS |-0.2047200E-03  0.0000000E+00  0.0000000E+00  0.2642300E-06  0.0000000E+00  0.0000000E+00  0.0000000E+00  0.0000000E+00  0.0000000E+00  0.0000000E+00  0.0000000E+00  0.0000000E+00  0.0000000E+00  0.0000000E+00  0.0000000E+00  0.0000000E+00  0.0000000E+00
 BABARS | 0.0000000E+00 -0.2928200E-04 -0.1124800E-04  0.0000000E+00  0.0000000E+00  0.0000000E+00  0.0000000E+00  0.0000000E+00  0.0000000E+00  0.0000000E+00  0.0000000E+00  0.0000000E+00  0.0000000E+00  0.0000000E+00  0.0000000E+00  0.0000000E+00  0.0000000E+00
 BABARS | 0.0000000E+00 -0.2938000E-04  0.0000000E+00 -0.4045800E-06  0.0000000E+00  0.0000000E+00  0.0000000E+00  0.0000000E+00  0.0000000E+00  0.0000000E+00  0.0000000E+00  0.0000000E+00  0.0000000E+00  0.0000000E+00  0.0000000E+00  0.0000000E+00  0.0000000E+00
 BABARS | 0.0000000E+00  0.0000000E+00 -0.1226600E-04 -0.4397300E-06  0.0000000E+00  0.0000000E+00  0.0000000E+00  0.0000000E+00  0.0000000E+00  0.0000000E+00  0.0000000E+00  0.0000000E+00  0.0000000E+00  0.0000000E+00  0.0000000E+00  0.0000000E+00  0.0000000E+00
 BELLES | 0.0000000E+00  0.0000000E+00  0.0000000E+00  0.0000000E+00 -0.1684000E-03 -0.6600000E-05 -0.3100000E-05 -0.6580000E-07  0.0000000E+00  0.0000000E+00  0.0000000E+00  0.0000000E+00  0.0000000E+00  0.0000000E+00  0.0000000E+00  0.0000000E+00  0.0000000E+00
 BELLES | 0.0000000E+00  0.0000000E+00  0.0000000E+00  0.0000000E+00 -0.1060400E-02 -0.6871000E-04  0.0000000E+00  0.0000000E+00  0.0000000E+00  0.0000000E+00  0.0000000E+00  0.0000000E+00  0.0000000E+00  0.0000000E+00  0.0000000E+00  0.0000000E+00  0.0000000E+00
 BELLES | 0.0000000E+00  0.0000000E+00  0.0000000E+00  0.0000000E+00 -0.5473500E-03  0.0000000E+00 -0.1181300E-04  0.0000000E+00  0.0000000E+00  0.0000000E+00  0.0000000E+00  0.0000000E+00  0.0000000E+00  0.0000000E+00  0.0000000E+00  0.0000000E+00  0.0000000E+00
 BELLES | 0.0000000E+00  0.0000000E+00  0.0000000E+00  0.0000000E+00 -0.6879000E-03  0.0000000E+00  0.0000000E+00  0.5268900E-06  0.0000000E+00  0.0000000E+00  0.0000000E+00  0.0000000E+00  0.0000000E+00  0.0000000E+00  0.0000000E+00  0.0000000E+00  0.0000000E+00
 BELLES | 0.0000000E+00  0.0000000E+00  0.0000000E+00  0.0000000E+00  0.0000000E+00 -0.4686900E-04 -0.1561100E-04  0.0000000E+00  0.0000000E+00  0.0000000E+00  0.0000000E+00  0.0000000E+00  0.0000000E+00  0.0000000E+00  0.0000000E+00  0.0000000E+00  0.0000000E+00
 BELLES | 0.0000000E+00  0.0000000E+00  0.0000000E+00  0.0000000E+00  0.0000000E+00 -0.3475900E-04  0.0000000E+00 -0.4108800E-06  0.0000000E+00  0.0000000E+00  0.0000000E+00  0.0000000E+00  0.0000000E+00  0.0000000E+00  0.0000000E+00  0.0000000E+00  0.0000000E+00
 BELLES | 0.0000000E+00  0.0000000E+00  0.0000000E+00  0.0000000E+00  0.0000000E+00  0.0000000E+00 -0.5196800E-05 -0.1844400E-06  0.0000000E+00  0.0000000E+00  0.0000000E+00  0.0000000E+00  0.0000000E+00  0.0000000E+00  0.0000000E+00  0.0000000E+00  0.0000000E+00
 CLEO3O | 0.0000000E+00  0.0000000E+00  0.0000000E+00  0.0000000E+00  0.0000000E+00  0.0000000E+00  0.0000000E+00  0.0000000E+00 -0.4565000E-02  0.0000000E+00 -0.1920000E-03  0.0000000E+00  0.0000000E+00 -0.7750000E-04  0.0000000E+00  0.0000000E+00  0.0000000E+00

CSYS
 BABARS | 0.8426800E-03  0.2600200E-04  0.1284100E-04  0.1505000E-06  0.0000000E+00  0.0000000E+00  0.0000000E+00  0.0000000E+00  0.0000000E+00  0.0000000E+00  0.0000000E+00  0.0000000E+00  0.0000000E+00  0.0000000E+00  0.0000000E+00  0.0000000E+00  0.0000000E+00
 BABARS | 0.6796500E-03  0.6370100E-04  0.0000000E+00  0.0000000E+00  0.0000000E+00  0.0000000E+00  0.0000000E+00  0.0000000E+00  0.0000000E+00  0.0000000E+00  0.0000000E+00  0.0000000E+00  0.0000000E+00  0.0000000E+00  0.0000000E+00  0.0000000E+00  0.0000000E+00
 BABARS | 0.4702000E-03  0.0000000E+00  0.1692800E-04  0.0000000E+00  0.0000000E+00  0.0000000E+00  0.0000000E+00  0.0000000E+00  0.0000000E+00  0.0000000E+00  0.0000000E+00  0.0000000E+00  0.0000000E+00  0.0000000E+00  0.0000000E+00  0.0000000E+00  0.0000000E+00
 BABARS | 0.2047200E-03  0.0000000E+00  0.0000000E+00 -0.2642300E-06  0.0000000E+00  0.0000000E+00  0.0000000E+00  0.0000000E+00  0.0000000E+00  0.0000000E+00  0.0000000E+00  0.0000000E+00  0.0000000E+00  0.0000000E+00  0.0000000E+00  0.0000000E+00  0.0000000E+00
 BABARS | 0.0000000E+00  0.2928200E-04  0.1124800E-04  0.0000000E+00  0.0000000E+00  0.0000000E+00  0.0000000E+00  0.0000000E+00  0.0000000E+00  0.0000000E+00  0.0000000E+00  0.0000000E+00  0.0000000E+00  0.0000000E+00  0.0000000E+00  0.0000000E+00  0.0000000E+00
 BABARS | 0.0000000E+00  0.2938000E-04  0.0000000E+00  0.4045800E-06  0.0000000E+00  0.0000000E+00  0.0000000E+00  0.0000000E+00  0.0000000E+00  0.0000000E+00  0.0000000E+00  0.0000000E+00  0.0000000E+00  0.0000000E+00  0.0000000E+00  0.0000000E+00  0.0000000E+00
 BABARS | 0.0000000E+00  0.0000000E+00  0.1226600E-04  0.4397300E-06  0.0000000E+00  0.0000000E+00  0.0000000E+00  0.0000000E+00  0.0000000E+00  0.0000000E+00  0.0000000E+00  0.0000000E+00  0.0000000E+00  0.0000000E+00  0.0000000E+00  0.0000000E+00  0.0000000E+00
 BELLES | 0.0000000E+00  0.0000000E+00  0.0000000E+00  0.0000000E+00  0.1684000E-03  0.6600000E-05  0.3100000E-05  0.6580000E-07  0.0000000E+00  0.0000000E+00  0.0000000E+00  0.0000000E+00  0.0000000E+00  0.0000000E+00  0.0000000E+00  0.0000000E+00  0.0000000E+00
 BELLES | 0.0000000E+00  0.0000000E+00  0.0000000E+00  0.0000000E+00  0.1060400E-02  0.6871000E-04  0.0000000E+00  0.0000000E+00  0.0000000E+00  0.0000000E+00  0.0000000E+00  0.0000000E+00  0.0000000E+00  0.0000000E+00  0.0000000E+00  0.0000000E+00  0.0000000E+00
 BELLES | 0.0000000E+00  0.0000000E+00  0.0000000E+00  0.0000000E+00  0.5473500E-03  0.0000000E+00  0.1181300E-04  0.0000000E+00  0.0000000E+00  0.0000000E+00  0.0000000E+00  0.0000000E+00  0.0000000E+00  0.0000000E+00  0.0000000E+00  0.0000000E+00  0.0000000E+00
 BELLES | 0.0000000E+00  0.0000000E+00  0.0000000E+00  0.0000000E+00  0.6879000E-03  0.0000000E+00  0.0000000E+00 -0.5268900E-06  0.0000000E+00  0.0000000E+00  0.0000000E+00  0.0000000E+00  0.0000000E+00  0.0000000E+00  0.0000000E+00  0.0000000E+00  0.0000000E+00
 BELLES | 0.0000000E+00  0.0000000E+00  0.0000000E+00  0.0000000E+00  0.0000000E+00  0.4686900E-04  0.1561100E-04  0.0000000E+00  0.0000000E+00  0.0000000E+00  0.0000000E+00  0.0000000E+00  0.0000000E+00  0.0000000E+00  0.0000000E+00  0.0000000E+00  0.0000000E+00
 BELLES | 0.0000000E+00  0.0000000E+00  0.0000000E+00  0.0000000E+00  0.0000000E+00  0.3475900E-04  0.0000000E+00  0.4108800E-06  0.0000000E+00  0.0000000E+00  0.0000000E+00  0.0000000E+00  0.0000000E+00  0.0000000E+00  0.0000000E+00  0.0000000E+00  0.0000000E+00
 BELLES | 0.0000000E+00  0.0000000E+00  0.0000000E+00  0.0000000E+00  0.0000000E+00  0.0000000E+00  0.5196800E-05  0.1844400E-06  0.0000000E+00  0.0000000E+00  0.0000000E+00  0.0000000E+00  0.0000000E+00  0.0000000E+00  0.0000000E+00  0.0000000E+00  0.0000000E+00
 CLEO3O | 0.0000000E+00  0.0000000E+00  0.0000000E+00  0.0000000E+00  0.0000000E+00  0.0000000E+00  0.0000000E+00  0.0000000E+00  0.4565000E-02  0.0000000E+00  0.1920000E-03  0.0000000E+00  0.0000000E+00  0.7750000E-04  0.0000000E+00  0.0000000E+00  0.0000000E+00

CSYS percentage error
 BABARS | 0.9539378E+00  0.9539568E+00  0.9539410E+00  0.9539203E+00  0.0000000E+00  0.0000000E+00  0.0000000E+00  0.0000000E+00  0.0000000E+00  0.0000000E+00  0.0000000E+00  0.0000000E+00  0.0000000E+00  0.0000000E+00  0.0000000E+00  0.0000000E+00  0.0000000E+00
 BABARS | 0.7693832E+00  0.2337051E+01  0.0000000E+00  0.0000000E+00  0.0000000E+00  0.0000000E+00  0.0000000E+00  0.0000000E+00  0.0000000E+00  0.0000000E+00  0.0000000E+00  0.0000000E+00  0.0000000E+00  0.0000000E+00  0.0000000E+00  0.0000000E+00  0.0000000E+00
 BABARS | 0.5322798E+00  0.0000000E+00  0.1257559E+01  0.0000000E+00  0.0000000E+00  0.0000000E+00  0.0000000E+00  0.0000000E+00  0.0000000E+00  0.0000000E+00  0.0000000E+00  0.0000000E+00  0.0000000E+00  0.0000000E+00  0.0000000E+00  0.0000000E+00  0.0000000E+00
 BABARS | 0.2317489E+00  0.0000000E+00  0.0000000E+00 -0.1674780E+01  0.0000000E+00  0.0000000E+00  0.0000000E+00  0.0000000E+00  0.0000000E+00  0.0000000E+00  0.0000000E+00  0.0000000E+00  0.0000000E+00  0.0000000E+00  0.0000000E+00  0.0000000E+00  0.0000000E+00
 BABARS | 0.0000000E+00  0.1074293E+01  0.8355991E+00  0.0000000E+00  0.0000000E+00  0.0000000E+00  0.0000000E+00  0.0000000E+00  0.0000000E+00  0.0000000E+00  0.0000000E+00  0.0000000E+00  0.0000000E+00  0.0000000E+00  0.0000000E+00  0.0000000E+00  0.0000000E+00
 BABARS | 0.0000000E+00  0.1077888E+01  0.0000000E+00  0.2564366E+01  0.0000000E+00  0.0000000E+00  0.0000000E+00  0.0000000E+00  0.0000000E+00  0.0000000E+00  0.0000000E+00  0.0000000E+00  0.0000000E+00  0.0000000E+00  0.0000000E+00  0.0000000E+00  0.0000000E+00
 BABARS | 0.0000000E+00  0.0000000E+00  0.9112250E+00  0.2787159E+01  0.0000000E+00  0.0000000E+00  0.0000000E+00  0.0000000E+00  0.0000000E+00  0.0000000E+00  0.0000000E+00  0.0000000E+00  0.0000000E+00  0.0000000E+00  0.0000000E+00  0.0000000E+00  0.0000000E+00
 BELLES | 0.0000000E+00  0.0000000E+00  0.0000000E+00  0.0000000E+00  0.2000000E+00  0.2000000E+00  0.2000000E+00  0.2000000E+00  0.0000000E+00  0.0000000E+00  0.0000000E+00  0.0000000E+00  0.0000000E+00  0.0000000E+00  0.0000000E+00  0.0000000E+00  0.0000000E+00
 BELLES | 0.0000000E+00  0.0000000E+00  0.0000000E+00  0.0000000E+00  0.1259382E+01  0.2082121E+01  0.0000000E+00  0.0000000E+00  0.0000000E+00  0.0000000E+00  0.0000000E+00  0.0000000E+00  0.0000000E+00  0.0000000E+00  0.0000000E+00  0.0000000E+00  0.0000000E+00
 BELLES | 0.0000000E+00  0.0000000E+00  0.0000000E+00  0.0000000E+00  0.6500593E+00  0.0000000E+00  0.7621290E+00  0.0000000E+00  0.0000000E+00  0.0000000E+00  0.0000000E+00  0.0000000E+00  0.0000000E+00  0.0000000E+00  0.0000000E+00  0.0000000E+00  0.0000000E+00
 BELLES | 0.0000000E+00  0.0000000E+00  0.0000000E+00  0.0000000E+00  0.8169834E+00  0.0000000E+00  0.0000000E+00 -0.1601489E+01  0.0000000E+00  0.0000000E+00  0.0000000E+00  0.0000000E+00  0.0000000E+00  0.0000000E+00  0.0000000E+00  0.0000000E+00  0.0000000E+00
 BELLES | 0.0000000E+00  0.0000000E+00  0.0000000E+00  0.0000000E+00  0.0000000E+00  0.1420273E+01  0.1007161E+01  0.0000000E+00  0.0000000E+00  0.0000000E+00  0.0000000E+00  0.0000000E+00  0.0000000E+00  0.0000000E+00  0.0000000E+00  0.0000000E+00  0.0000000E+00
 BELLES | 0.0000000E+00  0.0000000E+00  0.0000000E+00  0.0000000E+00  0.0000000E+00  0.1053303E+01  0.0000000E+00  0.1248875E+01  0.0000000E+00  0.0000000E+00  0.0000000E+00  0.0000000E+00  0.0000000E+00  0.0000000E+00  0.0000000E+00  0.0000000E+00  0.0000000E+00
 BELLES | 0.0000000E+00  0.0000000E+00  0.0000000E+00  0.0000000E+00  0.0000000E+00  0.0000000E+00  0.3352774E+00  0.5606079E+00  0.0000000E+00  0.0000000E+00  0.0000000E+00  0.0000000E+00  0.0000000E+00  0.0000000E+00  0.0000000E+00  0.0000000E+00  0.0000000E+00
 CLEO3O | 0.0000000E+00  0.0000000E+00  0.0000000E+00  0.0000000E+00  0.0000000E+00  0.0000000E+00  0.0000000E+00  0.0000000E+00  0.5000000E+01  0.0000000E+00  0.5000000E+01  0.0000000E+00  0.0000000E+00  0.5000000E+01  0.0000000E+00  0.0000000E+00  0.0000000E+00

 CHPARA                  PARA     EXCUP     EXCUN      EXCU

 BABARSYST_00      0.0000E+00 0.1000E+01 0.1000E+01 0.1000E+01
 BABARSYST_12      0.0000E+00 0.1000E+01 0.1000E+01 0.1000E+01
 BABARSYST_13      0.0000E+00 0.1000E+01 0.1000E+01 0.1000E+01
 BABARSYST_14      0.0000E+00 0.1000E+01 0.1000E+01 0.1000E+01
 BABARSYST_23      0.0000E+00 0.1000E+01 0.1000E+01 0.1000E+01
 BABARSYST_24      0.0000E+00 0.1000E+01 0.1000E+01 0.1000E+01
 BABARSYST_34      0.0000E+00 0.1000E+01 0.1000E+01 0.1000E+01
 BELLESYST_00      0.0000E+00 0.1000E+01 0.1000E+01 0.1000E+01
 BELLESYST_12      0.0000E+00 0.1000E+01 0.1000E+01 0.1000E+01
 BELLESYST_13      0.0000E+00 0.1000E+01 0.1000E+01 0.1000E+01
 BELLESYST_14      0.0000E+00 0.1000E+01 0.1000E+01 0.1000E+01
 BELLESYST_23      0.0000E+00 0.1000E+01 0.1000E+01 0.1000E+01
 BELLESYST_24      0.0000E+00 0.1000E+01 0.1000E+01 0.1000E+01
 BELLESYST_34      0.0000E+00 0.1000E+01 0.1000E+01 0.1000E+01
 CLEO3OTHER_00     0.0000E+00 0.1000E+01 0.1000E+01 0.1000E+01
 SIGMATAUPMY4S     0.9190E+00 0.3000E-02 0.3000E-02 0.3000E-02
 PIMPIZKZSNU       0.1800E-02 0.2000E-03 0.2000E-03 0.2000E-03
 PIMKZSKZLNU       0.9300E-03 0.1100E-03 0.1100E-03 0.1100E-03
 KMKZSNU           0.7900E-03 0.8500E-04 0.8500E-04 0.8500E-04
 PIMKMKPNU         0.1370E-02 0.6000E-04 0.6000E-04 0.6000E-04
 PIMPIMPIPNU       0.8850E-01 0.1300E-02 0.1300E-02 0.1300E-02
 CHI2_N_SYM_PRT    0.1000E+01 0.0000E+00 0.0000E+00 0.0000E+00
  
 Corrected measurements:
 BABAR PIMPIMPIPNU  0.8833700E-01 +/-  0.7400000E-04 +/-  0.1267240E-02 Tot:  0.1269399E-02
 BABAR PIMKMPIPNU P 0.2725700E-02 +/-  0.1800000E-04 +/-  0.9244039E-04 Tot:  0.9417657E-04
 BABAR PIMKMKPNU PU 0.1346100E-02 +/-  0.1000000E-04 +/-  0.3641332E-04 Tot:  0.3776149E-04
 BABAR KMKMKPNU PUB 0.1577700E-04 +/-  0.1300000E-05 +/-  0.1230834E-05 Tot:  0.1790238E-05
 BELLE PIMPIMPIPNU  0.8420000E-01 +/-  0.1000000E-03 +/-  0.2550027E-02 Tot:  0.2551987E-02
 BELLE PIMKMPIPNU P 0.3300000E-02 +/-  0.1000000E-04 +/-  0.1649987E-03 Tot:  0.1653014E-03
 BELLE PIMKMKPNU SU 0.1550000E-02 +/-  0.1000000E-04 +/-  0.5500046E-04 Tot:  0.5590215E-04
 BELLE KMKMKPNU SUB 0.3290000E-04 +/-  0.1700000E-05 +/-  0.1950037E-05 Tot:  0.2587015E-05
 CLEO3 PIMPIMPIPNU  0.9130000E-01 +/-  0.5000000E-03 +/-  0.4600000E-02 Tot:  0.4627094E-02
 OPAL PIMKMPIPNU PU 0.4150000E-02 +/-  0.5300000E-03 +/-  0.4000000E-03 Tot:  0.6640030E-03
 CLEO3 PIMKMPIPNU P 0.3840000E-02 +/-  0.1400000E-03 +/-  0.3800002E-03 Tot:  0.4049693E-03
 CLEO PIMKMPIPNU PU 0.3460000E-02 +/-  0.2300000E-03 +/-  0.5600000E-03 Tot:  0.6053925E-03
 ALEPH PIMKMPIPNU P 0.2140000E-02 +/-  0.3700000E-03 +/-  0.2900000E-03 Tot:  0.4701064E-03
 CLEO3 PIMKMKPNU PU 0.1550000E-02 +/-  0.6000000E-04 +/-  0.8999999E-04 Tot:  0.1081665E-03
 OPAL PIMKMKPNU PUB 0.8700000E-03 +/-  0.5600000E-03 +/-  0.4000000E-03 Tot:  0.6881860E-03
 CLEO PIMKMKPNU PUB 0.1450000E-02 +/-  0.1300000E-03 +/-  0.2800000E-03 Tot:  0.3087070E-03
 ALEPH PIMKMKPNU PU 0.1630000E-02 +/-  0.2100000E-03 +/-  0.1700000E-03 Tot:  0.2701851E-03
  

SYSCOR
      1 | 0.0000000E+00  0.0000000E+00  0.0000000E+00  0.0000000E+00  0.0000000E+00  0.0000000E+00  0.0000000E+00  0.0000000E+00  0.0000000E+00  0.0000000E+00  0.0000000E+00  0.0000000E+00  0.0000000E+00  0.0000000E+00  0.0000000E+00  0.0000000E+00  0.0000000E+00
      2 | 0.0000000E+00  0.0000000E+00  0.0000000E+00  0.0000000E+00  0.0000000E+00  0.0000000E+00  0.0000000E+00  0.0000000E+00  0.0000000E+00  0.0000000E+00  0.0000000E+00  0.0000000E+00  0.0000000E+00  0.0000000E+00  0.0000000E+00  0.0000000E+00  0.0000000E+00
      3 | 0.0000000E+00  0.0000000E+00  0.0000000E+00  0.0000000E+00  0.0000000E+00  0.0000000E+00  0.0000000E+00  0.0000000E+00  0.0000000E+00  0.0000000E+00  0.0000000E+00  0.0000000E+00  0.0000000E+00  0.0000000E+00  0.0000000E+00  0.0000000E+00  0.0000000E+00
      4 | 0.0000000E+00  0.0000000E+00  0.0000000E+00  0.0000000E+00  0.0000000E+00  0.0000000E+00  0.0000000E+00  0.0000000E+00  0.0000000E+00  0.0000000E+00  0.0000000E+00  0.0000000E+00  0.0000000E+00  0.0000000E+00  0.0000000E+00  0.0000000E+00  0.0000000E+00
      5 | 0.0000000E+00  0.0000000E+00  0.0000000E+00  0.0000000E+00  0.0000000E+00  0.0000000E+00  0.0000000E+00  0.0000000E+00  0.0000000E+00  0.0000000E+00  0.0000000E+00  0.0000000E+00  0.0000000E+00  0.0000000E+00  0.0000000E+00  0.0000000E+00  0.0000000E+00
      6 | 0.0000000E+00  0.0000000E+00  0.0000000E+00  0.0000000E+00  0.0000000E+00  0.0000000E+00  0.0000000E+00  0.0000000E+00  0.0000000E+00  0.0000000E+00  0.0000000E+00  0.0000000E+00  0.0000000E+00  0.0000000E+00  0.0000000E+00  0.0000000E+00  0.0000000E+00
      7 | 0.0000000E+00  0.0000000E+00  0.0000000E+00  0.0000000E+00  0.0000000E+00  0.0000000E+00  0.0000000E+00  0.0000000E+00  0.0000000E+00  0.0000000E+00  0.0000000E+00  0.0000000E+00  0.0000000E+00  0.0000000E+00  0.0000000E+00  0.0000000E+00  0.0000000E+00
      8 | 0.0000000E+00  0.0000000E+00  0.0000000E+00  0.0000000E+00  0.0000000E+00  0.0000000E+00  0.0000000E+00  0.0000000E+00  0.0000000E+00  0.0000000E+00  0.0000000E+00  0.0000000E+00  0.0000000E+00  0.0000000E+00  0.0000000E+00  0.0000000E+00  0.0000000E+00
      9 | 0.0000000E+00  0.0000000E+00  0.0000000E+00  0.0000000E+00  0.0000000E+00  0.0000000E+00  0.0000000E+00  0.0000000E+00  0.0000000E+00  0.0000000E+00  0.0000000E+00  0.0000000E+00  0.0000000E+00  0.0000000E+00  0.0000000E+00  0.0000000E+00  0.0000000E+00
     10 | 0.0000000E+00  0.0000000E+00  0.0000000E+00  0.0000000E+00  0.0000000E+00  0.0000000E+00  0.0000000E+00  0.0000000E+00  0.0000000E+00  0.0000000E+00  0.0000000E+00  0.0000000E+00  0.0000000E+00  0.0000000E+00  0.0000000E+00  0.0000000E+00  0.0000000E+00
     11 | 0.0000000E+00  0.0000000E+00  0.0000000E+00  0.0000000E+00  0.0000000E+00  0.0000000E+00  0.0000000E+00  0.0000000E+00  0.0000000E+00  0.0000000E+00  0.0000000E+00  0.0000000E+00  0.0000000E+00  0.0000000E+00  0.0000000E+00  0.0000000E+00  0.0000000E+00
     12 | 0.0000000E+00  0.0000000E+00  0.0000000E+00  0.0000000E+00  0.0000000E+00  0.0000000E+00  0.0000000E+00  0.0000000E+00  0.0000000E+00  0.0000000E+00  0.0000000E+00  0.0000000E+00  0.0000000E+00  0.0000000E+00  0.0000000E+00  0.0000000E+00  0.0000000E+00
     13 | 0.0000000E+00  0.0000000E+00  0.0000000E+00  0.0000000E+00  0.0000000E+00  0.0000000E+00  0.0000000E+00  0.0000000E+00  0.0000000E+00  0.0000000E+00  0.0000000E+00  0.0000000E+00  0.0000000E+00  0.0000000E+00  0.0000000E+00  0.0000000E+00  0.0000000E+00
     14 | 0.0000000E+00  0.0000000E+00  0.0000000E+00  0.0000000E+00  0.0000000E+00  0.0000000E+00  0.0000000E+00  0.0000000E+00  0.0000000E+00  0.0000000E+00  0.0000000E+00  0.0000000E+00  0.0000000E+00  0.0000000E+00  0.0000000E+00  0.0000000E+00  0.0000000E+00
     15 | 0.0000000E+00  0.0000000E+00  0.0000000E+00  0.0000000E+00  0.0000000E+00  0.0000000E+00  0.0000000E+00  0.0000000E+00  0.0000000E+00  0.0000000E+00  0.0000000E+00  0.0000000E+00  0.0000000E+00  0.0000000E+00  0.0000000E+00  0.0000000E+00  0.0000000E+00
     16 | 0.0000000E+00  0.0000000E+00  0.0000000E+00  0.0000000E+00  0.0000000E+00  0.0000000E+00  0.0000000E+00  0.0000000E+00  0.0000000E+00  0.0000000E+00  0.0000000E+00  0.0000000E+00  0.0000000E+00  0.0000000E+00  0.0000000E+00  0.0000000E+00  0.0000000E+00
     17 | 0.0000000E+00  0.0000000E+00  0.0000000E+00  0.0000000E+00  0.0000000E+00  0.0000000E+00  0.0000000E+00  0.0000000E+00  0.0000000E+00  0.0000000E+00  0.0000000E+00  0.0000000E+00  0.0000000E+00  0.0000000E+00  0.0000000E+00  0.0000000E+00  0.0000000E+00

TOTCOR
      1 | 0.0000000E+00  0.0000000E+00  0.0000000E+00  0.0000000E+00  0.0000000E+00  0.0000000E+00  0.0000000E+00  0.0000000E+00  0.0000000E+00  0.0000000E+00  0.0000000E+00  0.0000000E+00  0.0000000E+00  0.0000000E+00  0.0000000E+00  0.0000000E+00  0.0000000E+00
      2 | 0.0000000E+00  0.0000000E+00  0.0000000E+00  0.0000000E+00  0.0000000E+00  0.0000000E+00  0.0000000E+00  0.0000000E+00  0.0000000E+00  0.0000000E+00  0.0000000E+00  0.0000000E+00  0.0000000E+00  0.0000000E+00  0.0000000E+00  0.0000000E+00  0.0000000E+00
      3 | 0.0000000E+00  0.0000000E+00  0.0000000E+00  0.0000000E+00  0.0000000E+00  0.0000000E+00  0.0000000E+00  0.0000000E+00  0.0000000E+00  0.0000000E+00  0.0000000E+00  0.0000000E+00  0.0000000E+00  0.0000000E+00  0.0000000E+00  0.0000000E+00  0.0000000E+00
      4 | 0.0000000E+00  0.0000000E+00  0.0000000E+00  0.0000000E+00  0.0000000E+00  0.0000000E+00  0.0000000E+00  0.0000000E+00  0.0000000E+00  0.0000000E+00  0.0000000E+00  0.0000000E+00  0.0000000E+00  0.0000000E+00  0.0000000E+00  0.0000000E+00  0.0000000E+00
      5 | 0.0000000E+00  0.0000000E+00  0.0000000E+00  0.0000000E+00  0.0000000E+00  0.0000000E+00  0.0000000E+00  0.0000000E+00  0.0000000E+00  0.0000000E+00  0.0000000E+00  0.0000000E+00  0.0000000E+00  0.0000000E+00  0.0000000E+00  0.0000000E+00  0.0000000E+00
      6 | 0.0000000E+00  0.0000000E+00  0.0000000E+00  0.0000000E+00  0.0000000E+00  0.0000000E+00  0.0000000E+00  0.0000000E+00  0.0000000E+00  0.0000000E+00  0.0000000E+00  0.0000000E+00  0.0000000E+00  0.0000000E+00  0.0000000E+00  0.0000000E+00  0.0000000E+00
      7 | 0.0000000E+00  0.0000000E+00  0.0000000E+00  0.0000000E+00  0.0000000E+00  0.0000000E+00  0.0000000E+00  0.0000000E+00  0.0000000E+00  0.0000000E+00  0.0000000E+00  0.0000000E+00  0.0000000E+00  0.0000000E+00  0.0000000E+00  0.0000000E+00  0.0000000E+00
      8 | 0.0000000E+00  0.0000000E+00  0.0000000E+00  0.0000000E+00  0.0000000E+00  0.0000000E+00  0.0000000E+00  0.0000000E+00  0.0000000E+00  0.0000000E+00  0.0000000E+00  0.0000000E+00  0.0000000E+00  0.0000000E+00  0.0000000E+00  0.0000000E+00  0.0000000E+00
      9 | 0.0000000E+00  0.0000000E+00  0.0000000E+00  0.0000000E+00  0.0000000E+00  0.0000000E+00  0.0000000E+00  0.0000000E+00  0.0000000E+00  0.0000000E+00  0.0000000E+00  0.0000000E+00  0.0000000E+00  0.0000000E+00  0.0000000E+00  0.0000000E+00  0.0000000E+00
     10 | 0.0000000E+00  0.0000000E+00  0.0000000E+00  0.0000000E+00  0.0000000E+00  0.0000000E+00  0.0000000E+00  0.0000000E+00  0.0000000E+00  0.0000000E+00  0.0000000E+00  0.0000000E+00  0.0000000E+00  0.0000000E+00  0.0000000E+00  0.0000000E+00  0.0000000E+00
     11 | 0.0000000E+00  0.0000000E+00  0.0000000E+00  0.0000000E+00  0.0000000E+00  0.0000000E+00  0.0000000E+00  0.0000000E+00  0.0000000E+00  0.0000000E+00  0.0000000E+00  0.0000000E+00  0.0000000E+00  0.0000000E+00  0.0000000E+00  0.0000000E+00  0.0000000E+00
     12 | 0.0000000E+00  0.0000000E+00  0.0000000E+00  0.0000000E+00  0.0000000E+00  0.0000000E+00  0.0000000E+00  0.0000000E+00  0.0000000E+00  0.0000000E+00  0.0000000E+00  0.0000000E+00  0.0000000E+00  0.0000000E+00  0.0000000E+00  0.0000000E+00  0.0000000E+00
     13 | 0.0000000E+00  0.0000000E+00  0.0000000E+00  0.0000000E+00  0.0000000E+00  0.0000000E+00  0.0000000E+00  0.0000000E+00  0.0000000E+00  0.0000000E+00  0.0000000E+00  0.0000000E+00  0.0000000E+00  0.0000000E+00  0.0000000E+00  0.0000000E+00  0.0000000E+00
     14 | 0.0000000E+00  0.0000000E+00  0.0000000E+00  0.0000000E+00  0.0000000E+00  0.0000000E+00  0.0000000E+00  0.0000000E+00  0.0000000E+00  0.0000000E+00  0.0000000E+00  0.0000000E+00  0.0000000E+00  0.0000000E+00  0.0000000E+00  0.0000000E+00  0.0000000E+00
     15 | 0.0000000E+00  0.0000000E+00  0.0000000E+00  0.0000000E+00  0.0000000E+00  0.0000000E+00  0.0000000E+00  0.0000000E+00  0.0000000E+00  0.0000000E+00  0.0000000E+00  0.0000000E+00  0.0000000E+00  0.0000000E+00  0.0000000E+00  0.0000000E+00  0.0000000E+00
     16 | 0.0000000E+00  0.0000000E+00  0.0000000E+00  0.0000000E+00  0.0000000E+00  0.0000000E+00  0.0000000E+00  0.0000000E+00  0.0000000E+00  0.0000000E+00  0.0000000E+00  0.0000000E+00  0.0000000E+00  0.0000000E+00  0.0000000E+00  0.0000000E+00  0.0000000E+00
     17 | 0.0000000E+00  0.0000000E+00  0.0000000E+00  0.0000000E+00  0.0000000E+00  0.0000000E+00  0.0000000E+00  0.0000000E+00  0.0000000E+00  0.0000000E+00  0.0000000E+00  0.0000000E+00  0.0000000E+00  0.0000000E+00  0.0000000E+00  0.0000000E+00  0.0000000E+00
 CHI2_N_SYM: CHI2, NMEFF, NQUAN, CHI2/NDOF  =   65.0100997 17 4  5.0007769
 SwB: NCSYS,NQUAN,LCSYS,LUNIT=  15 4 19 6
 SwB: I, J, SIJ =  1 1  0.861568638
 SwB: I, J, SIJ =  1 2 -0.101227007
 SwB: I, J, SIJ =  1 3 -0.0911086051
 SwB: I, J, SIJ =  1 4 -0.0212437387
 SwB: I, J, SIJ =  1 5 -0.0300165171
 SwB: I, J, SIJ =  1 6 -0.0141592107
 SwB: I, J, SIJ =  1 7 -0.0306619189
 SwB: I, J, SIJ =  1 8  0.0236104587
 SwB: I, J, SIJ =  1 9  0.106496919
 SwB: I, J, SIJ =  1 10  0.0725775818
 SwB: I, J, SIJ =  1 11  0.0514615003
 SwB: I, J, SIJ =  1 12  0.0435530623
 SwB: I, J, SIJ =  1 13  0.0137442208
 SwB: I, J, SIJ =  1 14  0.0139151119
 SwB: I, J, SIJ =  1 15  0.124266461
 SwB: I, J, SIJ =  1 16  0.000588341806
 SwB: I, J, SIJ =  1 17  1.40713184E-05
 SwB: I, J, SIJ =  1 18  7.46842589E-06
 SwB: I, J, SIJ =  1 19  7.67375838E-08
 SwB: I, J, SIJ =  2 1 -0.101227007
 SwB: I, J, SIJ =  2 2  0.81424488
 SwB: I, J, SIJ =  2 3 -0.00996547552
 SwB: I, J, SIJ =  2 4 -0.0186949939
 SwB: I, J, SIJ =  2 5 -0.037259283
 SwB: I, J, SIJ =  2 6 -0.0570477995
 SwB: I, J, SIJ =  2 7  0.0238922122
 SwB: I, J, SIJ =  2 8  0.0163014529
 SwB: I, J, SIJ =  2 9  0.152065005
 SwB: I, J, SIJ =  2 10  0.0227033933
 SwB: I, J, SIJ =  2 11  0.0378667842
 SwB: I, J, SIJ =  2 12  0.0572718485
 SwB: I, J, SIJ =  2 13  0.047397507
 SwB: I, J, SIJ =  2 14 -0.00326712448
 SwB: I, J, SIJ =  2 15  0.0930195472
 SwB: I, J, SIJ =  2 16  0.000444479585
 SwB: I, J, SIJ =  2 17  4.1650666E-05
 SwB: I, J, SIJ =  2 18 -2.57535151E-07
 SwB: I, J, SIJ =  2 19 -1.7520439E-08
 SwB: I, J, SIJ =  3 1 -0.0911086051
 SwB: I, J, SIJ =  3 2 -0.00996547552
 SwB: I, J, SIJ =  3 3  0.900968261
 SwB: I, J, SIJ =  3 4 -0.0118756751
 SwB: I, J, SIJ =  3 5 -0.0344837286
 SwB: I, J, SIJ =  3 6  0.0135877255
 SwB: I, J, SIJ =  3 7 -0.0519940977
 SwB: I, J, SIJ =  3 8  0.0162824078
 SwB: I, J, SIJ =  3 9  0.0321920734
 SwB: I, J, SIJ =  3 10  0.065154311
 SwB: I, J, SIJ =  3 11  0.0348425671
 SwB: I, J, SIJ =  3 12  0.0352641687
 SwB: I, J, SIJ =  3 13 -0.0108854495
 SwB: I, J, SIJ =  3 14  0.016466585
 SwB: I, J, SIJ =  3 15  0.0708366883
 SwB: I, J, SIJ =  3 16  0.000327440713
 SwB: I, J, SIJ =  3 17 -2.38662488E-06
 SwB: I, J, SIJ =  3 18  1.00756469E-05
 SwB: I, J, SIJ =  3 19 -2.14291222E-08
 SwB: I, J, SIJ =  4 1 -0.0212437387
 SwB: I, J, SIJ =  4 2 -0.0186949939
 SwB: I, J, SIJ =  4 3 -0.0118756751
 SwB: I, J, SIJ =  4 4  0.984955763
 SwB: I, J, SIJ =  4 5  0.00882800547
 SwB: I, J, SIJ =  4 6  0.0144130133
 SwB: I, J, SIJ =  4 7  0.016431935
 SwB: I, J, SIJ =  4 8  0.0018249828
 SwB: I, J, SIJ =  4 9  0.0199477851
 SwB: I, J, SIJ =  4 10  0.0130492904
 SwB: I, J, SIJ =  4 11  0.0298296482
 SwB: I, J, SIJ =  4 12 -0.00356955517
 SwB: I, J, SIJ =  4 13 -0.0131705146
 SwB: I, J, SIJ =  4 14 -0.00470106067
 SwB: I, J, SIJ =  4 15  0.0325817009
 SwB: I, J, SIJ =  4 16  0.000158276676
 SwB: I, J, SIJ =  4 17 -7.2707773E-07
 SwB: I, J, SIJ =  4 18  8.72321934E-08
 SwB: I, J, SIJ =  4 19 -1.80489341E-07
 SwB: I, J, SIJ =  5 1 -0.0300165171
 SwB: I, J, SIJ =  5 2 -0.037259283
 SwB: I, J, SIJ =  5 3 -0.0344837286
 SwB: I, J, SIJ =  5 4  0.00882800547
 SwB: I, J, SIJ =  5 5  0.928487195
 SwB: I, J, SIJ =  5 6 -0.0307020679
 SwB: I, J, SIJ =  5 7 -0.039678989
 SwB: I, J, SIJ =  5 8  0.00746613235
 SwB: I, J, SIJ =  5 9  0.0310168326
 SwB: I, J, SIJ =  5 10  0.0127632071
 SwB: I, J, SIJ =  5 11 -0.0104871283
 SwB: I, J, SIJ =  5 12  0.0662989143
 SwB: I, J, SIJ =  5 13  0.0238687951
 SwB: I, J, SIJ =  5 14  0.00928566715
 SwB: I, J, SIJ =  5 15 -0.00840301044
 SwB: I, J, SIJ =  5 16 -5.59527414E-05
 SwB: I, J, SIJ =  5 17  2.05072005E-05
 SwB: I, J, SIJ =  5 18  6.61455205E-06
 SwB: I, J, SIJ =  5 19 -1.71843442E-08
 SwB: I, J, SIJ =  6 1 -0.0141592107
 SwB: I, J, SIJ =  6 2 -0.0570477995
 SwB: I, J, SIJ =  6 3  0.0135877255
 SwB: I, J, SIJ =  6 4  0.0144130133
 SwB: I, J, SIJ =  6 5 -0.0307020679
 SwB: I, J, SIJ =  6 6  0.951619726
 SwB: I, J, SIJ =  6 7 -0.014140674
 SwB: I, J, SIJ =  6 8  0.00472405533
 SwB: I, J, SIJ =  6 9  0.0395910532
 SwB: I, J, SIJ =  6 10 -0.00950982674
 SwB: I, J, SIJ =  6 11 -0.0282098186
 SwB: I, J, SIJ =  6 12  0.0318805045
 SwB: I, J, SIJ =  6 13  0.0420268804
 SwB: I, J, SIJ =  6 14  0.00569124836
 SwB: I, J, SIJ =  6 15 -0.00698671666
 SwB: I, J, SIJ =  6 16 -3.73508044E-05
 SwB: I, J, SIJ =  6 17  2.03233104E-05
 SwB: I, J, SIJ =  6 18 -2.5234625E-07
 SwB: I, J, SIJ =  6 19  2.68278452E-07
 SwB: I, J, SIJ =  7 1 -0.0306619189
 SwB: I, J, SIJ =  7 2  0.0238922122
 SwB: I, J, SIJ =  7 3 -0.0519940977
 SwB: I, J, SIJ =  7 4  0.016431935
 SwB: I, J, SIJ =  7 5 -0.039678989
 SwB: I, J, SIJ =  7 6 -0.014140674
 SwB: I, J, SIJ =  7 7  0.934978916
 SwB: I, J, SIJ =  7 8  0.00876086598
 SwB: I, J, SIJ =  7 9 -0.00987185293
 SwB: I, J, SIJ =  7 10  0.0254933454
 SwB: I, J, SIJ =  7 11 -0.0243964644
 SwB: I, J, SIJ =  7 12  0.0314931178
 SwB: I, J, SIJ =  7 13  0.0140308969
 SwB: I, J, SIJ =  7 14  0.0197551343
 SwB: I, J, SIJ =  7 15 -0.00289606611
 SwB: I, J, SIJ =  7 16 -2.61495436E-05
 SwB: I, J, SIJ =  7 17 -5.19287785E-07
 SwB: I, J, SIJ =  7 18  7.15562655E-06
 SwB: I, J, SIJ =  7 19  2.84841875E-07
 SwB: I, J, SIJ =  8 1  0.0236104587
 SwB: I, J, SIJ =  8 2  0.0163014529
 SwB: I, J, SIJ =  8 3  0.0162824078
 SwB: I, J, SIJ =  8 4  0.0018249828
 SwB: I, J, SIJ =  8 5  0.00746613235
 SwB: I, J, SIJ =  8 6  0.00472405533
 SwB: I, J, SIJ =  8 7  0.00876086598
 SwB: I, J, SIJ =  8 8  0.994115874
 SwB: I, J, SIJ =  8 9 -0.0256531546
 SwB: I, J, SIJ =  8 10 -0.0166988165
 SwB: I, J, SIJ =  8 11 -0.00897916905
 SwB: I, J, SIJ =  8 12 -0.0134342242
 SwB: I, J, SIJ =  8 13 -0.00597533943
 SwB: I, J, SIJ =  8 14 -0.00420317976
 SwB: I, J, SIJ =  8 15  0.00912383462
 SwB: I, J, SIJ =  8 16  4.20530135E-05
 SwB: I, J, SIJ =  8 17  2.16542353E-06
 SwB: I, J, SIJ =  8 18  1.09488422E-06
 SwB: I, J, SIJ =  8 19  2.62763934E-08
 SwB: I, J, SIJ =  9 1  0.106496919
 SwB: I, J, SIJ =  9 2  0.152065005
 SwB: I, J, SIJ =  9 3  0.0321920734
 SwB: I, J, SIJ =  9 4  0.0199477851
 SwB: I, J, SIJ =  9 5  0.0310168326
 SwB: I, J, SIJ =  9 6  0.0395910532
 SwB: I, J, SIJ =  9 7 -0.00987185293
 SwB: I, J, SIJ =  9 8 -0.0256531546
 SwB: I, J, SIJ =  9 9  0.772975966
 SwB: I, J, SIJ =  9 10 -0.0473885378
 SwB: I, J, SIJ =  9 11 -0.0765982141
 SwB: I, J, SIJ =  9 12 -0.0572360953
 SwB: I, J, SIJ =  9 13 -0.0551144097
 SwB: I, J, SIJ =  9 14  0.00596505058
 SwB: I, J, SIJ =  9 15  0.0483947203
 SwB: I, J, SIJ =  9 16  0.000229088897
 SwB: I, J, SIJ =  9 17  1.78105889E-05
 SwB: I, J, SIJ =  9 18  1.56205299E-06
 SwB: I, J, SIJ =  9 19  2.14871055E-08
 SwB: I, J, SIJ =  10 1  0.0725775818
 SwB: I, J, SIJ =  10 2  0.0227033933
 SwB: I, J, SIJ =  10 3  0.065154311
 SwB: I, J, SIJ =  10 4  0.0130492904
 SwB: I, J, SIJ =  10 5  0.0127632071
 SwB: I, J, SIJ =  10 6 -0.00950982674
 SwB: I, J, SIJ =  10 7  0.0254933454
 SwB: I, J, SIJ =  10 8 -0.0166988165
 SwB: I, J, SIJ =  10 9 -0.0473885378
 SwB: I, J, SIJ =  10 10  0.934483178
 SwB: I, J, SIJ =  10 11 -0.0451113443
 SwB: I, J, SIJ =  10 12 -0.022475659
 SwB: I, J, SIJ =  10 13  0.0112056092
 SwB: I, J, SIJ =  10 14 -0.0130316113
 SwB: I, J, SIJ =  10 15  0.0264826486
 SwB: I, J, SIJ =  10 16  0.000121519362
 SwB: I, J, SIJ =  10 17  2.53317867E-06
 SwB: I, J, SIJ =  10 18  3.91324368E-06
 SwB: I, J, SIJ =  10 19  1.61567692E-08
 SwB: I, J, SIJ =  11 1  0.0514615003
 SwB: I, J, SIJ =  11 2  0.0378667842
 SwB: I, J, SIJ =  11 3  0.0348425671
 SwB: I, J, SIJ =  11 4  0.0298296482
 SwB: I, J, SIJ =  11 5 -0.0104871283
 SwB: I, J, SIJ =  11 6 -0.0282098186
 SwB: I, J, SIJ =  11 7 -0.0243964644
 SwB: I, J, SIJ =  11 8 -0.00897916905
 SwB: I, J, SIJ =  11 9 -0.0765982141
 SwB: I, J, SIJ =  11 10 -0.0451113443
 SwB: I, J, SIJ =  11 11  0.911825171
 SwB: I, J, SIJ =  11 12  0.0186083573
 SwB: I, J, SIJ =  11 13  0.0300107477
 SwB: I, J, SIJ =  11 14  0.0110195029
 SwB: I, J, SIJ =  11 15  0.0221694788
 SwB: I, J, SIJ =  11 16  0.000106053869
 SwB: I, J, SIJ =  11 17  1.92950217E-06
 SwB: I, J, SIJ =  11 18  7.55147135E-07
 SwB: I, J, SIJ =  11 19 -1.58741008E-07
 SwB: I, J, SIJ =  12 1  0.0435530623
 SwB: I, J, SIJ =  12 2  0.0572718485
 SwB: I, J, SIJ =  12 3  0.0352641687
 SwB: I, J, SIJ =  12 4 -0.00356955517
 SwB: I, J, SIJ =  12 5  0.0662989143
 SwB: I, J, SIJ =  12 6  0.0318805045
 SwB: I, J, SIJ =  12 7  0.0314931178
 SwB: I, J, SIJ =  12 8 -0.0134342242
 SwB: I, J, SIJ =  12 9 -0.0572360953
 SwB: I, J, SIJ =  12 10 -0.022475659
 SwB: I, J, SIJ =  12 11  0.0186083573
 SwB: I, J, SIJ =  12 12  0.884365885
 SwB: I, J, SIJ =  12 13 -0.0434656451
 SwB: I, J, SIJ =  12 14 -0.0164011194
 SwB: I, J, SIJ =  12 15  0.0197150663
 SwB: I, J, SIJ =  12 16  8.66080953E-05
 SwB: I, J, SIJ =  12 17  1.04389019E-05
 SwB: I, J, SIJ =  12 18  4.23073477E-06
 SwB: I, J, SIJ =  12 19  1.16553887E-08
 SwB: I, J, SIJ =  13 1  0.0137442208
 SwB: I, J, SIJ =  13 2  0.047397507
 SwB: I, J, SIJ =  13 3 -0.0108854495
 SwB: I, J, SIJ =  13 4 -0.0131705146
 SwB: I, J, SIJ =  13 5  0.0238687951
 SwB: I, J, SIJ =  13 6  0.0420268804
 SwB: I, J, SIJ =  13 7  0.0140308969
 SwB: I, J, SIJ =  13 8 -0.00597533943
 SwB: I, J, SIJ =  13 9 -0.0551144097
 SwB: I, J, SIJ =  13 10  0.0112056092
 SwB: I, J, SIJ =  13 11  0.0300107477
 SwB: I, J, SIJ =  13 12 -0.0434656451
 SwB: I, J, SIJ =  13 13  0.948715773
 SwB: I, J, SIJ =  13 14 -0.00557563444
 SwB: I, J, SIJ =  13 15  0.00719381685
 SwB: I, J, SIJ =  13 16  3.31890334E-05
 SwB: I, J, SIJ =  13 17  7.5053646E-06
 SwB: I, J, SIJ =  13 18  2.01336916E-07
 SwB: I, J, SIJ =  13 19  1.34659567E-07
 SwB: I, J, SIJ =  14 1  0.0139151119
 SwB: I, J, SIJ =  14 2 -0.00326712448
 SwB: I, J, SIJ =  14 3  0.016466585
 SwB: I, J, SIJ =  14 4 -0.00470106067
 SwB: I, J, SIJ =  14 5  0.00928566715
 SwB: I, J, SIJ =  14 6  0.00569124836
 SwB: I, J, SIJ =  14 7  0.0197551343
 SwB: I, J, SIJ =  14 8 -0.00420317976
 SwB: I, J, SIJ =  14 9  0.00596505058
 SwB: I, J, SIJ =  14 10 -0.0130316113
 SwB: I, J, SIJ =  14 11  0.0110195029
 SwB: I, J, SIJ =  14 12 -0.0164011194
 SwB: I, J, SIJ =  14 13 -0.00557563444
 SwB: I, J, SIJ =  14 14  0.990409708
 SwB: I, J, SIJ =  14 15  0.00389014823
 SwB: I, J, SIJ =  14 16  1.63361906E-05
 SwB: I, J, SIJ =  14 17  4.3900912E-07
 SwB: I, J, SIJ =  14 18  1.45719513E-06
 SwB: I, J, SIJ =  14 19  6.26758406E-08
 SwB: I, J, SIJ =  15 1  0.124266461
 SwB: I, J, SIJ =  15 2  0.0930195472
 SwB: I, J, SIJ =  15 3  0.0708366883
 SwB: I, J, SIJ =  15 4  0.0325817009
 SwB: I, J, SIJ =  15 5 -0.00840301044
 SwB: I, J, SIJ =  15 6 -0.00698671666
 SwB: I, J, SIJ =  15 7 -0.00289606611
 SwB: I, J, SIJ =  15 8  0.00912383462
 SwB: I, J, SIJ =  15 9  0.0483947203
 SwB: I, J, SIJ =  15 10  0.0264826486
 SwB: I, J, SIJ =  15 11  0.0221694788
 SwB: I, J, SIJ =  15 12  0.0197150663
 SwB: I, J, SIJ =  15 13  0.00719381685
 SwB: I, J, SIJ =  15 14  0.00389014823
 SwB: I, J, SIJ =  15 15  0.0754563747
 SwB: I, J, SIJ =  15 16  0.000235674928
 SwB: I, J, SIJ =  15 17  8.15870309E-06
 SwB: I, J, SIJ =  15 18  2.54571118E-06
 SwB: I, J, SIJ =  15 19  2.0026789E-09
 SwB: I, J, SIJ =  16 1  0.000588341806
 SwB: I, J, SIJ =  16 2  0.000444479585
 SwB: I, J, SIJ =  16 3  0.000327440713
 SwB: I, J, SIJ =  16 4  0.000158276676
 SwB: I, J, SIJ =  16 5 -5.59527414E-05
 SwB: I, J, SIJ =  16 6 -3.73508044E-05
 SwB: I, J, SIJ =  16 7 -2.61495436E-05
 SwB: I, J, SIJ =  16 8  4.20530135E-05
 SwB: I, J, SIJ =  16 9  0.000229088897
 SwB: I, J, SIJ =  16 10  0.000121519362
 SwB: I, J, SIJ =  16 11  0.000106053869
 SwB: I, J, SIJ =  16 12  8.66080953E-05
 SwB: I, J, SIJ =  16 13  3.31890334E-05
 SwB: I, J, SIJ =  16 14  1.63361906E-05
 SwB: I, J, SIJ =  16 15  0.000235674928
 SwB: I, J, SIJ =  16 16  1.11929777E-06
 SwB: I, J, SIJ =  16 17  3.79409769E-08
 SwB: I, J, SIJ =  16 18  1.08644042E-08
 SwB: I, J, SIJ =  16 19  4.20002901E-12
 SwB: I, J, SIJ =  17 1  1.40713184E-05
 SwB: I, J, SIJ =  17 2  4.1650666E-05
 SwB: I, J, SIJ =  17 3 -2.38662488E-06
 SwB: I, J, SIJ =  17 4 -7.2707773E-07
 SwB: I, J, SIJ =  17 5  2.05072005E-05
 SwB: I, J, SIJ =  17 6  2.03233104E-05
 SwB: I, J, SIJ =  17 7 -5.19287785E-07
 SwB: I, J, SIJ =  17 8  2.16542353E-06
 SwB: I, J, SIJ =  17 9  1.78105889E-05
 SwB: I, J, SIJ =  17 10  2.53317867E-06
 SwB: I, J, SIJ =  17 11  1.92950217E-06
 SwB: I, J, SIJ =  17 12  1.04389019E-05
 SwB: I, J, SIJ =  17 13  7.5053646E-06
 SwB: I, J, SIJ =  17 14  4.3900912E-07
 SwB: I, J, SIJ =  17 15  8.15870309E-06
 SwB: I, J, SIJ =  17 16  3.79409769E-08
 SwB: I, J, SIJ =  17 17  5.91796222E-09
 SwB: I, J, SIJ =  17 18  3.39648509E-10
 SwB: I, J, SIJ =  17 19  7.93222433E-12
 SwB: I, J, SIJ =  18 1  7.46842589E-06
 SwB: I, J, SIJ =  18 2 -2.57535151E-07
 SwB: I, J, SIJ =  18 3  1.00756469E-05
 SwB: I, J, SIJ =  18 4  8.72321934E-08
 SwB: I, J, SIJ =  18 5  6.61455205E-06
 SwB: I, J, SIJ =  18 6 -2.5234625E-07
 SwB: I, J, SIJ =  18 7  7.15562655E-06
 SwB: I, J, SIJ =  18 8  1.09488422E-06
 SwB: I, J, SIJ =  18 9  1.56205299E-06
 SwB: I, J, SIJ =  18 10  3.91324368E-06
 SwB: I, J, SIJ =  18 11  7.55147135E-07
 SwB: I, J, SIJ =  18 12  4.23073477E-06
 SwB: I, J, SIJ =  18 13  2.01336916E-07
 SwB: I, J, SIJ =  18 14  1.45719513E-06
 SwB: I, J, SIJ =  18 15  2.54571118E-06
 SwB: I, J, SIJ =  18 16  1.08644042E-08
 SwB: I, J, SIJ =  18 17  3.39648509E-10
 SwB: I, J, SIJ =  18 18  8.45533024E-10
 SwB: I, J, SIJ =  18 19  2.3688926E-12
 SwB: I, J, SIJ =  19 1  7.67375838E-08
 SwB: I, J, SIJ =  19 2 -1.7520439E-08
 SwB: I, J, SIJ =  19 3 -2.14291222E-08
 SwB: I, J, SIJ =  19 4 -1.80489341E-07
 SwB: I, J, SIJ =  19 5 -1.71843442E-08
 SwB: I, J, SIJ =  19 6  2.68278452E-07
 SwB: I, J, SIJ =  19 7  2.84841875E-07
 SwB: I, J, SIJ =  19 8  2.62763934E-08
 SwB: I, J, SIJ =  19 9  2.14871055E-08
 SwB: I, J, SIJ =  19 10  1.61567692E-08
 SwB: I, J, SIJ =  19 11 -1.58741008E-07
 SwB: I, J, SIJ =  19 12  1.16553887E-08
 SwB: I, J, SIJ =  19 13  1.34659567E-07
 SwB: I, J, SIJ =  19 14  6.26758406E-08
 SwB: I, J, SIJ =  19 15  2.0026789E-09
 SwB: I, J, SIJ =  19 16  4.20002901E-12
 SwB: I, J, SIJ =  19 17  7.93222433E-12
 SwB: I, J, SIJ =  19 18  2.3688926E-12
 SwB: I, J, SIJ =  19 19  2.15901069E-12
 SwB: I,J,SAUX(IJ) =  1 1  0.928207217
 SwB: I,J,SAUX(IJ) =  1 2 -0.120857592
 SwB: I,J,SAUX(IJ) =  1 3 -0.103409327
 SwB: I,J,SAUX(IJ) =  1 4 -0.0230609741
 SwB: I,J,SAUX(IJ) =  1 5 -0.0335604208
 SwB: I,J,SAUX(IJ) =  1 6 -0.0156373223
 SwB: I,J,SAUX(IJ) =  1 7 -0.0341628017
 SwB: I,J,SAUX(IJ) =  1 8  0.0255117928
 SwB: I,J,SAUX(IJ) =  1 9  0.130499579
 SwB: I,J,SAUX(IJ) =  1 10  0.0808857113
 SwB: I,J,SAUX(IJ) =  1 11  0.058060626
 SwB: I,J,SAUX(IJ) =  1 12  0.0498950847
 SwB: I,J,SAUX(IJ) =  1 13  0.0152022238
 SwB: I,J,SAUX(IJ) =  1 14  0.0150637923
 SwB: I,J,SAUX(IJ) =  1 15  0.4873725
 SwB: I,J,SAUX(IJ) =  1 16  0.599117423
 SwB: I,J,SAUX(IJ) =  1 17  0.197062394
 SwB: I,J,SAUX(IJ) =  1 18  0.276706173
 SwB: I,J,SAUX(IJ) =  1 19  0.0562646709
 SwB: I,J,SAUX(IJ) =  2 1 -0.120857592
 SwB: I,J,SAUX(IJ) =  2 2  0.902355185
 SwB: I,J,SAUX(IJ) =  2 3 -0.0116349832
 SwB: I,J,SAUX(IJ) =  2 4 -0.0208756231
 SwB: I,J,SAUX(IJ) =  2 5 -0.0428517947
 SwB: I,J,SAUX(IJ) =  2 6 -0.0648081554
 SwB: I,J,SAUX(IJ) =  2 7  0.0273828052
 SwB: I,J,SAUX(IJ) =  2 8  0.0181188359
 SwB: I,J,SAUX(IJ) =  2 9  0.191676454
 SwB: I,J,SAUX(IJ) =  2 10  0.0260272036
 SwB: I,J,SAUX(IJ) =  2 11  0.0439465835
 SwB: I,J,SAUX(IJ) =  2 12  0.0674912842
 SwB: I,J,SAUX(IJ) =  2 13  0.0539274545
 SwB: I,J,SAUX(IJ) =  2 14 -0.00363815099
 SwB: I,J,SAUX(IJ) =  2 15  0.375274224
 SwB: I,J,SAUX(IJ) =  2 16  0.465587682
 SwB: I,J,SAUX(IJ) =  2 17  0.600009792
 SwB: I,J,SAUX(IJ) =  2 18 -0.00981507695
 SwB: I,J,SAUX(IJ) =  2 19 -0.0132141755
 SwB: I,J,SAUX(IJ) =  3 1 -0.103409327
 SwB: I,J,SAUX(IJ) =  3 2 -0.0116349832
 SwB: I,J,SAUX(IJ) =  3 3  0.949193479
 SwB: I,J,SAUX(IJ) =  3 4 -0.0126065195
 SwB: I,J,SAUX(IJ) =  3 5 -0.0377026185
 SwB: I,J,SAUX(IJ) =  3 6  0.0146743982
 SwB: I,J,SAUX(IJ) =  3 7 -0.0566498013
 SwB: I,J,SAUX(IJ) =  3 8  0.0172046316
 SwB: I,J,SAUX(IJ) =  3 9  0.0385754684
 SwB: I,J,SAUX(IJ) =  3 10  0.0710072456
 SwB: I,J,SAUX(IJ) =  3 11  0.0384414367
 SwB: I,J,SAUX(IJ) =  3 12  0.0395059867
 SwB: I,J,SAUX(IJ) =  3 13 -0.0117739872
 SwB: I,J,SAUX(IJ) =  3 14  0.0174317645
 SwB: I,J,SAUX(IJ) =  3 15  0.271678665
 SwB: I,J,SAUX(IJ) =  3 16  0.326065697
 SwB: I,J,SAUX(IJ) =  3 17 -0.0326846113
 SwB: I,J,SAUX(IJ) =  3 18  0.365050463
 SwB: I,J,SAUX(IJ) =  3 19 -0.0153646347
 SwB: I,J,SAUX(IJ) =  4 1 -0.0230609741
 SwB: I,J,SAUX(IJ) =  4 2 -0.0208756231
 SwB: I,J,SAUX(IJ) =  4 3 -0.0126065195
 SwB: I,J,SAUX(IJ) =  4 4  0.992449376
 SwB: I,J,SAUX(IJ) =  4 5  0.00923137241
 SwB: I,J,SAUX(IJ) =  4 6  0.0148872577
 SwB: I,J,SAUX(IJ) =  4 7  0.0171229834
 SwB: I,J,SAUX(IJ) =  4 8  0.00184430145
 SwB: I,J,SAUX(IJ) =  4 9  0.0228614264
 SwB: I,J,SAUX(IJ) =  4 10  0.0136016874
 SwB: I,J,SAUX(IJ) =  4 11  0.031476322
 SwB: I,J,SAUX(IJ) =  4 12 -0.0038246328
 SwB: I,J,SAUX(IJ) =  4 13 -0.0136246803
 SwB: I,J,SAUX(IJ) =  4 14 -0.00475970513
 SwB: I,J,SAUX(IJ) =  4 15  0.119513626
 SwB: I,J,SAUX(IJ) =  4 16  0.150742509
 SwB: I,J,SAUX(IJ) =  4 17 -0.00952327633
 SwB: I,J,SAUX(IJ) =  4 18  0.00302275635
 SwB: I,J,SAUX(IJ) =  4 19 -0.123770116
 SwB: I,J,SAUX(IJ) =  5 1 -0.0335604208
 SwB: I,J,SAUX(IJ) =  5 2 -0.0428517947
 SwB: I,J,SAUX(IJ) =  5 3 -0.0377026185
 SwB: I,J,SAUX(IJ) =  5 4  0.00923137241
 SwB: I,J,SAUX(IJ) =  5 5  0.963580404
 SwB: I,J,SAUX(IJ) =  5 6 -0.0326623892
 SwB: I,J,SAUX(IJ) =  5 7 -0.0425864785
 SwB: I,J,SAUX(IJ) =  5 8  0.0077712203
 SwB: I,J,SAUX(IJ) =  5 9  0.0366122561
 SwB: I,J,SAUX(IJ) =  5 10  0.0137020679
 SwB: I,J,SAUX(IJ) =  5 11 -0.0113975848
 SwB: I,J,SAUX(IJ) =  5 12  0.0731648466
 SwB: I,J,SAUX(IJ) =  5 13  0.0254316464
 SwB: I,J,SAUX(IJ) =  5 14  0.00968317339
 SwB: I,J,SAUX(IJ) =  5 15 -0.0317467283
 SwB: I,J,SAUX(IJ) =  5 16 -0.0548858749
 SwB: I,J,SAUX(IJ) =  5 17  0.276651051
 SwB: I,J,SAUX(IJ) =  5 18  0.236073474
 SwB: I,J,SAUX(IJ) =  5 19 -0.0121371748
 SwB: I,J,SAUX(IJ) =  6 1 -0.0156373223
 SwB: I,J,SAUX(IJ) =  6 2 -0.0648081554
 SwB: I,J,SAUX(IJ) =  6 3  0.0146743982
 SwB: I,J,SAUX(IJ) =  6 4  0.0148872577
 SwB: I,J,SAUX(IJ) =  6 5 -0.0326623892
 SwB: I,J,SAUX(IJ) =  6 6  0.975509983
 SwB: I,J,SAUX(IJ) =  6 7 -0.0149912374
 SwB: I,J,SAUX(IJ) =  6 8  0.00485696253
 SwB: I,J,SAUX(IJ) =  6 9  0.0461617582
 SwB: I,J,SAUX(IJ) =  6 10 -0.0100845179
 SwB: I,J,SAUX(IJ) =  6 11 -0.0302839686
 SwB: I,J,SAUX(IJ) =  6 12  0.0347518138
 SwB: I,J,SAUX(IJ) =  6 13  0.0442310629
 SwB: I,J,SAUX(IJ) =  6 14  0.00586230454
 SwB: I,J,SAUX(IJ) =  6 15 -0.0260731465
 SwB: I,J,SAUX(IJ) =  6 16 -0.0361905699
 SwB: I,J,SAUX(IJ) =  6 17  0.270817446
 SwB: I,J,SAUX(IJ) =  6 18 -0.00889610397
 SwB: I,J,SAUX(IJ) =  6 19  0.187165879
 SwB: I,J,SAUX(IJ) =  7 1 -0.0341628017
 SwB: I,J,SAUX(IJ) =  7 2  0.0273828052
 SwB: I,J,SAUX(IJ) =  7 3 -0.0566498013
 SwB: I,J,SAUX(IJ) =  7 4  0.0171229834
 SwB: I,J,SAUX(IJ) =  7 5 -0.0425864785
 SwB: I,J,SAUX(IJ) =  7 6 -0.0149912374
 SwB: I,J,SAUX(IJ) =  7 7  0.966943078
 SwB: I,J,SAUX(IJ) =  7 8  0.00908714846
 SwB: I,J,SAUX(IJ) =  7 9 -0.0116122071
 SwB: I,J,SAUX(IJ) =  7 10  0.0272734562
 SwB: I,J,SAUX(IJ) =  7 11 -0.0264222742
 SwB: I,J,SAUX(IJ) =  7 12  0.0346336895
 SwB: I,J,SAUX(IJ) =  7 13  0.0148976053
 SwB: I,J,SAUX(IJ) =  7 14  0.0205291815
 SwB: I,J,SAUX(IJ) =  7 15 -0.010903341
 SwB: I,J,SAUX(IJ) =  7 16 -0.0255617383
 SwB: I,J,SAUX(IJ) =  7 17 -0.00698105572
 SwB: I,J,SAUX(IJ) =  7 18  0.254496299
 SwB: I,J,SAUX(IJ) =  7 19  0.200482067
 SwB: I,J,SAUX(IJ) =  8 1  0.0255117928
 SwB: I,J,SAUX(IJ) =  8 2  0.0181188359
 SwB: I,J,SAUX(IJ) =  8 3  0.0172046316
 SwB: I,J,SAUX(IJ) =  8 4  0.00184430145
 SwB: I,J,SAUX(IJ) =  8 5  0.0077712203
 SwB: I,J,SAUX(IJ) =  8 6  0.00485696253
 SwB: I,J,SAUX(IJ) =  8 7  0.00908714846
 SwB: I,J,SAUX(IJ) =  8 8  0.997053596
 SwB: I,J,SAUX(IJ) =  8 9 -0.0292643767
 SwB: I,J,SAUX(IJ) =  8 10 -0.0173253272
 SwB: I,J,SAUX(IJ) =  8 11 -0.00943108927
 SwB: I,J,SAUX(IJ) =  8 12 -0.0143277534
 SwB: I,J,SAUX(IJ) =  8 13 -0.00615284558
 SwB: I,J,SAUX(IJ) =  8 14 -0.00423596161
 SwB: I,J,SAUX(IJ) =  8 15  0.0333127843
 SwB: I,J,SAUX(IJ) =  8 16  0.0398662879
 SwB: I,J,SAUX(IJ) =  8 17  0.0282317794
 SwB: I,J,SAUX(IJ) =  8 18  0.0377645578
 SwB: I,J,SAUX(IJ) =  8 19  0.0179357629
 SwB: I,J,SAUX(IJ) =  9 1  0.130499579
 SwB: I,J,SAUX(IJ) =  9 2  0.191676454
 SwB: I,J,SAUX(IJ) =  9 3  0.0385754684
 SwB: I,J,SAUX(IJ) =  9 4  0.0228614264
 SwB: I,J,SAUX(IJ) =  9 5  0.0366122561
 SwB: I,J,SAUX(IJ) =  9 6  0.0461617582
 SwB: I,J,SAUX(IJ) =  9 7 -0.0116122071
 SwB: I,J,SAUX(IJ) =  9 8 -0.0292643767
 SwB: I,J,SAUX(IJ) =  9 9  0.879190517
 SwB: I,J,SAUX(IJ) =  9 10 -0.0557576639
 SwB: I,J,SAUX(IJ) =  9 11 -0.0912388621
 SwB: I,J,SAUX(IJ) =  9 12 -0.0692262828
 SwB: I,J,SAUX(IJ) =  9 13 -0.0643597138
 SwB: I,J,SAUX(IJ) =  9 14  0.00681747715
 SwB: I,J,SAUX(IJ) =  9 15  0.200385836
 SwB: I,J,SAUX(IJ) =  9 16  0.246290822
 SwB: I,J,SAUX(IJ) =  9 17  0.263335366
 SwB: I,J,SAUX(IJ) =  9 18  0.0611008819
 SwB: I,J,SAUX(IJ) =  9 19  0.0166328827
 SwB: I,J,SAUX(IJ) =  10 1  0.0808857113
 SwB: I,J,SAUX(IJ) =  10 2  0.0260272036
 SwB: I,J,SAUX(IJ) =  10 3  0.0710072456
 SwB: I,J,SAUX(IJ) =  10 4  0.0136016874
 SwB: I,J,SAUX(IJ) =  10 5  0.0137020679
 SwB: I,J,SAUX(IJ) =  10 6 -0.0100845179
 SwB: I,J,SAUX(IJ) =  10 7  0.0272734562
 SwB: I,J,SAUX(IJ) =  10 8 -0.0173253272
 SwB: I,J,SAUX(IJ) =  10 9 -0.0557576639
 SwB: I,J,SAUX(IJ) =  10 10  0.966686701
 SwB: I,J,SAUX(IJ) =  10 11 -0.0488702136
 SwB: I,J,SAUX(IJ) =  10 12 -0.0247235426
 SwB: I,J,SAUX(IJ) =  10 13  0.011900951
 SwB: I,J,SAUX(IJ) =  10 14 -0.0135458085
 SwB: I,J,SAUX(IJ) =  10 15  0.0997304334
 SwB: I,J,SAUX(IJ) =  10 16  0.11881928
 SwB: I,J,SAUX(IJ) =  10 17  0.0340638699
 SwB: I,J,SAUX(IJ) =  10 18  0.139214945
 SwB: I,J,SAUX(IJ) =  10 19  0.0113747374
 SwB: I,J,SAUX(IJ) =  11 1  0.058060626
 SwB: I,J,SAUX(IJ) =  11 2  0.0439465835
 SwB: I,J,SAUX(IJ) =  11 3  0.0384414367
 SwB: I,J,SAUX(IJ) =  11 4  0.031476322
 SwB: I,J,SAUX(IJ) =  11 5 -0.0113975848
 SwB: I,J,SAUX(IJ) =  11 6 -0.0302839686
 SwB: I,J,SAUX(IJ) =  11 7 -0.0264222742
 SwB: I,J,SAUX(IJ) =  11 8 -0.00943108927
 SwB: I,J,SAUX(IJ) =  11 9 -0.0912388621
 SwB: I,J,SAUX(IJ) =  11 10 -0.0488702136
 SwB: I,J,SAUX(IJ) =  11 11  0.954895372
 SwB: I,J,SAUX(IJ) =  11 12  0.020722219
 SwB: I,J,SAUX(IJ) =  11 13  0.0322665822
 SwB: I,J,SAUX(IJ) =  11 14  0.011595748
 SwB: I,J,SAUX(IJ) =  11 15  0.0845184893
 SwB: I,J,SAUX(IJ) =  11 16  0.104977907
 SwB: I,J,SAUX(IJ) =  11 17  0.0262665714
 SwB: I,J,SAUX(IJ) =  11 18  0.0271963426
 SwB: I,J,SAUX(IJ) =  11 19 -0.113137336
 SwB: I,J,SAUX(IJ) =  12 1  0.0498950847
 SwB: I,J,SAUX(IJ) =  12 2  0.0674912842
 SwB: I,J,SAUX(IJ) =  12 3  0.0395059867
 SwB: I,J,SAUX(IJ) =  12 4 -0.0038246328
 SwB: I,J,SAUX(IJ) =  12 5  0.0731648466
 SwB: I,J,SAUX(IJ) =  12 6  0.0347518138
 SwB: I,J,SAUX(IJ) =  12 7  0.0346336895
 SwB: I,J,SAUX(IJ) =  12 8 -0.0143277534
 SwB: I,J,SAUX(IJ) =  12 9 -0.0692262828
 SwB: I,J,SAUX(IJ) =  12 10 -0.0247235426
 SwB: I,J,SAUX(IJ) =  12 11  0.020722219
 SwB: I,J,SAUX(IJ) =  12 12  0.940407298
 SwB: I,J,SAUX(IJ) =  12 13 -0.0474528257
 SwB: I,J,SAUX(IJ) =  12 14 -0.0175246783
 SwB: I,J,SAUX(IJ) =  12 15  0.0763192835
 SwB: I,J,SAUX(IJ) =  12 16  0.0870501809
 SwB: I,J,SAUX(IJ) =  12 17  0.144295482
 SwB: I,J,SAUX(IJ) =  12 18  0.154715748
 SwB: I,J,SAUX(IJ) =  12 19  0.00843496674
 SwB: I,J,SAUX(IJ) =  13 1  0.0152022238
 SwB: I,J,SAUX(IJ) =  13 2  0.0539274545
 SwB: I,J,SAUX(IJ) =  13 3 -0.0117739872
 SwB: I,J,SAUX(IJ) =  13 4 -0.0136246803
 SwB: I,J,SAUX(IJ) =  13 5  0.0254316464
 SwB: I,J,SAUX(IJ) =  13 6  0.0442310629
 SwB: I,J,SAUX(IJ) =  13 7  0.0148976053
 SwB: I,J,SAUX(IJ) =  13 8 -0.00615284558
 SwB: I,J,SAUX(IJ) =  13 9 -0.0643597138
 SwB: I,J,SAUX(IJ) =  13 10  0.011900951
 SwB: I,J,SAUX(IJ) =  13 11  0.0322665822
 SwB: I,J,SAUX(IJ) =  13 12 -0.0474528257
 SwB: I,J,SAUX(IJ) =  13 13  0.974020417
 SwB: I,J,SAUX(IJ) =  13 14 -0.0057519988
 SwB: I,J,SAUX(IJ) =  13 15  0.026887062
 SwB: I,J,SAUX(IJ) =  13 16  0.032207256
 SwB: I,J,SAUX(IJ) =  13 17  0.100165379
 SwB: I,J,SAUX(IJ) =  13 18  0.00710869799
 SwB: I,J,SAUX(IJ) =  13 19  0.0940896291
 SwB: I,J,SAUX(IJ) =  14 1  0.0150637923
 SwB: I,J,SAUX(IJ) =  14 2 -0.00363815099
 SwB: I,J,SAUX(IJ) =  14 3  0.0174317645
 SwB: I,J,SAUX(IJ) =  14 4 -0.00475970513
 SwB: I,J,SAUX(IJ) =  14 5  0.00968317339
 SwB: I,J,SAUX(IJ) =  14 6  0.00586230454
 SwB: I,J,SAUX(IJ) =  14 7  0.0205291815
 SwB: I,J,SAUX(IJ) =  14 8 -0.00423596161
 SwB: I,J,SAUX(IJ) =  14 9  0.00681747715
 SwB: I,J,SAUX(IJ) =  14 10 -0.0135458085
 SwB: I,J,SAUX(IJ) =  14 11  0.011595748
 SwB: I,J,SAUX(IJ) =  14 12 -0.0175246783
 SwB: I,J,SAUX(IJ) =  14 13 -0.0057519988
 SwB: I,J,SAUX(IJ) =  14 14  0.995193302
 SwB: I,J,SAUX(IJ) =  14 15  0.0142301913
 SwB: I,J,SAUX(IJ) =  14 16  0.0155156698
 SwB: I,J,SAUX(IJ) =  14 17  0.00573429464
 SwB: I,J,SAUX(IJ) =  14 18  0.0503552758
 SwB: I,J,SAUX(IJ) =  14 19  0.0428612987
 SwB: I,J,SAUX(IJ) =  15 1  0.4873725
 SwB: I,J,SAUX(IJ) =  15 2  0.375274224
 SwB: I,J,SAUX(IJ) =  15 3  0.271678665
 SwB: I,J,SAUX(IJ) =  15 4  0.119513626
 SwB: I,J,SAUX(IJ) =  15 5 -0.0317467283
 SwB: I,J,SAUX(IJ) =  15 6 -0.0260731465
 SwB: I,J,SAUX(IJ) =  15 7 -0.010903341
 SwB: I,J,SAUX(IJ) =  15 8  0.0333127843
 SwB: I,J,SAUX(IJ) =  15 9  0.200385836
 SwB: I,J,SAUX(IJ) =  15 10  0.0997304334
 SwB: I,J,SAUX(IJ) =  15 11  0.0845184893
 SwB: I,J,SAUX(IJ) =  15 12  0.0763192835
 SwB: I,J,SAUX(IJ) =  15 13  0.026887062
 SwB: I,J,SAUX(IJ) =  15 14  0.0142301913
 SwB: I,J,SAUX(IJ) =  15 15  0.274693237
 SwB: I,J,SAUX(IJ) =  15 16  0.810947231
 SwB: I,J,SAUX(IJ) =  15 17  0.386088679
 SwB: I,J,SAUX(IJ) =  15 18  0.318710136
 SwB: I,J,SAUX(IJ) =  15 19  0.00496176232
 SwB: I,J,SAUX(IJ) =  16 1  0.599117423
 SwB: I,J,SAUX(IJ) =  16 2  0.465587682
 SwB: I,J,SAUX(IJ) =  16 3  0.326065697
 SwB: I,J,SAUX(IJ) =  16 4  0.150742509
 SwB: I,J,SAUX(IJ) =  16 5 -0.0548858749
 SwB: I,J,SAUX(IJ) =  16 6 -0.0361905699
 SwB: I,J,SAUX(IJ) =  16 7 -0.0255617383
 SwB: I,J,SAUX(IJ) =  16 8  0.0398662879
 SwB: I,J,SAUX(IJ) =  16 9  0.246290822
 SwB: I,J,SAUX(IJ) =  16 10  0.11881928
 SwB: I,J,SAUX(IJ) =  16 11  0.104977907
 SwB: I,J,SAUX(IJ) =  16 12  0.0870501809
 SwB: I,J,SAUX(IJ) =  16 13  0.032207256
 SwB: I,J,SAUX(IJ) =  16 14  0.0155156698
 SwB: I,J,SAUX(IJ) =  16 15  0.810947231
 SwB: I,J,SAUX(IJ) =  16 16  0.0010579687
 SwB: I,J,SAUX(IJ) =  16 17  0.466175662
 SwB: I,J,SAUX(IJ) =  16 18  0.353156992
 SwB: I,J,SAUX(IJ) =  16 19  0.00270179301
 SwB: I,J,SAUX(IJ) =  17 1  0.197062394
 SwB: I,J,SAUX(IJ) =  17 2  0.600009792
 SwB: I,J,SAUX(IJ) =  17 3 -0.0326846113
 SwB: I,J,SAUX(IJ) =  17 4 -0.00952327633
 SwB: I,J,SAUX(IJ) =  17 5  0.276651051
 SwB: I,J,SAUX(IJ) =  17 6  0.270817446
 SwB: I,J,SAUX(IJ) =  17 7 -0.00698105572
 SwB: I,J,SAUX(IJ) =  17 8  0.0282317794
 SwB: I,J,SAUX(IJ) =  17 9  0.263335366
 SwB: I,J,SAUX(IJ) =  17 10  0.0340638699
 SwB: I,J,SAUX(IJ) =  17 11  0.0262665714
 SwB: I,J,SAUX(IJ) =  17 12  0.144295482
 SwB: I,J,SAUX(IJ) =  17 13  0.100165379
 SwB: I,J,SAUX(IJ) =  17 14  0.00573429464
 SwB: I,J,SAUX(IJ) =  17 15  0.386088679
 SwB: I,J,SAUX(IJ) =  17 16  0.466175662
 SwB: I,J,SAUX(IJ) =  17 17  7.69282927E-05
 SwB: I,J,SAUX(IJ) =  17 18  0.15183725
 SwB: I,J,SAUX(IJ) =  17 19  0.0701748506
 SwB: I,J,SAUX(IJ) =  18 1  0.276706173
 SwB: I,J,SAUX(IJ) =  18 2 -0.00981507695
 SwB: I,J,SAUX(IJ) =  18 3  0.365050463
 SwB: I,J,SAUX(IJ) =  18 4  0.00302275635
 SwB: I,J,SAUX(IJ) =  18 5  0.236073474
 SwB: I,J,SAUX(IJ) =  18 6 -0.00889610397
 SwB: I,J,SAUX(IJ) =  18 7  0.254496299
 SwB: I,J,SAUX(IJ) =  18 8  0.0377645578
 SwB: I,J,SAUX(IJ) =  18 9  0.0611008819
 SwB: I,J,SAUX(IJ) =  18 10  0.139214945
 SwB: I,J,SAUX(IJ) =  18 11  0.0271963426
 SwB: I,J,SAUX(IJ) =  18 12  0.154715748
 SwB: I,J,SAUX(IJ) =  18 13  0.00710869799
 SwB: I,J,SAUX(IJ) =  18 14  0.0503552758
 SwB: I,J,SAUX(IJ) =  18 15  0.318710136
 SwB: I,J,SAUX(IJ) =  18 16  0.353156992
 SwB: I,J,SAUX(IJ) =  18 17  0.15183725
 SwB: I,J,SAUX(IJ) =  18 18  2.90780505E-05
 SwB: I,J,SAUX(IJ) =  18 19  0.0554437616
 SwB: I,J,SAUX(IJ) =  19 1  0.0562646709
 SwB: I,J,SAUX(IJ) =  19 2 -0.0132141755
 SwB: I,J,SAUX(IJ) =  19 3 -0.0153646347
 SwB: I,J,SAUX(IJ) =  19 4 -0.123770116
 SwB: I,J,SAUX(IJ) =  19 5 -0.0121371748
 SwB: I,J,SAUX(IJ) =  19 6  0.187165879
 SwB: I,J,SAUX(IJ) =  19 7  0.200482067
 SwB: I,J,SAUX(IJ) =  19 8  0.0179357629
 SwB: I,J,SAUX(IJ) =  19 9  0.0166328827
 SwB: I,J,SAUX(IJ) =  19 10  0.0113747374
 SwB: I,J,SAUX(IJ) =  19 11 -0.113137336
 SwB: I,J,SAUX(IJ) =  19 12  0.00843496674
 SwB: I,J,SAUX(IJ) =  19 13  0.0940896291
 SwB: I,J,SAUX(IJ) =  19 14  0.0428612987
 SwB: I,J,SAUX(IJ) =  19 15  0.00496176232
 SwB: I,J,SAUX(IJ) =  19 16  0.00270179301
 SwB: I,J,SAUX(IJ) =  19 17  0.0701748506
 SwB: I,J,SAUX(IJ) =  19 18  0.0554437616
 SwB: I,J,SAUX(IJ) =  19 19  1.46935724E-06
  
  DUMP FIT RESULTS: diag=toterror off-diag=corr. coeff=corr_sys/toterror
                          BABARSYST_00  BABARSYST_12  BABARSYST_13  BABARSYST_14  BABARSYST_23  BABARSYST_24  BABARSYST_34  BELLESYST_00  BELLESYST_12  BELLESYST_13  BELLESYST_14  BELLESYST_23  BELLESYST_24  BELLESYST_34 CLEO3OTHER_00 M_PIMPIMPIPNU  M_PIMKMPIPNU   M_PIMKMKPNU    M_KMKMKPNU
 BABARSYS     0.4746660      0.9282072    -0.1208576    -0.1034093    -0.0230610    -0.0335604    -0.0156373    -0.0341628     0.0255118     0.1304996     0.0808857     0.0580606     0.0498951     0.0152022     0.0150638     0.4873725     0.5991174     0.1970624     0.2767062     0.0562647
 BABARSYS     0.5781497     -0.1208576     0.9023552    -0.0116350    -0.0208756    -0.0428518    -0.0648082     0.0273828     0.0181188     0.1916765     0.0260272     0.0439466     0.0674913     0.0539275    -0.0036382     0.3752742     0.4655877     0.6000098    -0.0098151    -0.0132142
 BABARSYS     0.3358235     -0.1034093    -0.0116350     0.9491935    -0.0126065    -0.0377026     0.0146744    -0.0566498     0.0172046     0.0385755     0.0710072     0.0384414     0.0395060    -0.0117740     0.0174318     0.2716787     0.3260657    -0.0326846     0.3650505    -0.0153646
 BABARSYS    -0.6801418     -0.0230610    -0.0208756    -0.0126065     0.9924494     0.0092314     0.0148873     0.0171230     0.0018443     0.0228614     0.0136017     0.0314763    -0.0038246    -0.0136247    -0.0047597     0.1195136     0.1507425    -0.0095233     0.0030228    -0.1237701
 BABARSYS     1.2641839     -0.0335604    -0.0428518    -0.0377026     0.0092314     0.9635804    -0.0326624    -0.0425865     0.0077712     0.0366123     0.0137021    -0.0113976     0.0731648     0.0254316     0.0096832    -0.0317467    -0.0548859     0.2766511     0.2360735    -0.0121372
 BABARSYS     1.3080700     -0.0156373    -0.0648082     0.0146744     0.0148873    -0.0326624     0.9755100    -0.0149912     0.0048570     0.0461618    -0.0100845    -0.0302840     0.0347518     0.0442311     0.0058623    -0.0260731    -0.0361906     0.2708174    -0.0088961     0.1871659
 BABARSYS     1.3752403     -0.0341628     0.0273828    -0.0566498     0.0171230    -0.0425865    -0.0149912     0.9669431     0.0090871    -0.0116122     0.0272735    -0.0264223     0.0346337     0.0148976     0.0205292    -0.0109033    -0.0255617    -0.0069811     0.2544963     0.2004821
 BELLESYS    -0.1796273      0.0255118     0.0181188     0.0172046     0.0018443     0.0077712     0.0048570     0.0090871     0.9970536    -0.0292644    -0.0173253    -0.0094311    -0.0143278    -0.0061528    -0.0042360     0.0333128     0.0398663     0.0282318     0.0377646     0.0179358
 BELLESYS    -0.1250601      0.1304996     0.1916765     0.0385755     0.0228614     0.0366123     0.0461618    -0.0116122    -0.0292644     0.8791905    -0.0557577    -0.0912389    -0.0692263    -0.0643597     0.0068175     0.2003858     0.2462908     0.2633354     0.0611009     0.0166329
 BELLESYS     0.0148584      0.0808857     0.0260272     0.0710072     0.0136017     0.0137021    -0.0100845     0.0272735    -0.0173253    -0.0557577     0.9666867    -0.0488702    -0.0247235     0.0119010    -0.0135458     0.0997304     0.1188193     0.0340639     0.1392149     0.0113747
 BELLESYS     1.4332452      0.0580606     0.0439466     0.0384414     0.0314763    -0.0113976    -0.0302840    -0.0264223    -0.0094311    -0.0912389    -0.0488702     0.9548954     0.0207222     0.0322666     0.0115957     0.0845185     0.1049779     0.0262666     0.0271963    -0.1131373
 BELLESYS    -1.2927826      0.0498951     0.0674913     0.0395060    -0.0038246     0.0731648     0.0347518     0.0346337    -0.0143278    -0.0692263    -0.0247235     0.0207222     0.9404073    -0.0474528    -0.0175247     0.0763193     0.0870502     0.1442955     0.1547157     0.0084350
 BELLESYS    -1.1809370      0.0152022     0.0539275    -0.0117740    -0.0136247     0.0254316     0.0442311     0.0148976    -0.0061528    -0.0643597     0.0119010     0.0322666    -0.0474528     0.9740204    -0.0057520     0.0268871     0.0322073     0.1001654     0.0071087     0.0940896
 BELLESYS    -0.4951676      0.0150638    -0.0036382     0.0174318    -0.0047597     0.0096832     0.0058623     0.0205292    -0.0042360     0.0068175    -0.0135458     0.0115957    -0.0175247    -0.0057520     0.9951933     0.0142302     0.0155157     0.0057343     0.0503553     0.0428613
 CLEO3OTH    -0.5691863      0.4873725     0.3752742     0.2716787     0.1195136    -0.0317467    -0.0260731    -0.0109033     0.0333128     0.2003858     0.0997304     0.0845185     0.0763193     0.0268871     0.0142302     0.2746932     0.8109472     0.3860887     0.3187101     0.0049618
 M_PIMPIM     0.0889257      0.5991174     0.4655877     0.3260657     0.1507425    -0.0548859    -0.0361906    -0.0255617     0.0398663     0.2462908     0.1188193     0.1049779     0.0870502     0.0322073     0.0155157     0.8109472     0.0010580     0.4661757     0.3531570     0.0027018
 M_PIMKMP     0.0029032      0.1970624     0.6000098    -0.0326846    -0.0095233     0.2766511     0.2708174    -0.0069811     0.0282318     0.2633354     0.0340639     0.0262666     0.1442955     0.1001654     0.0057343     0.3860887     0.4661757     0.0000769     0.1518373     0.0701749
 M_PIMKMK     0.0014242      0.2767062    -0.0098151     0.3650505     0.0030228     0.2360735    -0.0088961     0.2544963     0.0377646     0.0611009     0.1392149     0.0271963     0.1547157     0.0071087     0.0503553     0.3187101     0.3531570     0.1518373     0.0000291     0.0554438
 M_KMKMKP     0.0000215      0.0562647    -0.0132142    -0.0153646    -0.1237701    -0.0121372     0.1871659     0.2004821     0.0179358     0.0166329     0.0113747    -0.1131373     0.0084350     0.0940896     0.0428613     0.0049618     0.0027018     0.0701749     0.0554438     0.0000015
                          BABARSYST_00  BABARSYST_12  BABARSYST_13  BABARSYST_14  BABARSYST_23  BABARSYST_24  BABARSYST_34  BELLESYST_00  BELLESYST_12  BELLESYST_13  BELLESYST_14  BELLESYST_23  BELLESYST_24  BELLESYST_34 CLEO3OTHER_00 M_PIMPIMPIPNU  M_PIMKMPIPNU   M_PIMKMKPNU    M_KMKMKPNU
  
 --Averaged parameters, using stat+syst---
 --breakdown of errors: syst then stat-----
                          BABARSYST_00  BABARSYST_12  BABARSYST_13  BABARSYST_14  BABARSYST_23  BABARSYST_24  BABARSYST_34  BELLESYST_00  BELLESYST_12  BELLESYST_13  BELLESYST_14  BELLESYST_23  BELLESYST_24  BELLESYST_34 CLEO3OTHER_00 M_PIMPIMPIPNU  M_PIMKMPIPNU   M_PIMKMKPNU    M_KMKMKPNU
  
 SwB: SQ(IQUAN= 1,JQUAN= 1)=  1.30875577E-07 SSYS( 16)=  0.000361767297
 SwB: SQ(IQUAN= 1,JQUAN= 2)= -1.1093017E-10 SSYS( 17)= -0.00674440542
 SwB: SQ(IQUAN= 1,JQUAN= 3)=  4.27157551E-13 SSYS( 18)=  5.2879826E-05
 SwB: SQ(IQUAN= 1,JQUAN= 4)= -8.79416879E-14 SSYS( 19)= -0.000175981553
 SwB: SSYS(I= 1)=SAUX( 16, 1)*SAUX( 16, 16)=  0.000633847481
 IQUAN,SYSSUMTOT(IQUAN),SSYS(I)**2 =  1  4.01762629E-07  4.01762629E-07
 SwB: SSYS(I= 2)=SAUX( 16, 2)*SAUX( 16, 16)=  0.000492577194
 IQUAN,SYSSUMTOT(IQUAN),SSYS(I)**2 =  1  6.44394921E-07  2.42632292E-07
 SwB: SSYS(I= 3)=SAUX( 16, 3)*SAUX( 16, 16)=  0.000344967301
 IQUAN,SYSSUMTOT(IQUAN),SSYS(I)**2 =  1  7.6339736E-07  1.19002439E-07
 SwB: SSYS(I= 4)=SAUX( 16, 4)*SAUX( 16, 16)=  0.000159480856
 IQUAN,SYSSUMTOT(IQUAN),SSYS(I)**2 =  1  7.88831504E-07  2.54341436E-08
 SwB: SSYS(I= 5)=SAUX( 16, 5)*SAUX( 16, 16)= -5.80675377E-05
 IQUAN,SYSSUMTOT(IQUAN),SSYS(I)**2 =  1  7.92203343E-07  3.37183893E-09
 SwB: SSYS(I= 6)=SAUX( 16, 6)*SAUX( 16, 16)= -3.82884902E-05
 IQUAN,SYSSUMTOT(IQUAN),SSYS(I)**2 =  1  7.93669351E-07  1.46600848E-09
 SwB: SSYS(I= 7)=SAUX( 16, 7)*SAUX( 16, 16)= -2.70435191E-05
 IQUAN,SYSSUMTOT(IQUAN),SSYS(I)**2 =  1  7.94400703E-07  7.31351924E-10
 SwB: SSYS(I= 8)=SAUX( 16, 8)*SAUX( 16, 16)=  4.21772848E-05
 IQUAN,SYSSUMTOT(IQUAN),SSYS(I)**2 =  1  7.96179626E-07  1.77892335E-09
 SwB: SSYS(I= 9)=SAUX( 16, 9)*SAUX( 16, 16)=  0.00026056798
 IQUAN,SYSSUMTOT(IQUAN),SSYS(I)**2 =  1  8.64075299E-07  6.78956724E-08
 SwB: SSYS(I= 10)=SAUX( 16, 10)*SAUX( 16, 16)=  0.00012570708
 IQUAN,SYSSUMTOT(IQUAN),SSYS(I)**2 =  1  8.79877569E-07  1.58022699E-08
 SwB: SSYS(I= 11)=SAUX( 16, 11)*SAUX( 16, 16)=  0.00011106334
 IQUAN,SYSSUMTOT(IQUAN),SSYS(I)**2 =  1  8.92212634E-07  1.23350655E-08
 SwB: SSYS(I= 12)=SAUX( 16, 12)*SAUX( 16, 16)=  9.20963667E-05
 IQUAN,SYSSUMTOT(IQUAN),SSYS(I)**2 =  1  9.00694375E-07  8.48174075E-09
 SwB: SSYS(I= 13)=SAUX( 16, 13)*SAUX( 16, 16)=  3.40742687E-05
 IQUAN,SYSSUMTOT(IQUAN),SSYS(I)**2 =  1  9.01855431E-07  1.16105579E-09
 SwB: SSYS(I= 14)=SAUX( 16, 14)*SAUX( 16, 16)=  1.6415093E-05
 IQUAN,SYSSUMTOT(IQUAN),SSYS(I)**2 =  1  9.02124886E-07  2.6945528E-10
 SwB: SSYS(I= 15)=SAUX( 16, 15)*SAUX( 16, 16)=  0.000857956788
 IQUAN,SYSSUMTOT(IQUAN),SSYS(I)**2 =  1  1.63821474E-06  7.3608985E-07
 SYSSUMTOT(IQUAN) = sqrt()=  0.00127992763
  
 M_PIMPIM     0.0889257      0.0006338     0.0004926     0.0003450     0.0001595    -0.0000581    -0.0000383    -0.0000270     0.0000422     0.0002606     0.0001257     0.0001111     0.0000921     0.0000341     0.0000164     0.0008580     0.0003618    -0.0067444     0.0000529    -0.0001760
  
 SwB: SQ(IQUAN= 2,JQUAN= 1)= -1.1093017E-10 SSYS( 16)= -0.00674440542
 SwB: SQ(IQUAN= 2,JQUAN= 2)=  2.06706157E-09 SSYS( 17)=  4.54649488E-05
 SwB: SQ(IQUAN= 2,JQUAN= 3)= -1.69787619E-11 SSYS( 18)= -0.0167247851
 SwB: SQ(IQUAN= 2,JQUAN= 4)=  8.43224629E-14 SSYS( 19)=  0.00134266674
 SwB: SSYS(I= 1)=SAUX( 17, 1)*SAUX( 17, 17)=  1.51596735E-05
 IQUAN,SYSSUMTOT(IQUAN),SSYS(I)**2 =  2  2.29815701E-10  2.29815701E-10
 SwB: SSYS(I= 2)=SAUX( 17, 2)*SAUX( 17, 17)=  4.61577289E-05
 IQUAN,SYSSUMTOT(IQUAN),SSYS(I)**2 =  2  2.36035164E-09  2.13053594E-09
 SwB: SSYS(I= 3)=SAUX( 17, 3)*SAUX( 17, 17)= -2.51437134E-06
 IQUAN,SYSSUMTOT(IQUAN),SSYS(I)**2 =  2  2.3666737E-09  6.32206325E-12
 SwB: SSYS(I= 4)=SAUX( 17, 4)*SAUX( 17, 17)= -7.32609389E-07
 IQUAN,SYSSUMTOT(IQUAN),SSYS(I)**2 =  2  2.36721042E-09  5.36716516E-13
 SwB: SSYS(I= 5)=SAUX( 17, 5)*SAUX( 17, 17)=  2.1282293E-05
 IQUAN,SYSSUMTOT(IQUAN),SSYS(I)**2 =  2  2.82014642E-09  4.52935996E-10
 SwB: SSYS(I= 6)=SAUX( 17, 6)*SAUX( 17, 17)=  2.08335237E-05
 IQUAN,SYSSUMTOT(IQUAN),SSYS(I)**2 =  2  3.25418213E-09  4.3403571E-10
 SwB: SSYS(I= 7)=SAUX( 17, 7)*SAUX( 17, 17)= -5.37040698E-07
 IQUAN,SYSSUMTOT(IQUAN),SSYS(I)**2 =  2  3.25447054E-09  2.88412711E-13
 SwB: SSYS(I= 8)=SAUX( 17, 8)*SAUX( 17, 17)=  2.17182259E-06
 IQUAN,SYSSUMTOT(IQUAN),SSYS(I)**2 =  2  3.25918735E-09  4.71681337E-12
 SwB: SSYS(I= 9)=SAUX( 17, 9)*SAUX( 17, 17)=  2.02579401E-05
 IQUAN,SYSSUMTOT(IQUAN),SSYS(I)**2 =  2  3.66957149E-09  4.10384138E-10
 SwB: SSYS(I= 10)=SAUX( 17, 10)*SAUX( 17, 17)=  2.62047535E-06
 IQUAN,SYSSUMTOT(IQUAN),SSYS(I)**2 =  2  3.67643838E-09  6.86689108E-12
 SwB: SSYS(I= 11)=SAUX( 17, 11)*SAUX( 17, 17)=  2.02064249E-06
 IQUAN,SYSSUMTOT(IQUAN),SSYS(I)**2 =  2  3.68052138E-09  4.08299609E-12
 SwB: SSYS(I= 12)=SAUX( 17, 12)*SAUX( 17, 17)=  1.1100405E-05
 IQUAN,SYSSUMTOT(IQUAN),SSYS(I)**2 =  2  3.80374037E-09  1.23218992E-10
 SwB: SSYS(I= 13)=SAUX( 17, 13)*SAUX( 17, 17)=  7.70555162E-06
 IQUAN,SYSSUMTOT(IQUAN),SSYS(I)**2 =  2  3.8631159E-09  5.93755257E-11
 SwB: SSYS(I= 14)=SAUX( 17, 14)*SAUX( 17, 17)=  4.41129496E-07
 IQUAN,SYSSUMTOT(IQUAN),SSYS(I)**2 =  2  3.86331049E-09  1.94595233E-13
 SwB: SSYS(I= 15)=SAUX( 17, 15)*SAUX( 17, 17)=  2.97011429E-05
 IQUAN,SYSSUMTOT(IQUAN),SSYS(I)**2 =  2  4.74546838E-09  8.82157888E-10
 SYSSUMTOT(IQUAN) = sqrt()=  6.88873601E-05
  
 M_PIMKMP     0.0029032      0.0000152     0.0000462    -0.0000025    -0.0000007     0.0000213     0.0000208    -0.0000005     0.0000022     0.0000203     0.0000026     0.0000020     0.0000111     0.0000077     0.0000004     0.0000297    -0.0067444     0.0000455    -0.0167248     0.0013427
  
 SwB: SQ(IQUAN= 3,JQUAN= 1)=  4.27157551E-13 SSYS( 16)=  5.2879826E-05
 SwB: SQ(IQUAN= 3,JQUAN= 2)= -1.69787619E-11 SSYS( 17)= -0.0167247851
 SwB: SQ(IQUAN= 3,JQUAN= 3)=  4.98583077E-10 SSYS( 18)=  2.23289739E-05
 SwB: SQ(IQUAN= 3,JQUAN= 4)= -6.10824E-13 SSYS( 19)= -0.0198038204
 SwB: SSYS(I= 1)=SAUX( 18, 1)*SAUX( 18, 18)=  8.04607609E-06
 IQUAN,SYSSUMTOT(IQUAN),SSYS(I)**2 =  3  6.47393404E-11  6.47393404E-11
 SwB: SSYS(I= 2)=SAUX( 18, 2)*SAUX( 18, 18)= -2.85403304E-07
 IQUAN,SYSSUMTOT(IQUAN),SSYS(I)**2 =  3  6.48207954E-11  8.14550458E-14
 SwB: SSYS(I= 3)=SAUX( 18, 3)*SAUX( 18, 18)=  1.06149558E-05
 IQUAN,SYSSUMTOT(IQUAN),SSYS(I)**2 =  3  1.77498083E-10  1.12677287E-10
 SwB: SSYS(I= 4)=SAUX( 18, 4)*SAUX( 18, 18)=  8.78958621E-08
 IQUAN,SYSSUMTOT(IQUAN),SSYS(I)**2 =  3  1.77505808E-10  7.72568257E-15
 SwB: SSYS(I= 5)=SAUX( 18, 5)*SAUX( 18, 18)=  6.86455642E-06
 IQUAN,SYSSUMTOT(IQUAN),SSYS(I)**2 =  3  2.24627943E-10  4.71221348E-11
 SwB: SSYS(I= 6)=SAUX( 18, 6)*SAUX( 18, 18)= -2.58681361E-07
 IQUAN,SYSSUMTOT(IQUAN),SSYS(I)**2 =  3  2.24694859E-10  6.69160464E-14
 SwB: SSYS(I= 7)=SAUX( 18, 7)*SAUX( 18, 18)=  7.40025625E-06
 IQUAN,SYSSUMTOT(IQUAN),SSYS(I)**2 =  3  2.79458652E-10  5.47637925E-11
 SwB: SSYS(I= 8)=SAUX( 18, 8)*SAUX( 18, 18)=  1.09811972E-06
 IQUAN,SYSSUMTOT(IQUAN),SSYS(I)**2 =  3  2.80664519E-10  1.20586692E-12
 SwB: SSYS(I= 9)=SAUX( 18, 9)*SAUX( 18, 18)=  1.77669453E-06
 IQUAN,SYSSUMTOT(IQUAN),SSYS(I)**2 =  3  2.83821162E-10  3.15664346E-12
 SwB: SSYS(I= 10)=SAUX( 18, 10)*SAUX( 18, 18)=  4.04809922E-06
 IQUAN,SYSSUMTOT(IQUAN),SSYS(I)**2 =  3  3.00208269E-10  1.63871073E-11
 SwB: SSYS(I= 11)=SAUX( 18, 11)*SAUX( 18, 18)=  7.90816625E-07
 IQUAN,SYSSUMTOT(IQUAN),SSYS(I)**2 =  3  3.0083366E-10  6.25390934E-13
 SwB: SSYS(I= 12)=SAUX( 18, 12)*SAUX( 18, 18)=  4.49883234E-06
 IQUAN,SYSSUMTOT(IQUAN),SSYS(I)**2 =  3  3.21073153E-10  2.02394925E-11
 SwB: SSYS(I= 13)=SAUX( 18, 13)*SAUX( 18, 18)=  2.0670708E-07
 IQUAN,SYSSUMTOT(IQUAN),SSYS(I)**2 =  3  3.21115881E-10  4.27278167E-14
 SwB: SSYS(I= 14)=SAUX( 18, 14)*SAUX( 18, 18)=  1.46423326E-06
 IQUAN,SYSSUMTOT(IQUAN),SSYS(I)**2 =  3  3.2325986E-10  2.14397903E-12
 SwB: SSYS(I= 15)=SAUX( 18, 15)*SAUX( 18, 18)=  9.26746944E-06
 IQUAN,SYSSUMTOT(IQUAN),SSYS(I)**2 =  3  4.09145849E-10  8.58859898E-11
 SYSSUMTOT(IQUAN) = sqrt()=  2.0227354E-05
  
 M_PIMKMK     0.0014242      0.0000080    -0.0000003     0.0000106     0.0000001     0.0000069    -0.0000003     0.0000074     0.0000011     0.0000018     0.0000040     0.0000008     0.0000045     0.0000002     0.0000015     0.0000093     0.0000529    -0.0167248     0.0000223    -0.0198038
  
 SwB: SQ(IQUAN= 4,JQUAN= 1)= -8.79416879E-14 SSYS( 16)= -0.000175981553
 SwB: SQ(IQUAN= 4,JQUAN= 2)=  8.43224629E-14 SSYS( 17)=  0.00134266674
 SwB: SQ(IQUAN= 4,JQUAN= 3)= -6.10824E-13 SSYS( 18)= -0.0198038204
 SwB: SQ(IQUAN= 4,JQUAN= 4)=  1.90808051E-12 SSYS( 19)=  1.38133287E-06
 SwB: SSYS(I= 1)=SAUX( 19, 1)*SAUX( 19, 19)=  8.26729014E-08
 IQUAN,SYSSUMTOT(IQUAN),SSYS(I)**2 =  4  6.83480863E-15  6.83480863E-15
 SwB: SSYS(I= 2)=SAUX( 19, 2)*SAUX( 19, 19)= -1.94163444E-08
 IQUAN,SYSSUMTOT(IQUAN),SSYS(I)**2 =  4  7.21180306E-15  3.76994429E-16
 SwB: SSYS(I= 3)=SAUX( 19, 3)*SAUX( 19, 19)= -2.25761372E-08
 IQUAN,SYSSUMTOT(IQUAN),SSYS(I)**2 =  4  7.72148503E-15  5.09681972E-16
 SwB: SSYS(I= 4)=SAUX( 19, 4)*SAUX( 19, 19)= -1.81862516E-07
 IQUAN,SYSSUMTOT(IQUAN),SSYS(I)**2 =  4  4.07954599E-14  3.30739749E-14
 SwB: SSYS(I= 5)=SAUX( 19, 5)*SAUX( 19, 19)= -1.78338457E-08
 IQUAN,SYSSUMTOT(IQUAN),SSYS(I)**2 =  4  4.1113506E-14  3.18046053E-16
 SwB: SSYS(I= 6)=SAUX( 19, 6)*SAUX( 19, 19)=  2.75013539E-07
 IQUAN,SYSSUMTOT(IQUAN),SSYS(I)**2 =  4  1.16745952E-13  7.56324464E-14
 SwB: SSYS(I= 7)=SAUX( 19, 7)*SAUX( 19, 19)=  2.94579776E-07
 IQUAN,SYSSUMTOT(IQUAN),SSYS(I)**2 =  4  2.03523197E-13  8.67772443E-14
 SwB: SSYS(I= 8)=SAUX( 19, 8)*SAUX( 19, 19)=  2.63540431E-08
 IQUAN,SYSSUMTOT(IQUAN),SSYS(I)**2 =  4  2.04217732E-13  6.94535587E-16
 SwB: SSYS(I= 9)=SAUX( 19, 9)*SAUX( 19, 19)=  2.44396466E-08
 IQUAN,SYSSUMTOT(IQUAN),SSYS(I)**2 =  4  2.04815029E-13  5.97296325E-16
 SwB: SSYS(I= 10)=SAUX( 19, 10)*SAUX( 19, 19)=  1.67135527E-08
 IQUAN,SYSSUMTOT(IQUAN),SSYS(I)**2 =  4  2.05094371E-13  2.79342845E-16
 SwB: SSYS(I= 11)=SAUX( 19, 11)*SAUX( 19, 19)= -1.66239164E-07
 IQUAN,SYSSUMTOT(IQUAN),SSYS(I)**2 =  4  2.32729831E-13  2.76354596E-14
 SwB: SSYS(I= 12)=SAUX( 19, 12)*SAUX( 19, 19)=  1.23939794E-08
 IQUAN,SYSSUMTOT(IQUAN),SSYS(I)**2 =  4  2.32883442E-13  1.53610726E-16
 SwB: SSYS(I= 13)=SAUX( 19, 13)*SAUX( 19, 19)=  1.38251278E-07
 IQUAN,SYSSUMTOT(IQUAN),SSYS(I)**2 =  4  2.51996858E-13  1.91134158E-14
 SwB: SSYS(I= 14)=SAUX( 19, 14)*SAUX( 19, 19)=  6.29785595E-08
 IQUAN,SYSSUMTOT(IQUAN),SSYS(I)**2 =  4  2.55963156E-13  3.96629895E-15
 SwB: SSYS(I= 15)=SAUX( 19, 15)*SAUX( 19, 19)=  7.29060138E-09
 IQUAN,SYSSUMTOT(IQUAN),SSYS(I)**2 =  4  2.56016309E-13  5.31528685E-17
 SYSSUMTOT(IQUAN) = sqrt()=  5.05980542E-07
  
 M_KMKMKP     0.0000215      0.0000001     0.0000000     0.0000000    -0.0000002     0.0000000     0.0000003     0.0000003     0.0000000     0.0000000     0.0000000    -0.0000002     0.0000000     0.0000001     0.0000001     0.0000000    -0.0001760     0.0013427    -0.0198038     0.0000014
                          BABARSYST_00  BABARSYST_12  BABARSYST_13  BABARSYST_14  BABARSYST_23  BABARSYST_24  BABARSYST_34  BELLESYST_00  BELLESYST_12  BELLESYST_13  BELLESYST_14  BELLESYST_23  BELLESYST_24  BELLESYST_34 CLEO3OTHER_00 M_PIMPIMPIPNU  M_PIMKMPIPNU   M_PIMKMKPNU    M_KMKMKPNU
  
        M_PIMPIMPIPNU      0.0889257 +-      0.0003618 +-      0.0009942 Tot Err:     0.0010580 Check Sys:     0.0012799
         M_PIMKMPIPNU      0.0029032 +-      0.0000455 +-      0.0000621 Tot Err:     0.0000769 Check Sys:     0.0000689
          M_PIMKMKPNU      0.0014242 +-      0.0000223 +-      0.0000186 Tot Err:     0.0000291 Check Sys:     0.0000202
           M_KMKMKPNU      0.0000215 +-      0.0000014 +-      0.0000005 Tot Err:     0.0000015 Check Sys:     0.0000005
 Correlation between M_PIMPIMPIPNU and M_PIMKMPIPNU =      0.4661757
 Correlation between M_PIMPIMPIPNU and M_PIMKMKPNU =      0.3531570
 Correlation between M_PIMPIMPIPNU and M_KMKMKPNU =      0.0027018
 Correlation between M_PIMKMPIPNU and M_PIMKMKPNU =      0.1518373
 Correlation between M_PIMKMPIPNU and M_KMKMKPNU =      0.0701749
 Correlation between M_PIMKMKPNU and M_KMKMKPNU =      0.0554438
  
 WARNING at (or before) word   1 of line  23 in file average.input 
         concerning combined analysis BABAR+BELLE+PDG ALL_METHODS:
         "PRINT_QUAN cannot handle more than 2 quantities"
         ---> PRINT_QUAN will do nothing


 Total number of WARNING messages generated by COMBOS:     16
