../../../combos/combos average.input  
 COMBOS version  3.33 (Jan 21, 2010) run on  on 10/03/10 at 09.39.35

 WARNING at (or before) word   5 of line   8 in file babar.input 
         concerning analysis BABAR PIMPIMPIPNU PUBLISHED:
         "Negative correlation coefficient specified for BABAR PIMKMPIPNU PUBLISHED"
         ---> probably OK if 2D fit is done
 WARNING at (or before) word   5 of line  10 in file babar.input 
         concerning analysis BABAR PIMPIMPIPNU PUBLISHED:
         "Negative correlation coefficient specified for BABAR KMKMKPNU PUBLISHED"
         ---> probably OK if 2D fit is done
 WARNING at (or before) word   5 of line  28 in file babar.input 
         concerning analysis BABAR PIMKMPIPNU PUBLISHED:
         "Negative correlation coefficient specified for BABAR PIMPIMPIPNU PUBLISHED"
         ---> probably OK if 2D fit is done
 WARNING at (or before) word   5 of line  29 in file babar.input 
         concerning analysis BABAR PIMKMPIPNU PUBLISHED:
         "Negative correlation coefficient specified for BABAR PIMKMKPNU PUBLISHED"
         ---> probably OK if 2D fit is done
 WARNING at (or before) word   5 of line  49 in file babar.input 
         concerning analysis BABAR PIMKMKPNU PUBLISHED:
         "Negative correlation coefficient specified for BABAR PIMKMPIPNU PUBLISHED"
         ---> probably OK if 2D fit is done
 WARNING at (or before) word   5 of line  50 in file babar.input 
         concerning analysis BABAR PIMKMKPNU PUBLISHED:
         "Negative correlation coefficient specified for BABAR KMKMKPNU PUBLISHED"
         ---> probably OK if 2D fit is done
 WARNING at (or before) word   5 of line  68 in file babar.input 
         concerning analysis BABAR KMKMKPNU PUBLISHED:
         "Negative correlation coefficient specified for BABAR PIMPIMPIPNU PUBLISHED"
         ---> probably OK if 2D fit is done
 WARNING at (or before) word   5 of line  70 in file babar.input 
         concerning analysis BABAR KMKMKPNU PUBLISHED:
         "Negative correlation coefficient specified for BABAR PIMKMKPNU PUBLISHED"
         ---> probably OK if 2D fit is done
 WARNING at (or before) word   5 of line   8 in file belle.input 
         concerning analysis BELLE PIMPIMPIPNU PUBLISHED:
         "Negative correlation coefficient specified for BELLE PIMKMPIPNU PUBLISHED"
         ---> probably OK if 2D fit is done
 WARNING at (or before) word   5 of line  28 in file belle.input 
         concerning analysis BELLE PIMKMPIPNU PUBLISHED:
         "Negative correlation coefficient specified for BELLE PIMPIMPIPNU PUBLISHED"
         ---> probably OK if 2D fit is done
 WARNING at (or before) word   5 of line  29 in file belle.input 
         concerning analysis BELLE PIMKMPIPNU PUBLISHED:
         "Negative correlation coefficient specified for BELLE PIMKMKPNU PUBLISHED"
         ---> probably OK if 2D fit is done
 WARNING at (or before) word   5 of line  49 in file belle.input 
         concerning analysis BELLE PIMKMKPNU SUBMITTED:
         "Negative correlation coefficient specified for BELLE PIMKMPIPNU PUBLISHED"
         ---> probably OK if 2D fit is done
 WARNING at (or before) word   5 of line  50 in file belle.input 
         concerning analysis BELLE PIMKMKPNU SUBMITTED:
         "Negative correlation coefficient specified for BELLE KMKMKPNU PUBLISHED"
         ---> probably OK if 2D fit is done
 WARNING at (or before) word   5 of line  70 in file belle.input 
         concerning analysis BELLE KMKMKPNU SUBMITTED:
         "Negative correlation coefficient specified for BELLE PIMKMKPNU PUBLISHED"
         ---> probably OK if 2D fit is done
 WARNING at (or before) word   1 of line  23 in file average.input 
         concerning combined analysis BABAR+BELLE+PDG ALL_METHODS:
         "More than two quantities to be fitted"
         ---> it should work but are you sure it is what you want to do?

 ==============================================================================

 M_PIMPIMPIPNU M_ combination: combined analysis BABAR+BELLE+PDG ALL_METHODS
 -----------------------------

 List of  8 analyses to combine:

 Analysis  Experiment      Method          Quality         Measurement     Steps
       1>  BABAR           PIMPIMPIPNU     PUBLISHED       M_PIMPIMPIPNU          1
       2>  BABAR           PIMKMPIPNU      PUBLISHED       M_PIMKMPIPNU           1
       3>  BABAR           PIMKMKPNU       PUBLISHED       M_PIMKMKPNU            1
       4>  BABAR           KMKMKPNU        PUBLISHED       M_KMKMKPNU             1
       5>  BELLE           PIMPIMPIPNU     PUBLISHED       M_PIMPIMPIPNU          1
       6>  BELLE           PIMKMPIPNU      PUBLISHED       M_PIMKMPIPNU           1
       7>  BELLE           PIMKMKPNU       SUBMITTED       M_PIMKMKPNU            1
       8>  BELLE           KMKMKPNU        SUBMITTED       M_KMKMKPNU             1
 Combined  BABAR+BELLE+PDG ALL_METHODS                     M_PIMPIMPIPNU M_       1

 Statistical correlations:

 Analysis number             1          2          3          4          5          6          7          8
               1    0.1000E+01 -.1300E+00 0.1365E-02 -.1867E-02 0.0000E+00 0.0000E+00 0.0000E+00 0.0000E+00
               2    -.1300E+00 0.1000E+01 -.1506E+00 0.6194E-02 0.0000E+00 0.0000E+00 0.0000E+00 0.0000E+00
               3    0.1365E-02 -.1506E+00 0.1000E+01 -.9489E-01 0.0000E+00 0.0000E+00 0.0000E+00 0.0000E+00
               4    -.1867E-02 0.6194E-02 -.9489E-01 0.1000E+01 0.0000E+00 0.0000E+00 0.0000E+00 0.0000E+00
               5    0.0000E+00 0.0000E+00 0.0000E+00 0.0000E+00 0.1000E+01 -.3009E+00 0.5005E-02 0.2547E-02
               6    0.0000E+00 0.0000E+00 0.0000E+00 0.0000E+00 -.3009E+00 0.1000E+01 -.2008E+00 0.1067E-01
               7    0.0000E+00 0.0000E+00 0.0000E+00 0.0000E+00 0.5005E-02 -.2008E+00 0.1000E+01 0.0000E+00
               8    0.0000E+00 0.0000E+00 0.0000E+00 0.0000E+00 0.2547E-02 0.1067E-01 0.0000E+00 0.1000E+01

 CORrelated and UNCorrelated systematic uncertainties:

                    Analysis number
 Uncertainty           1   2   3   4   5   6   7   8
 BABARSYST_00        COR COR COR COR
 BABARSYST_12        COR COR
 BABARSYST_13        COR     COR
 BABARSYST_14        COR         COR
 BABARSYST_23            COR COR
 BABARSYST_24            COR     COR
 BABARSYST_34                COR COR
 BELLESYST_00                        COR COR COR COR
 BELLESYST_12                        COR COR
 BELLESYST_13                        COR     COR
 BELLESYST_14                        COR         COR
 BELLESYST_23                            COR COR
 BELLESYST_24                            COR     COR
 BELLESYST_34                                COR COR
 BABARSYST_1U        UNC
 BABARSYST_2U            UNC
 BABARSYST_3U                UNC
 BABARSYST_4U                    UNC
 BELLESYST_1U                        UNC
 BELLESYST_2U                            UNC
 BELLESYST_3U                                UNC
 BELLESYST_4U                                    UNC

 "Correlated" parameters:
 BABARSYST_00    0.0000E+00 +.1000E+01 -.1000E+01 0.1000E+01
 BABARSYST_12    0.0000E+00 +.1000E+01 -.1000E+01 0.1000E+01
 BABARSYST_13    0.0000E+00 +.1000E+01 -.1000E+01 0.1000E+01
 BABARSYST_14    0.0000E+00 +.1000E+01 -.1000E+01 0.1000E+01
 BABARSYST_23    0.0000E+00 +.1000E+01 -.1000E+01 0.1000E+01
 BABARSYST_24    0.0000E+00 +.1000E+01 -.1000E+01 0.1000E+01
 BABARSYST_34    0.0000E+00 +.1000E+01 -.1000E+01 0.1000E+01
 BELLESYST_00    0.0000E+00 +.1000E+01 -.1000E+01 0.1000E+01
 BELLESYST_12    0.0000E+00 +.1000E+01 -.1000E+01 0.1000E+01
 BELLESYST_13    0.0000E+00 +.1000E+01 -.1000E+01 0.1000E+01
 BELLESYST_14    0.0000E+00 +.1000E+01 -.1000E+01 0.1000E+01
 BELLESYST_23    0.0000E+00 +.1000E+01 -.1000E+01 0.1000E+01
 BELLESYST_24    0.0000E+00 +.1000E+01 -.1000E+01 0.1000E+01
 BELLESYST_34    0.0000E+00 +.1000E+01 -.1000E+01 0.1000E+01

 "Extra" parameters:
 SIGMATAUPMY4S   0.9190E+00 +.3000E-02 -.3000E-02 0.3000E-02
 PIMPIZKZSNU     0.1800E-02 +.2000E-03 -.2000E-03 0.2000E-03
 PIMKZSKZLNU     0.9300E-03 +.1100E-03 -.1100E-03 0.1100E-03
 KMKZSNU         0.7900E-03 +.8500E-04 -.8500E-04 0.8500E-04
 PIMKMKPNU       0.1370E-02 +.6000E-04 -.6000E-04 0.6000E-04
 PIMPIMPIPNU     0.8850E-01 +.1300E-02 -.1300E-02 0.1300E-02
 CHI2_N_SYM_PRT  0.1000E+01 +.0000E+00 +.0000E+00 0.0000E+00

 Results of combination:

 CHI2_N_SYM: CHI2, NMEFF, NQUAN, CHI2/NDOF  =   2008.28875 8 4  502.072189
 SwB: NCSYS,NQUAN,LCSYS,LUNIT=  0 4 4 -6
 SwB: I, J, SIJ =  1 1  3.53827845E-09
 SwB: I, J, SIJ =  1 2 -1.07577289E-10
 SwB: I, J, SIJ =  1 3  1.12393578E-12
 SwB: I, J, SIJ =  1 4 -2.36983851E-14
 SwB: I, J, SIJ =  2 1 -1.07577289E-10
 SwB: I, J, SIJ =  2 2  7.3554505E-11
 SwB: I, J, SIJ =  2 3 -1.0780165E-11
 SwB: I, J, SIJ =  2 4  1.1382575E-13
 SwB: I, J, SIJ =  3 1  1.12393578E-12
 SwB: I, J, SIJ =  3 2 -1.0780165E-11
 SwB: I, J, SIJ =  3 3  4.98846421E-11
 SwB: I, J, SIJ =  3 4 -3.91368613E-13
 SwB: I, J, SIJ =  4 1 -2.36983851E-14
 SwB: I, J, SIJ =  4 2  1.1382575E-13
 SwB: I, J, SIJ =  4 3 -3.91368613E-13
 SwB: I, J, SIJ =  4 4  1.06328911E-12
 SwB: I,J,SAUX(IJ) =  1 1  5.948343E-05
 SwB: I,J,SAUX(IJ) =  1 2 -0.210872503
 SwB: I,J,SAUX(IJ) =  1 3  0.00267523578
 SwB: I,J,SAUX(IJ) =  1 4 -0.000386364366
 SwB: I,J,SAUX(IJ) =  2 1 -0.210872503
 SwB: I,J,SAUX(IJ) =  2 2  8.5763923E-06
 SwB: I,J,SAUX(IJ) =  2 3 -0.177966123
 SwB: I,J,SAUX(IJ) =  2 4  0.012870938
 SwB: I,J,SAUX(IJ) =  3 1  0.00267523578
 SwB: I,J,SAUX(IJ) =  3 2 -0.177966123
 SwB: I,J,SAUX(IJ) =  3 3  7.06290607E-06
 SwB: I,J,SAUX(IJ) =  3 4 -0.0537374283
 SwB: I,J,SAUX(IJ) =  4 1 -0.000386364366
 SwB: I,J,SAUX(IJ) =  4 2  0.012870938
 SwB: I,J,SAUX(IJ) =  4 3 -0.0537374283
 SwB: I,J,SAUX(IJ) =  4 4  1.03115911E-06
  
  DUMP FIT RESULTS: diag=toterror off-diag=corr. coeff=corr_sys/toterror
                         M_PIMPIMPIPNU  M_PIMKMPIPNU   M_PIMKMKPNU    M_KMKMKPNU
 M_PIMPIM     0.0868638      0.0000595    -0.2108725     0.0026752    -0.0003864
 M_PIMKMP     0.0031327     -0.2108725     0.0000086    -0.1779661     0.0128709
 M_PIMKMK     0.0014417      0.0026752    -0.1779661     0.0000071    -0.0537374
 M_KMKMKP     0.0000211     -0.0003864     0.0128709    -0.0537374     0.0000010
                         M_PIMPIMPIPNU  M_PIMKMPIPNU   M_PIMKMKPNU    M_KMKMKPNU
  
 --Averaged parameters, using only stat---
 --breakdown of errors: syst then stat-----
                         M_PIMPIMPIPNU  M_PIMKMPIPNU   M_PIMKMKPNU    M_KMKMKPNU
  
 SwB: SQ(IQUAN= 1,JQUAN= 1)=  3.53827845E-09 SSYS( 1)=  5.948343E-05
 SwB: SQ(IQUAN= 1,JQUAN= 2)= -1.07577289E-10 SSYS( 2)= -0.210872503
 SwB: SQ(IQUAN= 1,JQUAN= 3)=  1.12393578E-12 SSYS( 3)=  0.00267523578
 SwB: SQ(IQUAN= 1,JQUAN= 4)= -2.36983851E-14 SSYS( 4)= -0.000386364366
 SYSSUMTOT(IQUAN) = sqrt()=  0.
  
 M_PIMPIM     0.0868638      0.0000595    -0.2108725     0.0026752    -0.0003864
  
 SwB: SQ(IQUAN= 2,JQUAN= 1)= -1.07577289E-10 SSYS( 1)= -0.210872503
 SwB: SQ(IQUAN= 2,JQUAN= 2)=  7.3554505E-11 SSYS( 2)=  8.5763923E-06
 SwB: SQ(IQUAN= 2,JQUAN= 3)= -1.0780165E-11 SSYS( 3)= -0.177966123
 SwB: SQ(IQUAN= 2,JQUAN= 4)=  1.1382575E-13 SSYS( 4)=  0.012870938
 SYSSUMTOT(IQUAN) = sqrt()=  0.
  
 M_PIMKMP     0.0031327     -0.2108725     0.0000086    -0.1779661     0.0128709
  
 SwB: SQ(IQUAN= 3,JQUAN= 1)=  1.12393578E-12 SSYS( 1)=  0.00267523578
 SwB: SQ(IQUAN= 3,JQUAN= 2)= -1.0780165E-11 SSYS( 2)= -0.177966123
 SwB: SQ(IQUAN= 3,JQUAN= 3)=  4.98846421E-11 SSYS( 3)=  7.06290607E-06
 SwB: SQ(IQUAN= 3,JQUAN= 4)= -3.91368613E-13 SSYS( 4)= -0.0537374283
 SYSSUMTOT(IQUAN) = sqrt()=  0.
  
 M_PIMKMK     0.0014417      0.0026752    -0.1779661     0.0000071    -0.0537374
  
 SwB: SQ(IQUAN= 4,JQUAN= 1)= -2.36983851E-14 SSYS( 1)= -0.000386364366
 SwB: SQ(IQUAN= 4,JQUAN= 2)=  1.1382575E-13 SSYS( 2)=  0.012870938
 SwB: SQ(IQUAN= 4,JQUAN= 3)= -3.91368613E-13 SSYS( 3)= -0.0537374283
 SwB: SQ(IQUAN= 4,JQUAN= 4)=  1.06328911E-12 SSYS( 4)=  1.03115911E-06
 SYSSUMTOT(IQUAN) = sqrt()=  0.
  
 M_KMKMKP     0.0000211     -0.0003864     0.0128709    -0.0537374     0.0000010
                         M_PIMPIMPIPNU  M_PIMKMPIPNU   M_PIMKMKPNU    M_KMKMKPNU
  
        M_PIMPIMPIPNU      0.0868638 +-      0.0000595 +-      0.0000000 Tot Err:     0.0000595 Check Sys:     0.0000000
         M_PIMKMPIPNU      0.0031327 +-      0.0000086 +-      0.0000000 Tot Err:     0.0000086 Check Sys:     0.0000000
          M_PIMKMKPNU      0.0014417 +-      0.0000071 +-      0.0000000 Tot Err:     0.0000071 Check Sys:     0.0000000
           M_KMKMKPNU      0.0000211 +-      0.0000010 +-      0.0000000 Tot Err:     0.0000010 Check Sys:     0.0000000
 Correlation between M_PIMPIMPIPNU and M_PIMKMPIPNU =     -0.2108725
 Correlation between M_PIMPIMPIPNU and M_PIMKMKPNU =      0.0026752
 Correlation between M_PIMPIMPIPNU and M_KMKMKPNU =     -0.0003864
 Correlation between M_PIMKMPIPNU and M_PIMKMKPNU =     -0.1779661
 Correlation between M_PIMKMPIPNU and M_KMKMKPNU =      0.0128709
 Correlation between M_PIMKMKPNU and M_KMKMKPNU =     -0.0537374
  

 ===============================================================================
 Dump of master.inc:

 CHROUT = DUMP_MASTER_INC 
 CHCOMB = BABAR+BELLE+PDG ALL_METHODS
 CHMEAS = M_PIMPIMPIPNU M_
 CHSTEP =                 
  ISTEP =        1
  VSTEP = 0.0000E+00
  LUNIT =        6
  NMEAS =        8
  NQUAN =        4
  NMEFF =        8
  NCSYS =       14
  NPARA =       21
 CHANAL = BABAR PIMPIMPIPNU PUBLISHED
          BABAR PIMKMPIPNU PUBLISHED
          BABAR PIMKMKPNU PUBLISHED
          BABAR KMKMKPNU PUBLISHED
          BELLE PIMPIMPIPNU PUBLISHED
          BELLE PIMKMPIPNU PUBLISHED
          BELLE PIMKMKPNU SUBMITTED
          BELLE KMKMKPNU SUBMITTED

   MEAS = 0.8833700E-01  0.2725700E-02  0.1346100E-02  0.1577700E-04  0.8420000E-01  0.3300000E-02  0.1550000E-02  0.3290000E-04

   QUAN               1              2              3              4              1              2              3              4

  STATP = 0.7400000E-04  0.1800000E-04  0.1000000E-04  0.1300000E-05  0.1000000E-03  0.1000000E-04  0.1000000E-04  0.1700000E-05

  STATN = 0.7400000E-04  0.1800000E-04  0.1000000E-04  0.1300000E-05  0.1000000E-03  0.1000000E-04  0.1000000E-04  0.1700000E-05

  STAT  = 0.7400000E-04  0.1800000E-04  0.1000000E-04  0.1300000E-05  0.1000000E-03  0.1000000E-04  0.1000000E-04  0.1700000E-05

  USYSP = 0.4133600E-03  0.4572400E-04  0.2444400E-04  0.1032200E-05  0.2139400E-02  0.1380400E-03  0.5104100E-04  0.1821500E-05

  USYSN = 0.4133600E-03  0.4572400E-04  0.2444400E-04  0.1032200E-05  0.2139400E-02  0.1380400E-03  0.5104100E-04  0.1821500E-05

  USYS  = 0.4133600E-03  0.4572400E-04  0.2444400E-04  0.1032200E-05  0.2139400E-02  0.1380400E-03  0.5104100E-04  0.1821500E-05

STACOR
      1 | 0.1000000E+01 -0.1299800E+00  0.1365200E-02 -0.1866600E-02  0.0000000E+00  0.0000000E+00  0.0000000E+00  0.0000000E+00
      2 |-0.1299800E+00  0.1000000E+01 -0.1505600E+00  0.6194000E-02  0.0000000E+00  0.0000000E+00  0.0000000E+00  0.0000000E+00
      3 | 0.1365200E-02 -0.1505600E+00  0.1000000E+01 -0.9489100E-01  0.0000000E+00  0.0000000E+00  0.0000000E+00  0.0000000E+00
      4 |-0.1866600E-02  0.6194000E-02 -0.9489100E-01  0.1000000E+01  0.0000000E+00  0.0000000E+00  0.0000000E+00  0.0000000E+00
      5 | 0.0000000E+00  0.0000000E+00  0.0000000E+00  0.0000000E+00  0.1000000E+01 -0.3008700E+00  0.5005400E-02  0.2546900E-02
      6 | 0.0000000E+00  0.0000000E+00  0.0000000E+00  0.0000000E+00 -0.3008700E+00  0.1000000E+01 -0.2008000E+00  0.1066600E-01
      7 | 0.0000000E+00  0.0000000E+00  0.0000000E+00  0.0000000E+00  0.5005400E-02 -0.2008000E+00  0.1000000E+01  0.0000000E+00
      8 | 0.0000000E+00  0.0000000E+00  0.0000000E+00  0.0000000E+00  0.2546900E-02  0.1066600E-01  0.0000000E+00  0.1000000E+01

CSYSP
 BABARS | 0.8426800E-03  0.2600200E-04  0.1284100E-04  0.1505000E-06  0.0000000E+00  0.0000000E+00  0.0000000E+00  0.0000000E+00
 BABARS | 0.6796500E-03  0.6370100E-04  0.0000000E+00  0.0000000E+00  0.0000000E+00  0.0000000E+00  0.0000000E+00  0.0000000E+00
 BABARS | 0.4702000E-03  0.0000000E+00  0.1692800E-04  0.0000000E+00  0.0000000E+00  0.0000000E+00  0.0000000E+00  0.0000000E+00
 BABARS | 0.2047200E-03  0.0000000E+00  0.0000000E+00 -0.2642300E-06  0.0000000E+00  0.0000000E+00  0.0000000E+00  0.0000000E+00
 BABARS | 0.0000000E+00  0.2928200E-04  0.1124800E-04  0.0000000E+00  0.0000000E+00  0.0000000E+00  0.0000000E+00  0.0000000E+00
 BABARS | 0.0000000E+00  0.2938000E-04  0.0000000E+00  0.4045800E-06  0.0000000E+00  0.0000000E+00  0.0000000E+00  0.0000000E+00
 BABARS | 0.0000000E+00  0.0000000E+00  0.1226600E-04  0.4397300E-06  0.0000000E+00  0.0000000E+00  0.0000000E+00  0.0000000E+00
 BELLES | 0.0000000E+00  0.0000000E+00  0.0000000E+00  0.0000000E+00  0.1684000E-03  0.6600000E-05  0.3100000E-05  0.6580000E-07
 BELLES | 0.0000000E+00  0.0000000E+00  0.0000000E+00  0.0000000E+00  0.1060400E-02  0.6871000E-04  0.0000000E+00  0.0000000E+00
 BELLES | 0.0000000E+00  0.0000000E+00  0.0000000E+00  0.0000000E+00  0.5473500E-03  0.0000000E+00  0.1181300E-04  0.0000000E+00
 BELLES | 0.0000000E+00  0.0000000E+00  0.0000000E+00  0.0000000E+00  0.6879000E-03  0.0000000E+00  0.0000000E+00 -0.5268900E-06
 BELLES | 0.0000000E+00  0.0000000E+00  0.0000000E+00  0.0000000E+00  0.0000000E+00  0.4686900E-04  0.1561100E-04  0.0000000E+00
 BELLES | 0.0000000E+00  0.0000000E+00  0.0000000E+00  0.0000000E+00  0.0000000E+00  0.3475900E-04  0.0000000E+00  0.4108800E-06
 BELLES | 0.0000000E+00  0.0000000E+00  0.0000000E+00  0.0000000E+00  0.0000000E+00  0.0000000E+00  0.5196800E-05  0.1844400E-06

CSYSN
 BABARS |-0.8426800E-03 -0.2600200E-04 -0.1284100E-04 -0.1505000E-06  0.0000000E+00  0.0000000E+00  0.0000000E+00  0.0000000E+00
 BABARS |-0.6796500E-03 -0.6370100E-04  0.0000000E+00  0.0000000E+00  0.0000000E+00  0.0000000E+00  0.0000000E+00  0.0000000E+00
 BABARS |-0.4702000E-03  0.0000000E+00 -0.1692800E-04  0.0000000E+00  0.0000000E+00  0.0000000E+00  0.0000000E+00  0.0000000E+00
 BABARS |-0.2047200E-03  0.0000000E+00  0.0000000E+00  0.2642300E-06  0.0000000E+00  0.0000000E+00  0.0000000E+00  0.0000000E+00
 BABARS | 0.0000000E+00 -0.2928200E-04 -0.1124800E-04  0.0000000E+00  0.0000000E+00  0.0000000E+00  0.0000000E+00  0.0000000E+00
 BABARS | 0.0000000E+00 -0.2938000E-04  0.0000000E+00 -0.4045800E-06  0.0000000E+00  0.0000000E+00  0.0000000E+00  0.0000000E+00
 BABARS | 0.0000000E+00  0.0000000E+00 -0.1226600E-04 -0.4397300E-06  0.0000000E+00  0.0000000E+00  0.0000000E+00  0.0000000E+00
 BELLES | 0.0000000E+00  0.0000000E+00  0.0000000E+00  0.0000000E+00 -0.1684000E-03 -0.6600000E-05 -0.3100000E-05 -0.6580000E-07
 BELLES | 0.0000000E+00  0.0000000E+00  0.0000000E+00  0.0000000E+00 -0.1060400E-02 -0.6871000E-04  0.0000000E+00  0.0000000E+00
 BELLES | 0.0000000E+00  0.0000000E+00  0.0000000E+00  0.0000000E+00 -0.5473500E-03  0.0000000E+00 -0.1181300E-04  0.0000000E+00
 BELLES | 0.0000000E+00  0.0000000E+00  0.0000000E+00  0.0000000E+00 -0.6879000E-03  0.0000000E+00  0.0000000E+00  0.5268900E-06
 BELLES | 0.0000000E+00  0.0000000E+00  0.0000000E+00  0.0000000E+00  0.0000000E+00 -0.4686900E-04 -0.1561100E-04  0.0000000E+00
 BELLES | 0.0000000E+00  0.0000000E+00  0.0000000E+00  0.0000000E+00  0.0000000E+00 -0.3475900E-04  0.0000000E+00 -0.4108800E-06
 BELLES | 0.0000000E+00  0.0000000E+00  0.0000000E+00  0.0000000E+00  0.0000000E+00  0.0000000E+00 -0.5196800E-05 -0.1844400E-06

CSYS
 BABARS | 0.8426800E-03  0.2600200E-04  0.1284100E-04  0.1505000E-06  0.0000000E+00  0.0000000E+00  0.0000000E+00  0.0000000E+00
 BABARS | 0.6796500E-03  0.6370100E-04  0.0000000E+00  0.0000000E+00  0.0000000E+00  0.0000000E+00  0.0000000E+00  0.0000000E+00
 BABARS | 0.4702000E-03  0.0000000E+00  0.1692800E-04  0.0000000E+00  0.0000000E+00  0.0000000E+00  0.0000000E+00  0.0000000E+00
 BABARS | 0.2047200E-03  0.0000000E+00  0.0000000E+00 -0.2642300E-06  0.0000000E+00  0.0000000E+00  0.0000000E+00  0.0000000E+00
 BABARS | 0.0000000E+00  0.2928200E-04  0.1124800E-04  0.0000000E+00  0.0000000E+00  0.0000000E+00  0.0000000E+00  0.0000000E+00
 BABARS | 0.0000000E+00  0.2938000E-04  0.0000000E+00  0.4045800E-06  0.0000000E+00  0.0000000E+00  0.0000000E+00  0.0000000E+00
 BABARS | 0.0000000E+00  0.0000000E+00  0.1226600E-04  0.4397300E-06  0.0000000E+00  0.0000000E+00  0.0000000E+00  0.0000000E+00
 BELLES | 0.0000000E+00  0.0000000E+00  0.0000000E+00  0.0000000E+00  0.1684000E-03  0.6600000E-05  0.3100000E-05  0.6580000E-07
 BELLES | 0.0000000E+00  0.0000000E+00  0.0000000E+00  0.0000000E+00  0.1060400E-02  0.6871000E-04  0.0000000E+00  0.0000000E+00
 BELLES | 0.0000000E+00  0.0000000E+00  0.0000000E+00  0.0000000E+00  0.5473500E-03  0.0000000E+00  0.1181300E-04  0.0000000E+00
 BELLES | 0.0000000E+00  0.0000000E+00  0.0000000E+00  0.0000000E+00  0.6879000E-03  0.0000000E+00  0.0000000E+00 -0.5268900E-06
 BELLES | 0.0000000E+00  0.0000000E+00  0.0000000E+00  0.0000000E+00  0.0000000E+00  0.4686900E-04  0.1561100E-04  0.0000000E+00
 BELLES | 0.0000000E+00  0.0000000E+00  0.0000000E+00  0.0000000E+00  0.0000000E+00  0.3475900E-04  0.0000000E+00  0.4108800E-06
 BELLES | 0.0000000E+00  0.0000000E+00  0.0000000E+00  0.0000000E+00  0.0000000E+00  0.0000000E+00  0.5196800E-05  0.1844400E-06

CSYS percentage error
 BABARS | 0.9539378E+00  0.9539568E+00  0.9539410E+00  0.9539203E+00  0.0000000E+00  0.0000000E+00  0.0000000E+00  0.0000000E+00
 BABARS | 0.7693832E+00  0.2337051E+01  0.0000000E+00  0.0000000E+00  0.0000000E+00  0.0000000E+00  0.0000000E+00  0.0000000E+00
 BABARS | 0.5322798E+00  0.0000000E+00  0.1257559E+01  0.0000000E+00  0.0000000E+00  0.0000000E+00  0.0000000E+00  0.0000000E+00
 BABARS | 0.2317489E+00  0.0000000E+00  0.0000000E+00 -0.1674780E+01  0.0000000E+00  0.0000000E+00  0.0000000E+00  0.0000000E+00
 BABARS | 0.0000000E+00  0.1074293E+01  0.8355991E+00  0.0000000E+00  0.0000000E+00  0.0000000E+00  0.0000000E+00  0.0000000E+00
 BABARS | 0.0000000E+00  0.1077888E+01  0.0000000E+00  0.2564366E+01  0.0000000E+00  0.0000000E+00  0.0000000E+00  0.0000000E+00
 BABARS | 0.0000000E+00  0.0000000E+00  0.9112250E+00  0.2787159E+01  0.0000000E+00  0.0000000E+00  0.0000000E+00  0.0000000E+00
 BELLES | 0.0000000E+00  0.0000000E+00  0.0000000E+00  0.0000000E+00  0.2000000E+00  0.2000000E+00  0.2000000E+00  0.2000000E+00
 BELLES | 0.0000000E+00  0.0000000E+00  0.0000000E+00  0.0000000E+00  0.1259382E+01  0.2082121E+01  0.0000000E+00  0.0000000E+00
 BELLES | 0.0000000E+00  0.0000000E+00  0.0000000E+00  0.0000000E+00  0.6500593E+00  0.0000000E+00  0.7621290E+00  0.0000000E+00
 BELLES | 0.0000000E+00  0.0000000E+00  0.0000000E+00  0.0000000E+00  0.8169834E+00  0.0000000E+00  0.0000000E+00 -0.1601489E+01
 BELLES | 0.0000000E+00  0.0000000E+00  0.0000000E+00  0.0000000E+00  0.0000000E+00  0.1420273E+01  0.1007161E+01  0.0000000E+00
 BELLES | 0.0000000E+00  0.0000000E+00  0.0000000E+00  0.0000000E+00  0.0000000E+00  0.1053303E+01  0.0000000E+00  0.1248875E+01
 BELLES | 0.0000000E+00  0.0000000E+00  0.0000000E+00  0.0000000E+00  0.0000000E+00  0.0000000E+00  0.3352774E+00  0.5606079E+00

 CHPARA                  PARA     EXCUP     EXCUN      EXCU

 BABARSYST_00      0.0000E+00 0.1000E+01 0.1000E+01 0.1000E+01
 BABARSYST_12      0.0000E+00 0.1000E+01 0.1000E+01 0.1000E+01
 BABARSYST_13      0.0000E+00 0.1000E+01 0.1000E+01 0.1000E+01
 BABARSYST_14      0.0000E+00 0.1000E+01 0.1000E+01 0.1000E+01
 BABARSYST_23      0.0000E+00 0.1000E+01 0.1000E+01 0.1000E+01
 BABARSYST_24      0.0000E+00 0.1000E+01 0.1000E+01 0.1000E+01
 BABARSYST_34      0.0000E+00 0.1000E+01 0.1000E+01 0.1000E+01
 BELLESYST_00      0.0000E+00 0.1000E+01 0.1000E+01 0.1000E+01
 BELLESYST_12      0.0000E+00 0.1000E+01 0.1000E+01 0.1000E+01
 BELLESYST_13      0.0000E+00 0.1000E+01 0.1000E+01 0.1000E+01
 BELLESYST_14      0.0000E+00 0.1000E+01 0.1000E+01 0.1000E+01
 BELLESYST_23      0.0000E+00 0.1000E+01 0.1000E+01 0.1000E+01
 BELLESYST_24      0.0000E+00 0.1000E+01 0.1000E+01 0.1000E+01
 BELLESYST_34      0.0000E+00 0.1000E+01 0.1000E+01 0.1000E+01
 SIGMATAUPMY4S     0.9190E+00 0.3000E-02 0.3000E-02 0.3000E-02
 PIMPIZKZSNU       0.1800E-02 0.2000E-03 0.2000E-03 0.2000E-03
 PIMKZSKZLNU       0.9300E-03 0.1100E-03 0.1100E-03 0.1100E-03
 KMKZSNU           0.7900E-03 0.8500E-04 0.8500E-04 0.8500E-04
 PIMKMKPNU         0.1370E-02 0.6000E-04 0.6000E-04 0.6000E-04
 PIMPIMPIPNU       0.8850E-01 0.1300E-02 0.1300E-02 0.1300E-02
 CHI2_N_SYM_PRT    0.1000E+01 0.0000E+00 0.0000E+00 0.0000E+00
  
 Corrected measurements:
 BABAR PIMPIMPIPNU  0.8833700E-01 +/-  0.7400000E-04 +/-  0.1267240E-02 Tot:  0.1269399E-02
 BABAR PIMKMPIPNU P 0.2725700E-02 +/-  0.1800000E-04 +/-  0.9244039E-04 Tot:  0.9417657E-04
 BABAR PIMKMKPNU PU 0.1346100E-02 +/-  0.1000000E-04 +/-  0.3641332E-04 Tot:  0.3776149E-04
 BABAR KMKMKPNU PUB 0.1577700E-04 +/-  0.1300000E-05 +/-  0.1230834E-05 Tot:  0.1790238E-05
 BELLE PIMPIMPIPNU  0.8420000E-01 +/-  0.1000000E-03 +/-  0.2550027E-02 Tot:  0.2551987E-02
 BELLE PIMKMPIPNU P 0.3300000E-02 +/-  0.1000000E-04 +/-  0.1649987E-03 Tot:  0.1653014E-03
 BELLE PIMKMKPNU SU 0.1550000E-02 +/-  0.1000000E-04 +/-  0.5500046E-04 Tot:  0.5590215E-04
 BELLE KMKMKPNU SUB 0.3290000E-04 +/-  0.1700000E-05 +/-  0.1950037E-05 Tot:  0.2587015E-05
  

SYSCOR
      1 | 0.0000000E+00  0.0000000E+00  0.0000000E+00  0.0000000E+00  0.0000000E+00  0.0000000E+00  0.0000000E+00  0.0000000E+00
      2 | 0.0000000E+00  0.0000000E+00  0.0000000E+00  0.0000000E+00  0.0000000E+00  0.0000000E+00  0.0000000E+00  0.0000000E+00
      3 | 0.0000000E+00  0.0000000E+00  0.0000000E+00  0.0000000E+00  0.0000000E+00  0.0000000E+00  0.0000000E+00  0.0000000E+00
      4 | 0.0000000E+00  0.0000000E+00  0.0000000E+00  0.0000000E+00  0.0000000E+00  0.0000000E+00  0.0000000E+00  0.0000000E+00
      5 | 0.0000000E+00  0.0000000E+00  0.0000000E+00  0.0000000E+00  0.0000000E+00  0.0000000E+00  0.0000000E+00  0.0000000E+00
      6 | 0.0000000E+00  0.0000000E+00  0.0000000E+00  0.0000000E+00  0.0000000E+00  0.0000000E+00  0.0000000E+00  0.0000000E+00
      7 | 0.0000000E+00  0.0000000E+00  0.0000000E+00  0.0000000E+00  0.0000000E+00  0.0000000E+00  0.0000000E+00  0.0000000E+00
      8 | 0.0000000E+00  0.0000000E+00  0.0000000E+00  0.0000000E+00  0.0000000E+00  0.0000000E+00  0.0000000E+00  0.0000000E+00

TOTCOR
      1 | 0.0000000E+00  0.0000000E+00  0.0000000E+00  0.0000000E+00  0.0000000E+00  0.0000000E+00  0.0000000E+00  0.0000000E+00
      2 | 0.0000000E+00  0.0000000E+00  0.0000000E+00  0.0000000E+00  0.0000000E+00  0.0000000E+00  0.0000000E+00  0.0000000E+00
      3 | 0.0000000E+00  0.0000000E+00  0.0000000E+00  0.0000000E+00  0.0000000E+00  0.0000000E+00  0.0000000E+00  0.0000000E+00
      4 | 0.0000000E+00  0.0000000E+00  0.0000000E+00  0.0000000E+00  0.0000000E+00  0.0000000E+00  0.0000000E+00  0.0000000E+00
      5 | 0.0000000E+00  0.0000000E+00  0.0000000E+00  0.0000000E+00  0.0000000E+00  0.0000000E+00  0.0000000E+00  0.0000000E+00
      6 | 0.0000000E+00  0.0000000E+00  0.0000000E+00  0.0000000E+00  0.0000000E+00  0.0000000E+00  0.0000000E+00  0.0000000E+00
      7 | 0.0000000E+00  0.0000000E+00  0.0000000E+00  0.0000000E+00  0.0000000E+00  0.0000000E+00  0.0000000E+00  0.0000000E+00
      8 | 0.0000000E+00  0.0000000E+00  0.0000000E+00  0.0000000E+00  0.0000000E+00  0.0000000E+00  0.0000000E+00  0.0000000E+00
 CHI2_N_SYM: CHI2, NMEFF, NQUAN, CHI2/NDOF  =   49.3023189 8 4  12.3255797
 SwB: NCSYS,NQUAN,LCSYS,LUNIT=  14 4 18 6
 SwB: I, J, SIJ =  1 1  0.88444887
 SwB: I, J, SIJ =  1 2 -0.0800434475
 SwB: I, J, SIJ =  1 3 -0.0807056592
 SwB: I, J, SIJ =  1 4 -0.0149233597
 SwB: I, J, SIJ =  1 5 -0.0324704948
 SwB: I, J, SIJ =  1 6 -0.0140667205
 SwB: I, J, SIJ =  1 7 -0.033642676
 SwB: I, J, SIJ =  1 8  0.0251857585
 SwB: I, J, SIJ =  1 9  0.116692459
 SwB: I, J, SIJ =  1 10  0.0766508743
 SwB: I, J, SIJ =  1 11  0.0556956603
 SwB: I, J, SIJ =  1 12  0.0467289384
 SwB: I, J, SIJ =  1 13  0.0156000762
 SwB: I, J, SIJ =  1 14  0.0142249271
 SwB: I, J, SIJ =  1 15  0.000633595441
 SwB: I, J, SIJ =  1 16  1.5962878E-05
 SwB: I, J, SIJ =  1 17  7.71061629E-06
 SwB: I, J, SIJ =  1 18  7.68830027E-08
 SwB: I, J, SIJ =  2 1 -0.0800434475
 SwB: I, J, SIJ =  2 2  0.859941687
 SwB: I, J, SIJ =  2 3 -0.0143405205
 SwB: I, J, SIJ =  2 4 -0.0128515188
 SwB: I, J, SIJ =  2 5 -0.0367959066
 SwB: I, J, SIJ =  2 6 -0.0449191439
 SwB: I, J, SIJ =  2 7  0.0109970368
 SwB: I, J, SIJ =  2 8  0.0176705845
 SwB: I, J, SIJ =  2 9  0.170512786
 SwB: I, J, SIJ =  2 10  0.0230289053
 SwB: I, J, SIJ =  2 11  0.0422388012
 SwB: I, J, SIJ =  2 12  0.0608164113
 SwB: I, J, SIJ =  2 13  0.053320502
 SwB: I, J, SIJ =  2 14 -0.00465429597
 SwB: I, J, SIJ =  2 15  0.000497431431
 SwB: I, J, SIJ =  2 16  4.65107313E-05
 SwB: I, J, SIJ =  2 17 -9.50565623E-07
 SwB: I, J, SIJ =  2 18 -1.59823709E-08
 SwB: I, J, SIJ =  3 1 -0.0807056592
 SwB: I, J, SIJ =  3 2 -0.0143405205
 SwB: I, J, SIJ =  3 3  0.91571835
 SwB: I, J, SIJ =  3 4 -0.0107450927
 SwB: I, J, SIJ =  3 5 -0.029852675
 SwB: I, J, SIJ =  3 6  0.00983873965
 SwB: I, J, SIJ =  3 7 -0.0431877781
 SwB: I, J, SIJ =  3 8  0.0175379224
 SwB: I, J, SIJ =  3 9  0.0326185782
 SwB: I, J, SIJ =  3 10  0.0703020866
 SwB: I, J, SIJ =  3 11  0.0360809775
 SwB: I, J, SIJ =  3 12  0.0393522433
 SwB: I, J, SIJ =  3 13 -0.0116354196
 SwB: I, J, SIJ =  3 14  0.0182977173
 SwB: I, J, SIJ =  3 15  0.000341313978
 SwB: I, J, SIJ =  3 16 -2.68617613E-06
 SwB: I, J, SIJ =  3 17  1.11326338E-05
 SwB: I, J, SIJ =  3 18 -1.97248723E-08
 SwB: I, J, SIJ =  4 1 -0.0149233597
 SwB: I, J, SIJ =  4 2 -0.0128515188
 SwB: I, J, SIJ =  4 3 -0.0107450927
 SwB: I, J, SIJ =  4 4  0.987923714
 SwB: I, J, SIJ =  4 5  0.00310343011
 SwB: I, J, SIJ =  4 6  0.0125636118
 SwB: I, J, SIJ =  4 7  0.0123117265
 SwB: I, J, SIJ =  4 8  0.00191661091
 SwB: I, J, SIJ =  4 9  0.02232208
 SwB: I, J, SIJ =  4 10  0.0131647497
 SwB: I, J, SIJ =  4 11  0.0313096993
 SwB: I, J, SIJ =  4 12 -0.0047683213
 SwB: I, J, SIJ =  4 13 -0.0131235737
 SwB: I, J, SIJ =  4 14 -0.00516834328
 SwB: I, J, SIJ =  4 15  0.000171309923
 SwB: I, J, SIJ =  4 16 -5.62004014E-07
 SwB: I, J, SIJ =  4 17 -1.63280005E-07
 SwB: I, J, SIJ =  4 18 -1.82122138E-07
 SwB: I, J, SIJ =  5 1 -0.0324704948
 SwB: I, J, SIJ =  5 2 -0.0367959066
 SwB: I, J, SIJ =  5 3 -0.029852675
 SwB: I, J, SIJ =  5 4  0.00310343011
 SwB: I, J, SIJ =  5 5  0.949871916
 SwB: I, J, SIJ =  5 6 -0.0217229018
 SwB: I, J, SIJ =  5 7 -0.0267961734
 SwB: I, J, SIJ =  5 8  0.0087063822
 SwB: I, J, SIJ =  5 9  0.0326817378
 SwB: I, J, SIJ =  5 10  0.0161387614
 SwB: I, J, SIJ =  5 11 -0.012176199
 SwB: I, J, SIJ =  5 12  0.0745931033
 SwB: I, J, SIJ =  5 13  0.0260282026
 SwB: I, J, SIJ =  5 14  0.011361894
 SwB: I, J, SIJ =  5 15 -6.18602296E-05
 SwB: I, J, SIJ =  5 16  2.2102215E-05
 SwB: I, J, SIJ =  5 17  7.8042092E-06
 SwB: I, J, SIJ =  5 18 -1.01467681E-08
 SwB: I, J, SIJ =  6 1 -0.0140667205
 SwB: I, J, SIJ =  6 2 -0.0449191439
 SwB: I, J, SIJ =  6 3  0.00983873965
 SwB: I, J, SIJ =  6 4  0.0125636118
 SwB: I, J, SIJ =  6 5 -0.0217229018
 SwB: I, J, SIJ =  6 6  0.960045469
 SwB: I, J, SIJ =  6 7 -0.0137793036
 SwB: I, J, SIJ =  6 8  0.00521522241
 SwB: I, J, SIJ =  6 9  0.0444639804
 SwB: I, J, SIJ =  6 10 -0.00953648409
 SwB: I, J, SIJ =  6 11 -0.0284596164
 SwB: I, J, SIJ =  6 12  0.0353508658
 SwB: I, J, SIJ =  6 13  0.044686793
 SwB: I, J, SIJ =  6 14  0.00576696257
 SwB: I, J, SIJ =  6 15 -3.2884944E-05
 SwB: I, J, SIJ =  6 16  2.23120968E-05
 SwB: I, J, SIJ =  6 17 -1.88400354E-07
 SwB: I, J, SIJ =  6 18  2.71487969E-07
 SwB: I, J, SIJ =  7 1 -0.033642676
 SwB: I, J, SIJ =  7 2  0.0109970368
 SwB: I, J, SIJ =  7 3 -0.0431877781
 SwB: I, J, SIJ =  7 4  0.0123117265
 SwB: I, J, SIJ =  7 5 -0.0267961734
 SwB: I, J, SIJ =  7 6 -0.0137793036
 SwB: I, J, SIJ =  7 7  0.948217043
 SwB: I, J, SIJ =  7 8  0.00951811837
 SwB: I, J, SIJ =  7 9 -0.013514236
 SwB: I, J, SIJ =  7 10  0.0290312647
 SwB: I, J, SIJ =  7 11 -0.025962296
 SwB: I, J, SIJ =  7 12  0.0364503874
 SwB: I, J, SIJ =  7 13  0.0134093498
 SwB: I, J, SIJ =  7 14  0.0218596483
 SwB: I, J, SIJ =  7 15 -3.77876308E-05
 SwB: I, J, SIJ =  7 16 -1.01106552E-06
 SwB: I, J, SIJ =  7 17  8.33843436E-06
 SwB: I, J, SIJ =  7 18  2.88794166E-07
 SwB: I, J, SIJ =  8 1  0.0251857585
 SwB: I, J, SIJ =  8 2  0.0176705845
 SwB: I, J, SIJ =  8 3  0.0175379224
 SwB: I, J, SIJ =  8 4  0.00191661091
 SwB: I, J, SIJ =  8 5  0.0087063822
 SwB: I, J, SIJ =  8 6  0.00521522241
 SwB: I, J, SIJ =  8 7  0.00951811837
 SwB: I, J, SIJ =  8 8  0.994321226
 SwB: I, J, SIJ =  8 9 -0.02485856
 SwB: I, J, SIJ =  8 10 -0.0161223867
 SwB: I, J, SIJ =  8 11 -0.00877650585
 SwB: I, J, SIJ =  8 12 -0.0126340286
 SwB: I, J, SIJ =  8 13 -0.00573140973
 SwB: I, J, SIJ =  8 14 -0.00402053482
 SwB: I, J, SIJ =  8 15  4.49801683E-05
 SwB: I, J, SIJ =  8 16  2.38522409E-06
 SwB: I, J, SIJ =  8 17  1.20401964E-06
 SwB: I, J, SIJ =  8 18  2.67518085E-08
 SwB: I, J, SIJ =  9 1  0.116692459
 SwB: I, J, SIJ =  9 2  0.170512786
 SwB: I, J, SIJ =  9 3  0.0326185782
 SwB: I, J, SIJ =  9 4  0.02232208
 SwB: I, J, SIJ =  9 5  0.0326817378
 SwB: I, J, SIJ =  9 6  0.0444639804
 SwB: I, J, SIJ =  9 7 -0.013514236
 SwB: I, J, SIJ =  9 8 -0.02485856
 SwB: I, J, SIJ =  9 9  0.780788099
 SwB: I, J, SIJ =  9 10 -0.0464001187
 SwB: I, J, SIJ =  9 11 -0.0746670383
 SwB: I, J, SIJ =  9 12 -0.0548660742
 SwB: I, J, SIJ =  9 13 -0.0526683692
 SwB: I, J, SIJ =  9 14  0.00572389404
 SwB: I, J, SIJ =  9 15  0.000252879022
 SwB: I, J, SIJ =  9 16  1.98552409E-05
 SwB: I, J, SIJ =  9 17  1.46739181E-06
 SwB: I, J, SIJ =  9 18  2.26377792E-08
 SwB: I, J, SIJ =  10 1  0.0766508743
 SwB: I, J, SIJ =  10 2  0.0230289053
 SwB: I, J, SIJ =  10 3  0.0703020866
 SwB: I, J, SIJ =  10 4  0.0131647497
 SwB: I, J, SIJ =  10 5  0.0161387614
 SwB: I, J, SIJ =  10 6 -0.00953648409
 SwB: I, J, SIJ =  10 7  0.0290312647
 SwB: I, J, SIJ =  10 8 -0.0161223867
 SwB: I, J, SIJ =  10 9 -0.0464001187
 SwB: I, J, SIJ =  10 10  0.936499641
 SwB: I, J, SIJ =  10 11 -0.0446741253
 SwB: I, J, SIJ =  10 12 -0.0202729784
 SwB: I, J, SIJ =  10 13  0.011364681
 SwB: I, J, SIJ =  10 14 -0.0122975666
 SwB: I, J, SIJ =  10 15  0.000127672135
 SwB: I, J, SIJ =  10 16  2.75411503E-06
 SwB: I, J, SIJ =  10 17  4.34032629E-06
 SwB: I, J, SIJ =  10 18  1.73807298E-08
 SwB: I, J, SIJ =  11 1  0.0556956603
 SwB: I, J, SIJ =  11 2  0.0422388012
 SwB: I, J, SIJ =  11 3  0.0360809775
 SwB: I, J, SIJ =  11 4  0.0313096993
 SwB: I, J, SIJ =  11 5 -0.012176199
 SwB: I, J, SIJ =  11 6 -0.0284596164
 SwB: I, J, SIJ =  11 7 -0.025962296
 SwB: I, J, SIJ =  11 8 -0.00877650585
 SwB: I, J, SIJ =  11 9 -0.0746670383
 SwB: I, J, SIJ =  11 10 -0.0446741253
 SwB: I, J, SIJ =  11 11  0.912695486
 SwB: I, J, SIJ =  11 12  0.0186789899
 SwB: I, J, SIJ =  11 13  0.0303090058
 SwB: I, J, SIJ =  11 14  0.0109072017
 SwB: I, J, SIJ =  11 15  0.000114756089
 SwB: I, J, SIJ =  11 16  2.24281007E-06
 SwB: I, J, SIJ =  11 17  7.03337342E-07
 SwB: I, J, SIJ =  11 18 -1.59114835E-07
 SwB: I, J, SIJ =  12 1  0.0467289384
 SwB: I, J, SIJ =  12 2  0.0608164113
 SwB: I, J, SIJ =  12 3  0.0393522433
 SwB: I, J, SIJ =  12 4 -0.0047683213
 SwB: I, J, SIJ =  12 5  0.0745931033
 SwB: I, J, SIJ =  12 6  0.0353508658
 SwB: I, J, SIJ =  12 7  0.0364503874
 SwB: I, J, SIJ =  12 8 -0.0126340286
 SwB: I, J, SIJ =  12 9 -0.0548660742
 SwB: I, J, SIJ =  12 10 -0.0202729784
 SwB: I, J, SIJ =  12 11  0.0186789899
 SwB: I, J, SIJ =  12 12  0.888347029
 SwB: I, J, SIJ =  12 13 -0.0423217785
 SwB: I, J, SIJ =  12 14 -0.0154568325
 SwB: I, J, SIJ =  12 15  9.22350681E-05
 SwB: I, J, SIJ =  12 16  1.13790042E-05
 SwB: I, J, SIJ =  12 17  4.78279376E-06
 SwB: I, J, SIJ =  12 18  1.45492315E-08
 SwB: I, J, SIJ =  13 1  0.0156000762
 SwB: I, J, SIJ =  13 2  0.053320502
 SwB: I, J, SIJ =  13 3 -0.0116354196
 SwB: I, J, SIJ =  13 4 -0.0131235737
 SwB: I, J, SIJ =  13 5  0.0260282026
 SwB: I, J, SIJ =  13 6  0.044686793
 SwB: I, J, SIJ =  13 7  0.0134093498
 SwB: I, J, SIJ =  13 8 -0.00573140973
 SwB: I, J, SIJ =  13 9 -0.0526683692
 SwB: I, J, SIJ =  13 10  0.011364681
 SwB: I, J, SIJ =  13 11  0.0303090058
 SwB: I, J, SIJ =  13 12 -0.0423217785
 SwB: I, J, SIJ =  13 13  0.94972059
 SwB: I, J, SIJ =  13 14 -0.00561005621
 SwB: I, J, SIJ =  13 15  3.8437854E-05
 SwB: I, J, SIJ =  13 16  8.29539069E-06
 SwB: I, J, SIJ =  13 17  1.93851969E-07
 SwB: I, J, SIJ =  13 18  1.35533186E-07
 SwB: I, J, SIJ =  14 1  0.0142249271
 SwB: I, J, SIJ =  14 2 -0.00465429597
 SwB: I, J, SIJ =  14 3  0.0182977173
 SwB: I, J, SIJ =  14 4 -0.00516834328
 SwB: I, J, SIJ =  14 5  0.011361894
 SwB: I, J, SIJ =  14 6  0.00576696257
 SwB: I, J, SIJ =  14 7  0.0218596483
 SwB: I, J, SIJ =  14 8 -0.00402053482
 SwB: I, J, SIJ =  14 9  0.00572389404
 SwB: I, J, SIJ =  14 10 -0.0122975666
 SwB: I, J, SIJ =  14 11  0.0109072017
 SwB: I, J, SIJ =  14 12 -0.0154568325
 SwB: I, J, SIJ =  14 13 -0.00561005621
 SwB: I, J, SIJ =  14 14  0.990771941
 SwB: I, J, SIJ =  14 15  1.59968245E-05
 SwB: I, J, SIJ =  14 16  4.26534792E-07
 SwB: I, J, SIJ =  14 17  1.66321405E-06
 SwB: I, J, SIJ =  14 18  6.33451438E-08
 SwB: I, J, SIJ =  15 1  0.000633595441
 SwB: I, J, SIJ =  15 2  0.000497431431
 SwB: I, J, SIJ =  15 3  0.000341313978
 SwB: I, J, SIJ =  15 4  0.000171309923
 SwB: I, J, SIJ =  15 5 -6.18602296E-05
 SwB: I, J, SIJ =  15 6 -3.2884944E-05
 SwB: I, J, SIJ =  15 7 -3.77876308E-05
 SwB: I, J, SIJ =  15 8  4.49801683E-05
 SwB: I, J, SIJ =  15 9  0.000252879022
 SwB: I, J, SIJ =  15 10  0.000127672135
 SwB: I, J, SIJ =  15 11  0.000114756089
 SwB: I, J, SIJ =  15 12  9.22350681E-05
 SwB: I, J, SIJ =  15 13  3.8437854E-05
 SwB: I, J, SIJ =  15 14  1.59968245E-05
 SwB: I, J, SIJ =  15 15  1.21372216E-06
 SwB: I, J, SIJ =  15 16  4.28432916E-08
 SwB: I, J, SIJ =  15 17  1.08153571E-08
 SwB: I, J, SIJ =  15 18  4.34882738E-12
 SwB: I, J, SIJ =  16 1  1.5962878E-05
 SwB: I, J, SIJ =  16 2  4.65107313E-05
 SwB: I, J, SIJ =  16 3 -2.68617613E-06
 SwB: I, J, SIJ =  16 4 -5.62004014E-07
 SwB: I, J, SIJ =  16 5  2.2102215E-05
 SwB: I, J, SIJ =  16 6  2.23120968E-05
 SwB: I, J, SIJ =  16 7 -1.01106552E-06
 SwB: I, J, SIJ =  16 8  2.38522409E-06
 SwB: I, J, SIJ =  16 9  1.98552409E-05
 SwB: I, J, SIJ =  16 10  2.75411503E-06
 SwB: I, J, SIJ =  16 11  2.24281007E-06
 SwB: I, J, SIJ =  16 12  1.13790042E-05
 SwB: I, J, SIJ =  16 13  8.29539069E-06
 SwB: I, J, SIJ =  16 14  4.26534792E-07
 SwB: I, J, SIJ =  16 15  4.28432916E-08
 SwB: I, J, SIJ =  16 16  6.54883562E-09
 SwB: I, J, SIJ =  16 17  3.43024012E-10
 SwB: I, J, SIJ =  16 18  8.59939049E-12
 SwB: I, J, SIJ =  17 1  7.71061629E-06
 SwB: I, J, SIJ =  17 2 -9.50565623E-07
 SwB: I, J, SIJ =  17 3  1.11326338E-05
 SwB: I, J, SIJ =  17 4 -1.63280005E-07
 SwB: I, J, SIJ =  17 5  7.8042092E-06
 SwB: I, J, SIJ =  17 6 -1.88400354E-07
 SwB: I, J, SIJ =  17 7  8.33843436E-06
 SwB: I, J, SIJ =  17 8  1.20401964E-06
 SwB: I, J, SIJ =  17 9  1.46739181E-06
 SwB: I, J, SIJ =  17 10  4.34032629E-06
 SwB: I, J, SIJ =  17 11  7.03337342E-07
 SwB: I, J, SIJ =  17 12  4.78279376E-06
 SwB: I, J, SIJ =  17 13  1.93851969E-07
 SwB: I, J, SIJ =  17 14  1.66321405E-06
 SwB: I, J, SIJ =  17 15  1.08153571E-08
 SwB: I, J, SIJ =  17 16  3.43024012E-10
 SwB: I, J, SIJ =  17 17  9.62949662E-10
 SwB: I, J, SIJ =  17 18  2.75590527E-12
 SwB: I, J, SIJ =  18 1  7.68830027E-08
 SwB: I, J, SIJ =  18 2 -1.59823709E-08
 SwB: I, J, SIJ =  18 3 -1.97248723E-08
 SwB: I, J, SIJ =  18 4 -1.82122138E-07
 SwB: I, J, SIJ =  18 5 -1.01467681E-08
 SwB: I, J, SIJ =  18 6  2.71487969E-07
 SwB: I, J, SIJ =  18 7  2.88794166E-07
 SwB: I, J, SIJ =  18 8  2.67518085E-08
 SwB: I, J, SIJ =  18 9  2.26377792E-08
 SwB: I, J, SIJ =  18 10  1.73807298E-08
 SwB: I, J, SIJ =  18 11 -1.59114835E-07
 SwB: I, J, SIJ =  18 12  1.45492315E-08
 SwB: I, J, SIJ =  18 13  1.35533186E-07
 SwB: I, J, SIJ =  18 14  6.33451438E-08
 SwB: I, J, SIJ =  18 15  4.34882738E-12
 SwB: I, J, SIJ =  18 16  8.59939049E-12
 SwB: I, J, SIJ =  18 17  2.75590527E-12
 SwB: I, J, SIJ =  18 18  2.16137624E-12
 SwB: I,J,SAUX(IJ) =  1 1  0.940451418
 SwB: I,J,SAUX(IJ) =  1 2 -0.0917814508
 SwB: I,J,SAUX(IJ) =  1 3 -0.0896781551
 SwB: I,J,SAUX(IJ) =  1 4 -0.0159649858
 SwB: I,J,SAUX(IJ) =  1 5 -0.0354258287
 SwB: I,J,SAUX(IJ) =  1 6 -0.0152654845
 SwB: I,J,SAUX(IJ) =  1 7 -0.0367367125
 SwB: I,J,SAUX(IJ) =  1 8  0.0268568649
 SwB: I,J,SAUX(IJ) =  1 9  0.140423513
 SwB: I,J,SAUX(IJ) =  1 10  0.0842222694
 SwB: I,J,SAUX(IJ) =  1 11  0.0619900576
 SwB: I,J,SAUX(IJ) =  1 12  0.0527179146
 SwB: I,J,SAUX(IJ) =  1 13  0.0170212883
 SwB: I,J,SAUX(IJ) =  1 14  0.0151959142
 SwB: I,J,SAUX(IJ) =  1 15  0.611527564
 SwB: I,J,SAUX(IJ) =  1 16  0.209745564
 SwB: I,J,SAUX(IJ) =  1 17  0.264211023
 SwB: I,J,SAUX(IJ) =  1 18  0.0556069128
 SwB: I,J,SAUX(IJ) =  2 1 -0.0917814508
 SwB: I,J,SAUX(IJ) =  2 2  0.927330409
 SwB: I,J,SAUX(IJ) =  2 3 -0.0161603014
 SwB: I,J,SAUX(IJ) =  2 4 -0.0139430649
 SwB: I,J,SAUX(IJ) =  2 5 -0.0407129416
 SwB: I,J,SAUX(IJ) =  2 6 -0.0494368816
 SwB: I,J,SAUX(IJ) =  2 7  0.0121783177
 SwB: I,J,SAUX(IJ) =  2 8  0.0191096643
 SwB: I,J,SAUX(IJ) =  2 9  0.208092227
 SwB: I,J,SAUX(IJ) =  2 10  0.0256616741
 SwB: I,J,SAUX(IJ) =  2 11  0.0476775721
 SwB: I,J,SAUX(IJ) =  2 12  0.0695816881
 SwB: I,J,SAUX(IJ) =  2 13  0.05900133
 SwB: I,J,SAUX(IJ) =  2 14 -0.00504234604
 SwB: I,J,SAUX(IJ) =  2 15  0.486899222
 SwB: I,J,SAUX(IJ) =  2 16  0.619778664
 SwB: I,J,SAUX(IJ) =  2 17 -0.0330328321
 SwB: I,J,SAUX(IJ) =  2 18 -0.0117230743
 SwB: I,J,SAUX(IJ) =  3 1 -0.0896781551
 SwB: I,J,SAUX(IJ) =  3 2 -0.0161603014
 SwB: I,J,SAUX(IJ) =  3 3  0.956931738
 SwB: I,J,SAUX(IJ) =  3 4 -0.0112971138
 SwB: I,J,SAUX(IJ) =  3 5 -0.0320088278
 SwB: I,J,SAUX(IJ) =  3 6  0.0104933126
 SwB: I,J,SAUX(IJ) =  3 7 -0.0463474692
 SwB: I,J,SAUX(IJ) =  3 8  0.0183795058
 SwB: I,J,SAUX(IJ) =  3 9  0.0385760251
 SwB: I,J,SAUX(IJ) =  3 10  0.0759160231
 SwB: I,J,SAUX(IJ) =  3 11  0.0394670244
 SwB: I,J,SAUX(IJ) =  3 12  0.0436312051
 SwB: I,J,SAUX(IJ) =  3 13 -0.0124767986
 SwB: I,J,SAUX(IJ) =  3 14  0.019210077
 SwB: I,J,SAUX(IJ) =  3 15  0.323752757
 SwB: I,J,SAUX(IJ) =  3 16 -0.0346873788
 SwB: I,J,SAUX(IJ) =  3 17  0.374899767
 SwB: I,J,SAUX(IJ) =  3 18 -0.014020647
 SwB: I,J,SAUX(IJ) =  4 1 -0.0159649858
 SwB: I,J,SAUX(IJ) =  4 2 -0.0139430649
 SwB: I,J,SAUX(IJ) =  4 3 -0.0112971138
 SwB: I,J,SAUX(IJ) =  4 4  0.993943516
 SwB: I,J,SAUX(IJ) =  4 5  0.00320366975
 SwB: I,J,SAUX(IJ) =  4 6  0.0129005107
 SwB: I,J,SAUX(IJ) =  4 7  0.0127204763
 SwB: I,J,SAUX(IJ) =  4 8  0.00193378815
 SwB: I,J,SAUX(IJ) =  4 9  0.0254159509
 SwB: I,J,SAUX(IJ) =  4 10  0.0136866478
 SwB: I,J,SAUX(IJ) =  4 11  0.0329726795
 SwB: I,J,SAUX(IJ) =  4 12 -0.00508993785
 SwB: I,J,SAUX(IJ) =  4 13 -0.0135485395
 SwB: I,J,SAUX(IJ) =  4 14 -0.00522399553
 SwB: I,J,SAUX(IJ) =  4 15  0.156444815
 SwB: I,J,SAUX(IJ) =  4 16 -0.00698707922
 SwB: I,J,SAUX(IJ) =  4 17 -0.00529382411
 SwB: I,J,SAUX(IJ) =  4 18 -0.124633804
 SwB: I,J,SAUX(IJ) =  5 1 -0.0354258287
 SwB: I,J,SAUX(IJ) =  5 2 -0.0407129416
 SwB: I,J,SAUX(IJ) =  5 3 -0.0320088278
 SwB: I,J,SAUX(IJ) =  5 4  0.00320366975
 SwB: I,J,SAUX(IJ) =  5 5  0.974613727
 SwB: I,J,SAUX(IJ) =  5 6 -0.0227478006
 SwB: I,J,SAUX(IJ) =  5 7 -0.028234908
 SwB: I,J,SAUX(IJ) =  5 8  0.00895863514
 SwB: I,J,SAUX(IJ) =  5 9  0.0379494971
 SwB: I,J,SAUX(IJ) =  5 10  0.017111334
 SwB: I,J,SAUX(IJ) =  5 11 -0.013077245
 SwB: I,J,SAUX(IJ) =  5 12  0.0812035142
 SwB: I,J,SAUX(IJ) =  5 13  0.0274039854
 SwB: I,J,SAUX(IJ) =  5 14  0.011712008
 SwB: I,J,SAUX(IJ) =  5 15 -0.0576128504
 SwB: I,J,SAUX(IJ) =  5 16  0.280234262
 SwB: I,J,SAUX(IJ) =  5 17  0.258044488
 SwB: I,J,SAUX(IJ) =  5 18 -0.00708157773
 SwB: I,J,SAUX(IJ) =  6 1 -0.0152654845
 SwB: I,J,SAUX(IJ) =  6 2 -0.0494368816
 SwB: I,J,SAUX(IJ) =  6 3  0.0104933126
 SwB: I,J,SAUX(IJ) =  6 4  0.0129005107
 SwB: I,J,SAUX(IJ) =  6 5 -0.0227478006
 SwB: I,J,SAUX(IJ) =  6 6  0.9798191
 SwB: I,J,SAUX(IJ) =  6 7 -0.0144420049
 SwB: I,J,SAUX(IJ) =  6 8  0.00533781574
 SwB: I,J,SAUX(IJ) =  6 9  0.0513565504
 SwB: I,J,SAUX(IJ) =  6 10 -0.0100574662
 SwB: I,J,SAUX(IJ) =  6 11 -0.0304032625
 SwB: I,J,SAUX(IJ) =  6 12  0.0382791977
 SwB: I,J,SAUX(IJ) =  6 13  0.0467988693
 SwB: I,J,SAUX(IJ) =  6 14  0.00591308854
 SwB: I,J,SAUX(IJ) =  6 15 -0.0304643253
 SwB: I,J,SAUX(IJ) =  6 16  0.281392449
 SwB: I,J,SAUX(IJ) =  6 17 -0.00619632259
 SwB: I,J,SAUX(IJ) =  6 18  0.188468816
 SwB: I,J,SAUX(IJ) =  7 1 -0.0367367125
 SwB: I,J,SAUX(IJ) =  7 2  0.0121783177
 SwB: I,J,SAUX(IJ) =  7 3 -0.0463474692
 SwB: I,J,SAUX(IJ) =  7 4  0.0127204763
 SwB: I,J,SAUX(IJ) =  7 5 -0.028234908
 SwB: I,J,SAUX(IJ) =  7 6 -0.0144420049
 SwB: I,J,SAUX(IJ) =  7 7  0.973764367
 SwB: I,J,SAUX(IJ) =  7 8  0.00980243266
 SwB: I,J,SAUX(IJ) =  7 9 -0.0157061965
 SwB: I,J,SAUX(IJ) =  7 10  0.0308076286
 SwB: I,J,SAUX(IJ) =  7 11 -0.0279078427
 SwB: I,J,SAUX(IJ) =  7 12  0.0397152173
 SwB: I,J,SAUX(IJ) =  7 13  0.0141304475
 SwB: I,J,SAUX(IJ) =  7 14  0.0225529025
 SwB: I,J,SAUX(IJ) =  7 15 -0.035223795
 SwB: I,J,SAUX(IJ) =  7 16 -0.0128304939
 SwB: I,J,SAUX(IJ) =  7 17  0.275949012
 SwB: I,J,SAUX(IJ) =  7 18  0.201729472
 SwB: I,J,SAUX(IJ) =  8 1  0.0268568649
 SwB: I,J,SAUX(IJ) =  8 2  0.0191096643
 SwB: I,J,SAUX(IJ) =  8 3  0.0183795058
 SwB: I,J,SAUX(IJ) =  8 4  0.00193378815
 SwB: I,J,SAUX(IJ) =  8 5  0.00895863514
 SwB: I,J,SAUX(IJ) =  8 6  0.00533781574
 SwB: I,J,SAUX(IJ) =  8 7  0.00980243266
 SwB: I,J,SAUX(IJ) =  8 8  0.99715657
 SwB: I,J,SAUX(IJ) =  8 9 -0.0282127889
 SwB: I,J,SAUX(IJ) =  8 10 -0.0167075269
 SwB: I,J,SAUX(IJ) =  8 11 -0.00921287843
 SwB: I,J,SAUX(IJ) =  8 12 -0.0134427207
 SwB: I,J,SAUX(IJ) =  8 13 -0.00589793762
 SwB: I,J,SAUX(IJ) =  8 14 -0.00405073305
 SwB: I,J,SAUX(IJ) =  8 15  0.0409447364
 SwB: I,J,SAUX(IJ) =  8 16  0.029558595
 SwB: I,J,SAUX(IJ) =  8 17  0.0389106443
 SwB: I,J,SAUX(IJ) =  8 18  0.0182483922
 SwB: I,J,SAUX(IJ) =  9 1  0.140423513
 SwB: I,J,SAUX(IJ) =  9 2  0.208092227
 SwB: I,J,SAUX(IJ) =  9 3  0.0385760251
 SwB: I,J,SAUX(IJ) =  9 4  0.0254159509
 SwB: I,J,SAUX(IJ) =  9 5  0.0379494971
 SwB: I,J,SAUX(IJ) =  9 6  0.0513565504
 SwB: I,J,SAUX(IJ) =  9 7 -0.0157061965
 SwB: I,J,SAUX(IJ) =  9 8 -0.0282127889
 SwB: I,J,SAUX(IJ) =  9 9  0.883622147
 SwB: I,J,SAUX(IJ) =  9 10 -0.0542623616
 SwB: I,J,SAUX(IJ) =  9 11 -0.0884503145
 SwB: I,J,SAUX(IJ) =  9 12 -0.0658788435
 SwB: I,J,SAUX(IJ) =  9 13 -0.0611625174
 SwB: I,J,SAUX(IJ) =  9 14  0.00650785913
 SwB: I,J,SAUX(IJ) =  9 15  0.25976855
 SwB: I,J,SAUX(IJ) =  9 16  0.277668441
 SwB: I,J,SAUX(IJ) =  9 17  0.0535152682
 SwB: I,J,SAUX(IJ) =  9 18  0.0174261738
 SwB: I,J,SAUX(IJ) =  10 1  0.0842222694
 SwB: I,J,SAUX(IJ) =  10 2  0.0256616741
 SwB: I,J,SAUX(IJ) =  10 3  0.0759160231
 SwB: I,J,SAUX(IJ) =  10 4  0.0136866478
 SwB: I,J,SAUX(IJ) =  10 5  0.017111334
 SwB: I,J,SAUX(IJ) =  10 6 -0.0100574662
 SwB: I,J,SAUX(IJ) =  10 7  0.0308076286
 SwB: I,J,SAUX(IJ) =  10 8 -0.0167075269
 SwB: I,J,SAUX(IJ) =  10 9 -0.0542623616
 SwB: I,J,SAUX(IJ) =  10 10  0.967729115
 SwB: I,J,SAUX(IJ) =  10 11 -0.0483213767
 SwB: I,J,SAUX(IJ) =  10 12 -0.0222265688
 SwB: I,J,SAUX(IJ) =  10 13  0.0120505125
 SwB: I,J,SAUX(IJ) =  10 14 -0.0127666963
 SwB: I,J,SAUX(IJ) =  10 15  0.119751972
 SwB: I,J,SAUX(IJ) =  10 16  0.0351678827
 SwB: I,J,SAUX(IJ) =  10 17  0.144532921
 SwB: I,J,SAUX(IJ) =  10 18  0.0122165623
 SwB: I,J,SAUX(IJ) =  11 1  0.0619900576
 SwB: I,J,SAUX(IJ) =  11 2  0.0476775721
 SwB: I,J,SAUX(IJ) =  11 3  0.0394670244
 SwB: I,J,SAUX(IJ) =  11 4  0.0329726795
 SwB: I,J,SAUX(IJ) =  11 5 -0.013077245
 SwB: I,J,SAUX(IJ) =  11 6 -0.0304032625
 SwB: I,J,SAUX(IJ) =  11 7 -0.0279078427
 SwB: I,J,SAUX(IJ) =  11 8 -0.00921287843
 SwB: I,J,SAUX(IJ) =  11 9 -0.0884503145
 SwB: I,J,SAUX(IJ) =  11 10 -0.0483213767
 SwB: I,J,SAUX(IJ) =  11 11  0.955350975
 SwB: I,J,SAUX(IJ) =  11 12  0.0207443154
 SwB: I,J,SAUX(IJ) =  11 13  0.0325544838
 SwB: I,J,SAUX(IJ) =  11 14  0.0114700033
 SwB: I,J,SAUX(IJ) =  11 15  0.109031791
 SwB: I,J,SAUX(IJ) =  11 16  0.0290099849
 SwB: I,J,SAUX(IJ) =  11 17  0.0237246018
 SwB: I,J,SAUX(IJ) =  11 18 -0.113287642
 SwB: I,J,SAUX(IJ) =  12 1  0.0527179146
 SwB: I,J,SAUX(IJ) =  12 2  0.0695816881
 SwB: I,J,SAUX(IJ) =  12 3  0.0436312051
 SwB: I,J,SAUX(IJ) =  12 4 -0.00508993785
 SwB: I,J,SAUX(IJ) =  12 5  0.0812035142
 SwB: I,J,SAUX(IJ) =  12 6  0.0382791977
 SwB: I,J,SAUX(IJ) =  12 7  0.0397152173
 SwB: I,J,SAUX(IJ) =  12 8 -0.0134427207
 SwB: I,J,SAUX(IJ) =  12 9 -0.0658788435
 SwB: I,J,SAUX(IJ) =  12 10 -0.0222265688
 SwB: I,J,SAUX(IJ) =  12 11  0.0207443154
 SwB: I,J,SAUX(IJ) =  12 12  0.942521633
 SwB: I,J,SAUX(IJ) =  12 13 -0.0460759879
 SwB: I,J,SAUX(IJ) =  12 14 -0.0164756412
 SwB: I,J,SAUX(IJ) =  12 15  0.0888270225
 SwB: I,J,SAUX(IJ) =  12 16  0.149186968
 SwB: I,J,SAUX(IJ) =  12 17  0.163526648
 SwB: I,J,SAUX(IJ) =  12 18  0.0104998608
 SwB: I,J,SAUX(IJ) =  13 1  0.0170212883
 SwB: I,J,SAUX(IJ) =  13 2  0.05900133
 SwB: I,J,SAUX(IJ) =  13 3 -0.0124767986
 SwB: I,J,SAUX(IJ) =  13 4 -0.0135485395
 SwB: I,J,SAUX(IJ) =  13 5  0.0274039854
 SwB: I,J,SAUX(IJ) =  13 6  0.0467988693
 SwB: I,J,SAUX(IJ) =  13 7  0.0141304475
 SwB: I,J,SAUX(IJ) =  13 8 -0.00589793762
 SwB: I,J,SAUX(IJ) =  13 9 -0.0611625174
 SwB: I,J,SAUX(IJ) =  13 10  0.0120505125
 SwB: I,J,SAUX(IJ) =  13 11  0.0325544838
 SwB: I,J,SAUX(IJ) =  13 12 -0.0460759879
 SwB: I,J,SAUX(IJ) =  13 13  0.97453609
 SwB: I,J,SAUX(IJ) =  13 14 -0.00578338943
 SwB: I,J,SAUX(IJ) =  13 15  0.0358015283
 SwB: I,J,SAUX(IJ) =  13 16  0.105185742
 SwB: I,J,SAUX(IJ) =  13 17  0.00641018403
 SwB: I,J,SAUX(IJ) =  13 18  0.0945981266
 SwB: I,J,SAUX(IJ) =  14 1  0.0151959142
 SwB: I,J,SAUX(IJ) =  14 2 -0.00504234604
 SwB: I,J,SAUX(IJ) =  14 3  0.019210077
 SwB: I,J,SAUX(IJ) =  14 4 -0.00522399553
 SwB: I,J,SAUX(IJ) =  14 5  0.011712008
 SwB: I,J,SAUX(IJ) =  14 6  0.00591308854
 SwB: I,J,SAUX(IJ) =  14 7  0.0225529025
 SwB: I,J,SAUX(IJ) =  14 8 -0.00405073305
 SwB: I,J,SAUX(IJ) =  14 9  0.00650785913
 SwB: I,J,SAUX(IJ) =  14 10 -0.0127666963
 SwB: I,J,SAUX(IJ) =  14 11  0.0114700033
 SwB: I,J,SAUX(IJ) =  14 12 -0.0164756412
 SwB: I,J,SAUX(IJ) =  14 13 -0.00578338943
 SwB: I,J,SAUX(IJ) =  14 14  0.995375277
 SwB: I,J,SAUX(IJ) =  14 15  0.0145877157
 SwB: I,J,SAUX(IJ) =  14 16  0.00529523901
 SwB: I,J,SAUX(IJ) =  14 17  0.053846751
 SwB: I,J,SAUX(IJ) =  14 18  0.043287379
 SwB: I,J,SAUX(IJ) =  15 1  0.611527564
 SwB: I,J,SAUX(IJ) =  15 2  0.486899222
 SwB: I,J,SAUX(IJ) =  15 3  0.323752757
 SwB: I,J,SAUX(IJ) =  15 4  0.156444815
 SwB: I,J,SAUX(IJ) =  15 5 -0.0576128504
 SwB: I,J,SAUX(IJ) =  15 6 -0.0304643253
 SwB: I,J,SAUX(IJ) =  15 7 -0.035223795
 SwB: I,J,SAUX(IJ) =  15 8  0.0409447364
 SwB: I,J,SAUX(IJ) =  15 9  0.25976855
 SwB: I,J,SAUX(IJ) =  15 10  0.119751972
 SwB: I,J,SAUX(IJ) =  15 11  0.109031791
 SwB: I,J,SAUX(IJ) =  15 12  0.0888270225
 SwB: I,J,SAUX(IJ) =  15 13  0.0358015283
 SwB: I,J,SAUX(IJ) =  15 14  0.0145877157
 SwB: I,J,SAUX(IJ) =  15 15  0.00110169059
 SwB: I,J,SAUX(IJ) =  15 16  0.480552836
 SwB: I,J,SAUX(IJ) =  15 17  0.316358443
 SwB: I,J,SAUX(IJ) =  15 18  0.00268501887
 SwB: I,J,SAUX(IJ) =  16 1  0.209745564
 SwB: I,J,SAUX(IJ) =  16 2  0.619778664
 SwB: I,J,SAUX(IJ) =  16 3 -0.0346873788
 SwB: I,J,SAUX(IJ) =  16 4 -0.00698707922
 SwB: I,J,SAUX(IJ) =  16 5  0.280234262
 SwB: I,J,SAUX(IJ) =  16 6  0.281392449
 SwB: I,J,SAUX(IJ) =  16 7 -0.0128304939
 SwB: I,J,SAUX(IJ) =  16 8  0.029558595
 SwB: I,J,SAUX(IJ) =  16 9  0.277668441
 SwB: I,J,SAUX(IJ) =  16 10  0.0351678827
 SwB: I,J,SAUX(IJ) =  16 11  0.0290099849
 SwB: I,J,SAUX(IJ) =  16 12  0.149186968
 SwB: I,J,SAUX(IJ) =  16 13  0.105185742
 SwB: I,J,SAUX(IJ) =  16 14  0.00529523901
 SwB: I,J,SAUX(IJ) =  16 15  0.480552836
 SwB: I,J,SAUX(IJ) =  16 16  8.09248764E-05
 SwB: I,J,SAUX(IJ) =  16 17  0.13659685
 SwB: I,J,SAUX(IJ) =  16 18  0.072280382
 SwB: I,J,SAUX(IJ) =  17 1  0.264211023
 SwB: I,J,SAUX(IJ) =  17 2 -0.0330328321
 SwB: I,J,SAUX(IJ) =  17 3  0.374899767
 SwB: I,J,SAUX(IJ) =  17 4 -0.00529382411
 SwB: I,J,SAUX(IJ) =  17 5  0.258044488
 SwB: I,J,SAUX(IJ) =  17 6 -0.00619632259
 SwB: I,J,SAUX(IJ) =  17 7  0.275949012
 SwB: I,J,SAUX(IJ) =  17 8  0.0389106443
 SwB: I,J,SAUX(IJ) =  17 9  0.0535152682
 SwB: I,J,SAUX(IJ) =  17 10  0.144532921
 SwB: I,J,SAUX(IJ) =  17 11  0.0237246018
 SwB: I,J,SAUX(IJ) =  17 12  0.163526648
 SwB: I,J,SAUX(IJ) =  17 13  0.00641018403
 SwB: I,J,SAUX(IJ) =  17 14  0.053846751
 SwB: I,J,SAUX(IJ) =  17 15  0.316358443
 SwB: I,J,SAUX(IJ) =  17 16  0.13659685
 SwB: I,J,SAUX(IJ) =  17 17  3.10314302E-05
 SwB: I,J,SAUX(IJ) =  17 18  0.0604083963
 SwB: I,J,SAUX(IJ) =  18 1  0.0556069128
 SwB: I,J,SAUX(IJ) =  18 2 -0.0117230743
 SwB: I,J,SAUX(IJ) =  18 3 -0.014020647
 SwB: I,J,SAUX(IJ) =  18 4 -0.124633804
 SwB: I,J,SAUX(IJ) =  18 5 -0.00708157773
 SwB: I,J,SAUX(IJ) =  18 6  0.188468816
 SwB: I,J,SAUX(IJ) =  18 7  0.201729472
 SwB: I,J,SAUX(IJ) =  18 8  0.0182483922
 SwB: I,J,SAUX(IJ) =  18 9  0.0174261738
 SwB: I,J,SAUX(IJ) =  18 10  0.0122165623
 SwB: I,J,SAUX(IJ) =  18 11 -0.113287642
 SwB: I,J,SAUX(IJ) =  18 12  0.0104998608
 SwB: I,J,SAUX(IJ) =  18 13  0.0945981266
 SwB: I,J,SAUX(IJ) =  18 14  0.043287379
 SwB: I,J,SAUX(IJ) =  18 15  0.00268501887
 SwB: I,J,SAUX(IJ) =  18 16  0.072280382
 SwB: I,J,SAUX(IJ) =  18 17  0.0604083963
 SwB: I,J,SAUX(IJ) =  18 18  1.47016198E-06
  
  DUMP FIT RESULTS: diag=toterror off-diag=corr. coeff=corr_sys/toterror
                          BABARSYST_00  BABARSYST_12  BABARSYST_13  BABARSYST_14  BABARSYST_23  BABARSYST_24  BABARSYST_34  BELLESYST_00  BELLESYST_12  BELLESYST_13  BELLESYST_14  BELLESYST_23  BELLESYST_24  BELLESYST_34 M_PIMPIMPIPNU  M_PIMKMPIPNU   M_PIMKMKPNU    M_KMKMKPNU
 BABARSYS     0.4798319      0.9404514    -0.0917815    -0.0896782    -0.0159650    -0.0354258    -0.0152655    -0.0367367     0.0268569     0.1404235     0.0842223     0.0619901     0.0527179     0.0170213     0.0151959     0.6115276     0.2097456     0.2642110     0.0556069
 BABARSYS     0.4445290     -0.0917815     0.9273304    -0.0161603    -0.0139431    -0.0407129    -0.0494369     0.0121783     0.0191097     0.2080922     0.0256617     0.0476776     0.0695817     0.0590013    -0.0050423     0.4868992     0.6197787    -0.0330328    -0.0117231
 BABARSYS     0.3086950     -0.0896782    -0.0161603     0.9569317    -0.0112971    -0.0320088     0.0104933    -0.0463475     0.0183795     0.0385760     0.0759160     0.0394670     0.0436312    -0.0124768     0.0192101     0.3237528    -0.0346874     0.3748998    -0.0140206
 BABARSYS    -0.6060870     -0.0159650    -0.0139431    -0.0112971     0.9939435     0.0032037     0.0129005     0.0127205     0.0019338     0.0254160     0.0136866     0.0329727    -0.0050899    -0.0135485    -0.0052240     0.1564448    -0.0069871    -0.0052938    -0.1246338
 BABARSYS     0.9494096     -0.0354258    -0.0407129    -0.0320088     0.0032037     0.9746137    -0.0227478    -0.0282349     0.0089586     0.0379495     0.0171113    -0.0130772     0.0812035     0.0274040     0.0117120    -0.0576129     0.2802343     0.2580445    -0.0070816
 BABARSYS     1.1330494     -0.0152655    -0.0494369     0.0104933     0.0129005    -0.0227478     0.9798191    -0.0144420     0.0053378     0.0513566    -0.0100575    -0.0304033     0.0382792     0.0467989     0.0059131    -0.0304643     0.2813924    -0.0061963     0.1884688
 BABARSYS     1.2323368     -0.0367367     0.0121783    -0.0463475     0.0127205    -0.0282349    -0.0144420     0.9737644     0.0098024    -0.0157062     0.0308076    -0.0279078     0.0397152     0.0141304     0.0225529    -0.0352238    -0.0128305     0.2759490     0.2017295
 BELLESYS    -0.1992037      0.0268569     0.0191097     0.0183795     0.0019338     0.0089586     0.0053378     0.0098024     0.9971566    -0.0282128    -0.0167075    -0.0092129    -0.0134427    -0.0058979    -0.0040507     0.0409447     0.0295586     0.0389106     0.0182484
 BELLESYS    -0.1966470      0.1404235     0.2080922     0.0385760     0.0254160     0.0379495     0.0513566    -0.0157062    -0.0282128     0.8836221    -0.0542624    -0.0884503    -0.0658788    -0.0611625     0.0065079     0.2597686     0.2776684     0.0535153     0.0174262
 BELLESYS    -0.0259784      0.0842223     0.0256617     0.0759160     0.0136866     0.0171113    -0.0100575     0.0308076    -0.0167075    -0.0542624     0.9677291    -0.0483214    -0.0222266     0.0120505    -0.0127667     0.1197520     0.0351679     0.1445329     0.0122166
 BELLESYS     1.4502500      0.0619901     0.0476776     0.0394670     0.0329727    -0.0130772    -0.0304033    -0.0279078    -0.0092129    -0.0884503    -0.0483214     0.9553510     0.0207443     0.0325545     0.0114700     0.1090318     0.0290100     0.0237246    -0.1132876
 BELLESYS    -1.4185715      0.0527179     0.0695817     0.0436312    -0.0050899     0.0812035     0.0382792     0.0397152    -0.0134427    -0.0658788    -0.0222266     0.0207443     0.9425216    -0.0460760    -0.0164756     0.0888270     0.1491870     0.1635266     0.0104999
 BELLESYS    -1.2304120      0.0170213     0.0590013    -0.0124768    -0.0135485     0.0274040     0.0467989     0.0141304    -0.0058979    -0.0611625     0.0120505     0.0325545    -0.0460760     0.9745361    -0.0057834     0.0358015     0.1051857     0.0064102     0.0945981
 BELLESYS    -0.5190850      0.0151959    -0.0050423     0.0192101    -0.0052240     0.0117120     0.0059131     0.0225529    -0.0040507     0.0065079    -0.0127667     0.0114700    -0.0164756    -0.0057834     0.9953753     0.0145877     0.0052952     0.0538468     0.0432874
 M_PIMPIM     0.0889091      0.6115276     0.4868992     0.3237528     0.1564448    -0.0576129    -0.0304643    -0.0352238     0.0409447     0.2597686     0.1197520     0.1090318     0.0888270     0.0358015     0.0145877     0.0011017     0.4805528     0.3163584     0.0026850
 M_PIMKMP     0.0028659      0.2097456     0.6197787    -0.0346874    -0.0069871     0.2802343     0.2813924    -0.0128305     0.0295586     0.2776684     0.0351679     0.0290100     0.1491870     0.1051857     0.0052952     0.4805528     0.0000809     0.1365968     0.0722804
 M_PIMKMK     0.0014103      0.2642110    -0.0330328     0.3748998    -0.0052938     0.2580445    -0.0061963     0.2759490     0.0389106     0.0535153     0.1445329     0.0237246     0.1635266     0.0064102     0.0538468     0.3163584     0.1365968     0.0000310     0.0604084
 M_KMKMKP     0.0000214      0.0556069    -0.0117231    -0.0140206    -0.1246338    -0.0070816     0.1884688     0.2017295     0.0182484     0.0174262     0.0122166    -0.1132876     0.0104999     0.0945981     0.0432874     0.0026850     0.0722804     0.0604084     0.0000015
                          BABARSYST_00  BABARSYST_12  BABARSYST_13  BABARSYST_14  BABARSYST_23  BABARSYST_24  BABARSYST_34  BELLESYST_00  BELLESYST_12  BELLESYST_13  BELLESYST_14  BELLESYST_23  BELLESYST_24  BELLESYST_34 M_PIMPIMPIPNU  M_PIMKMPIPNU   M_PIMKMKPNU    M_KMKMKPNU
  
 --Averaged parameters, using stat+syst---
 --breakdown of errors: syst then stat-----
                          BABARSYST_00  BABARSYST_12  BABARSYST_13  BABARSYST_14  BABARSYST_23  BABARSYST_24  BABARSYST_34  BELLESYST_00  BELLESYST_12  BELLESYST_13  BELLESYST_14  BELLESYST_23  BELLESYST_24  BELLESYST_34 M_PIMPIMPIPNU  M_PIMKMPIPNU   M_PIMKMKPNU    M_KMKMKPNU
  
 SwB: SQ(IQUAN= 1,JQUAN= 1)=  1.69813068E-07 SSYS( 15)=  0.000412083811
 SwB: SQ(IQUAN= 1,JQUAN= 2)= -1.49301554E-10 SSYS( 16)= -0.00782427244
 SwB: SQ(IQUAN= 1,JQUAN= 3)=  6.65301273E-13 SSYS( 17)=  6.85675085E-05
 SwB: SQ(IQUAN= 1,JQUAN= 4)= -1.14406452E-13 SSYS( 18)= -0.000200981954
 SwB: SSYS(I= 1)=SAUX( 15, 1)*SAUX( 15, 15)=  0.000673714164
 IQUAN,SYSSUMTOT(IQUAN),SSYS(I)**2 =  1  4.53890775E-07  4.53890775E-07
 SwB: SSYS(I= 2)=SAUX( 15, 2)*SAUX( 15, 15)=  0.000536412293
 IQUAN,SYSSUMTOT(IQUAN),SSYS(I)**2 =  1  7.41628923E-07  2.87738148E-07
 SwB: SSYS(I= 3)=SAUX( 15, 3)*SAUX( 15, 15)=  0.000356675366
 IQUAN,SYSSUMTOT(IQUAN),SSYS(I)**2 =  1  8.68846239E-07  1.27217317E-07
 SwB: SSYS(I= 4)=SAUX( 15, 4)*SAUX( 15, 15)=  0.000172353781
 IQUAN,SYSSUMTOT(IQUAN),SSYS(I)**2 =  1  8.98552065E-07  2.97058259E-08
 SwB: SSYS(I= 5)=SAUX( 15, 5)*SAUX( 15, 15)= -6.34715353E-05
 IQUAN,SYSSUMTOT(IQUAN),SSYS(I)**2 =  1  9.02580701E-07  4.0286358E-09
 SwB: SSYS(I= 6)=SAUX( 15, 6)*SAUX( 15, 15)= -3.35622606E-05
 IQUAN,SYSSUMTOT(IQUAN),SSYS(I)**2 =  1  9.03707126E-07  1.12642534E-09
 SwB: SSYS(I= 7)=SAUX( 15, 7)*SAUX( 15, 15)= -3.88057235E-05
 IQUAN,SYSSUMTOT(IQUAN),SSYS(I)**2 =  1  9.05213011E-07  1.50588418E-09
 SwB: SSYS(I= 8)=SAUX( 15, 8)*SAUX( 15, 15)=  4.51084309E-05
 IQUAN,SYSSUMTOT(IQUAN),SSYS(I)**2 =  1  9.07247781E-07  2.03477054E-09
 SwB: SSYS(I= 9)=SAUX( 15, 9)*SAUX( 15, 15)=  0.000286184568
 IQUAN,SYSSUMTOT(IQUAN),SSYS(I)**2 =  1  9.89149388E-07  8.1901607E-08
 SwB: SSYS(I= 10)=SAUX( 15, 10)*SAUX( 15, 15)=  0.000131929621
 IQUAN,SYSSUMTOT(IQUAN),SSYS(I)**2 =  1  1.00655481E-06  1.74054249E-08
 SwB: SSYS(I= 11)=SAUX( 15, 11)*SAUX( 15, 15)=  0.000120119299
 IQUAN,SYSSUMTOT(IQUAN),SSYS(I)**2 =  1  1.02098346E-06  1.44286459E-08
 SwB: SSYS(I= 12)=SAUX( 15, 12)*SAUX( 15, 15)=  9.78598951E-05
 IQUAN,SYSSUMTOT(IQUAN),SSYS(I)**2 =  1  1.03056002E-06  9.57655906E-09
 SwB: SSYS(I= 13)=SAUX( 15, 13)*SAUX( 15, 15)=  3.94422069E-05
 IQUAN,SYSSUMTOT(IQUAN),SSYS(I)**2 =  1  1.03211571E-06  1.55568768E-09
 SwB: SSYS(I= 14)=SAUX( 15, 14)*SAUX( 15, 15)=  1.60711491E-05
 IQUAN,SYSSUMTOT(IQUAN),SSYS(I)**2 =  1  1.03237399E-06  2.58281835E-10
 SYSSUMTOT(IQUAN) = sqrt()=  0.00101605806
  
 M_PIMPIM     0.0889091      0.0006737     0.0005364     0.0003567     0.0001724    -0.0000635    -0.0000336    -0.0000388     0.0000451     0.0002862     0.0001319     0.0001201     0.0000979     0.0000394     0.0000161     0.0004121    -0.0078243     0.0000686    -0.0002010
  
 SwB: SQ(IQUAN= 2,JQUAN= 1)= -1.49301554E-10 SSYS( 15)= -0.00782427244
 SwB: SQ(IQUAN= 2,JQUAN= 2)=  2.14422137E-09 SSYS( 16)=  4.63057379E-05
 SwB: SQ(IQUAN= 2,JQUAN= 3)= -1.9583567E-11 SSYS( 17)= -0.0179614981
 SwB: SQ(IQUAN= 2,JQUAN= 4)=  8.99047174E-14 SSYS( 18)=  0.00140552887
 SwB: SSYS(I= 1)=SAUX( 16, 1)*SAUX( 16, 16)=  1.69736339E-05
 IQUAN,SYSSUMTOT(IQUAN),SSYS(I)**2 =  2  2.88104247E-10  2.88104247E-10
 SwB: SSYS(I= 2)=SAUX( 16, 2)*SAUX( 16, 16)=  5.01555118E-05
 IQUAN,SYSSUMTOT(IQUAN),SSYS(I)**2 =  2  2.80367961E-09  2.51557536E-09
 SwB: SSYS(I= 3)=SAUX( 16, 3)*SAUX( 16, 16)= -2.80707184E-06
 IQUAN,SYSSUMTOT(IQUAN),SSYS(I)**2 =  2  2.81155926E-09  7.87965232E-12
 SwB: SSYS(I= 4)=SAUX( 16, 4)*SAUX( 16, 16)= -5.65428522E-07
 IQUAN,SYSSUMTOT(IQUAN),SSYS(I)**2 =  2  2.81187897E-09  3.19709414E-13
 SwB: SSYS(I= 5)=SAUX( 16, 5)*SAUX( 16, 16)=  2.2677923E-05
 IQUAN,SYSSUMTOT(IQUAN),SSYS(I)**2 =  2  3.32616716E-09  5.1428819E-10
 SwB: SSYS(I= 6)=SAUX( 16, 6)*SAUX( 16, 16)=  2.27716491E-05
 IQUAN,SYSSUMTOT(IQUAN),SSYS(I)**2 =  2  3.84471517E-09  5.18548005E-10
 SwB: SSYS(I= 7)=SAUX( 16, 7)*SAUX( 16, 16)= -1.03830614E-06
 IQUAN,SYSSUMTOT(IQUAN),SSYS(I)**2 =  2  3.84579325E-09  1.07807963E-12
 SwB: SSYS(I= 8)=SAUX( 16, 8)*SAUX( 16, 16)=  2.39202565E-06
 IQUAN,SYSSUMTOT(IQUAN),SSYS(I)**2 =  2  3.85151503E-09  5.7217867E-12
 SwB: SSYS(I= 9)=SAUX( 16, 9)*SAUX( 16, 16)=  2.24702843E-05
 IQUAN,SYSSUMTOT(IQUAN),SSYS(I)**2 =  2  4.35642871E-09  5.04913676E-10
 SwB: SSYS(I= 10)=SAUX( 16, 10)*SAUX( 16, 16)=  2.84595656E-06
 IQUAN,SYSSUMTOT(IQUAN),SSYS(I)**2 =  2  4.36452818E-09  8.09946876E-12
 SwB: SSYS(I= 11)=SAUX( 16, 11)*SAUX( 16, 16)=  2.34762944E-06
 IQUAN,SYSSUMTOT(IQUAN),SSYS(I)**2 =  2  4.37003954E-09  5.51136398E-12
 SwB: SSYS(I= 12)=SAUX( 16, 12)*SAUX( 16, 16)=  1.20729369E-05
 IQUAN,SYSSUMTOT(IQUAN),SSYS(I)**2 =  2  4.51579535E-09  1.45755806E-10
 SwB: SSYS(I= 13)=SAUX( 16, 13)*SAUX( 16, 16)=  8.51214314E-06
 IQUAN,SYSSUMTOT(IQUAN),SSYS(I)**2 =  2  4.58825193E-09  7.24565808E-11
 SwB: SSYS(I= 14)=SAUX( 16, 14)*SAUX( 16, 16)=  4.28516563E-07
 IQUAN,SYSSUMTOT(IQUAN),SSYS(I)**2 =  2  4.58843556E-09  1.83626444E-13
 SYSSUMTOT(IQUAN) = sqrt()=  6.7737992E-05
  
 M_PIMKMP     0.0028659      0.0000170     0.0000502    -0.0000028    -0.0000006     0.0000227     0.0000228    -0.0000010     0.0000024     0.0000225     0.0000028     0.0000023     0.0000121     0.0000085     0.0000004    -0.0078243     0.0000463    -0.0179615     0.0014055
  
 SwB: SQ(IQUAN= 3,JQUAN= 1)=  6.65301273E-13 SSYS( 15)=  6.85675085E-05
 SwB: SQ(IQUAN= 3,JQUAN= 2)= -1.9583567E-11 SSYS( 16)= -0.0179614981
 SwB: SQ(IQUAN= 3,JQUAN= 3)=  5.54407202E-10 SSYS( 17)=  2.35458532E-05
 SwB: SQ(IQUAN= 3,JQUAN= 4)= -6.79236973E-13 SSYS( 18)= -0.0208832933
 SwB: SSYS(I= 1)=SAUX( 17, 1)*SAUX( 17, 17)=  8.19884594E-06
 IQUAN,SYSSUMTOT(IQUAN),SSYS(I)**2 =  3  6.72210747E-11  6.72210747E-11
 SwB: SSYS(I= 2)=SAUX( 17, 2)*SAUX( 17, 17)= -1.02505602E-06
 IQUAN,SYSSUMTOT(IQUAN),SSYS(I)**2 =  3  6.82718145E-11  1.05073985E-12
 SwB: SSYS(I= 3)=SAUX( 17, 3)*SAUX( 17, 17)=  1.1633676E-05
 IQUAN,SYSSUMTOT(IQUAN),SSYS(I)**2 =  3  2.03614231E-10  1.35342417E-10
 SwB: SSYS(I= 4)=SAUX( 17, 4)*SAUX( 17, 17)= -1.64274934E-07
 IQUAN,SYSSUMTOT(IQUAN),SSYS(I)**2 =  3  2.03641217E-10  2.69862538E-14
 SwB: SSYS(I= 5)=SAUX( 17, 5)*SAUX( 17, 17)=  8.00748952E-06
 IQUAN,SYSSUMTOT(IQUAN),SSYS(I)**2 =  3  2.67761106E-10  6.41198884E-11
 SwB: SSYS(I= 6)=SAUX( 17, 6)*SAUX( 17, 17)= -1.92280752E-07
 IQUAN,SYSSUMTOT(IQUAN),SSYS(I)**2 =  3  2.67798078E-10  3.69718877E-14
 SwB: SSYS(I= 7)=SAUX( 17, 7)*SAUX( 17, 17)=  8.56309251E-06
 IQUAN,SYSSUMTOT(IQUAN),SSYS(I)**2 =  3  3.41124631E-10  7.33265533E-11
 SwB: SSYS(I= 8)=SAUX( 17, 8)*SAUX( 17, 17)=  1.20745294E-06
 IQUAN,SYSSUMTOT(IQUAN),SSYS(I)**2 =  3  3.42582574E-10  1.45794261E-12
 SwB: SSYS(I= 9)=SAUX( 17, 9)*SAUX( 17, 17)=  1.66065531E-06
 IQUAN,SYSSUMTOT(IQUAN),SSYS(I)**2 =  3  3.4534035E-10  2.75777606E-12
 SwB: SSYS(I= 10)=SAUX( 17, 10)*SAUX( 17, 17)=  4.48506325E-06
 IQUAN,SYSSUMTOT(IQUAN),SSYS(I)**2 =  3  3.65456142E-10  2.01157924E-11
 SwB: SSYS(I= 11)=SAUX( 17, 11)*SAUX( 17, 17)=  7.36208326E-07
 IQUAN,SYSSUMTOT(IQUAN),SSYS(I)**2 =  3  3.65998145E-10  5.420027E-13
 SwB: SSYS(I= 12)=SAUX( 17, 12)*SAUX( 17, 17)=  5.07446577E-06
 IQUAN,SYSSUMTOT(IQUAN),SSYS(I)**2 =  3  3.91748347E-10  2.57502028E-11
 SwB: SSYS(I= 13)=SAUX( 17, 13)*SAUX( 17, 17)=  1.98917179E-07
 IQUAN,SYSSUMTOT(IQUAN),SSYS(I)**2 =  3  3.91787916E-10  3.95680439E-14
 SwB: SSYS(I= 14)=SAUX( 17, 14)*SAUX( 17, 17)=  1.6709417E-06
 IQUAN,SYSSUMTOT(IQUAN),SSYS(I)**2 =  3  3.94579962E-10  2.79204615E-12
 SYSSUMTOT(IQUAN) = sqrt()=  1.98640369E-05
  
 M_PIMKMK     0.0014103      0.0000082    -0.0000010     0.0000116    -0.0000002     0.0000080    -0.0000002     0.0000086     0.0000012     0.0000017     0.0000045     0.0000007     0.0000051     0.0000002     0.0000017     0.0000686    -0.0179615     0.0000235    -0.0208833
  
 SwB: SQ(IQUAN= 4,JQUAN= 1)= -1.14406452E-13 SSYS( 15)= -0.000200981954
 SwB: SQ(IQUAN= 4,JQUAN= 2)=  8.99047174E-14 SSYS( 16)=  0.00140552887
 SwB: SQ(IQUAN= 4,JQUAN= 3)= -6.79236973E-13 SSYS( 17)= -0.0208832933
 SwB: SQ(IQUAN= 4,JQUAN= 4)=  1.90816444E-12 SSYS( 18)=  1.38136325E-06
 SwB: SSYS(I= 1)=SAUX( 18, 1)*SAUX( 18, 18)=  8.17511688E-08
 IQUAN,SYSSUMTOT(IQUAN),SSYS(I)**2 =  4  6.68325361E-15  6.68325361E-15
 SwB: SSYS(I= 2)=SAUX( 18, 2)*SAUX( 18, 18)= -1.7234818E-08
 IQUAN,SYSSUMTOT(IQUAN),SSYS(I)**2 =  4  6.98029256E-15  2.97038953E-16
 SwB: SSYS(I= 3)=SAUX( 18, 3)*SAUX( 18, 18)= -2.06126221E-08
 IQUAN,SYSSUMTOT(IQUAN),SSYS(I)**2 =  4  7.40517275E-15  4.24880191E-16
 SwB: SSYS(I= 4)=SAUX( 18, 4)*SAUX( 18, 18)= -1.83231879E-07
 IQUAN,SYSSUMTOT(IQUAN),SSYS(I)**2 =  4  4.09790942E-14  3.35739214E-14
 SwB: SSYS(I= 5)=SAUX( 18, 5)*SAUX( 18, 18)= -1.04110663E-08
 IQUAN,SYSSUMTOT(IQUAN),SSYS(I)**2 =  4  4.10874845E-14  1.08390302E-16
 SwB: SSYS(I= 6)=SAUX( 18, 6)*SAUX( 18, 18)=  2.77079687E-07
 IQUAN,SYSSUMTOT(IQUAN),SSYS(I)**2 =  4  1.17860637E-13  7.67731527E-14
 SwB: SSYS(I= 7)=SAUX( 18, 7)*SAUX( 18, 18)=  2.96574999E-07
 IQUAN,SYSSUMTOT(IQUAN),SSYS(I)**2 =  4  2.05817367E-13  8.79567298E-14
 SwB: SSYS(I= 8)=SAUX( 18, 8)*SAUX( 18, 18)=  2.68280923E-08
 IQUAN,SYSSUMTOT(IQUAN),SSYS(I)**2 =  4  2.06537114E-13  7.19746538E-16
 SwB: SSYS(I= 9)=SAUX( 18, 9)*SAUX( 18, 18)=  2.56192981E-08
 IQUAN,SYSSUMTOT(IQUAN),SSYS(I)**2 =  4  2.07193462E-13  6.56348434E-16
 SwB: SSYS(I= 10)=SAUX( 18, 10)*SAUX( 18, 18)=  1.79603253E-08
 IQUAN,SYSSUMTOT(IQUAN),SSYS(I)**2 =  4  2.07516035E-13  3.22573286E-16
 SwB: SSYS(I= 11)=SAUX( 18, 11)*SAUX( 18, 18)= -1.66551183E-07
 IQUAN,SYSSUMTOT(IQUAN),SSYS(I)**2 =  4  2.35255332E-13  2.77392965E-14
 SwB: SSYS(I= 12)=SAUX( 18, 12)*SAUX( 18, 18)=  1.54364961E-08
 IQUAN,SYSSUMTOT(IQUAN),SSYS(I)**2 =  4  2.35493617E-13  2.38285413E-16
 SwB: SSYS(I= 13)=SAUX( 18, 13)*SAUX( 18, 18)=  1.39074569E-07
 IQUAN,SYSSUMTOT(IQUAN),SSYS(I)**2 =  4  2.54835353E-13  1.93417357E-14
 SwB: SSYS(I= 14)=SAUX( 18, 14)*SAUX( 18, 18)=  6.36394587E-08
 IQUAN,SYSSUMTOT(IQUAN),SSYS(I)**2 =  4  2.58885334E-13  4.04998071E-15
 SYSSUMTOT(IQUAN) = sqrt()=  5.08807757E-07
  
 M_KMKMKP     0.0000214      0.0000001     0.0000000     0.0000000    -0.0000002     0.0000000     0.0000003     0.0000003     0.0000000     0.0000000     0.0000000    -0.0000002     0.0000000     0.0000001     0.0000001    -0.0002010     0.0014055    -0.0208833     0.0000014
                          BABARSYST_00  BABARSYST_12  BABARSYST_13  BABARSYST_14  BABARSYST_23  BABARSYST_24  BABARSYST_34  BELLESYST_00  BELLESYST_12  BELLESYST_13  BELLESYST_14  BELLESYST_23  BELLESYST_24  BELLESYST_34 M_PIMPIMPIPNU  M_PIMKMPIPNU   M_PIMKMKPNU    M_KMKMKPNU
  
        M_PIMPIMPIPNU      0.0889091 +-      0.0004121 +-      0.0010217 Tot Err:     0.0011017 Check Sys:     0.0010161
         M_PIMKMPIPNU      0.0028659 +-      0.0000463 +-      0.0000664 Tot Err:     0.0000809 Check Sys:     0.0000677
          M_PIMKMKPNU      0.0014103 +-      0.0000235 +-      0.0000202 Tot Err:     0.0000310 Check Sys:     0.0000199
           M_KMKMKPNU      0.0000214 +-      0.0000014 +-      0.0000005 Tot Err:     0.0000015 Check Sys:     0.0000005
 Correlation between M_PIMPIMPIPNU and M_PIMKMPIPNU =      0.4805528
 Correlation between M_PIMPIMPIPNU and M_PIMKMKPNU =      0.3163584
 Correlation between M_PIMPIMPIPNU and M_KMKMKPNU =      0.0026850
 Correlation between M_PIMKMPIPNU and M_PIMKMKPNU =      0.1365968
 Correlation between M_PIMKMPIPNU and M_KMKMKPNU =      0.0722804
 Correlation between M_PIMKMKPNU and M_KMKMKPNU =      0.0604084
  
 WARNING at (or before) word   1 of line  23 in file average.input 
         concerning combined analysis BABAR+BELLE+PDG ALL_METHODS:
         "PRINT_QUAN cannot handle more than 2 quantities"
         ---> PRINT_QUAN will do nothing


 Total number of WARNING messages generated by COMBOS:     16
