../../../combos/combos average.input  
 COMBOS version  3.33 (Jan 21, 2010) run on  on 19/03/10 at 18.42.22


 ==============================================================================

 M_KMKSTARZNU combination: combined analysis BELLE+PDG ALL_METHODS
 -------------------------

 List of  3 analyses to combine:

 Analysis  Experiment      Method          Quality         Measurement     Steps
       1>  BELLE           COUNT           PRELIMINARY     M_KMKSTARZNU           1
       2>  ALEPH           COUNT           PUB             M_KMKSTARZNU           1
       3>  ARGUS           COUNT           PUB             M_KMKSTARZNU           1
 Combined  BELLE+PDG       ALL_METHODS                     M_KMKSTARZNU           1

 CORrelated and UNCorrelated systematic uncertainties:

                    Analysis number
 Uncertainty           1   2   3
 BELLEOTHER          UNC
 ALEPHOTHER              UNC
 ARGUSOTHER                  UNC

 "Extra" parameters:
 SIGMATAUPMY4S   0.9190E+00 +.3000E-02 -.3000E-02 0.3000E-02
 PIMPIZNU        0.2540E+00 +.9643E-03 -.9643E-03 0.9643E-03
 KMKZSNU         0.7900E-03 +.8500E-04 -.8500E-04 0.8500E-04
 PIMPIZKZSNU     0.1725E-02 +.7500E-04 -.7500E-04 0.7500E-04
 KMPIZKZSNU      0.7200E-03 +.1150E-03 -.1150E-03 0.1150E-03
 PIMKZSKZSNU     0.2400E-03 +.5000E-04 -.5000E-04 0.5000E-04
 PIMPIMPIPNU     0.8951E-01 +.7026E-03 -.7026E-03 0.7026E-03
 PIMPIMPIPPIZNU  0.4550E-01 +.1300E-02 -.1300E-02 0.1300E-02
 PIMKMPIPNU      0.2925E-02 +.7090E-04 -.7090E-04 0.7090E-04
 PIMKMKPNU       0.1430E-02 +.2790E-04 -.2790E-04 0.2790E-04
 PIMKZSKZLNU     0.9300E-03 +.1100E-03 -.1100E-03 0.1100E-03

 Results of combination:

 CHI2_SYM: CHI2, NMEFF, CHI2/NDOF =   2.17740944 3  1.08870472

 ===============================================================================
 Dump of master.inc:

 CHROUT = DUMP_MASTER_INC 
 CHCOMB = BELLE+PDG ALL_METHODS
 CHMEAS = M_KMKSTARZNU    
 CHSTEP =                 
  ISTEP =        1
  VSTEP = 0.0000E+00
  LUNIT =        6
  NMEAS =        3
  NQUAN =        1
  NMEFF =        3
  NCSYS =        0
  NPARA =       11
 CHANAL = BELLE COUNT PRELIMINARY
          ALEPH COUNT PUB
          ARGUS COUNT PUB

   MEAS = 0.1560000E-02  0.2130000E-02  0.2000000E-02

   QUAN               1              1              1

  STATP = 0.2000000E-04  0.4800000E-03  0.5000000E-03

  STATN = 0.2000000E-04  0.4800000E-03  0.5000000E-03

  STAT  = 0.2000000E-04  0.4800000E-03  0.5000000E-03

  USYSP = 0.9000000E-04  0.0000000E+00  0.4000000E-03

  USYSN = 0.9000000E-04  0.0000000E+00  0.4000000E-03

  USYS  = 0.9000000E-04  0.0000000E+00  0.4000000E-03

STACOR
      1 | 0.1000000E+01  0.0000000E+00  0.0000000E+00
      2 | 0.0000000E+00  0.1000000E+01  0.0000000E+00
      3 | 0.0000000E+00  0.0000000E+00  0.1000000E+01

CSYSP

CSYSN

CSYS

CSYS percentage error

 CHPARA                  PARA     EXCUP     EXCUN      EXCU

 SIGMATAUPMY4S     0.9190E+00 0.3000E-02 0.3000E-02 0.3000E-02
 PIMPIZNU          0.2540E+00 0.9643E-03 0.9643E-03 0.9643E-03
 KMKZSNU           0.7900E-03 0.8500E-04 0.8500E-04 0.8500E-04
 PIMPIZKZSNU       0.1725E-02 0.7500E-04 0.7500E-04 0.7500E-04
 KMPIZKZSNU        0.7200E-03 0.1150E-03 0.1150E-03 0.1150E-03
 PIMKZSKZSNU       0.2400E-03 0.5000E-04 0.5000E-04 0.5000E-04
 PIMPIMPIPNU       0.8951E-01 0.7026E-03 0.7026E-03 0.7026E-03
 PIMPIMPIPPIZNU    0.4550E-01 0.1300E-02 0.1300E-02 0.1300E-02
 PIMKMPIPNU        0.2925E-02 0.7090E-04 0.7090E-04 0.7090E-04
 PIMKMKPNU         0.1430E-02 0.2790E-04 0.2790E-04 0.2790E-04
 PIMKZSKZLNU       0.9300E-03 0.1100E-03 0.1100E-03 0.1100E-03
  
 Corrected measurements:
 BELLE COUNT PRELIM 0.1560000E-02 +/-  0.2000000E-04 +/-  0.9000000E-04 Tot:  0.9219545E-04
 ALEPH COUNT PUB    0.2130000E-02 +/-  0.4800000E-03 +/-  0.0000000E+00 Tot:  0.4800000E-03
 ARGUS COUNT PUB    0.2000000E-02 +/-  0.5000000E-03 +/-  0.4000000E-03 Tot:  0.6403124E-03
  

SYSCOR
      1 | 0.0000000E+00  0.0000000E+00  0.0000000E+00
      2 | 0.0000000E+00  0.0000000E+00  0.0000000E+00
      3 | 0.0000000E+00  0.0000000E+00  0.0000000E+00

TOTCOR
      1 | 0.0000000E+00  0.0000000E+00  0.0000000E+00
      2 | 0.0000000E+00  0.0000000E+00  0.0000000E+00
      3 | 0.0000000E+00  0.0000000E+00  0.0000000E+00
 CHI2_SYM: CHI2, NMEFF, CHI2/NDOF =   1.78123015 3  0.890615077
 CHI2_SYM        :    M_KMKSTARZNU=0.15885E-02  +- 0.89649E-04         CL =  0.4104
                   stat. only -->  0.15617E-02  +- 0.19967E-04         CL =  0.3367
                   syst. only -->               +- 0.87397E-04                     


