../../../combos/combos average.input  
 COMBOS version  3.33 (Jan 21, 2010) run on  on 14/02/10 at 14.25.16


 ==============================================================================

 M_PIMPIMPIPNU combination: combined analysis BABAR+BELLE+PDG ALL_METHODS
 --------------------------

 List of  3 analyses to combine:

 Analysis  Experiment      Method          Quality         Measurement     Steps
       1>  BABAR           PIMPIMPIPNU     PUBLISHED       M_PIMPIMPIPNU          1
       2>  BELLE           PIMPIMPIPNU     PUBLISHED       M_PIMPIMPIPNU          1
       3>  CLEO3           PIMPIMPIPNU     PUBLISHED       M_PIMPIMPIPNU          1
 Combined  BABAR+BELLE+PDG ALL_METHODS                     M_PIMPIMPIPNU          1

 CORrelated and UNCorrelated systematic uncertainties:

                    Analysis number
 Uncertainty           1   2   3
 BABAROTHER          UNC
 BELLEOTHER              UNC
 CLEO3OTHER                  UNC

 "Extra" parameters:
 SIGMATAUPMY4S       0.9190   +0.0030   -0.0030    0.0030
 PIMPIZKZSNU         0.0018   +0.0002   -0.0002    0.0002
 PIMKZSKZLNU         0.0009   +0.0001   -0.0001    0.0001
 KMKZSNU             0.0008   +0.0001   -0.0001    0.0001
 PIMKMKPNU           0.0014   +0.0001   -0.0001    0.0001

 Results of combination:

 CHI2_SYM: CHI2, NMEFF, CHI2/NDOF =   940.507885 3  470.253943

 ===============================================================================
 Dump of master.inc:

 CHROUT = DUMP_MASTER_INC 
 CHCOMB = BABAR+BELLE+PDG ALL_METHODS
 CHMEAS = M_PIMPIMPIPNU   
 CHSTEP =                 
  ISTEP =        1
  VSTEP =     0.0000
  LUNIT =        6
  NMEAS =        3
  NQUAN =        1
  NMEFF =        3
  NCSYS =        0
  NPARA =        5
 CHANAL = BABAR PIMPIMPIPNU PUBLISHED
          BELLE PIMPIMPIPNU PUBLISHED
          CLEO3 PIMPIMPIPNU PUBLISHED

   MEAS =     0.0883000     0.0842000     0.0913000

   QUAN =       1       1       1

  STATP =     0.0001000     0.0001000     0.0005000

  STATN =     0.0001000     0.0001000     0.0005000

  STAT  =     0.0001000     0.0001000     0.0005000

  USYSP =     0.0013000     0.0025500     0.0046000

  USYSN =     0.0013000     0.0025500     0.0046000

  USYS  =     0.0013000     0.0025500     0.0046000

STACOR
      1 |     1.0000000     0.0000000     0.0000000
      2 |     0.0000000     1.0000000     0.0000000
      3 |     0.0000000     0.0000000     1.0000000

CSYSP

CSYSN

CSYS

CSYS percentage error

 CHPARA                  PARA     EXCUP     EXCUN      EXCU

 SIGMATAUPMY4S         0.9190    0.0030    0.0030    0.0030
 PIMPIZKZSNU           0.0018    0.0002    0.0002    0.0002
 PIMKZSKZLNU           0.0009    0.0001    0.0001    0.0001
 KMKZSNU               0.0008    0.0001    0.0001    0.0001
 PIMKMKPNU             0.0014    0.0001    0.0001    0.0001
  
 Corrected measurements:
 BABAR PIMPIMPIPNU      0.0883000+/-     0.0001000+/-     0.0013000 Tot Err:     0.0013038
 BELLE PIMPIMPIPNU      0.0842000+/-     0.0001000+/-     0.0025500 Tot Err:     0.0025520
 CLEO3 PIMPIMPIPNU      0.0913000+/-     0.0005000+/-     0.0046000 Tot Err:     0.0046271
  

SYSCOR
      1 |     0.0000000     0.0000000     0.0000000
      2 |     0.0000000     0.0000000     0.0000000
      3 |     0.0000000     0.0000000     0.0000000

TOTCOR
      1 |     0.0000000     0.0000000     0.0000000
      2 |     0.0000000     0.0000000     0.0000000
      3 |     0.0000000     0.0000000     0.0000000
 CHI2_SYM: CHI2, NMEFF, CHI2/NDOF =   2.69774518 3  1.34887259
 CHI2_SYM        :   M_PIMPIMPIPNU=    0.08768  +-     0.00113         CL =  0.2595
                   stat. only -->      0.08635  +-     0.00007         CL =  0.0000
                   syst. only -->               +-     0.00112                     


