../../../combos/combos average.input  
 COMBOS version  3.33 (Jan 21, 2010) run on  on 19/03/10 at 16.24.20

 WARNING at (or before) word   5 of line  13 in file mmnumbarnu.input 
         concerning analysis ALEPH MMNUMBARNU PUBLISHED:
         "Negative correlation coefficient specified for ALEPH PIMNU PUBLISHED"
         ---> probably OK if 2D fit is done
 WARNING at (or before) word   5 of line  14 in file mmnumbarnu.input 
         concerning analysis ALEPH MMNUMBARNU PUBLISHED:
         "Negative correlation coefficient specified for ALEPH PIMPIZNU PUBLISHED"
         ---> probably OK if 2D fit is done
 WARNING at (or before) word   5 of line  13 in file pimnu.input 
         concerning analysis ALEPH PIMNU PUBLISHED:
         "Negative correlation coefficient specified for ALEPH MMNUMBARNU PUBLISHED"
         ---> probably OK if 2D fit is done
 WARNING at (or before) word   5 of line   5 in file hmnu.input 
         concerning analysis DELPHI HMNU PUBLISHED:
         "Negative correlation coefficient specified for DELPHI HMPIZNU PUBLISHED"
         ---> probably OK if 2D fit is done
 WARNING at (or before) word   5 of line   5 in file pimpiznu.input 
         concerning analysis ALEPH PIMPIZNU PUBLISHED:
         "Negative correlation coefficient specified for ALEPH MMNUMBARNU PUBLISHED"
         ---> probably OK if 2D fit is done
 WARNING at (or before) word   5 of line  11 in file hmpiznu.input 
         concerning analysis DELPHI HMPIZNU PUBLISHED:
         "Negative correlation coefficient specified for DELPHI HMNU PUBLISHED"
         ---> probably OK if 2D fit is done
 WARNING at (or before) word   1 of line  49 in file average.input 
         concerning combined analysis BABAR+BELLE+PDG ALL_METHODS:
         "More than two quantities to be fitted"
         ---> it should work but are you sure it is what you want to do?

 ==============================================================================

 M_MMNUMBARNU M_P combination: combined analysis BABAR+BELLE+PDG ALL_METHODS
 -----------------------------

 List of 27 analyses to combine:

 Analysis  Experiment      Method          Quality         Measurement     Steps
       1>  BABAR           MMNUMBARNU      SUBMITTED       M_MMNUMBARNU           1
       2>  ALEPH           MMNUMBARNU      PUBLISHED       M_MMNUMBARNU           1
       3>  OPAL            MMNUMBARNU      PUBLISHED       M_MMNUMBARNU           1
       4>  L3              MMNUMBARNU      PUBLISHED       M_MMNUMBARNU           1
       5>  DELPHI          MMNUMBARNU      PUBLISHED       M_MMNUMBARNU           1
       6>  CLEO            MMNUMBARNU      PUBLISHED       M_MMNUMBARNU           1
       7>  BABAR           PIMNU           SUBMITTED       M_PIMNU                1
       8>  ALEPH           PIMNU           PUBLISHED       M_PIMNU                1
       9>  BABAR           KMNU            SUBMITTED       M_KMNU                 1
      10>  OPAL            KMNU            PUBLISHED       M_KMNU                 1
      11>  ALEPH           KMNU            PUBLISHED       M_KMNU                 1
      12>  DELPHI          KMNU            PUBLISHED       M_KMNU                 1
      13>  CLEO            KMNU            PUBLISHED       M_KMNU                 1
      14>  DELPHI          HMNU            PUBLISHED       M_PIMNU                1
      15>  OPAL            HMNU            PUBLISHED       M_PIMNU                1
      16>  CLEO            HMNU            PUBLISHED       M_PIMNU                1
      17>  ALEPH           PIMPIZNU        PUBLISHED       M_PIMPIZNU             1
      18>  CLEO            PIMPIZNU        PUBLISHED       M_PIMPIZNU             1
      19>  BABAR           KMPIZNU         PUBLISHED       M_KMPIZNU              1
      20>  OPAL            KMPIZNU         PUBLISHED       M_KMPIZNU              1
      21>  ALEPH           KMPIZNU         PUBLISHED       M_KMPIZNU              1
      22>  CLEO            KMPIZNU         PUBLISHED       M_KMPIZNU              1
      23>  BELLE           HMPIZNU         PUBLISHED       M_PIMPIZNU             1
      24>  DELPHI          HMPIZNU         PUBLISHED       M_PIMPIZNU             1
      25>  OPAL            HMPIZNU         PUBLISHED       M_PIMPIZNU             1
      26>  L3              HMPIZNU         PUBLISHED       M_PIMPIZNU             1
      27>  CLEO            HMPIZNU         PUBLISHED       M_PIMPIZNU             1
 Combined  BABAR+BELLE+PDG ALL_METHODS                     M_MMNUMBARNU M_P       1

 Statistical correlations:

 Analysis number             1          2          6          7          8          9         14         16         17         24
               1    0.1000E+01 0.0000E+00 0.0000E+00 0.3400E+00 0.0000E+00 0.2000E+00 0.0000E+00 0.0000E+00 0.0000E+00 0.0000E+00
               2    0.0000E+00 0.1000E+01 0.0000E+00 0.0000E+00 -.6000E-01 0.0000E+00 0.0000E+00 0.0000E+00 -.1200E+00 0.0000E+00
               6    0.0000E+00 0.0000E+00 0.1000E+01 0.0000E+00 0.0000E+00 0.0000E+00 0.0000E+00 0.5000E+00 0.0000E+00 0.0000E+00
               7    0.3400E+00 0.0000E+00 0.0000E+00 0.1000E+01 0.0000E+00 0.3600E+00 0.0000E+00 0.0000E+00 0.0000E+00 0.0000E+00
               8    0.0000E+00 -.6000E-01 0.0000E+00 0.0000E+00 0.1000E+01 0.0000E+00 0.0000E+00 0.0000E+00 0.2000E-01 0.0000E+00
               9    0.2000E+00 0.0000E+00 0.0000E+00 0.3600E+00 0.0000E+00 0.1000E+01 0.0000E+00 0.0000E+00 0.0000E+00 0.0000E+00
              14    0.0000E+00 0.0000E+00 0.0000E+00 0.0000E+00 0.0000E+00 0.0000E+00 0.1000E+01 0.0000E+00 0.0000E+00 -.3400E+00
              16    0.0000E+00 0.0000E+00 0.5000E+00 0.0000E+00 0.0000E+00 0.0000E+00 0.0000E+00 0.1000E+01 0.0000E+00 0.0000E+00
              17    0.0000E+00 -.1200E+00 0.0000E+00 0.0000E+00 0.2000E-01 0.0000E+00 0.0000E+00 0.0000E+00 0.1000E+01 0.0000E+00
              24    0.0000E+00 0.0000E+00 0.0000E+00 0.0000E+00 0.0000E+00 0.0000E+00 -.3400E+00 0.0000E+00 0.0000E+00 0.1000E+01

 CORrelated and UNCorrelated systematic uncertainties:

                    Analysis number
 Uncertainty           1   2   3   4   5   6   7   8   9  10  11  12  13  14  15  16  17  18  19  20  21  22  23  24  25  26  27

 "Extra" parameters:
 SIGMATAUPMY4S   0.9190E+00 +.3000E-02 -.3000E-02 0.3000E-02
 PIMPIZNU        0.2546E+00 +.1200E-02 -.1200E-02 0.1200E-02
 KMKZSNU         0.7900E-03 +.8500E-04 -.8500E-04 0.8500E-04
 PIMPIZKZSNU     0.1800E-02 +.2000E-03 -.2000E-03 0.2000E-03
 KMPIZKZSNU      0.7200E-03 +.1150E-03 -.1150E-03 0.1150E-03
 PIMKZSKZSNU     0.2400E-03 +.5000E-04 -.5000E-04 0.5000E-04
 PIMPIMPIPNU     0.8850E-01 +.1300E-02 -.1300E-02 0.1300E-02
 PIMPIMPIPPIZNU  0.4550E-01 +.1300E-02 -.1300E-02 0.1300E-02
 PIMKMPIPNU      0.2800E-02 +.1900E-03 -.1900E-03 0.1900E-03
 PIMKMKPNU       0.1370E-02 +.6000E-04 -.6000E-04 0.6000E-04
 PIMKZSKZLNU     0.9300E-03 +.1100E-03 -.1100E-03 0.1100E-03
 CHI2_N_SYM_PRT  -.1000E+01 +.0000E+00 +.0000E+00 0.0000E+00
 CHI2_N_SYM_NSUM 0.8000E+01 +.0000E+00 +.0000E+00 0.0000E+00
 CHI2_N_SYM_01   0.1400E+02 +.2300E+02 -.2300E+02 0.2300E+02
 CHI2_N_SYM_02   0.1500E+02 +.2300E+02 -.2300E+02 0.2300E+02
 CHI2_N_SYM_03   0.1600E+02 +.2300E+02 -.2300E+02 0.2300E+02
 CHI2_N_SYM_04   0.2300E+02 +.4500E+02 -.4500E+02 0.4500E+02
 CHI2_N_SYM_05   0.2400E+02 +.4500E+02 -.4500E+02 0.4500E+02
 CHI2_N_SYM_06   0.2500E+02 +.4500E+02 -.4500E+02 0.4500E+02
 CHI2_N_SYM_07   0.2600E+02 +.4500E+02 -.4500E+02 0.4500E+02
 CHI2_N_SYM_08   0.2700E+02 +.4500E+02 -.4500E+02 0.4500E+02

 Results of combination:

 IMEAS,CSYS =  -1.  0.  0.  0.  0.
 IMEAS,CSYS =  -1.  0.  0.  0.  0.
 IMEAS,CSYS =  -1.  0.  0.  0.  0.
 IMEAS,CSYS =  -1.  0.  0.  0.  0.
 IMEAS,CSYS =  -1.  0.  0.  0.  0.
 IMEAS,CSYS =  -1.  0.  0.  0.  0.
 IMEAS,CSYS =   0. -1.  0.  0.  0.
 IMEAS,CSYS =   0. -1.  0.  0.  0.
 IMEAS,CSYS =   0.  0. -1.  0.  0.
 IMEAS,CSYS =   0.  0. -1.  0.  0.
 IMEAS,CSYS =   0.  0. -1.  0.  0.
 IMEAS,CSYS =   0.  0. -1.  0.  0.
 IMEAS,CSYS =   0.  0. -1.  0.  0.
 IMEAS,CSYS =   0. -1. -1.  0.  0.
 IMEAS,CSYS =   0. -1. -1.  0.  0.
 IMEAS,CSYS =   0. -1. -1.  0.  0.
 IMEAS,CSYS =   0.  0.  0. -1.  0.
 IMEAS,CSYS =   0.  0.  0. -1.  0.
 IMEAS,CSYS =   0.  0.  0.  0. -1.
 IMEAS,CSYS =   0.  0.  0.  0. -1.
 IMEAS,CSYS =   0.  0.  0.  0. -1.
 IMEAS,CSYS =   0.  0.  0.  0. -1.
 IMEAS,CSYS =   0.  0.  0. -1. -1.
 IMEAS,CSYS =   0.  0.  0. -1. -1.
 IMEAS,CSYS =   0.  0.  0. -1. -1.
 IMEAS,CSYS =   0.  0.  0. -1. -1.
 IMEAS,CSYS =   0.  0.  0. -1. -1.
 CHI2_N_SYM: CHI2, NMEFF, NQUAN, CHI2/NDOF  =   18.3823904 27 5  0.835563202
  
  DUMP FIT RESULTS: diag=toterror off-diag=corr. coeff=corr_sys/toterror
                          M_MMNUMBARNU       M_PIMNU        M_KMNU    M_PIMPIZNU     M_KMPIZNU
 M_MMNUMB     0.1738021      0.0004218     0.1325093     0.0628596    -0.0558582     0.0023543
 M_PIMNU      0.1078783      0.1325093     0.0005561     0.0846088    -0.0524389    -0.0050039
 M_KMNU       0.0069694      0.0628596     0.0846088     0.0000975    -0.0157417    -0.0011359
 M_PIMPIZ     0.2540216     -0.0558582    -0.0524389    -0.0157417     0.0009643    -0.0627588
 M_KMPIZN     0.0042552      0.0023543    -0.0050039    -0.0011359    -0.0627588     0.0001553
                          M_MMNUMBARNU       M_PIMNU        M_KMNU    M_PIMPIZNU     M_KMPIZNU
  
 --Averaged parameters, using only stat---
 --breakdown of errors: syst then stat-----
                          M_MMNUMBARNU       M_PIMNU        M_KMNU    M_PIMPIZNU     M_KMPIZNU
 M_MMNUMB     0.1738021      0.0004218     0.1325093     0.0628596    -0.0558582     0.0023543
 M_PIMNU      0.1078783      0.1325093     0.0005561     0.0846088    -0.0524389    -0.0050039
 M_KMNU       0.0069694      0.0628596     0.0846088     0.0000975    -0.0157417    -0.0011359
 M_PIMPIZ     0.2540216     -0.0558582    -0.0524389    -0.0157417     0.0009643    -0.0627588
 M_KMPIZN     0.0042552      0.0023543    -0.0050039    -0.0011359    -0.0627588     0.0001553
                          M_MMNUMBARNU       M_PIMNU        M_KMNU    M_PIMPIZNU     M_KMPIZNU
  
         M_MMNUMBARNU      0.1738021 +-      0.0004218 +-      0.0000000 Tot Err:     0.0004218 Check Sys:     0.0000000
              M_PIMNU      0.1078783 +-      0.0005561 +-      0.0000000 Tot Err:     0.0005561 Check Sys:     0.0000000
               M_KMNU      0.0069694 +-      0.0000975 +-      0.0000000 Tot Err:     0.0000975 Check Sys:     0.0000000
           M_PIMPIZNU      0.2540216 +-      0.0009643 +-      0.0000000 Tot Err:     0.0009643 Check Sys:     0.0000000
            M_KMPIZNU      0.0042552 +-      0.0001553 +-      0.0000000 Tot Err:     0.0001553 Check Sys:     0.0000000
 Correlation between M_MMNUMBARNU and M_PIMNU =      0.1325093
 Correlation between M_MMNUMBARNU and M_KMNU =      0.0628596
 Correlation between M_MMNUMBARNU and M_PIMPIZNU =     -0.0558582
 Correlation between M_MMNUMBARNU and M_KMPIZNU =      0.0023543
 Correlation between M_PIMNU and M_KMNU =      0.0846088
 Correlation between M_PIMNU and M_PIMPIZNU =     -0.0524389
 Correlation between M_PIMNU and M_KMPIZNU =     -0.0050039
 Correlation between M_KMNU and M_PIMPIZNU =     -0.0157417
 Correlation between M_KMNU and M_KMPIZNU =     -0.0011359
 Correlation between M_PIMPIZNU and M_KMPIZNU =     -0.0627588
  
 IMEAS,CSYS =  -1.  0.  0.  0.  0.
 IMEAS,CSYS =  -1.  0.  0.  0.  0.
 IMEAS,CSYS =  -1.  0.  0.  0.  0.
 IMEAS,CSYS =  -1.  0.  0.  0.  0.
 IMEAS,CSYS =  -1.  0.  0.  0.  0.
 IMEAS,CSYS =  -1.  0.  0.  0.  0.
 IMEAS,CSYS =   0. -1.  0.  0.  0.
 IMEAS,CSYS =   0. -1.  0.  0.  0.
 IMEAS,CSYS =   0.  0. -1.  0.  0.
 IMEAS,CSYS =   0.  0. -1.  0.  0.
 IMEAS,CSYS =   0.  0. -1.  0.  0.
 IMEAS,CSYS =   0.  0. -1.  0.  0.
 IMEAS,CSYS =   0.  0. -1.  0.  0.
 IMEAS,CSYS =   0. -1. -1.  0.  0.
 IMEAS,CSYS =   0. -1. -1.  0.  0.
 IMEAS,CSYS =   0. -1. -1.  0.  0.
 IMEAS,CSYS =   0.  0.  0. -1.  0.
 IMEAS,CSYS =   0.  0.  0. -1.  0.
 IMEAS,CSYS =   0.  0.  0.  0. -1.
 IMEAS,CSYS =   0.  0.  0.  0. -1.
 IMEAS,CSYS =   0.  0.  0.  0. -1.
 IMEAS,CSYS =   0.  0.  0.  0. -1.
 IMEAS,CSYS =   0.  0.  0. -1. -1.
 IMEAS,CSYS =   0.  0.  0. -1. -1.
 IMEAS,CSYS =   0.  0.  0. -1. -1.
 IMEAS,CSYS =   0.  0.  0. -1. -1.
 IMEAS,CSYS =   0.  0.  0. -1. -1.
 CHI2_N_SYM: CHI2, NMEFF, NQUAN, CHI2/NDOF  =   18.3823904 27 5  0.835563202
  
  DUMP FIT RESULTS: diag=toterror off-diag=corr. coeff=corr_sys/toterror
                          M_MMNUMBARNU       M_PIMNU        M_KMNU    M_PIMPIZNU     M_KMPIZNU
 M_MMNUMB     0.1738021      0.0004218     0.1325093     0.0628596    -0.0558582     0.0023543
 M_PIMNU      0.1078783      0.1325093     0.0005561     0.0846088    -0.0524389    -0.0050039
 M_KMNU       0.0069694      0.0628596     0.0846088     0.0000975    -0.0157417    -0.0011359
 M_PIMPIZ     0.2540216     -0.0558582    -0.0524389    -0.0157417     0.0009643    -0.0627588
 M_KMPIZN     0.0042552      0.0023543    -0.0050039    -0.0011359    -0.0627588     0.0001553
                          M_MMNUMBARNU       M_PIMNU        M_KMNU    M_PIMPIZNU     M_KMPIZNU
  
 --Averaged parameters, using only stat---
 --breakdown of errors: syst then stat-----
                          M_MMNUMBARNU       M_PIMNU        M_KMNU    M_PIMPIZNU     M_KMPIZNU
 M_MMNUMB     0.1738021      0.0004218     0.1325093     0.0628596    -0.0558582     0.0023543
 M_PIMNU      0.1078783      0.1325093     0.0005561     0.0846088    -0.0524389    -0.0050039
 M_KMNU       0.0069694      0.0628596     0.0846088     0.0000975    -0.0157417    -0.0011359
 M_PIMPIZ     0.2540216     -0.0558582    -0.0524389    -0.0157417     0.0009643    -0.0627588
 M_KMPIZN     0.0042552      0.0023543    -0.0050039    -0.0011359    -0.0627588     0.0001553
                          M_MMNUMBARNU       M_PIMNU        M_KMNU    M_PIMPIZNU     M_KMPIZNU
  
         M_MMNUMBARNU      0.1738021 +-      0.0004218 +-      0.0000000 Tot Err:     0.0004218 Check Sys:     0.0000000
              M_PIMNU      0.1078783 +-      0.0005561 +-      0.0000000 Tot Err:     0.0005561 Check Sys:     0.0000000
               M_KMNU      0.0069694 +-      0.0000975 +-      0.0000000 Tot Err:     0.0000975 Check Sys:     0.0000000
           M_PIMPIZNU      0.2540216 +-      0.0009643 +-      0.0000000 Tot Err:     0.0009643 Check Sys:     0.0000000
            M_KMPIZNU      0.0042552 +-      0.0001553 +-      0.0000000 Tot Err:     0.0001553 Check Sys:     0.0000000
 Correlation between M_MMNUMBARNU and M_PIMNU =      0.1325093
 Correlation between M_MMNUMBARNU and M_KMNU =      0.0628596
 Correlation between M_MMNUMBARNU and M_PIMPIZNU =     -0.0558582
 Correlation between M_MMNUMBARNU and M_KMPIZNU =      0.0023543
 Correlation between M_PIMNU and M_KMNU =      0.0846088
 Correlation between M_PIMNU and M_PIMPIZNU =     -0.0524389
 Correlation between M_PIMNU and M_KMPIZNU =     -0.0050039
 Correlation between M_KMNU and M_PIMPIZNU =     -0.0157417
 Correlation between M_KMNU and M_KMPIZNU =     -0.0011359
 Correlation between M_PIMPIZNU and M_KMPIZNU =     -0.0627588
  
 WARNING at (or before) word   1 of line  49 in file average.input 
         concerning combined analysis BABAR+BELLE+PDG ALL_METHODS:
         "PRINT_QUAN cannot handle more than 2 quantities"
         ---> PRINT_QUAN will do nothing


 Total number of WARNING messages generated by COMBOS:      8
