../../../combos/combos average.input  
 COMBOS version  3.33 (Jan 21, 2010) run on  on 14/02/10 at 14.33.02


 ==============================================================================

 M_PIMKMKPNU combination: combined analysis BABAR+BELLE+PDG ALL_METHODS
 ------------------------

 List of  6 analyses to combine:

 Analysis  Experiment      Method          Quality         Measurement     Steps
       1>  BABAR           PIMKMKPNU       PUBLISHED       M_PIMKMKPNU            1
       2>  BELLE           PIMKMKPNU       SUBMITTED       M_PIMKMKPNU            1
       3>  CLEO3           PIMKMKPNU       PUBLISHED       M_PIMKMKPNU            1
       4>  OPAL            PIMKMKPNU       PUBLISHED       M_PIMKMKPNU            1
       5>  CLEO            PIMKMKPNU       PUBLISHED       M_PIMKMKPNU            1
       6>  ALEPH           PIMKMKPNU       PUBLISHED       M_PIMKMKPNU            1
 Combined  BABAR+BELLE+PDG ALL_METHODS                     M_PIMKMKPNU            1

 CORrelated and UNCorrelated systematic uncertainties:

                    Analysis number
 Uncertainty           1   2   3   4   5   6
 BABAROTHER          UNC
 BELLEOTHER              UNC
 CLEO3OTHER                  UNC
 OPALOTHER                       UNC
 CLEOOTHER                           UNC
 ALEPHOTHER                              UNC

 "Extra" parameters:
 SIGMATAUPMY4S       0.9190   +0.0030   -0.0030    0.0030
 PIMPIZKZSNU         0.0018   +0.0002   -0.0002    0.0002
 PIMKZSKZLNU         0.0009   +0.0001   -0.0001    0.0001
 KMKZSNU             0.0008   +0.0001   -0.0001    0.0001
 PIMKMKPNU           0.0014   +0.0001   -0.0001    0.0001

 Results of combination:

 CHI2_SYM: CHI2, NMEFF, CHI2/NDOF =   212.740276 6  42.5480553

 ===============================================================================
 Dump of master.inc:

 CHROUT = DUMP_MASTER_INC 
 CHCOMB = BABAR+BELLE+PDG ALL_METHODS
 CHMEAS = M_PIMKMKPNU     
 CHSTEP =                 
  ISTEP =        1
  VSTEP =     0.0000
  LUNIT =        6
  NMEAS =        6
  NQUAN =        1
  NMEFF =        6
  NCSYS =        0
  NPARA =        5
 CHANAL = BABAR PIMKMKPNU PUBLISHED
          BELLE PIMKMKPNU SUBMITTED
          CLEO3 PIMKMKPNU PUBLISHED
          OPAL PIMKMKPNU PUBLISHED
          CLEO PIMKMKPNU PUBLISHED
          ALEPH PIMKMKPNU PUBLISHED

   MEAS =     1.3460000     1.5500000     1.5500000     0.8700000     1.4500000     1.6300000

   QUAN =       1       1       1       1       1       1

  STATP =     0.0100000     0.0100000     0.0600000     0.5600000     0.1300000     0.2100000

  STATN =     0.0100000     0.0100000     0.0600000     0.5600000     0.1300000     0.2100000

  STAT  =     0.0100000     0.0100000     0.0600000     0.5600000     0.1300000     0.2100000

  USYSP =     0.0360000     0.0550000     0.0900000     0.4000000     0.2800000     0.1700000

  USYSN =     0.0360000     0.0550000     0.0900000     0.4000000     0.2800000     0.1700000

  USYS  =     0.0360000     0.0550000     0.0900000     0.4000000     0.2800000     0.1700000

STACOR
      1 |     1.0000000     0.0000000     0.0000000     0.0000000     0.0000000     0.0000000
      2 |     0.0000000     1.0000000     0.0000000     0.0000000     0.0000000     0.0000000
      3 |     0.0000000     0.0000000     1.0000000     0.0000000     0.0000000     0.0000000
      4 |     0.0000000     0.0000000     0.0000000     1.0000000     0.0000000     0.0000000
      5 |     0.0000000     0.0000000     0.0000000     0.0000000     1.0000000     0.0000000
      6 |     0.0000000     0.0000000     0.0000000     0.0000000     0.0000000     1.0000000

CSYSP

CSYSN

CSYS

CSYS percentage error

 CHPARA                  PARA     EXCUP     EXCUN      EXCU

 SIGMATAUPMY4S         0.9190    0.0030    0.0030    0.0030
 PIMPIZKZSNU           0.0018    0.0002    0.0002    0.0002
 PIMKZSKZLNU           0.0009    0.0001    0.0001    0.0001
 KMKZSNU               0.0008    0.0001    0.0001    0.0001
 PIMKMKPNU             0.0014    0.0001    0.0001    0.0001
  
 Corrected measurements:
 BABAR PIMKMKPNU PU     1.3460000+/-     0.0100000+/-     0.0360000 Tot Err:     0.0373631
 BELLE PIMKMKPNU SU     1.5500000+/-     0.0100000+/-     0.0550000 Tot Err:     0.0559017
 CLEO3 PIMKMKPNU PU     1.5500000+/-     0.0600000+/-     0.0900000 Tot Err:     0.1081665
 OPAL PIMKMKPNU PUB     0.8700000+/-     0.5600000+/-     0.4000000 Tot Err:     0.6881860
 CLEO PIMKMKPNU PUB     1.4500000+/-     0.1300000+/-     0.2800000 Tot Err:     0.3087070
 ALEPH PIMKMKPNU PU     1.6300000+/-     0.2100000+/-     0.1700000 Tot Err:     0.2701851
  

SYSCOR
      1 |     0.0000000     0.0000000     0.0000000     0.0000000     0.0000000     0.0000000
      2 |     0.0000000     0.0000000     0.0000000     0.0000000     0.0000000     0.0000000
      3 |     0.0000000     0.0000000     0.0000000     0.0000000     0.0000000     0.0000000
      4 |     0.0000000     0.0000000     0.0000000     0.0000000     0.0000000     0.0000000
      5 |     0.0000000     0.0000000     0.0000000     0.0000000     0.0000000     0.0000000
      6 |     0.0000000     0.0000000     0.0000000     0.0000000     0.0000000     0.0000000

TOTCOR
      1 |     0.0000000     0.0000000     0.0000000     0.0000000     0.0000000     0.0000000
      2 |     0.0000000     0.0000000     0.0000000     0.0000000     0.0000000     0.0000000
      3 |     0.0000000     0.0000000     0.0000000     0.0000000     0.0000000     0.0000000
      4 |     0.0000000     0.0000000     0.0000000     0.0000000     0.0000000     0.0000000
      5 |     0.0000000     0.0000000     0.0000000     0.0000000     0.0000000     0.0000000
      6 |     0.0000000     0.0000000     0.0000000     0.0000000     0.0000000     0.0000000
 CHI2_SYM: CHI2, NMEFF, CHI2/NDOF =   12.0247438 6  2.40494876
 CHI2_SYM        :     M_PIMKMKPNU=    1.42151  +-     0.02951         CL =  0.0345
                   stat. only -->      1.44951  +-     0.00701         CL =  0.0000
                   syst. only -->               +-     0.02867                     


