 COMBOS version  3.33 (Jan 21, 2010) run on  on 19/03/10 at 18.42.14

 WARNING at (or before) word   5 of line  10 in file belle.input 
         concerning analysis BELLE PIMPIMPIPNU PUBLISHED:
         "Negative correlation coefficient specified for BELLE KMKMKPNU PUBLISHED"
         ---> probably OK if 2D fit is done
 WARNING at (or before) word   5 of line  36 in file belle.input 
         concerning analysis BELLE PIMKMKPNU PUBLISHED:
         "Negative correlation coefficient specified for BELLE KMKMKPNU PUBLISHED"
         ---> probably OK if 2D fit is done
 WARNING at (or before) word   5 of line  47 in file belle.input 
         concerning analysis BELLE KMKMKPNU PUBLISHED:
         "Negative correlation coefficient specified for BELLE PIMPIMPIPNU PUBLISHED"
         ---> probably OK if 2D fit is done
 WARNING at (or before) word   5 of line  49 in file belle.input 
         concerning analysis BELLE KMKMKPNU PUBLISHED:
         "Negative correlation coefficient specified for BELLE PIMKMKPNU PUBLISHED"
         ---> probably OK if 2D fit is done
 WARNING at (or before) word   1 of line  23 in file average.input 
         concerning combined analysis BABAR+BELLE+PDG ALL_METHODS:
         "More than two quantities to be fitted"
         ---> it should work but are you sure it is what you want to do?

 ==============================================================================

 M_PIMPIMPIPNU M_ combination: combined analysis BABAR+BELLE+PDG ALL_METHODS
 -----------------------------

 List of 17 analyses to combine:

 Analysis  Experiment      Method          Quality         Measurement     Steps
       1>  BABAR           PIMPIMPIPNU     PUBLISHED       M_PIMPIMPIPNU          1
       2>  BABAR           PIMKMPIPNU      PUBLISHED       M_PIMKMPIPNU           1
       3>  BABAR           PIMKMKPNU       PUBLISHED       M_PIMKMKPNU            1
       4>  BABAR           KMKMKPNU        PUBLISHED       M_KMKMKPNU             1
       5>  BELLE           PIMPIMPIPNU     PUBLISHED       M_PIMPIMPIPNU          1
       6>  BELLE           PIMKMPIPNU      PUBLISHED       M_PIMKMPIPNU           1
       7>  BELLE           PIMKMKPNU       PUBLISHED       M_PIMKMKPNU            1
       8>  BELLE           KMKMKPNU        PUBLISHED       M_KMKMKPNU             1
       9>  CLEO3           PIMPIMPIPNU     PUBLISHED       M_PIMPIMPIPNU          1
      10>  OPAL            PIMKMPIPNU      PUBLISHED       M_PIMKMPIPNU           1
      11>  CLEO3           PIMKMPIPNU      PUBLISHED       M_PIMKMPIPNU           1
      12>  CLEO            PIMKMPIPNU      PUBLISHED       M_PIMKMPIPNU           1
      13>  ALEPH           PIMKMPIPNU      PUBLISHED       M_PIMKMPIPNU           1
      14>  CLEO3           PIMKMKPNU       PUBLISHED       M_PIMKMKPNU            1
      15>  OPAL            PIMKMKPNU       PUBLISHED       M_PIMKMKPNU            1
      16>  CLEO            PIMKMKPNU       PUBLISHED       M_PIMKMKPNU            1
      17>  ALEPH           PIMKMKPNU       PUBLISHED       M_PIMKMKPNU            1
 Combined  BABAR+BELLE+PDG ALL_METHODS                     M_PIMPIMPIPNU M_       1

 Statistical correlations:

 Analysis number             1          2          3          4          5          6          7          8
               1    0.1000E+01 0.5435E+00 0.3903E+00 0.3147E-01 0.0000E+00 0.0000E+00 0.0000E+00 0.0000E+00
               2    0.5435E+00 0.1000E+01 0.1775E+00 0.9319E-01 0.0000E+00 0.0000E+00 0.0000E+00 0.0000E+00
               3    0.3903E+00 0.1775E+00 0.1000E+01 0.8705E-01 0.0000E+00 0.0000E+00 0.0000E+00 0.0000E+00
               4    0.3147E-01 0.9319E-01 0.8705E-01 0.1000E+01 0.0000E+00 0.0000E+00 0.0000E+00 0.0000E+00
               5    0.0000E+00 0.0000E+00 0.0000E+00 0.0000E+00 0.1000E+01 0.1750E+00 0.4948E-01 -.5347E-01
               6    0.0000E+00 0.0000E+00 0.0000E+00 0.0000E+00 0.1750E+00 0.1000E+01 0.8027E-01 0.3505E-01
               7    0.0000E+00 0.0000E+00 0.0000E+00 0.0000E+00 0.4948E-01 0.8027E-01 0.1000E+01 -.8313E-02
               8    0.0000E+00 0.0000E+00 0.0000E+00 0.0000E+00 -.5347E-01 0.3505E-01 -.8313E-02 0.1000E+01

 CORrelated and UNCorrelated systematic uncertainties:

                    Analysis number
 Uncertainty           1   2   3   4   5   6   7   8   9  10  11  12  13  14  15  16  17
 CLEO3OTHER_00                                       COR     COR         COR
 CLEO3OTHER_1U                                       UNC
 OPALOTHER_2U                                            UNC
 CLEO3OTHER_2U                                               UNC
 CLEOOTHER_2U                                                    UNC
 ALEPHOTHER_2U                                                       UNC
 CLEO3OTHER_3U                                                           UNC
 OPALOTHER_3U                                                                UNC
 CLEOOTHER_3U                                                                    UNC
 ALEPHOTHER_3U                                                                       UNC

 "Correlated" parameters:
 CLEO3OTHER_00   0.0000E+00 +.1000E+01 -.1000E+01 0.1000E+01

 "Extra" parameters:
 SIGMATAUPMY4S   0.9190E+00 +.3000E-02 -.3000E-02 0.3000E-02
 PIMPIZNU        0.2540E+00 +.9643E-03 -.9643E-03 0.9643E-03
 KMKZSNU         0.7900E-03 +.8500E-04 -.8500E-04 0.8500E-04
 PIMPIZKZSNU     0.1725E-02 +.7500E-04 -.7500E-04 0.7500E-04
 KMPIZKZSNU      0.7200E-03 +.1150E-03 -.1150E-03 0.1150E-03
 PIMKZSKZSNU     0.2400E-03 +.5000E-04 -.5000E-04 0.5000E-04
 PIMPIMPIPNU     0.8951E-01 +.7026E-03 -.7026E-03 0.7026E-03
 PIMPIMPIPPIZNU  0.4550E-01 +.1300E-02 -.1300E-02 0.1300E-02
 PIMKMPIPNU      0.2925E-02 +.7090E-04 -.7090E-04 0.7090E-04
 PIMKMKPNU       0.1430E-02 +.2790E-04 -.2790E-04 0.2790E-04
 PIMKZSKZLNU     0.9300E-03 +.1100E-03 -.1100E-03 0.1100E-03
 CHI2_N_SYM_PRT  0.1000E+01 +.0000E+00 +.0000E+00 0.0000E+00

 Results of combination:

 CHI2_N_SYM: CHI2, NMEFF, NQUAN, CHI2/NDOF  =   104.318931 17 4  8.02453319
 SwB: NCSYS,NQUAN,LCSYS,LUNIT=  0 4 4 -6
 SwB: I, J, SIJ =  1 1  2.03368897E-07
 SwB: I, J, SIJ =  1 2  5.11208308E-09
 SwB: I, J, SIJ =  1 3  1.38558292E-09
 SwB: I, J, SIJ =  1 4 -4.31538186E-12
 SwB: I, J, SIJ =  2 1  5.11208308E-09
 SwB: I, J, SIJ =  2 2  3.70964997E-09
 SwB: I, J, SIJ =  2 3  1.35915653E-11
 SwB: I, J, SIJ =  2 4  5.86837168E-12
 SwB: I, J, SIJ =  3 1  1.38558292E-09
 SwB: I, J, SIJ =  3 2  1.35915653E-11
 SwB: I, J, SIJ =  3 3  6.68886387E-10
 SwB: I, J, SIJ =  3 4  1.81574085E-12
 SwB: I, J, SIJ =  4 1 -4.31538186E-12
 SwB: I, J, SIJ =  4 2  5.86837168E-12
 SwB: I, J, SIJ =  4 3  1.81574085E-12
 SwB: I, J, SIJ =  4 4  2.15480247E-12
 SwB: I,J,SAUX(IJ) =  1 1  0.000450964408
 SwB: I,J,SAUX(IJ) =  1 2  0.18611834
 SwB: I,J,SAUX(IJ) =  1 3  0.118799353
 SwB: I,J,SAUX(IJ) =  1 4 -0.00651888369
 SwB: I,J,SAUX(IJ) =  2 1  0.18611834
 SwB: I,J,SAUX(IJ) =  2 2  6.09068959E-05
 SwB: I,J,SAUX(IJ) =  2 3  0.00862833167
 SwB: I,J,SAUX(IJ) =  2 4  0.0656368021
 SwB: I,J,SAUX(IJ) =  3 1  0.118799353
 SwB: I,J,SAUX(IJ) =  3 2  0.00862833167
 SwB: I,J,SAUX(IJ) =  3 3  2.5862838E-05
 SwB: I,J,SAUX(IJ) =  3 4  0.0478270894
 SwB: I,J,SAUX(IJ) =  4 1 -0.00651888369
 SwB: I,J,SAUX(IJ) =  4 2  0.0656368021
 SwB: I,J,SAUX(IJ) =  4 3  0.0478270894
 SwB: I,J,SAUX(IJ) =  4 4  1.46792455E-06
  
  DUMP FIT RESULTS: diag=toterror off-diag=corr. coeff=corr_sys/toterror
                         M_PIMPIMPIPNU  M_PIMKMPIPNU   M_PIMKMKPNU    M_KMKMKPNU
 M_PIMPIM     0.0912243      0.0004510     0.1861183     0.1187994    -0.0065189
 M_PIMKMP     0.0031384      0.1861183     0.0000609     0.0086283     0.0656368
 M_PIMKMK     0.0014548      0.1187994     0.0086283     0.0000259     0.0478271
 M_KMKMKP     0.0000219     -0.0065189     0.0656368     0.0478271     0.0000015
                         M_PIMPIMPIPNU  M_PIMKMPIPNU   M_PIMKMKPNU    M_KMKMKPNU
  
 --Averaged parameters, using only stat---
 --breakdown of errors: syst then stat-----
                         M_PIMPIMPIPNU  M_PIMKMPIPNU   M_PIMKMKPNU    M_KMKMKPNU
  
 SwB: SQ(IQUAN= 1,JQUAN= 1)=  2.03368897E-07 SSYS( 1)=  0.000450964408
 SwB: SQ(IQUAN= 1,JQUAN= 2)=  5.11208308E-09 SSYS( 2)=  0.18611834
 SwB: SQ(IQUAN= 1,JQUAN= 3)=  1.38558292E-09 SSYS( 3)=  0.118799353
 SwB: SQ(IQUAN= 1,JQUAN= 4)= -4.31538186E-12 SSYS( 4)= -0.00651888369
 SYSSUMTOT(IQUAN) = sqrt()=  0.
  
 M_PIMPIM     0.0912243      0.0004510     0.1861183     0.1187994    -0.0065189
  
 SwB: SQ(IQUAN= 2,JQUAN= 1)=  5.11208308E-09 SSYS( 1)=  0.18611834
 SwB: SQ(IQUAN= 2,JQUAN= 2)=  3.70964997E-09 SSYS( 2)=  6.09068959E-05
 SwB: SQ(IQUAN= 2,JQUAN= 3)=  1.35915653E-11 SSYS( 3)=  0.00862833167
 SwB: SQ(IQUAN= 2,JQUAN= 4)=  5.86837168E-12 SSYS( 4)=  0.0656368021
 SYSSUMTOT(IQUAN) = sqrt()=  0.
  
 M_PIMKMP     0.0031384      0.1861183     0.0000609     0.0086283     0.0656368
  
 SwB: SQ(IQUAN= 3,JQUAN= 1)=  1.38558292E-09 SSYS( 1)=  0.118799353
 SwB: SQ(IQUAN= 3,JQUAN= 2)=  1.35915653E-11 SSYS( 2)=  0.00862833167
 SwB: SQ(IQUAN= 3,JQUAN= 3)=  6.68886387E-10 SSYS( 3)=  2.5862838E-05
 SwB: SQ(IQUAN= 3,JQUAN= 4)=  1.81574085E-12 SSYS( 4)=  0.0478270894
 SYSSUMTOT(IQUAN) = sqrt()=  0.
  
 M_PIMKMK     0.0014548      0.1187994     0.0086283     0.0000259     0.0478271
  
 SwB: SQ(IQUAN= 4,JQUAN= 1)= -4.31538186E-12 SSYS( 1)= -0.00651888369
 SwB: SQ(IQUAN= 4,JQUAN= 2)=  5.86837168E-12 SSYS( 2)=  0.0656368021
 SwB: SQ(IQUAN= 4,JQUAN= 3)=  1.81574085E-12 SSYS( 3)=  0.0478270894
 SwB: SQ(IQUAN= 4,JQUAN= 4)=  2.15480247E-12 SSYS( 4)=  1.46792455E-06
 SYSSUMTOT(IQUAN) = sqrt()=  0.
  
 M_KMKMKP     0.0000219     -0.0065189     0.0656368     0.0478271     0.0000015
                         M_PIMPIMPIPNU  M_PIMKMPIPNU   M_PIMKMKPNU    M_KMKMKPNU
  
        M_PIMPIMPIPNU      0.0912243 +-      0.0004510 +-      0.0000000 Tot Err:     0.0004510 Check Sys:     0.0000000
         M_PIMKMPIPNU      0.0031384 +-      0.0000609 +-      0.0000000 Tot Err:     0.0000609 Check Sys:     0.0000000
          M_PIMKMKPNU      0.0014548 +-      0.0000259 +-      0.0000000 Tot Err:     0.0000259 Check Sys:     0.0000000
           M_KMKMKPNU      0.0000219 +-      0.0000015 +-      0.0000000 Tot Err:     0.0000015 Check Sys:     0.0000000
 Correlation between M_PIMPIMPIPNU and M_PIMKMPIPNU =      0.1861183
 Correlation between M_PIMPIMPIPNU and M_PIMKMKPNU =      0.1187994
 Correlation between M_PIMPIMPIPNU and M_KMKMKPNU =     -0.0065189
 Correlation between M_PIMKMPIPNU and M_PIMKMKPNU =      0.0086283
 Correlation between M_PIMKMPIPNU and M_KMKMKPNU =      0.0656368
 Correlation between M_PIMKMKPNU and M_KMKMKPNU =      0.0478271
  

 ===============================================================================
 Dump of master.inc:

 CHROUT = DUMP_MASTER_INC 
 CHCOMB = BABAR+BELLE+PDG ALL_METHODS
 CHMEAS = M_PIMPIMPIPNU M_
 CHSTEP =                 
  ISTEP =        1
  VSTEP = 0.0000E+00
  LUNIT =        6
  NMEAS =       17
  NQUAN =        4
  NMEFF =       17
  NCSYS =        1
  NPARA =       13
 CHANAL = BABAR PIMPIMPIPNU PUBLISHED
          BABAR PIMKMPIPNU PUBLISHED
          BABAR PIMKMKPNU PUBLISHED
          BABAR KMKMKPNU PUBLISHED
          BELLE PIMPIMPIPNU PUBLISHED
          BELLE PIMKMPIPNU PUBLISHED
          BELLE PIMKMKPNU PUBLISHED
          BELLE KMKMKPNU PUBLISHED
          CLEO3 PIMPIMPIPNU PUBLISHED
          OPAL PIMKMPIPNU PUBLISHED
          CLEO3 PIMKMPIPNU PUBLISHED
          CLEO PIMKMPIPNU PUBLISHED
          ALEPH PIMKMPIPNU PUBLISHED
          CLEO3 PIMKMKPNU PUBLISHED
          OPAL PIMKMKPNU PUBLISHED
          CLEO PIMKMKPNU PUBLISHED
          ALEPH PIMKMKPNU PUBLISHED

   MEAS = 0.8833700E-01  0.2725700E-02  0.1346100E-02  0.1577700E-04  0.8420000E-01  0.3300000E-02  0.1550000E-02  0.3290000E-04  0.9130000E-01  0.4150000E-02  0.3840000E-02  0.3460000E-02  0.2140000E-02  0.1550000E-02  0.8700000E-03  0.1450000E-02  0.1630000E-02

   QUAN               1              2              3              4              1              2              3              4              1              2              2              2              2              3              3              3              3

  STATP = 0.1269400E-02  0.9417680E-04  0.3776130E-04  0.1790210E-05  0.2551960E-02  0.1653030E-03  0.5590170E-04  0.2586990E-05  0.5000000E-03  0.5300000E-03  0.1400000E-03  0.2300000E-03  0.3700000E-03  0.6000000E-04  0.5600000E-03  0.1300000E-03  0.2100000E-03

  STATN = 0.1269400E-02  0.9417680E-04  0.3776130E-04  0.1790210E-05  0.2551960E-02  0.1653030E-03  0.5590170E-04  0.2586990E-05  0.5000000E-03  0.5300000E-03  0.1400000E-03  0.2300000E-03  0.3700000E-03  0.6000000E-04  0.5600000E-03  0.1300000E-03  0.2100000E-03

  STAT  = 0.1269400E-02  0.9417680E-04  0.3776130E-04  0.1790210E-05  0.2551960E-02  0.1653030E-03  0.5590170E-04  0.2586990E-05  0.5000000E-03  0.5300000E-03  0.1400000E-03  0.2300000E-03  0.3700000E-03  0.6000000E-04  0.5600000E-03  0.1300000E-03  0.2100000E-03

  USYSP = 0.0000000E+00  0.0000000E+00  0.0000000E+00  0.0000000E+00  0.0000000E+00  0.0000000E+00  0.0000000E+00  0.0000000E+00  0.5663700E-03  0.4000000E-03  0.3279270E-03  0.5600000E-03  0.2900000E-03  0.4575750E-04  0.4000000E-03  0.2800000E-03  0.1700000E-03

  USYSN = 0.0000000E+00  0.0000000E+00  0.0000000E+00  0.0000000E+00  0.0000000E+00  0.0000000E+00  0.0000000E+00  0.0000000E+00  0.5663700E-03  0.4000000E-03  0.3279270E-03  0.5600000E-03  0.2900000E-03  0.4575750E-04  0.4000000E-03  0.2800000E-03  0.1700000E-03

  USYS  = 0.0000000E+00  0.0000000E+00  0.0000000E+00  0.0000000E+00  0.0000000E+00  0.0000000E+00  0.0000000E+00  0.0000000E+00  0.5663700E-03  0.4000000E-03  0.3279270E-03  0.5600000E-03  0.2900000E-03  0.4575750E-04  0.4000000E-03  0.2800000E-03  0.1700000E-03

STACOR
      1 | 0.1000000E+01  0.5435350E+00  0.3903460E+00  0.3146900E-01  0.0000000E+00  0.0000000E+00  0.0000000E+00  0.0000000E+00  0.0000000E+00  0.0000000E+00  0.0000000E+00  0.0000000E+00  0.0000000E+00  0.0000000E+00  0.0000000E+00  0.0000000E+00  0.0000000E+00
      2 | 0.5435350E+00  0.1000000E+01  0.1774950E+00  0.9319070E-01  0.0000000E+00  0.0000000E+00  0.0000000E+00  0.0000000E+00  0.0000000E+00  0.0000000E+00  0.0000000E+00  0.0000000E+00  0.0000000E+00  0.0000000E+00  0.0000000E+00  0.0000000E+00  0.0000000E+00
      3 | 0.3903460E+00  0.1774950E+00  0.1000000E+01  0.8704840E-01  0.0000000E+00  0.0000000E+00  0.0000000E+00  0.0000000E+00  0.0000000E+00  0.0000000E+00  0.0000000E+00  0.0000000E+00  0.0000000E+00  0.0000000E+00  0.0000000E+00  0.0000000E+00  0.0000000E+00
      4 | 0.3146900E-01  0.9319070E-01  0.8704840E-01  0.1000000E+01  0.0000000E+00  0.0000000E+00  0.0000000E+00  0.0000000E+00  0.0000000E+00  0.0000000E+00  0.0000000E+00  0.0000000E+00  0.0000000E+00  0.0000000E+00  0.0000000E+00  0.0000000E+00  0.0000000E+00
      5 | 0.0000000E+00  0.0000000E+00  0.0000000E+00  0.0000000E+00  0.1000000E+01  0.1749885E+00  0.4948276E-01 -0.5346557E-01  0.0000000E+00  0.0000000E+00  0.0000000E+00  0.0000000E+00  0.0000000E+00  0.0000000E+00  0.0000000E+00  0.0000000E+00  0.0000000E+00
      6 | 0.0000000E+00  0.0000000E+00  0.0000000E+00  0.0000000E+00  0.1749885E+00  0.1000000E+01  0.8026913E-01  0.3505142E-01  0.0000000E+00  0.0000000E+00  0.0000000E+00  0.0000000E+00  0.0000000E+00  0.0000000E+00  0.0000000E+00  0.0000000E+00  0.0000000E+00
      7 | 0.0000000E+00  0.0000000E+00  0.0000000E+00  0.0000000E+00  0.4948276E-01  0.8026913E-01  0.1000000E+01 -0.8312885E-02  0.0000000E+00  0.0000000E+00  0.0000000E+00  0.0000000E+00  0.0000000E+00  0.0000000E+00  0.0000000E+00  0.0000000E+00  0.0000000E+00
      8 | 0.0000000E+00  0.0000000E+00  0.0000000E+00  0.0000000E+00 -0.5346557E-01  0.3505142E-01 -0.8312885E-02  0.1000000E+01  0.0000000E+00  0.0000000E+00  0.0000000E+00  0.0000000E+00  0.0000000E+00  0.0000000E+00  0.0000000E+00  0.0000000E+00  0.0000000E+00
      9 | 0.0000000E+00  0.0000000E+00  0.0000000E+00  0.0000000E+00  0.0000000E+00  0.0000000E+00  0.0000000E+00  0.0000000E+00  0.1000000E+01  0.0000000E+00  0.0000000E+00  0.0000000E+00  0.0000000E+00  0.0000000E+00  0.0000000E+00  0.0000000E+00  0.0000000E+00
     10 | 0.0000000E+00  0.0000000E+00  0.0000000E+00  0.0000000E+00  0.0000000E+00  0.0000000E+00  0.0000000E+00  0.0000000E+00  0.0000000E+00  0.1000000E+01  0.0000000E+00  0.0000000E+00  0.0000000E+00  0.0000000E+00  0.0000000E+00  0.0000000E+00  0.0000000E+00
     11 | 0.0000000E+00  0.0000000E+00  0.0000000E+00  0.0000000E+00  0.0000000E+00  0.0000000E+00  0.0000000E+00  0.0000000E+00  0.0000000E+00  0.0000000E+00  0.1000000E+01  0.0000000E+00  0.0000000E+00  0.0000000E+00  0.0000000E+00  0.0000000E+00  0.0000000E+00
     12 | 0.0000000E+00  0.0000000E+00  0.0000000E+00  0.0000000E+00  0.0000000E+00  0.0000000E+00  0.0000000E+00  0.0000000E+00  0.0000000E+00  0.0000000E+00  0.0000000E+00  0.1000000E+01  0.0000000E+00  0.0000000E+00  0.0000000E+00  0.0000000E+00  0.0000000E+00
     13 | 0.0000000E+00  0.0000000E+00  0.0000000E+00  0.0000000E+00  0.0000000E+00  0.0000000E+00  0.0000000E+00  0.0000000E+00  0.0000000E+00  0.0000000E+00  0.0000000E+00  0.0000000E+00  0.1000000E+01  0.0000000E+00  0.0000000E+00  0.0000000E+00  0.0000000E+00
     14 | 0.0000000E+00  0.0000000E+00  0.0000000E+00  0.0000000E+00  0.0000000E+00  0.0000000E+00  0.0000000E+00  0.0000000E+00  0.0000000E+00  0.0000000E+00  0.0000000E+00  0.0000000E+00  0.0000000E+00  0.1000000E+01  0.0000000E+00  0.0000000E+00  0.0000000E+00
     15 | 0.0000000E+00  0.0000000E+00  0.0000000E+00  0.0000000E+00  0.0000000E+00  0.0000000E+00  0.0000000E+00  0.0000000E+00  0.0000000E+00  0.0000000E+00  0.0000000E+00  0.0000000E+00  0.0000000E+00  0.0000000E+00  0.1000000E+01  0.0000000E+00  0.0000000E+00
     16 | 0.0000000E+00  0.0000000E+00  0.0000000E+00  0.0000000E+00  0.0000000E+00  0.0000000E+00  0.0000000E+00  0.0000000E+00  0.0000000E+00  0.0000000E+00  0.0000000E+00  0.0000000E+00  0.0000000E+00  0.0000000E+00  0.0000000E+00  0.1000000E+01  0.0000000E+00
     17 | 0.0000000E+00  0.0000000E+00  0.0000000E+00  0.0000000E+00  0.0000000E+00  0.0000000E+00  0.0000000E+00  0.0000000E+00  0.0000000E+00  0.0000000E+00  0.0000000E+00  0.0000000E+00  0.0000000E+00  0.0000000E+00  0.0000000E+00  0.0000000E+00  0.1000000E+01

CSYSP
 CLEO3O | 0.0000000E+00  0.0000000E+00  0.0000000E+00  0.0000000E+00  0.0000000E+00  0.0000000E+00  0.0000000E+00  0.0000000E+00  0.4565000E-02  0.0000000E+00  0.1920000E-03  0.0000000E+00  0.0000000E+00  0.7750000E-04  0.0000000E+00  0.0000000E+00  0.0000000E+00

CSYSN
 CLEO3O | 0.0000000E+00  0.0000000E+00  0.0000000E+00  0.0000000E+00  0.0000000E+00  0.0000000E+00  0.0000000E+00  0.0000000E+00 -0.4565000E-02  0.0000000E+00 -0.1920000E-03  0.0000000E+00  0.0000000E+00 -0.7750000E-04  0.0000000E+00  0.0000000E+00  0.0000000E+00

CSYS
 CLEO3O | 0.0000000E+00  0.0000000E+00  0.0000000E+00  0.0000000E+00  0.0000000E+00  0.0000000E+00  0.0000000E+00  0.0000000E+00  0.4565000E-02  0.0000000E+00  0.1920000E-03  0.0000000E+00  0.0000000E+00  0.7750000E-04  0.0000000E+00  0.0000000E+00  0.0000000E+00

CSYS percentage error
 CLEO3O | 0.0000000E+00  0.0000000E+00  0.0000000E+00  0.0000000E+00  0.0000000E+00  0.0000000E+00  0.0000000E+00  0.0000000E+00  0.5000000E+01  0.0000000E+00  0.5000000E+01  0.0000000E+00  0.0000000E+00  0.5000000E+01  0.0000000E+00  0.0000000E+00  0.0000000E+00

 CHPARA                  PARA     EXCUP     EXCUN      EXCU

 CLEO3OTHER_00     0.0000E+00 0.1000E+01 0.1000E+01 0.1000E+01
 SIGMATAUPMY4S     0.9190E+00 0.3000E-02 0.3000E-02 0.3000E-02
 PIMPIZNU          0.2540E+00 0.9643E-03 0.9643E-03 0.9643E-03
 KMKZSNU           0.7900E-03 0.8500E-04 0.8500E-04 0.8500E-04
 PIMPIZKZSNU       0.1725E-02 0.7500E-04 0.7500E-04 0.7500E-04
 KMPIZKZSNU        0.7200E-03 0.1150E-03 0.1150E-03 0.1150E-03
 PIMKZSKZSNU       0.2400E-03 0.5000E-04 0.5000E-04 0.5000E-04
 PIMPIMPIPNU       0.8951E-01 0.7026E-03 0.7026E-03 0.7026E-03
 PIMPIMPIPPIZNU    0.4550E-01 0.1300E-02 0.1300E-02 0.1300E-02
 PIMKMPIPNU        0.2925E-02 0.7090E-04 0.7090E-04 0.7090E-04
 PIMKMKPNU         0.1430E-02 0.2790E-04 0.2790E-04 0.2790E-04
 PIMKZSKZLNU       0.9300E-03 0.1100E-03 0.1100E-03 0.1100E-03
 CHI2_N_SYM_PRT    0.1000E+01 0.0000E+00 0.0000E+00 0.0000E+00
  
 Corrected measurements:
 BABAR PIMPIMPIPNU  0.8833700E-01 +/-  0.1269400E-02 +/-  0.0000000E+00 Tot:  0.1269400E-02
 BABAR PIMKMPIPNU P 0.2725700E-02 +/-  0.9417680E-04 +/-  0.0000000E+00 Tot:  0.9417680E-04
 BABAR PIMKMKPNU PU 0.1346100E-02 +/-  0.3776130E-04 +/-  0.0000000E+00 Tot:  0.3776130E-04
 BABAR KMKMKPNU PUB 0.1577700E-04 +/-  0.1790210E-05 +/-  0.0000000E+00 Tot:  0.1790210E-05
 BELLE PIMPIMPIPNU  0.8420000E-01 +/-  0.2551960E-02 +/-  0.0000000E+00 Tot:  0.2551960E-02
 BELLE PIMKMPIPNU P 0.3300000E-02 +/-  0.1653030E-03 +/-  0.0000000E+00 Tot:  0.1653030E-03
 BELLE PIMKMKPNU PU 0.1550000E-02 +/-  0.5590170E-04 +/-  0.0000000E+00 Tot:  0.5590170E-04
 BELLE KMKMKPNU PUB 0.3290000E-04 +/-  0.2586990E-05 +/-  0.0000000E+00 Tot:  0.2586990E-05
 CLEO3 PIMPIMPIPNU  0.9130000E-01 +/-  0.5000000E-03 +/-  0.4600000E-02 Tot:  0.4627094E-02
 OPAL PIMKMPIPNU PU 0.4150000E-02 +/-  0.5300000E-03 +/-  0.4000000E-03 Tot:  0.6640030E-03
 CLEO3 PIMKMPIPNU P 0.3840000E-02 +/-  0.1400000E-03 +/-  0.3800002E-03 Tot:  0.4049693E-03
 CLEO PIMKMPIPNU PU 0.3460000E-02 +/-  0.2300000E-03 +/-  0.5600000E-03 Tot:  0.6053925E-03
 ALEPH PIMKMPIPNU P 0.2140000E-02 +/-  0.3700000E-03 +/-  0.2900000E-03 Tot:  0.4701064E-03
 CLEO3 PIMKMKPNU PU 0.1550000E-02 +/-  0.6000000E-04 +/-  0.8999999E-04 Tot:  0.1081665E-03
 OPAL PIMKMKPNU PUB 0.8700000E-03 +/-  0.5600000E-03 +/-  0.4000000E-03 Tot:  0.6881860E-03
 CLEO PIMKMKPNU PUB 0.1450000E-02 +/-  0.1300000E-03 +/-  0.2800000E-03 Tot:  0.3087070E-03
 ALEPH PIMKMKPNU PU 0.1630000E-02 +/-  0.2100000E-03 +/-  0.1700000E-03 Tot:  0.2701851E-03
  

SYSCOR
      1 | 0.0000000E+00  0.0000000E+00  0.0000000E+00  0.0000000E+00  0.0000000E+00  0.0000000E+00  0.0000000E+00  0.0000000E+00  0.0000000E+00  0.0000000E+00  0.0000000E+00  0.0000000E+00  0.0000000E+00  0.0000000E+00  0.0000000E+00  0.0000000E+00  0.0000000E+00
      2 | 0.0000000E+00  0.0000000E+00  0.0000000E+00  0.0000000E+00  0.0000000E+00  0.0000000E+00  0.0000000E+00  0.0000000E+00  0.0000000E+00  0.0000000E+00  0.0000000E+00  0.0000000E+00  0.0000000E+00  0.0000000E+00  0.0000000E+00  0.0000000E+00  0.0000000E+00
      3 | 0.0000000E+00  0.0000000E+00  0.0000000E+00  0.0000000E+00  0.0000000E+00  0.0000000E+00  0.0000000E+00  0.0000000E+00  0.0000000E+00  0.0000000E+00  0.0000000E+00  0.0000000E+00  0.0000000E+00  0.0000000E+00  0.0000000E+00  0.0000000E+00  0.0000000E+00
      4 | 0.0000000E+00  0.0000000E+00  0.0000000E+00  0.0000000E+00  0.0000000E+00  0.0000000E+00  0.0000000E+00  0.0000000E+00  0.0000000E+00  0.0000000E+00  0.0000000E+00  0.0000000E+00  0.0000000E+00  0.0000000E+00  0.0000000E+00  0.0000000E+00  0.0000000E+00
      5 | 0.0000000E+00  0.0000000E+00  0.0000000E+00  0.0000000E+00  0.0000000E+00  0.0000000E+00  0.0000000E+00  0.0000000E+00  0.0000000E+00  0.0000000E+00  0.0000000E+00  0.0000000E+00  0.0000000E+00  0.0000000E+00  0.0000000E+00  0.0000000E+00  0.0000000E+00
      6 | 0.0000000E+00  0.0000000E+00  0.0000000E+00  0.0000000E+00  0.0000000E+00  0.0000000E+00  0.0000000E+00  0.0000000E+00  0.0000000E+00  0.0000000E+00  0.0000000E+00  0.0000000E+00  0.0000000E+00  0.0000000E+00  0.0000000E+00  0.0000000E+00  0.0000000E+00
      7 | 0.0000000E+00  0.0000000E+00  0.0000000E+00  0.0000000E+00  0.0000000E+00  0.0000000E+00  0.0000000E+00  0.0000000E+00  0.0000000E+00  0.0000000E+00  0.0000000E+00  0.0000000E+00  0.0000000E+00  0.0000000E+00  0.0000000E+00  0.0000000E+00  0.0000000E+00
      8 | 0.0000000E+00  0.0000000E+00  0.0000000E+00  0.0000000E+00  0.0000000E+00  0.0000000E+00  0.0000000E+00  0.0000000E+00  0.0000000E+00  0.0000000E+00  0.0000000E+00  0.0000000E+00  0.0000000E+00  0.0000000E+00  0.0000000E+00  0.0000000E+00  0.0000000E+00
      9 | 0.0000000E+00  0.0000000E+00  0.0000000E+00  0.0000000E+00  0.0000000E+00  0.0000000E+00  0.0000000E+00  0.0000000E+00  0.0000000E+00  0.0000000E+00  0.0000000E+00  0.0000000E+00  0.0000000E+00  0.0000000E+00  0.0000000E+00  0.0000000E+00  0.0000000E+00
     10 | 0.0000000E+00  0.0000000E+00  0.0000000E+00  0.0000000E+00  0.0000000E+00  0.0000000E+00  0.0000000E+00  0.0000000E+00  0.0000000E+00  0.0000000E+00  0.0000000E+00  0.0000000E+00  0.0000000E+00  0.0000000E+00  0.0000000E+00  0.0000000E+00  0.0000000E+00
     11 | 0.0000000E+00  0.0000000E+00  0.0000000E+00  0.0000000E+00  0.0000000E+00  0.0000000E+00  0.0000000E+00  0.0000000E+00  0.0000000E+00  0.0000000E+00  0.0000000E+00  0.0000000E+00  0.0000000E+00  0.0000000E+00  0.0000000E+00  0.0000000E+00  0.0000000E+00
     12 | 0.0000000E+00  0.0000000E+00  0.0000000E+00  0.0000000E+00  0.0000000E+00  0.0000000E+00  0.0000000E+00  0.0000000E+00  0.0000000E+00  0.0000000E+00  0.0000000E+00  0.0000000E+00  0.0000000E+00  0.0000000E+00  0.0000000E+00  0.0000000E+00  0.0000000E+00
     13 | 0.0000000E+00  0.0000000E+00  0.0000000E+00  0.0000000E+00  0.0000000E+00  0.0000000E+00  0.0000000E+00  0.0000000E+00  0.0000000E+00  0.0000000E+00  0.0000000E+00  0.0000000E+00  0.0000000E+00  0.0000000E+00  0.0000000E+00  0.0000000E+00  0.0000000E+00
     14 | 0.0000000E+00  0.0000000E+00  0.0000000E+00  0.0000000E+00  0.0000000E+00  0.0000000E+00  0.0000000E+00  0.0000000E+00  0.0000000E+00  0.0000000E+00  0.0000000E+00  0.0000000E+00  0.0000000E+00  0.0000000E+00  0.0000000E+00  0.0000000E+00  0.0000000E+00
     15 | 0.0000000E+00  0.0000000E+00  0.0000000E+00  0.0000000E+00  0.0000000E+00  0.0000000E+00  0.0000000E+00  0.0000000E+00  0.0000000E+00  0.0000000E+00  0.0000000E+00  0.0000000E+00  0.0000000E+00  0.0000000E+00  0.0000000E+00  0.0000000E+00  0.0000000E+00
     16 | 0.0000000E+00  0.0000000E+00  0.0000000E+00  0.0000000E+00  0.0000000E+00  0.0000000E+00  0.0000000E+00  0.0000000E+00  0.0000000E+00  0.0000000E+00  0.0000000E+00  0.0000000E+00  0.0000000E+00  0.0000000E+00  0.0000000E+00  0.0000000E+00  0.0000000E+00
     17 | 0.0000000E+00  0.0000000E+00  0.0000000E+00  0.0000000E+00  0.0000000E+00  0.0000000E+00  0.0000000E+00  0.0000000E+00  0.0000000E+00  0.0000000E+00  0.0000000E+00  0.0000000E+00  0.0000000E+00  0.0000000E+00  0.0000000E+00  0.0000000E+00  0.0000000E+00

TOTCOR
      1 | 0.0000000E+00  0.0000000E+00  0.0000000E+00  0.0000000E+00  0.0000000E+00  0.0000000E+00  0.0000000E+00  0.0000000E+00  0.0000000E+00  0.0000000E+00  0.0000000E+00  0.0000000E+00  0.0000000E+00  0.0000000E+00  0.0000000E+00  0.0000000E+00  0.0000000E+00
      2 | 0.0000000E+00  0.0000000E+00  0.0000000E+00  0.0000000E+00  0.0000000E+00  0.0000000E+00  0.0000000E+00  0.0000000E+00  0.0000000E+00  0.0000000E+00  0.0000000E+00  0.0000000E+00  0.0000000E+00  0.0000000E+00  0.0000000E+00  0.0000000E+00  0.0000000E+00
      3 | 0.0000000E+00  0.0000000E+00  0.0000000E+00  0.0000000E+00  0.0000000E+00  0.0000000E+00  0.0000000E+00  0.0000000E+00  0.0000000E+00  0.0000000E+00  0.0000000E+00  0.0000000E+00  0.0000000E+00  0.0000000E+00  0.0000000E+00  0.0000000E+00  0.0000000E+00
      4 | 0.0000000E+00  0.0000000E+00  0.0000000E+00  0.0000000E+00  0.0000000E+00  0.0000000E+00  0.0000000E+00  0.0000000E+00  0.0000000E+00  0.0000000E+00  0.0000000E+00  0.0000000E+00  0.0000000E+00  0.0000000E+00  0.0000000E+00  0.0000000E+00  0.0000000E+00
      5 | 0.0000000E+00  0.0000000E+00  0.0000000E+00  0.0000000E+00  0.0000000E+00  0.0000000E+00  0.0000000E+00  0.0000000E+00  0.0000000E+00  0.0000000E+00  0.0000000E+00  0.0000000E+00  0.0000000E+00  0.0000000E+00  0.0000000E+00  0.0000000E+00  0.0000000E+00
      6 | 0.0000000E+00  0.0000000E+00  0.0000000E+00  0.0000000E+00  0.0000000E+00  0.0000000E+00  0.0000000E+00  0.0000000E+00  0.0000000E+00  0.0000000E+00  0.0000000E+00  0.0000000E+00  0.0000000E+00  0.0000000E+00  0.0000000E+00  0.0000000E+00  0.0000000E+00
      7 | 0.0000000E+00  0.0000000E+00  0.0000000E+00  0.0000000E+00  0.0000000E+00  0.0000000E+00  0.0000000E+00  0.0000000E+00  0.0000000E+00  0.0000000E+00  0.0000000E+00  0.0000000E+00  0.0000000E+00  0.0000000E+00  0.0000000E+00  0.0000000E+00  0.0000000E+00
      8 | 0.0000000E+00  0.0000000E+00  0.0000000E+00  0.0000000E+00  0.0000000E+00  0.0000000E+00  0.0000000E+00  0.0000000E+00  0.0000000E+00  0.0000000E+00  0.0000000E+00  0.0000000E+00  0.0000000E+00  0.0000000E+00  0.0000000E+00  0.0000000E+00  0.0000000E+00
      9 | 0.0000000E+00  0.0000000E+00  0.0000000E+00  0.0000000E+00  0.0000000E+00  0.0000000E+00  0.0000000E+00  0.0000000E+00  0.0000000E+00  0.0000000E+00  0.0000000E+00  0.0000000E+00  0.0000000E+00  0.0000000E+00  0.0000000E+00  0.0000000E+00  0.0000000E+00
     10 | 0.0000000E+00  0.0000000E+00  0.0000000E+00  0.0000000E+00  0.0000000E+00  0.0000000E+00  0.0000000E+00  0.0000000E+00  0.0000000E+00  0.0000000E+00  0.0000000E+00  0.0000000E+00  0.0000000E+00  0.0000000E+00  0.0000000E+00  0.0000000E+00  0.0000000E+00
     11 | 0.0000000E+00  0.0000000E+00  0.0000000E+00  0.0000000E+00  0.0000000E+00  0.0000000E+00  0.0000000E+00  0.0000000E+00  0.0000000E+00  0.0000000E+00  0.0000000E+00  0.0000000E+00  0.0000000E+00  0.0000000E+00  0.0000000E+00  0.0000000E+00  0.0000000E+00
     12 | 0.0000000E+00  0.0000000E+00  0.0000000E+00  0.0000000E+00  0.0000000E+00  0.0000000E+00  0.0000000E+00  0.0000000E+00  0.0000000E+00  0.0000000E+00  0.0000000E+00  0.0000000E+00  0.0000000E+00  0.0000000E+00  0.0000000E+00  0.0000000E+00  0.0000000E+00
     13 | 0.0000000E+00  0.0000000E+00  0.0000000E+00  0.0000000E+00  0.0000000E+00  0.0000000E+00  0.0000000E+00  0.0000000E+00  0.0000000E+00  0.0000000E+00  0.0000000E+00  0.0000000E+00  0.0000000E+00  0.0000000E+00  0.0000000E+00  0.0000000E+00  0.0000000E+00
     14 | 0.0000000E+00  0.0000000E+00  0.0000000E+00  0.0000000E+00  0.0000000E+00  0.0000000E+00  0.0000000E+00  0.0000000E+00  0.0000000E+00  0.0000000E+00  0.0000000E+00  0.0000000E+00  0.0000000E+00  0.0000000E+00  0.0000000E+00  0.0000000E+00  0.0000000E+00
     15 | 0.0000000E+00  0.0000000E+00  0.0000000E+00  0.0000000E+00  0.0000000E+00  0.0000000E+00  0.0000000E+00  0.0000000E+00  0.0000000E+00  0.0000000E+00  0.0000000E+00  0.0000000E+00  0.0000000E+00  0.0000000E+00  0.0000000E+00  0.0000000E+00  0.0000000E+00
     16 | 0.0000000E+00  0.0000000E+00  0.0000000E+00  0.0000000E+00  0.0000000E+00  0.0000000E+00  0.0000000E+00  0.0000000E+00  0.0000000E+00  0.0000000E+00  0.0000000E+00  0.0000000E+00  0.0000000E+00  0.0000000E+00  0.0000000E+00  0.0000000E+00  0.0000000E+00
     17 | 0.0000000E+00  0.0000000E+00  0.0000000E+00  0.0000000E+00  0.0000000E+00  0.0000000E+00  0.0000000E+00  0.0000000E+00  0.0000000E+00  0.0000000E+00  0.0000000E+00  0.0000000E+00  0.0000000E+00  0.0000000E+00  0.0000000E+00  0.0000000E+00  0.0000000E+00
 CHI2_N_SYM: CHI2, NMEFF, NQUAN, CHI2/NDOF  =   65.3413668 17 4  5.02625898
 SwB: NCSYS,NQUAN,LCSYS,LUNIT=  1 4 5 6
 SwB: I, J, SIJ =  1 1  0.0754658829
 SwB: I, J, SIJ =  1 2  0.000235732465
 SwB: I, J, SIJ =  1 3  8.15479836E-06
 SwB: I, J, SIJ =  1 4  2.53947804E-06
 SwB: I, J, SIJ =  1 5  1.41839642E-09
 SwB: I, J, SIJ =  2 1  0.000235732465
 SwB: I, J, SIJ =  2 2  1.11963039E-06
 SwB: I, J, SIJ =  2 3  3.79246766E-08
 SwB: I, J, SIJ =  2 4  1.08350194E-08
 SwB: I, J, SIJ =  2 5  1.87776127E-12
 SwB: I, J, SIJ =  3 1  8.15479836E-06
 SwB: I, J, SIJ =  3 2  3.79246766E-08
 SwB: I, J, SIJ =  3 3  5.91894924E-09
 SwB: I, J, SIJ =  3 4  3.37970411E-10
 SwB: I, J, SIJ =  3 5  7.79377853E-12
 SwB: I, J, SIJ =  4 1  2.53947804E-06
 SwB: I, J, SIJ =  4 2  1.08350194E-08
 SwB: I, J, SIJ =  4 3  3.37970411E-10
 SwB: I, J, SIJ =  4 4  8.45192183E-10
 SwB: I, J, SIJ =  4 5  2.08089182E-12
 SwB: I, J, SIJ =  5 1  1.41839642E-09
 SwB: I, J, SIJ =  5 2  1.87776127E-12
 SwB: I, J, SIJ =  5 3  7.79377853E-12
 SwB: I, J, SIJ =  5 4  2.08089182E-12
 SwB: I, J, SIJ =  5 5  2.15829057E-12
 SwB: I,J,SAUX(IJ) =  1 1  0.274710544
 SwB: I,J,SAUX(IJ) =  1 2  0.810973628
 SwB: I,J,SAUX(IJ) =  1 3  0.385847411
 SwB: I,J,SAUX(IJ) =  1 4  0.317973844
 SwB: I,J,SAUX(IJ) =  1 5  0.00351453069
 SwB: I,J,SAUX(IJ) =  2 1  0.810973628
 SwB: I,J,SAUX(IJ) =  2 2  0.00105812588
 SwB: I,J,SAUX(IJ) =  2 3  0.465867313
 SwB: I,J,SAUX(IJ) =  2 4  0.352220493
 SwB: I,J,SAUX(IJ) =  2 5  0.00120794756
 SwB: I,J,SAUX(IJ) =  3 1  0.385847411
 SwB: I,J,SAUX(IJ) =  3 2  0.465867313
 SwB: I,J,SAUX(IJ) =  3 3  7.69347076E-05
 SwB: I,J,SAUX(IJ) =  3 4  0.151104931
 SwB: I,J,SAUX(IJ) =  3 5  0.0689557993
 SwB: I,J,SAUX(IJ) =  4 1  0.317973844
 SwB: I,J,SAUX(IJ) =  4 2  0.352220493
 SwB: I,J,SAUX(IJ) =  4 3  0.151104931
 SwB: I,J,SAUX(IJ) =  4 4  2.90721892E-05
 SwB: I,J,SAUX(IJ) =  4 5  0.0487210691
 SwB: I,J,SAUX(IJ) =  5 1  0.00351453069
 SwB: I,J,SAUX(IJ) =  5 2  0.00120794756
 SwB: I,J,SAUX(IJ) =  5 3  0.0689557993
 SwB: I,J,SAUX(IJ) =  5 4  0.0487210691
 SwB: I,J,SAUX(IJ) =  5 5  1.46911217E-06
  
  DUMP FIT RESULTS: diag=toterror off-diag=corr. coeff=corr_sys/toterror
                         CLEO3OTHER_00 M_PIMPIMPIPNU  M_PIMKMPIPNU   M_PIMKMKPNU    M_KMKMKPNU
 CLEO3OTH    -0.5674240      0.2747105     0.8109736     0.3858474     0.3179738     0.0035145
 M_PIMPIM     0.0889329      0.8109736     0.0010581     0.4658673     0.3522205     0.0012079
 M_PIMKMP     0.0029030      0.3858474     0.4658673     0.0000769     0.1511049     0.0689558
 M_PIMKMK     0.0014251      0.3179738     0.3522205     0.1511049     0.0000291     0.0487211
 M_KMKMKP     0.0000216      0.0035145     0.0012079     0.0689558     0.0487211     0.0000015
                         CLEO3OTHER_00 M_PIMPIMPIPNU  M_PIMKMPIPNU   M_PIMKMKPNU    M_KMKMKPNU
  
 --Averaged parameters, using stat+syst---
 --breakdown of errors: syst then stat-----
                         CLEO3OTHER_00 M_PIMPIMPIPNU  M_PIMKMPIPNU   M_PIMKMKPNU    M_KMKMKPNU
  
 SwB: SQ(IQUAN= 1,JQUAN= 1)=  3.83273861E-07 SSYS( 2)=  0.000619091157
 SwB: SQ(IQUAN= 1,JQUAN= 2)=  1.24515667E-08 SSYS( 3)=  0.283368284
 SwB: SQ(IQUAN= 1,JQUAN= 3)=  2.90246239E-09 SSYS( 4)=  0.170090616
 SwB: SQ(IQUAN= 1,JQUAN= 4)= -2.55287774E-12 SSYS( 5)= -0.00280687545
 SwB: SSYS(I= 1)=SAUX( 2, 1)*SAUX( 2, 2)=  0.000858112187
 IQUAN,SYSSUMTOT(IQUAN),SSYS(I)**2 =  1  7.36356525E-07  7.36356525E-07
 SYSSUMTOT(IQUAN) = sqrt()=  0.000858112187
  
 M_PIMPIM     0.0889329      0.0008581     0.0006191     0.2833683     0.1700906    -0.0028069
  
 SwB: SQ(IQUAN= 2,JQUAN= 1)=  1.24515667E-08 SSYS( 2)=  0.283368284
 SwB: SQ(IQUAN= 2,JQUAN= 2)=  5.03774658E-09 SSYS( 3)=  7.09770849E-05
 SwB: SQ(IQUAN= 2,JQUAN= 3)=  6.35559261E-11 SSYS( 4)=  0.0324867485
 SwB: SQ(IQUAN= 2,JQUAN= 4)=  7.64050746E-12 SSYS( 5)=  0.0732743157
 SwB: SSYS(I= 1)=SAUX( 3, 1)*SAUX( 3, 3)=  2.96850578E-05
 IQUAN,SYSSUMTOT(IQUAN),SSYS(I)**2 =  2  8.81202655E-10  8.81202655E-10
 SYSSUMTOT(IQUAN) = sqrt()=  2.96850578E-05
  
 M_PIMKMP     0.0029030      0.0000297     0.2833683     0.0000710     0.0324867     0.0732743
  
 SwB: SQ(IQUAN= 3,JQUAN= 1)=  2.90246239E-09 SSYS( 2)=  0.170090616
 SwB: SQ(IQUAN= 3,JQUAN= 2)=  6.35559261E-11 SSYS( 3)=  0.0324867485
 SwB: SQ(IQUAN= 3,JQUAN= 3)=  7.59737028E-10 SSYS( 4)=  2.75633276E-05
 SwB: SQ(IQUAN= 3,JQUAN= 4)=  2.03316182E-12 SSYS( 5)=  0.0502097459
 SwB: SSYS(I= 1)=SAUX( 4, 1)*SAUX( 4, 4)=  9.24419576E-06
 IQUAN,SYSSUMTOT(IQUAN),SSYS(I)**2 =  3  8.54551552E-11  8.54551552E-11
 SYSSUMTOT(IQUAN) = sqrt()=  9.24419576E-06
  
 M_PIMKMK     0.0014251      0.0000092     0.1700906     0.0324867     0.0000276     0.0502097
  
 SwB: SQ(IQUAN= 4,JQUAN= 1)= -2.55287774E-12 SSYS( 2)= -0.00280687545
 SwB: SQ(IQUAN= 4,JQUAN= 2)=  7.64050746E-12 SSYS( 3)=  0.0732743157
 SwB: SQ(IQUAN= 4,JQUAN= 3)=  2.03316182E-12 SSYS( 4)=  0.0502097459
 SwB: SQ(IQUAN= 4,JQUAN= 4)=  2.15826391E-12 SSYS( 5)=  1.4691031E-06
 SwB: SSYS(I= 1)=SAUX( 5, 1)*SAUX( 5, 5)=  5.16323981E-09
 IQUAN,SYSSUMTOT(IQUAN),SSYS(I)**2 =  4  2.66590454E-17  2.66590454E-17
 SYSSUMTOT(IQUAN) = sqrt()=  5.16323981E-09
  
 M_KMKMKP     0.0000216      0.0000000    -0.0028069     0.0732743     0.0502097     0.0000015
                         CLEO3OTHER_00 M_PIMPIMPIPNU  M_PIMKMPIPNU   M_PIMKMKPNU    M_KMKMKPNU
  
        M_PIMPIMPIPNU      0.0889329 +-      0.0006191 +-      0.0008581 Tot Err:     0.0010581 Check Sys:     0.0008581
         M_PIMKMPIPNU      0.0029030 +-      0.0000710 +-      0.0000297 Tot Err:     0.0000769 Check Sys:     0.0000297
          M_PIMKMKPNU      0.0014251 +-      0.0000276 +-      0.0000092 Tot Err:     0.0000291 Check Sys:     0.0000092
           M_KMKMKPNU      0.0000216 +-      0.0000015 +-      0.0000000 Tot Err:     0.0000015 Check Sys:     0.0000000
 Correlation between M_PIMPIMPIPNU and M_PIMKMPIPNU =      0.4658673
 Correlation between M_PIMPIMPIPNU and M_PIMKMKPNU =      0.3522205
 Correlation between M_PIMPIMPIPNU and M_KMKMKPNU =      0.0012079
 Correlation between M_PIMKMPIPNU and M_PIMKMKPNU =      0.1511049
 Correlation between M_PIMKMPIPNU and M_KMKMKPNU =      0.0689558
 Correlation between M_PIMKMKPNU and M_KMKMKPNU =      0.0487211
  
 WARNING at (or before) word   1 of line  23 in file average.input 
         concerning combined analysis BABAR+BELLE+PDG ALL_METHODS:
         "PRINT_QUAN cannot handle more than 2 quantities"
         ---> PRINT_QUAN will do nothing


 Total number of WARNING messages generated by COMBOS:      6
