 COMBOS version  3.33 (Mar 20, 2010) run on  on 03/07/10 at 05.13.09


 ==============================================================================

 W X Y Z combination: combined analysis ALL 4D_XYWZ PUBLISHED
 --------------------

 List of   5 analyses to combine:

 Analysis  Experiment      Method          Quality         Measurement     Steps
       1>  A1              W               PUBLISHED       W                      1
       2>  A1              X               PUBLISHED       X                      1
       3>  A1              Y               PUBLISHED       Y                      1
       4>  A1              Z               PUBLISHED       Z                      1
       5>  A2              W               PUBLISHED       W                      1
 Combined  ALL             4D_XYWZ         PUBLISHED       W X Y Z                1

 CORrelated and UNCorrelated systematic uncertainties:

                    Analysis number
 Uncertainty           1   2   3   4   5
 A1_SYS_W            UNC
 A1_SYS_X                UNC
 A1_SYS_Y                    UNC
 A1_SYS_Z                        UNC
 A2_SYS_W                            UNC

 Results of combination:

ADJUST IMEAS =   5 MEAS =   1.100000     to -0.1828003E-01
IMEAS,CSYS =    1    -1.00   0.00   0.00   0.00
IMEAS,CSYS =    2     0.00  -1.00   0.00   0.00
IMEAS,CSYS =    3     0.00   0.00  -1.00   0.00
IMEAS,CSYS =    4     0.00   0.00   0.00  -1.00
IMEAS,CSYS =    5    -1.08  -1.08   1.20   1.20
 MINUIT_CHI2: DSINV: W->W: IERR =  0
 CHI2_N_SYM: DSINV: S->S: IERR =  0
CHI2_N_SYM: CHI2, NMEFF, NQUAN, NDOF (DEF) = .73890E-01   5   4   1 CHI2/NDOF, SCALE FAC, CL =  .73890E-01 .27183     .78576    
CHI2_N_SYM: CHI2, NMEFF, NQUAN, NDOF (NEW) = .73890E-01   5   4   1 CHI2/NDOF, SCALE FAC, CL =  .73890E-01 .27183     .78576    
  
  DUMP FIT RESULTS: diag=toterror off-diag=corr. coeff=corr_sys/toterror
                                        W           X           Y           Z
            W    0.159565 |      0.009871   -0.134718    0.029429    0.165698
            X    0.873047 |     -0.134718    0.030752    0.151150    0.851029
            Y    0.110486 |      0.029429    0.151150    0.009839   -0.185908
            Z    0.827776 |      0.165698    0.851029   -0.185908    0.027960
                                        W           X           Y           Z
  
 DUMP_FIT: DSINV: S->SINV: IERR =  0
 DUMP_FIT: DSINV: SQINV->SQ: IERR =  0
 --Averaged parameters, using only stat---
 --breakdown of errors: syst then stat-----
                                        W           X           Y           Z
            W    0.159565 |      0.009871   -0.134718    0.029429    0.165698
            X    0.873047 |     -0.134718    0.030752    0.151150    0.851029
            Y    0.110486 |      0.029429    0.151150    0.009839   -0.185908
            Z    0.827776 |      0.165698    0.851029   -0.185908    0.027960
                                        W           X           Y           Z
  
                    W      0.1595654 +/-      0.0098714 +/-      0.0000000 Tot Err:     0.0098714 Check Sys:     0.0000000
                    X      0.8730467 +/-      0.0307518 +/-      0.0000000 Tot Err:     0.0307518 Check Sys:     0.0000000
                    Y      0.1104860 +/-      0.0098389 +/-      0.0000000 Tot Err:     0.0098389 Check Sys:     0.0000000
                    Z      0.8277757 +/-      0.0279595 +/-      0.0000000 Tot Err:     0.0279595 Check Sys:     0.0000000
 Correlation between                    W and                    X =     -0.1347185
 Correlation between                    W and                    Y =      0.0294294
 Correlation between                    W and                    Z =      0.1656980
 Correlation between                    X and                    Y =      0.1511501
 Correlation between                    X and                    Z =      0.8510292
 Correlation between                    Y and                    Z =     -0.1859082
All: Sum of Multi-Quantity Average =      1.9708738 +-      0.0582208
  

 ===============================================================================
 Dump of master.inc:

 CHROUT = DUMP_MASTER_INC 
 CHCOMB = ALL 4D_XYWZ PUBLISHED
 CHMEAS = W X Y Z         
 CHSTEP =                 
  ISTEP =        1
  VSTEP = 0.0000E+00
  LUNIT =        6
  NMEAS =        5
  NQUAN =        4
  NMEFF =        5
  NCSYS =        0
  NPARA =        0
 CHANAL = A1 W PUBLISHED
          A1 X PUBLISHED
          A1 Y PUBLISHED
          A1 Z PUBLISHED
          A2 W PUBLISHED

   MEAS = 0.1600000E+00  0.8800000E+00  0.1100000E+00  0.8200000E+00 -0.1828003E-01

   QUAN               1              2              3              4              1

  STATP = 0.1000000E-01  0.4000000E-01  0.1000000E-01  0.4000000E-01  0.1000000E-01

  STATN = 0.1000000E-01  0.4000000E-01  0.1000000E-01  0.4000000E-01  0.1000000E-01

  STAT  = 0.1000000E-01  0.4000000E-01  0.1000000E-01  0.4000000E-01  0.1000000E-01

  USYSP = 0.2000000E-01  0.4000000E-01  0.2000000E-01  0.4000000E-01  0.2000000E-01

  USYSN = 0.2000000E-01  0.4000000E-01  0.2000000E-01  0.4000000E-01  0.2000000E-01

  USYS  = 0.2000000E-01  0.4000000E-01  0.2000000E-01  0.4000000E-01  0.2000000E-01

STACOR
      1 | 0.1000000E+01  0.0000000E+00  0.0000000E+00  0.0000000E+00  0.0000000E+00
      2 | 0.0000000E+00  0.1000000E+01  0.0000000E+00  0.0000000E+00  0.0000000E+00
      3 | 0.0000000E+00  0.0000000E+00  0.1000000E+01  0.0000000E+00  0.0000000E+00
      4 | 0.0000000E+00  0.0000000E+00  0.0000000E+00  0.1000000E+01  0.0000000E+00
      5 | 0.0000000E+00  0.0000000E+00  0.0000000E+00  0.0000000E+00  0.1000000E+01

CSYSP

CSYSN

CSYS

CSYS percentage error

 CHPARA                  PARA     EXCUP     EXCUN      EXCU

  
 Corrected measurements:
 A1 W PUBLISHED     0.1600000E+00 +/-  0.1000000E-01 +/-  0.2000000E-01 Tot:  0.2236068E-01
 A1 X PUBLISHED     0.8800000E+00 +/-  0.4000000E-01 +/-  0.4000000E-01 Tot:  0.5656854E-01
 A1 Y PUBLISHED     0.1100000E+00 +/-  0.1000000E-01 +/-  0.2000000E-01 Tot:  0.2236068E-01
 A1 Z PUBLISHED     0.8200000E+00 +/-  0.4000000E-01 +/-  0.4000000E-01 Tot:  0.5656854E-01
 A2 W PUBLISHED    -0.1828003E-01 +/-  0.1000000E-01 +/-  0.2000000E-01 Tot:  0.2236068E-01
  

SYSCOR
      1 | 0.0000000E+00  0.0000000E+00  0.0000000E+00  0.0000000E+00  0.0000000E+00
      2 | 0.0000000E+00  0.0000000E+00  0.0000000E+00  0.0000000E+00  0.0000000E+00
      3 | 0.0000000E+00  0.0000000E+00  0.0000000E+00  0.0000000E+00  0.0000000E+00
      4 | 0.0000000E+00  0.0000000E+00  0.0000000E+00  0.0000000E+00  0.0000000E+00
      5 | 0.0000000E+00  0.0000000E+00  0.0000000E+00  0.0000000E+00  0.0000000E+00

TOTCOR
      1 | 0.0000000E+00  0.0000000E+00  0.0000000E+00  0.0000000E+00  0.0000000E+00
      2 | 0.0000000E+00  0.0000000E+00  0.0000000E+00  0.0000000E+00  0.0000000E+00
      3 | 0.0000000E+00  0.0000000E+00  0.0000000E+00  0.0000000E+00  0.0000000E+00
      4 | 0.0000000E+00  0.0000000E+00  0.0000000E+00  0.0000000E+00  0.0000000E+00
      5 | 0.0000000E+00  0.0000000E+00  0.0000000E+00  0.0000000E+00  0.0000000E+00
ADJUST IMEAS =   5 MEAS =   1.100000     to -0.1828003E-01
IMEAS,CSYS =    1    -1.00   0.00   0.00   0.00
IMEAS,CSYS =    2     0.00  -1.00   0.00   0.00
IMEAS,CSYS =    3     0.00   0.00  -1.00   0.00
IMEAS,CSYS =    4     0.00   0.00   0.00  -1.00
IMEAS,CSYS =    5    -1.08  -1.08   1.20   1.20
 MINUIT_CHI2: DSINV: W->W: IERR =  0
 CHI2_N_SYM: DSINV: S->S: IERR =  0
CHI2_N_SYM: CHI2, NMEFF, NQUAN, NDOF (DEF) = .33003E-01   5   4   1 CHI2/NDOF, SCALE FAC, CL =  .33003E-01 .18167     .85584    
CHI2_N_SYM: CHI2, NMEFF, NQUAN, NDOF (NEW) = .33003E-01   5   4   1 CHI2/NDOF, SCALE FAC, CL =  .33003E-01 .18167     .85584    
  
  DUMP FIT RESULTS: diag=toterror off-diag=corr. coeff=corr_sys/toterror
                                        W           X           Y           Z
            W    0.159029 |      0.021713   -0.186667    0.068216    0.225649
            X    0.873789 |     -0.186667    0.045066    0.210347    0.695799
            Y    0.111085 |      0.068216    0.210347    0.021548   -0.254274
            Z    0.826946 |      0.225649    0.695799   -0.254274    0.041690
                                        W           X           Y           Z
  
 DUMP_FIT: DSINV: S->SINV: IERR =  0
 DUMP_FIT: DSINV: SQINV->SQ: IERR =  0
 --Averaged parameters, using only stat---
 --breakdown of errors: syst then stat-----
                                        W           X           Y           Z
            W    0.159029 |      0.021713   -0.186667    0.068216    0.225649
            X    0.873789 |     -0.186667    0.045066    0.210347    0.695799
            Y    0.111085 |      0.068216    0.210347    0.021548   -0.254274
            Z    0.826946 |      0.225649    0.695799   -0.254274    0.041690
                                        W           X           Y           Z
  
                    W      0.1590295 +/-      0.0217131 +/-      0.0000000 Tot Err:     0.0217131 Check Sys:     0.0000000
                    X      0.8737886 +/-      0.0450664 +/-      0.0000000 Tot Err:     0.0450664 Check Sys:     0.0000000
                    Y      0.1110853 +/-      0.0215478 +/-      0.0000000 Tot Err:     0.0215478 Check Sys:     0.0000000
                    Z      0.8269460 +/-      0.0416904 +/-      0.0000000 Tot Err:     0.0416904 Check Sys:     0.0000000
 Correlation between                    W and                    X =     -0.1866671
 Correlation between                    W and                    Y =      0.0682160
 Correlation between                    W and                    Z =      0.2256494
 Correlation between                    X and                    Y =      0.2103468
 Correlation between                    X and                    Z =      0.6957987
 Correlation between                    Y and                    Z =     -0.2542742
All: Sum of Multi-Quantity Average =      1.9708494 +-      0.0858961
  


