 COMBOS version  3.33 (Jan 21, 2010) run on  on 02/04/10 at 00.35.30

 ERROR   at (or before) word   5 of line   2 in file babar.input:
         "word too long"
         ---> string truncated to PRL100:011801,20; unpredictable results !
 WARNING at (or before) word   5 of line  10 in file belle.input 
         concerning analysis BELLE PIMPIMPIPNU PUBLISHED:
         "Negative correlation coefficient specified for BELLE KMKMKPNU PUBLISHED"
         ---> probably OK if 2D fit is done
 WARNING at (or before) word   5 of line  36 in file belle.input 
         concerning analysis BELLE PIMKMKPNU PUBLISHED:
         "Negative correlation coefficient specified for BELLE KMKMKPNU PUBLISHED"
         ---> probably OK if 2D fit is done
 WARNING at (or before) word   5 of line  47 in file belle.input 
         concerning analysis BELLE KMKMKPNU PUBLISHED:
         "Negative correlation coefficient specified for BELLE PIMPIMPIPNU PUBLISHED"
         ---> probably OK if 2D fit is done
 WARNING at (or before) word   5 of line  49 in file belle.input 
         concerning analysis BELLE KMKMKPNU PUBLISHED:
         "Negative correlation coefficient specified for BELLE PIMKMKPNU PUBLISHED"
         ---> probably OK if 2D fit is done
 WARNING at (or before) word   1 of line  34 in file average.input 
         concerning combined analysis BABAR+BELLE+PDG ALL_METHODS:
         "More than two quantities to be fitted"
         ---> it should work but are you sure it is what you want to do?

 ==============================================================================

 M_PIMPIMPIPNU M_ combination: combined analysis BABAR+BELLE+PDG ALL_METHODS
 -----------------------------

 List of 20 analyses to combine:

 Analysis  Experiment      Method          Quality         Measurement     Steps
       1>  BABAR           PIMPIMPIPNU     PUBLISHED       M_PIMPIMPIPNU          1
       2>  BABAR           PIMKMPIPNU      PUBLISHED       M_PIMKMPIPNU           1
       3>  BABAR           PIMKMKPNU       PUBLISHED       M_PIMKMKPNU            1
       4>  BABAR           KMKMKPNU        PUBLISHED       M_KMKMKPNU             1
       5>  BELLE           PIMPIMPIPNU     PUBLISHED       M_PIMPIMPIPNU          1
       6>  BELLE           PIMKMPIPNU      PUBLISHED       M_PIMKMPIPNU           1
       7>  BELLE           PIMKMKPNU       PUBLISHED       M_PIMKMKPNU            1
       8>  BELLE           KMKMKPNU        PUBLISHED       M_KMKMKPNU             1
       9>  CLEO3           PIMPIMPIPNU     PUBLISHED       M_PIMPIMPIPNU          1
      10>  OPAL            PIMKMPIPNU      PUBLISHED       M_PIMKMPIPNU           1
      11>  CLEO3           PIMKMPIPNU      PUBLISHED       M_PIMKMPIPNU           1
      12>  CLEO            PIMKMPIPNU      PUBLISHED       M_PIMKMPIPNU           1
      13>  ALEPH           PIMKMPIPNU      PUBLISHED       M_PIMKMPIPNU           1
      14>  CLEO3           PIMKMKPNU       PUBLISHED       M_PIMKMKPNU            1
      15>  OPAL            PIMKMKPNU       PUBLISHED       M_PIMKMKPNU            1
      16>  CLEO            PIMKMKPNU       PUBLISHED       M_PIMKMKPNU            1
      17>  ALEPH           PIMKMKPNU       PUBLISHED       M_PIMKMKPNU            1
      18>  DELPHI          HMHMHPNU        PUBLISHED       M_PIMPIMPIPNU          1
      19>  OPAL            HMHMHPNU        PUBLISHED       M_PIMPIMPIPNU          1
      20>  CLEO            HMHMHPNU        PUBLISHED       M_PIMPIMPIPNU          1
 Combined  BABAR+BELLE+PDG ALL_METHODS                     M_PIMPIMPIPNU M_       1

 Statistical correlations:

 Analysis number             1          2          3          4          5          6          7          8
               1    0.1000E+01 0.5435E+00 0.3903E+00 0.3147E-01 0.0000E+00 0.0000E+00 0.0000E+00 0.0000E+00
               2    0.5435E+00 0.1000E+01 0.1775E+00 0.9319E-01 0.0000E+00 0.0000E+00 0.0000E+00 0.0000E+00
               3    0.3903E+00 0.1775E+00 0.1000E+01 0.8705E-01 0.0000E+00 0.0000E+00 0.0000E+00 0.0000E+00
               4    0.3147E-01 0.9319E-01 0.8705E-01 0.1000E+01 0.0000E+00 0.0000E+00 0.0000E+00 0.0000E+00
               5    0.0000E+00 0.0000E+00 0.0000E+00 0.0000E+00 0.1000E+01 0.1750E+00 0.4948E-01 -.5347E-01
               6    0.0000E+00 0.0000E+00 0.0000E+00 0.0000E+00 0.1750E+00 0.1000E+01 0.8027E-01 0.3505E-01
               7    0.0000E+00 0.0000E+00 0.0000E+00 0.0000E+00 0.4948E-01 0.8027E-01 0.1000E+01 -.8313E-02
               8    0.0000E+00 0.0000E+00 0.0000E+00 0.0000E+00 -.5347E-01 0.3505E-01 -.8313E-02 0.1000E+01

 CORrelated and UNCorrelated systematic uncertainties:

                    Analysis number
 Uncertainty           1   2   3   4   5   6   7   8   9  10  11  12  13  14  15  16  17  18  19  20
 CLEO3OTHER_00                                       COR     COR         COR
 CLEO3OTHER_1U                                       UNC
 OPALOTHER_2U                                            UNC
 CLEO3OTHER_2U                                               UNC
 CLEOOTHER_2U                                                    UNC
 ALEPHOTHER_2U                                                       UNC
 CLEO3OTHER_3U                                                           UNC
 OPALOTHER_3U                                                                UNC
 CLEOOTHER_3U                                                                    UNC
 ALEPHOTHER_3U                                                                       UNC
 DELPHIOTHER_0U                                                                          UNC
 OPALOTHER_0U                                                                                UNC
 CLEOOTHER_0U                                                                                    UNC

 "Correlated" parameters:
 CLEO3OTHER_00   0.0000E+00 +.1000E+01 -.1000E+01 0.1000E+01

 "Extra" parameters:
 SIGMATAUPMY4S   0.9190E+00 +.3000E-02 -.3000E-02 0.3000E-02
 PIMPIZNU        0.2540E+00 +.9643E-03 -.9643E-03 0.9643E-03
 KMKZSNU         0.7900E-03 +.8500E-04 -.8500E-04 0.8500E-04
 PIMPIZKZSNU     0.1725E-02 +.7500E-04 -.7500E-04 0.7500E-04
 KMPIZKZSNU      0.7200E-03 +.1150E-03 -.1150E-03 0.1150E-03
 PIMKZSKZSNU     0.2400E-03 +.5000E-04 -.5000E-04 0.5000E-04
 PIMPIMPIPNU     0.8951E-01 +.7026E-03 -.7026E-03 0.7026E-03
 PIMPIMPIPPIZNU  0.4550E-01 +.1300E-02 -.1300E-02 0.1300E-02
 PIMKMPIPNU      0.2925E-02 +.7090E-04 -.7090E-04 0.7090E-04
 PIMKMKPNU       0.1430E-02 +.2790E-04 -.2790E-04 0.2790E-04
 PIMKZSKZLNU     0.9300E-03 +.1100E-03 -.1100E-03 0.1100E-03
 CHI2_N_SYM_PRT  -.1000E+01 +.0000E+00 +.0000E+00 0.0000E+00
 CHI2_N_SYM_NSUM 0.3000E+01 +.0000E+00 +.0000E+00 0.0000E+00
 CHI2_N_SYM_01   0.1800E+02 +.1234E+04 -.1234E+04 0.1234E+04
 CHI2_N_SYM_02   0.1900E+02 +.1234E+04 -.1234E+04 0.1234E+04
 CHI2_N_SYM_03   0.2000E+02 +.1234E+04 -.1234E+04 0.1234E+04

 Results of combination:

 IMEAS,CSYS =  1 -1.  0.  0.  0.
 IMEAS,CSYS =  2  0. -1.  0.  0.
 IMEAS,CSYS =  3  0.  0. -1.  0.
 IMEAS,CSYS =  4  0.  0.  0. -1.
 IMEAS,CSYS =  5 -1.  0.  0.  0.
 IMEAS,CSYS =  6  0. -1.  0.  0.
 IMEAS,CSYS =  7  0.  0. -1.  0.
 IMEAS,CSYS =  8  0.  0.  0. -1.
 IMEAS,CSYS =  9 -1.  0.  0.  0.
 IMEAS,CSYS =  10  0. -1.  0.  0.
 IMEAS,CSYS =  11  0. -1.  0.  0.
 IMEAS,CSYS =  12  0. -1.  0.  0.
 IMEAS,CSYS =  13  0. -1.  0.  0.
 IMEAS,CSYS =  14  0.  0. -1.  0.
 IMEAS,CSYS =  15  0.  0. -1.  0.
 IMEAS,CSYS =  16  0.  0. -1.  0.
 IMEAS,CSYS =  17  0.  0. -1.  0.
 IMEAS,CSYS =  18 -1. -1. -1. -1.
 IMEAS,CSYS =  19 -1. -1. -1. -1.
 IMEAS,CSYS =  20 -1. -1. -1. -1.
 CHI2_N_SYM: CHI2, NMEFF, NQUAN, CHI2/NDOF  =   121.985601 20 4  7.62410009
  
  DUMP FIT RESULTS: diag=toterror off-diag=corr. coeff=corr_sys/toterror
                         M_PIMPIMPIPNU  M_PIMKMPIPNU   M_PIMKMKPNU    M_KMKMKPNU
 M_PIMPIM     0.0910145      0.0003263     0.0531301     0.0513327    -0.0143302
 M_PIMKMP     0.0031296      0.0531301     0.0000595    -0.0174525     0.0659836
 M_PIMKMK     0.0014527      0.0513327    -0.0174525     0.0000257     0.0475013
 M_KMKMKP     0.0000218     -0.0143302     0.0659836     0.0475013     0.0000015
                         M_PIMPIMPIPNU  M_PIMKMPIPNU   M_PIMKMKPNU    M_KMKMKPNU
  
 --Averaged parameters, using only stat---
 --breakdown of errors: syst then stat-----
                         M_PIMPIMPIPNU  M_PIMKMPIPNU   M_PIMKMKPNU    M_KMKMKPNU
 M_PIMPIM     0.0910145      0.0003263     0.0531301     0.0513327    -0.0143302
 M_PIMKMP     0.0031296      0.0531301     0.0000595    -0.0174525     0.0659836
 M_PIMKMK     0.0014527      0.0513327    -0.0174525     0.0000257     0.0475013
 M_KMKMKP     0.0000218     -0.0143302     0.0659836     0.0475013     0.0000015
                         M_PIMPIMPIPNU  M_PIMKMPIPNU   M_PIMKMKPNU    M_KMKMKPNU
  
        M_PIMPIMPIPNU      0.0910145 +-      0.0003263 +-      0.0000000 Tot Err:     0.0003263 Check Sys:     0.0000000
         M_PIMKMPIPNU      0.0031296 +-      0.0000595 +-      0.0000000 Tot Err:     0.0000595 Check Sys:     0.0000000
          M_PIMKMKPNU      0.0014527 +-      0.0000257 +-      0.0000000 Tot Err:     0.0000257 Check Sys:     0.0000000
           M_KMKMKPNU      0.0000218 +-      0.0000015 +-      0.0000000 Tot Err:     0.0000015 Check Sys:     0.0000000
 Correlation between M_PIMPIMPIPNU and M_PIMKMPIPNU =      0.0531301
 Correlation between M_PIMPIMPIPNU and M_PIMKMKPNU =      0.0513327
 Correlation between M_PIMPIMPIPNU and M_KMKMKPNU =     -0.0143302
 Correlation between M_PIMKMPIPNU and M_PIMKMKPNU =     -0.0174525
 Correlation between M_PIMKMPIPNU and M_KMKMKPNU =      0.0659836
 Correlation between M_PIMKMKPNU and M_KMKMKPNU =      0.0475013
  
 IMEAS,CSYS =  1 -1.  0.  0.  0.
 IMEAS,CSYS =  2  0. -1.  0.  0.
 IMEAS,CSYS =  3  0.  0. -1.  0.
 IMEAS,CSYS =  4  0.  0.  0. -1.
 IMEAS,CSYS =  5 -1.  0.  0.  0.
 IMEAS,CSYS =  6  0. -1.  0.  0.
 IMEAS,CSYS =  7  0.  0. -1.  0.
 IMEAS,CSYS =  8  0.  0.  0. -1.
 IMEAS,CSYS =  9 -1.  0.  0.  0.
 IMEAS,CSYS =  10  0. -1.  0.  0.
 IMEAS,CSYS =  11  0. -1.  0.  0.
 IMEAS,CSYS =  12  0. -1.  0.  0.
 IMEAS,CSYS =  13  0. -1.  0.  0.
 IMEAS,CSYS =  14  0.  0. -1.  0.
 IMEAS,CSYS =  15  0.  0. -1.  0.
 IMEAS,CSYS =  16  0.  0. -1.  0.
 IMEAS,CSYS =  17  0.  0. -1.  0.
 IMEAS,CSYS =  18 -1. -1. -1. -1.
 IMEAS,CSYS =  19 -1. -1. -1. -1.
 IMEAS,CSYS =  20 -1. -1. -1. -1.
 CHI2_N_SYM: CHI2, NMEFF, NQUAN, CHI2/NDOF  =   69.7409841 20 4  4.3588115
  
  DUMP FIT RESULTS: diag=toterror off-diag=corr. coeff=corr_sys/toterror
                         CLEO3OTHER_00 M_PIMPIMPIPNU  M_PIMKMPIPNU   M_PIMKMKPNU    M_KMKMKPNU
 CLEO3OTH    -0.4452615      0.2182354     0.6764506     0.2044639     0.1939845    -0.0004776
 M_PIMPIM     0.0895121      0.6764506     0.0007027     0.2862142     0.2241736    -0.0053986
 M_PIMKMP     0.0029249      0.2044639     0.2862142     0.0000709     0.0477532     0.0721429
 M_PIMKMK     0.0014310      0.1939845     0.2241736     0.0477532     0.0000279     0.0488818
 M_KMKMKP     0.0000216     -0.0004776    -0.0053986     0.0721429     0.0488818     0.0000015
                         CLEO3OTHER_00 M_PIMPIMPIPNU  M_PIMKMPIPNU   M_PIMKMKPNU    M_KMKMKPNU
  
 --Averaged parameters, using stat+syst---
 --breakdown of errors: syst then stat-----
                         CLEO3OTHER_00 M_PIMPIMPIPNU  M_PIMKMPIPNU   M_PIMKMKPNU    M_KMKMKPNU
 M_PIMPIM     0.0895121      0.0004754     0.0005175     0.2051582     0.1286545    -0.0068916
 M_PIMKMP     0.0029249      0.0000145     0.2051582     0.0000694     0.0084250     0.0737996
 M_PIMKMK     0.0014310      0.0000054     0.1286545     0.0084250     0.0000274     0.0499227
 M_KMKMKP     0.0000216      0.0000000    -0.0068916     0.0737996     0.0499227     0.0000015
                         CLEO3OTHER_00 M_PIMPIMPIPNU  M_PIMKMPIPNU   M_PIMKMKPNU    M_KMKMKPNU
  
        M_PIMPIMPIPNU      0.0895121 +-      0.0005175 +-      0.0004754 Tot Err:     0.0007027 Check Sys:     0.0004754
         M_PIMKMPIPNU      0.0029249 +-      0.0000694 +-      0.0000145 Tot Err:     0.0000709 Check Sys:     0.0000145
          M_PIMKMKPNU      0.0014310 +-      0.0000274 +-      0.0000054 Tot Err:     0.0000279 Check Sys:     0.0000054
           M_KMKMKPNU      0.0000216 +-      0.0000015 +-      0.0000000 Tot Err:     0.0000015 Check Sys:     0.0000000
 Correlation between M_PIMPIMPIPNU and M_PIMKMPIPNU =      0.2862142
 Correlation between M_PIMPIMPIPNU and M_PIMKMKPNU =      0.2241736
 Correlation between M_PIMPIMPIPNU and M_KMKMKPNU =     -0.0053986
 Correlation between M_PIMKMPIPNU and M_PIMKMKPNU =      0.0477532
 Correlation between M_PIMKMPIPNU and M_KMKMKPNU =      0.0721429
 Correlation between M_PIMKMKPNU and M_KMKMKPNU =      0.0488818
  
 WARNING at (or before) word   1 of line  34 in file average.input 
         concerning combined analysis BABAR+BELLE+PDG ALL_METHODS:
         "PRINT_QUAN cannot handle more than 2 quantities"
         ---> PRINT_QUAN will do nothing


 Total number of WARNING messages generated by COMBOS:      6
 Total number of ERROR   messages generated by COMBOS:      1
