 COMBOS version  3.33 (Mar 20, 2010) run on  on 29/03/10 at 19.25.59


 ==============================================================================

 M_KMPHINU combination: combined analysis BABAR+BELLE ALL_METHODS
 ----------------------

 List of  2 analyses to combine:

 Analysis  Experiment      Method          Quality         Measurement     Steps
       1>  BABAR           COUNT           PUBLISHED       M_KMPHINU              1
       2>  BELLE           COUNT           PUBLISHED       M_KMPHINU              1
 Combined  BABAR+BELLE     ALL_METHODS                     M_KMPHINU              1

 Adjustments performed to express the individual measurements
 at the desired values of the parameters:

 Analysis  Parameter           Value used   Desired value      Adjustment
       2>  SIGMATAUPMY4S           0.8900          0.9190         +0.1450
               neg. excurs.       +0.2000         +0.0030          0.0150
               pos. excurs.       -0.2000         -0.0030          0.0150

 CORrelated and UNCorrelated systematic uncertainties:

                    Analysis number
 Uncertainty           1   2
 SIGMATAUPMY4S       COR COR
 BABAROTHER          UNC
 BELLEOTHER              UNC

 "Correlated" parameters:
 SIGMATAUPMY4S   0.9190E+00 +.3000E-02 -.3000E-02 0.3000E-02

 "Extra" parameters:
 PIMPIZNU        0.2540E+00 +.9643E-03 -.9643E-03 0.9643E-03
 KMKZSNU         0.7900E-03 +.8500E-04 -.8500E-04 0.8500E-04
 PIMPIZKZSNU     0.1725E-02 +.7500E-04 -.7500E-04 0.7500E-04
 KMPIZKZSNU      0.7200E-03 +.1150E-03 -.1150E-03 0.1150E-03
 PIMKZSKZSNU     0.2400E-03 +.5000E-04 -.5000E-04 0.5000E-04
 PIMPIMPIPNU     0.8951E-01 +.7026E-03 -.7026E-03 0.7026E-03
 PIMPIMPIPPIZNU  0.4550E-01 +.1300E-02 -.1300E-02 0.1300E-02
 PIMKMPIPNU      0.2925E-02 +.7090E-04 -.7090E-04 0.7090E-04
 PIMKMKPNU       0.1430E-02 +.2790E-04 -.2790E-04 0.2790E-04
 PIMKZSKZLNU     0.9300E-03 +.1100E-03 -.1100E-03 0.1100E-03

 Results of combination:

 CHI2_SYM: CHI2, NMEFF, NQUAN, NDOF =   4.15201135 2 1 1
 CHI2_SYM: CHI2/NDOF, SCALE FAC, CL =   4.15201135  2.03764849  0.041585099

 ===============================================================================
 Dump of master.inc:

 CHROUT = DUMP_MASTER_INC 
 CHCOMB = BABAR+BELLE ALL_METHODS
 CHMEAS = M_KMPHINU       
 CHSTEP =                 
  ISTEP =        1
  VSTEP = 0.0000E+00
  LUNIT =        6
  NMEAS =        2
  NQUAN =        1
  NMEFF =        2
  NCSYS =        1
  NPARA =       11
 CHANAL = BABAR COUNT PUBLISHED
          BELLE COUNT PUBLISHED

   MEAS = 0.3390000E+01  0.4042366E+01

   QUAN               1              1

  STATP = 0.2000000E+00  0.2500000E+00

  STATN = 0.2000000E+00  0.2500000E+00

  STAT  = 0.2000000E+00  0.2500000E+00

  USYSP = 0.2798150E+00  0.2546130E+00

  USYSN = 0.2798150E+00  0.2546130E+00

  USYS  = 0.2798150E+00  0.2546130E+00

STACOR
      1 | 0.1000000E+01  0.0000000E+00
      2 | 0.0000000E+00  0.1000000E+01

CSYSP
 SIGMAT |-0.1017000E-01 -0.7897500E-03

CSYSN
 SIGMAT | 0.1017000E-01  0.7897500E-03

CSYS
 SIGMAT |-0.1017000E-01 -0.7897500E-03

CSYS percentage error
 SIGMAT |-0.3000000E+00 -0.1953683E-01

 CHPARA                  PARA     EXCUP     EXCUN      EXCU

 SIGMATAUPMY4S     0.9190E+00 0.3000E-02 0.3000E-02 0.3000E-02
 PIMPIZNU          0.2540E+00 0.9643E-03 0.9643E-03 0.9643E-03
 KMKZSNU           0.7900E-03 0.8500E-04 0.8500E-04 0.8500E-04
 PIMPIZKZSNU       0.1725E-02 0.7500E-04 0.7500E-04 0.7500E-04
 KMPIZKZSNU        0.7200E-03 0.1150E-03 0.1150E-03 0.1150E-03
 PIMKZSKZSNU       0.2400E-03 0.5000E-04 0.5000E-04 0.5000E-04
 PIMPIMPIPNU       0.8951E-01 0.7026E-03 0.7026E-03 0.7026E-03
 PIMPIMPIPPIZNU    0.4550E-01 0.1300E-02 0.1300E-02 0.1300E-02
 PIMKMPIPNU        0.2925E-02 0.7090E-04 0.7090E-04 0.7090E-04
 PIMKMKPNU         0.1430E-02 0.2790E-04 0.2790E-04 0.2790E-04
 PIMKZSKZLNU       0.9300E-03 0.1100E-03 0.1100E-03 0.1100E-03
  
 Corrected measurements:
 BABAR COUNT PUBLIS 0.3390000E+01 +/-  0.2000000E+00 +/-  0.2799997E+00 Tot:  0.3440928E+00
 BELLE COUNT PUBLIS 0.4042366E+01 +/-  0.2500000E+00 +/-  0.2546142E+00 Tot:  0.3568311E+00
  

SYSCOR
      1 | 0.0000000E+00  0.0000000E+00
      2 | 0.0000000E+00  0.0000000E+00

TOTCOR
      1 | 0.0000000E+00  0.0000000E+00
      2 | 0.0000000E+00  0.0000000E+00
 CHI2_SYM: CHI2, NMEFF, NQUAN, NDOF =   1.73203106 2 1 1
 CHI2_SYM: CHI2/NDOF, SCALE FAC, CL =   1.73203106  1.31606651  0.188151717
 CHI2_SYM        :       M_KMPHINU= 0.3704330E+01  +-  0.2476994E+00            CL =  0.1882
                   stat. only -->   0.3644582E+01  +-  0.1561738E+00            CL =  0.0416
                   syst. only -->                  +-  0.1922621E+00                        


