 COMBOS version  3.33 (Mar 20, 2010) run on  on 29/03/10 at 20.01.26


 ==============================================================================

 M_F1NU combination: combined analysis BABAR ALL_METHODS
 -------------------

 List of  2 analyses to combine:

 Analysis  Experiment      Method          Quality         Measurement     Steps
       1>  BABAR           F1NU_1          PUBLISHED       M_F1NU                 1
       2>  BABAR           F1NU_2          PUBLISHED       M_F1NU                 1
 Combined  BABAR           ALL_METHODS                     M_F1NU                 1

 CORrelated and UNCorrelated systematic uncertainties:

                    Analysis number
 Uncertainty           1   2
 BABAROTHER_1        UNC
 BABAROTHER_2            UNC

 "Extra" parameters:
 SIGMATAUPMY4S   0.9190E+00 +.3000E-02 -.3000E-02 0.3000E-02
 PIMPIZNU        0.2540E+00 +.9643E-03 -.9643E-03 0.9643E-03
 KMKZSNU         0.7900E-03 +.8500E-04 -.8500E-04 0.8500E-04
 PIMPIZKZSNU     0.1725E-02 +.7500E-04 -.7500E-04 0.7500E-04
 KMPIZKZSNU      0.7200E-03 +.1150E-03 -.1150E-03 0.1150E-03
 PIMKZSKZSNU     0.2400E-03 +.5000E-04 -.5000E-04 0.5000E-04
 PIMPIMPIPNU     0.8951E-01 +.7026E-03 -.7026E-03 0.7026E-03
 PIMPIMPIPPIZNU  0.4550E-01 +.1300E-02 -.1300E-02 0.1300E-02
 PIMKMPIPNU      0.2925E-02 +.7090E-04 -.7090E-04 0.7090E-04
 PIMKMKPNU       0.1430E-02 +.2790E-04 -.2790E-04 0.2790E-04
 PIMKZSKZLNU     0.9300E-03 +.1100E-03 -.1100E-03 0.1100E-03

 Results of combination:

 CHI2_SYM: CHI2, NMEFF, NQUAN, NDOF =   0.964968984 2 1 1
 CHI2_SYM: CHI2/NDOF, SCALE FAC, CL =   0.964968984  0.982328348  0.325938106

 ===============================================================================
 Dump of master.inc:

 CHROUT = DUMP_MASTER_INC 
 CHCOMB = BABAR ALL_METHODS
 CHMEAS = M_F1NU          
 CHSTEP =                 
  ISTEP =        1
  VSTEP = 0.0000E+00
  LUNIT =        6
  NMEAS =        2
  NQUAN =        1
  NMEFF =        2
  NCSYS =        0
  NPARA =       11
 CHANAL = BABAR F1NU_1 PUBLISHED
          BABAR F1NU_2 PUBLISHED

   MEAS = 0.3190000E-03  0.3900000E-03

   QUAN               1              1

  STATP = 0.1800000E-04  0.7000000E-04

  STATN = 0.1800000E-04  0.7000000E-04

  STAT  = 0.1800000E-04  0.7000000E-04

  USYSP = 0.1000000E-03  0.5000000E-04

  USYSN = 0.1000000E-03  0.5000000E-04

  USYS  = 0.1000000E-03  0.5000000E-04

STACOR
      1 | 0.1000000E+01  0.0000000E+00
      2 | 0.0000000E+00  0.1000000E+01

CSYSP

CSYSN

CSYS

CSYS percentage error

 CHPARA                  PARA     EXCUP     EXCUN      EXCU

 SIGMATAUPMY4S     0.9190E+00 0.3000E-02 0.3000E-02 0.3000E-02
 PIMPIZNU          0.2540E+00 0.9643E-03 0.9643E-03 0.9643E-03
 KMKZSNU           0.7900E-03 0.8500E-04 0.8500E-04 0.8500E-04
 PIMPIZKZSNU       0.1725E-02 0.7500E-04 0.7500E-04 0.7500E-04
 KMPIZKZSNU        0.7200E-03 0.1150E-03 0.1150E-03 0.1150E-03
 PIMKZSKZSNU       0.2400E-03 0.5000E-04 0.5000E-04 0.5000E-04
 PIMPIMPIPNU       0.8951E-01 0.7026E-03 0.7026E-03 0.7026E-03
 PIMPIMPIPPIZNU    0.4550E-01 0.1300E-02 0.1300E-02 0.1300E-02
 PIMKMPIPNU        0.2925E-02 0.7090E-04 0.7090E-04 0.7090E-04
 PIMKMKPNU         0.1430E-02 0.2790E-04 0.2790E-04 0.2790E-04
 PIMKZSKZLNU       0.9300E-03 0.1100E-03 0.1100E-03 0.1100E-03
  
 Corrected measurements:
 BABAR F1NU_1 PUBLI 0.3190000E-03 +/-  0.1800000E-04 +/-  0.1000000E-03 Tot:  0.1016071E-03
 BABAR F1NU_2 PUBLI 0.3900000E-03 +/-  0.7000000E-04 +/-  0.5000000E-04 Tot:  0.8602325E-04
  

SYSCOR
      1 | 0.0000000E+00  0.0000000E+00
      2 | 0.0000000E+00  0.0000000E+00

TOTCOR
      1 | 0.0000000E+00  0.0000000E+00
      2 | 0.0000000E+00  0.0000000E+00
 CHI2_SYM: CHI2, NMEFF, NQUAN, NDOF =   0.284416517 2 1 1
 CHI2_SYM: CHI2/NDOF, SCALE FAC, CL =   0.284416517  0.533307151  0.593820989
 CHI2_SYM        :          M_F1NU= 0.3603566E-03  +-  0.6565367E-04            CL =  0.5938
                   stat. only -->   0.3234035E-03  +-  0.1743287E-04            CL =  0.3259
                   syst. only -->                  +-  0.6329691E-04                        


