 COMBOS version  3.33 (Mar 20, 2010) run on  on 25/03/10 at 16.13.55


 ==============================================================================

 M_MASS combination: combined analysis BABAR+BELLE+PDG ALL_METHODS
 -------------------

 List of  4 analyses to combine:

 Analysis  Experiment      Method          Quality         Measurement     Steps
       1>  BABAR           MASS            PUBLISHED       M_MASS                 1
       2>  BELLE           MASS            PUBLISHED       M_MASS                 1
       3>  KEDR            MASS            PRELIMINARY     M_MASS                 1
       4>  BES             MASS            PUBLISHED       M_MASS                 1
 Combined  BABAR+BELLE+PDG ALL_METHODS                     M_MASS                 1

 CORrelated and UNCorrelated systematic uncertainties:

                    Analysis number
 Uncertainty           1   2   3   4
 BABAROTHER          UNC
 BELLEOTHER              UNC
 KEDROTHER                   UNC
 BESOTHER                        UNC

 "Extra" parameters:
 SIGMATAUPMY4S   0.9190E+00 +.3000E-02 -.3000E-02 0.3000E-02
 PIMPIZNU        0.2540E+00 +.9643E-03 -.9643E-03 0.9643E-03
 KMKZSNU         0.7900E-03 +.8500E-04 -.8500E-04 0.8500E-04
 PIMPIZKZSNU     0.1725E-02 +.7500E-04 -.7500E-04 0.7500E-04
 KMPIZKZSNU      0.7200E-03 +.1150E-03 -.1150E-03 0.1150E-03
 PIMKZSKZSNU     0.2400E-03 +.5000E-04 -.5000E-04 0.5000E-04
 PIMPIMPIPNU     0.8951E-01 +.7026E-03 -.7026E-03 0.7026E-03
 PIMPIMPIPPIZNU  0.4550E-01 +.1300E-02 -.1300E-02 0.1300E-02
 PIMKMPIPNU      0.2925E-02 +.7090E-04 -.7090E-04 0.7090E-04
 PIMKMKPNU       0.1430E-02 +.2790E-04 -.2790E-04 0.2790E-04
 PIMKZSKZLNU     0.9300E-03 +.1100E-03 -.1100E-03 0.1100E-03

 Results of combination:

 CHI2_SYM: CHI2, NMEFF, NQUAN, NDOF =   2.28725634 4 1 3
 CHI2_SYM: CHI2/NDOF, SCALE FAC, CL =   0.762418781  0.873165952  0.514966667

 ===============================================================================
 Dump of master.inc:

 CHROUT = DUMP_MASTER_INC 
 CHCOMB = BABAR+BELLE+PDG ALL_METHODS
 CHMEAS = M_MASS          
 CHSTEP =                 
  ISTEP =        1
  VSTEP = 0.0000E+00
  LUNIT =        6
  NMEAS =        4
  NQUAN =        1
  NMEFF =        4
  NCSYS =        0
  NPARA =       11
 CHANAL = BABAR MASS PUBLISHED
          BELLE MASS PUBLISHED
          KEDR MASS PRELIMINARY
          BES MASS PUBLISHED

   MEAS = 0.1776680E+04  0.1776610E+04  0.1776690E+04  0.1776960E+04

   QUAN               1              1              1              1

  STATP = 0.1200000E+00  0.1300000E+00  0.1800000E+00  0.1950000E+00

  STATN = 0.1200000E+00  0.1300000E+00  0.1800000E+00  0.1950000E+00

  STAT  = 0.1200000E+00  0.1300000E+00  0.1800000E+00  0.1950000E+00

  USYSP = 0.4100000E+00  0.3500000E+00  0.1500000E+00  0.2100000E+00

  USYSN = 0.4100000E+00  0.3500000E+00  0.1500000E+00  0.2100000E+00

  USYS  = 0.4100000E+00  0.3500000E+00  0.1500000E+00  0.2100000E+00

STACOR
      1 | 0.1000000E+01  0.0000000E+00  0.0000000E+00  0.0000000E+00
      2 | 0.0000000E+00  0.1000000E+01  0.0000000E+00  0.0000000E+00
      3 | 0.0000000E+00  0.0000000E+00  0.1000000E+01  0.0000000E+00
      4 | 0.0000000E+00  0.0000000E+00  0.0000000E+00  0.1000000E+01

CSYSP

CSYSN

CSYS

CSYS percentage error

 CHPARA                  PARA     EXCUP     EXCUN      EXCU

 SIGMATAUPMY4S     0.9190E+00 0.3000E-02 0.3000E-02 0.3000E-02
 PIMPIZNU          0.2540E+00 0.9643E-03 0.9643E-03 0.9643E-03
 KMKZSNU           0.7900E-03 0.8500E-04 0.8500E-04 0.8500E-04
 PIMPIZKZSNU       0.1725E-02 0.7500E-04 0.7500E-04 0.7500E-04
 KMPIZKZSNU        0.7200E-03 0.1150E-03 0.1150E-03 0.1150E-03
 PIMKZSKZSNU       0.2400E-03 0.5000E-04 0.5000E-04 0.5000E-04
 PIMPIMPIPNU       0.8951E-01 0.7026E-03 0.7026E-03 0.7026E-03
 PIMPIMPIPPIZNU    0.4550E-01 0.1300E-02 0.1300E-02 0.1300E-02
 PIMKMPIPNU        0.2925E-02 0.7090E-04 0.7090E-04 0.7090E-04
 PIMKMKPNU         0.1430E-02 0.2790E-04 0.2790E-04 0.2790E-04
 PIMKZSKZLNU       0.9300E-03 0.1100E-03 0.1100E-03 0.1100E-03
  
 Corrected measurements:
 BABAR MASS PUBLISH 0.1776680E+04 +/-  0.1200000E+00 +/-  0.4100000E+00 Tot:  0.4272002E+00
 BELLE MASS PUBLISH 0.1776610E+04 +/-  0.1300000E+00 +/-  0.3500000E+00 Tot:  0.3733631E+00
 KEDR MASS PRELIMIN 0.1776690E+04 +/-  0.1800000E+00 +/-  0.1500000E+00 Tot:  0.2343075E+00
 BES MASS PUBLISHED 0.1776960E+04 +/-  0.1950000E+00 +/-  0.2100000E+00 Tot:  0.2865746E+00
  

SYSCOR
      1 | 0.0000000E+00  0.0000000E+00  0.0000000E+00  0.0000000E+00
      2 | 0.0000000E+00  0.0000000E+00  0.0000000E+00  0.0000000E+00
      3 | 0.0000000E+00  0.0000000E+00  0.0000000E+00  0.0000000E+00
      4 | 0.0000000E+00  0.0000000E+00  0.0000000E+00  0.0000000E+00

TOTCOR
      1 | 0.0000000E+00  0.0000000E+00  0.0000000E+00  0.0000000E+00
      2 | 0.0000000E+00  0.0000000E+00  0.0000000E+00  0.0000000E+00
      3 | 0.0000000E+00  0.0000000E+00  0.0000000E+00  0.0000000E+00
      4 | 0.0000000E+00  0.0000000E+00  0.0000000E+00  0.0000000E+00
 CHI2_SYM: CHI2, NMEFF, NQUAN, NDOF =   0.76979808 4 1 3
 CHI2_SYM: CHI2/NDOF, SCALE FAC, CL =   0.25659936  0.506556374  0.856676459
 CHI2_SYM        :          M_MASS= 0.1776752E+04  +-  0.1524196E+00            CL =  0.8567
                   stat. only -->   0.1776699E+04  +-  0.7336721E-01            CL =  0.5150
                   syst. only -->                  +-  0.1336001E+00                        


