../../../combos/combos average.input  
 COMBOS version  3.33 (Jan 21, 2010) run on  on 14/02/10 at 14.30.03


 ==============================================================================

 M_PIMKMPIPNU combination: combined analysis BABAR+BELLE+PDG ALL_METHODS
 -------------------------

 List of  6 analyses to combine:

 Analysis  Experiment      Method          Quality         Measurement     Steps
       1>  BABAR           PIMKMPIPNU      PUBLISHED       M_PIMKMPIPNU           1
       2>  BELLE           PIMKMPIPNU      PUBLISHED       M_PIMKMPIPNU           1
       3>  OPAL            PIMKMPIPNU      PUBLISHED       M_PIMKMPIPNU           1
       4>  CLEO3           PIMKMPIPNU      PUBLISHED       M_PIMKMPIPNU           1
       5>  CLEO            PIMKMPIPNU      PUBLISHED       M_PIMKMPIPNU           1
       6>  ALEPH           PIMKMPIPNU      PUBLISHED       M_PIMKMPIPNU           1
 Combined  BABAR+BELLE+PDG ALL_METHODS                     M_PIMKMPIPNU           1

 CORrelated and UNCorrelated systematic uncertainties:

                    Analysis number
 Uncertainty           1   2   3   4   5   6
 BABAROTHER          UNC
 BELLEOTHER              UNC
 OPALOTHER                   UNC
 CLEO3OTHER                      UNC
 CLEOOTHER                           UNC
 ALEPHOTHER                              UNC

 "Extra" parameters:
 SIGMATAUPMY4S       0.9190   +0.0030   -0.0030    0.0030
 PIMPIZKZSNU         0.0018   +0.0002   -0.0002    0.0002
 PIMKZSKZLNU         0.0009   +0.0001   -0.0001    0.0001
 KMKZSNU             0.0008   +0.0001   -0.0001    0.0001
 PIMKMKPNU           0.0014   +0.0001   -0.0001    0.0001

 Results of combination:

 CHI2_SYM: CHI2, NMEFF, CHI2/NDOF =   684.247925 6  136.849585

 ===============================================================================
 Dump of master.inc:

 CHROUT = DUMP_MASTER_INC 
 CHCOMB = BABAR+BELLE+PDG ALL_METHODS
 CHMEAS = M_PIMKMPIPNU    
 CHSTEP =                 
  ISTEP =        1
  VSTEP =     0.0000
  LUNIT =        6
  NMEAS =        6
  NQUAN =        1
  NMEFF =        6
  NCSYS =        0
  NPARA =        5
 CHANAL = BABAR PIMKMPIPNU PUBLISHED
          BELLE PIMKMPIPNU PUBLISHED
          OPAL PIMKMPIPNU PUBLISHED
          CLEO3 PIMKMPIPNU PUBLISHED
          CLEO PIMKMPIPNU PUBLISHED
          ALEPH PIMKMPIPNU PUBLISHED

   MEAS =     0.0027300     0.0033000     0.0041500     0.0038400     0.0034600     0.0021400

   QUAN =       1       1       1       1       1       1

  STATP =     0.0000200     0.0000100     0.0005300     0.0001400     0.0002300     0.0003700

  STATN =     0.0000200     0.0000100     0.0005300     0.0001400     0.0002300     0.0003700

  STAT  =     0.0000200     0.0000100     0.0005300     0.0001400     0.0002300     0.0003700

  USYSP =     0.0000900     0.0001650     0.0004000     0.0003800     0.0005600     0.0002900

  USYSN =     0.0000900     0.0001650     0.0004000     0.0003800     0.0005600     0.0002900

  USYS  =     0.0000900     0.0001650     0.0004000     0.0003800     0.0005600     0.0002900

STACOR
      1 |     1.0000000     0.0000000     0.0000000     0.0000000     0.0000000     0.0000000
      2 |     0.0000000     1.0000000     0.0000000     0.0000000     0.0000000     0.0000000
      3 |     0.0000000     0.0000000     1.0000000     0.0000000     0.0000000     0.0000000
      4 |     0.0000000     0.0000000     0.0000000     1.0000000     0.0000000     0.0000000
      5 |     0.0000000     0.0000000     0.0000000     0.0000000     1.0000000     0.0000000
      6 |     0.0000000     0.0000000     0.0000000     0.0000000     0.0000000     1.0000000

CSYSP

CSYSN

CSYS

CSYS percentage error

 CHPARA                  PARA     EXCUP     EXCUN      EXCU

 SIGMATAUPMY4S         0.9190    0.0030    0.0030    0.0030
 PIMPIZKZSNU           0.0018    0.0002    0.0002    0.0002
 PIMKZSKZLNU           0.0009    0.0001    0.0001    0.0001
 KMKZSNU               0.0008    0.0001    0.0001    0.0001
 PIMKMKPNU             0.0014    0.0001    0.0001    0.0001
  
 Corrected measurements:
 BABAR PIMKMPIPNU P     0.0027300+/-     0.0000200+/-     0.0000900 Tot Err:     0.0000922
 BELLE PIMKMPIPNU P     0.0033000+/-     0.0000100+/-     0.0001650 Tot Err:     0.0001653
 OPAL PIMKMPIPNU PU     0.0041500+/-     0.0005300+/-     0.0004000 Tot Err:     0.0006640
 CLEO3 PIMKMPIPNU P     0.0038400+/-     0.0001400+/-     0.0003800 Tot Err:     0.0004050
 CLEO PIMKMPIPNU PU     0.0034600+/-     0.0002300+/-     0.0005600 Tot Err:     0.0006054
 ALEPH PIMKMPIPNU P     0.0021400+/-     0.0003700+/-     0.0002900 Tot Err:     0.0004701
  

SYSCOR
      1 |     0.0000000     0.0000000     0.0000000     0.0000000     0.0000000     0.0000000
      2 |     0.0000000     0.0000000     0.0000000     0.0000000     0.0000000     0.0000000
      3 |     0.0000000     0.0000000     0.0000000     0.0000000     0.0000000     0.0000000
      4 |     0.0000000     0.0000000     0.0000000     0.0000000     0.0000000     0.0000000
      5 |     0.0000000     0.0000000     0.0000000     0.0000000     0.0000000     0.0000000
      6 |     0.0000000     0.0000000     0.0000000     0.0000000     0.0000000     0.0000000

TOTCOR
      1 |     0.0000000     0.0000000     0.0000000     0.0000000     0.0000000     0.0000000
      2 |     0.0000000     0.0000000     0.0000000     0.0000000     0.0000000     0.0000000
      3 |     0.0000000     0.0000000     0.0000000     0.0000000     0.0000000     0.0000000
      4 |     0.0000000     0.0000000     0.0000000     0.0000000     0.0000000     0.0000000
      5 |     0.0000000     0.0000000     0.0000000     0.0000000     0.0000000     0.0000000
      6 |     0.0000000     0.0000000     0.0000000     0.0000000     0.0000000     0.0000000
 CHI2_SYM: CHI2, NMEFF, CHI2/NDOF =   21.6465021 6  4.32930042
 CHI2_SYM        :    M_PIMKMPIPNU=    0.00291  +-     0.00008         CL =  0.0006
                   stat. only -->      0.00319  +-     0.00001         CL =  0.0000
                   syst. only -->               +-     0.00008                     


